CRITICAL - 2025-10-16 11:16:54 --> CodeIgniter\View\Exceptions\ViewException: Invalid file: "Roles/accounting/dashboard.php"
[Method: GET, Route: dashboard]
in SYSTEMPATH\Exceptions\FrameworkException.php on line 39.
 1 SYSTEMPATH\View\View.php(214): CodeIgniter\Exceptions\FrameworkException::forInvalidFile('Roles/accounting/dashboard.php')
 2 SYSTEMPATH\Common.php(1167): CodeIgniter\View\View->render('Roles/accounting/dashboard', [], true)
 3 APPPATH\Views\auth\dashboard.php(24): view('Roles/accounting/dashboard', [...])
 4 SYSTEMPATH\View\View.php(226): include('C:\\xampp\\htdocs\\WebSystemITE-G9\\app\\Views\\auth\\dashboard.php')
 5 SYSTEMPATH\View\View.php(229): CodeIgniter\View\View->CodeIgniter\View\{closure}()
 6 SYSTEMPATH\Common.php(1167): CodeIgniter\View\View->render('auth/dashboard', [], true)
 7 APPPATH\Controllers\Dashboard.php(19): view('auth/dashboard', [...])
 8 SYSTEMPATH\CodeIgniter.php(933): App\Controllers\Dashboard->index()
 9 SYSTEMPATH\CodeIgniter.php(507): CodeIgniter\CodeIgniter->runController(Object(App\Controllers\Dashboard))
10 SYSTEMPATH\CodeIgniter.php(354): CodeIgniter\CodeIgniter->handleRequest(null, Object(Config\Cache), false)
11 SYSTEMPATH\Boot.php(363): CodeIgniter\CodeIgniter->run()
12 SYSTEMPATH\Boot.php(68): CodeIgniter\Boot::runCodeIgniter(Object(CodeIgniter\CodeIgniter))
13 FCPATH\index.php(59): CodeIgniter\Boot::bootWeb(Object(Config\Paths))
CRITICAL - 2025-10-16 11:22:36 --> CodeIgniter\View\Exceptions\ViewException: Invalid file: "Roles/accounting/dashboard.php"
[Method: GET, Route: dashboard]
in SYSTEMPATH\Exceptions\FrameworkException.php on line 39.
 1 SYSTEMPATH\View\View.php(214): CodeIgniter\Exceptions\FrameworkException::forInvalidFile('Roles/accounting/dashboard.php')
 2 SYSTEMPATH\Common.php(1167): CodeIgniter\View\View->render('Roles/accounting/dashboard', [], true)
 3 APPPATH\Views\auth\dashboard.php(24): view('Roles/accounting/dashboard', [...])
 4 SYSTEMPATH\View\View.php(226): include('C:\\xampp\\htdocs\\WebSystemITE-G9\\app\\Views\\auth\\dashboard.php')
 5 SYSTEMPATH\View\View.php(229): CodeIgniter\View\View->CodeIgniter\View\{closure}()
 6 SYSTEMPATH\Common.php(1167): CodeIgniter\View\View->render('auth/dashboard', [], true)
 7 APPPATH\Controllers\Dashboard.php(19): view('auth/dashboard', [...])
 8 SYSTEMPATH\CodeIgniter.php(933): App\Controllers\Dashboard->index()
 9 SYSTEMPATH\CodeIgniter.php(507): CodeIgniter\CodeIgniter->runController(Object(App\Controllers\Dashboard))
10 SYSTEMPATH\CodeIgniter.php(354): CodeIgniter\CodeIgniter->handleRequest(null, Object(Config\Cache), false)
11 SYSTEMPATH\Boot.php(363): CodeIgniter\CodeIgniter->run()
12 SYSTEMPATH\Boot.php(68): CodeIgniter\Boot::runCodeIgniter(Object(CodeIgniter\CodeIgniter))
13 FCPATH\index.php(59): CodeIgniter\Boot::bootWeb(Object(Config\Paths))
CRITICAL - 2025-10-16 11:23:22 --> CodeIgniter\View\Exceptions\ViewException: Invalid file: "Roles/Accounting/dashboard.php"
[Method: GET, Route: dashboard]
in SYSTEMPATH\Exceptions\FrameworkException.php on line 39.
 1 SYSTEMPATH\View\View.php(214): CodeIgniter\Exceptions\FrameworkException::forInvalidFile('Roles/Accounting/dashboard.php')
 2 SYSTEMPATH\Common.php(1167): CodeIgniter\View\View->render('Roles/Accounting/dashboard', [], true)
 3 APPPATH\Views\auth\dashboard.php(24): view('Roles/Accounting/dashboard', [...])
 4 SYSTEMPATH\View\View.php(226): include('C:\\xampp\\htdocs\\WebSystemITE-G9\\app\\Views\\auth\\dashboard.php')
 5 SYSTEMPATH\View\View.php(229): CodeIgniter\View\View->CodeIgniter\View\{closure}()
 6 SYSTEMPATH\Common.php(1167): CodeIgniter\View\View->render('auth/dashboard', [], true)
 7 APPPATH\Controllers\Dashboard.php(19): view('auth/dashboard', [...])
 8 SYSTEMPATH\CodeIgniter.php(933): App\Controllers\Dashboard->index()
 9 SYSTEMPATH\CodeIgniter.php(507): CodeIgniter\CodeIgniter->runController(Object(App\Controllers\Dashboard))
10 SYSTEMPATH\CodeIgniter.php(354): CodeIgniter\CodeIgniter->handleRequest(null, Object(Config\Cache), false)
11 SYSTEMPATH\Boot.php(363): CodeIgniter\CodeIgniter->run()
12 SYSTEMPATH\Boot.php(68): CodeIgniter\Boot::runCodeIgniter(Object(CodeIgniter\CodeIgniter))
13 FCPATH\index.php(59): CodeIgniter\Boot::bootWeb(Object(Config\Paths))
CRITICAL - 2025-10-16 11:23:24 --> CodeIgniter\View\Exceptions\ViewException: Invalid file: "Roles/Accounting/dashboard.php"
[Method: GET, Route: dashboard]
in SYSTEMPATH\Exceptions\FrameworkException.php on line 39.
 1 SYSTEMPATH\View\View.php(214): CodeIgniter\Exceptions\FrameworkException::forInvalidFile('Roles/Accounting/dashboard.php')
 2 SYSTEMPATH\Common.php(1167): CodeIgniter\View\View->render('Roles/Accounting/dashboard', [], true)
 3 APPPATH\Views\auth\dashboard.php(24): view('Roles/Accounting/dashboard', [...])
 4 SYSTEMPATH\View\View.php(226): include('C:\\xampp\\htdocs\\WebSystemITE-G9\\app\\Views\\auth\\dashboard.php')
 5 SYSTEMPATH\View\View.php(229): CodeIgniter\View\View->CodeIgniter\View\{closure}()
 6 SYSTEMPATH\Common.php(1167): CodeIgniter\View\View->render('auth/dashboard', [], true)
 7 APPPATH\Controllers\Dashboard.php(19): view('auth/dashboard', [...])
 8 SYSTEMPATH\CodeIgniter.php(933): App\Controllers\Dashboard->index()
 9 SYSTEMPATH\CodeIgniter.php(507): CodeIgniter\CodeIgniter->runController(Object(App\Controllers\Dashboard))
10 SYSTEMPATH\CodeIgniter.php(354): CodeIgniter\CodeIgniter->handleRequest(null, Object(Config\Cache), false)
11 SYSTEMPATH\Boot.php(363): CodeIgniter\CodeIgniter->run()
12 SYSTEMPATH\Boot.php(68): CodeIgniter\Boot::runCodeIgniter(Object(CodeIgniter\CodeIgniter))
13 FCPATH\index.php(59): CodeIgniter\Boot::bootWeb(Object(Config\Paths))
CRITICAL - 2025-10-16 11:23:25 --> CodeIgniter\View\Exceptions\ViewException: Invalid file: "Roles/Accounting/dashboard.php"
[Method: GET, Route: dashboard]
in SYSTEMPATH\Exceptions\FrameworkException.php on line 39.
 1 SYSTEMPATH\View\View.php(214): CodeIgniter\Exceptions\FrameworkException::forInvalidFile('Roles/Accounting/dashboard.php')
 2 SYSTEMPATH\Common.php(1167): CodeIgniter\View\View->render('Roles/Accounting/dashboard', [], true)
 3 APPPATH\Views\auth\dashboard.php(24): view('Roles/Accounting/dashboard', [...])
 4 SYSTEMPATH\View\View.php(226): include('C:\\xampp\\htdocs\\WebSystemITE-G9\\app\\Views\\auth\\dashboard.php')
 5 SYSTEMPATH\View\View.php(229): CodeIgniter\View\View->CodeIgniter\View\{closure}()
 6 SYSTEMPATH\Common.php(1167): CodeIgniter\View\View->render('auth/dashboard', [], true)
 7 APPPATH\Controllers\Dashboard.php(19): view('auth/dashboard', [...])
 8 SYSTEMPATH\CodeIgniter.php(933): App\Controllers\Dashboard->index()
 9 SYSTEMPATH\CodeIgniter.php(507): CodeIgniter\CodeIgniter->runController(Object(App\Controllers\Dashboard))
10 SYSTEMPATH\CodeIgniter.php(354): CodeIgniter\CodeIgniter->handleRequest(null, Object(Config\Cache), false)
11 SYSTEMPATH\Boot.php(363): CodeIgniter\CodeIgniter->run()
12 SYSTEMPATH\Boot.php(68): CodeIgniter\Boot::runCodeIgniter(Object(CodeIgniter\CodeIgniter))
13 FCPATH\index.php(59): CodeIgniter\Boot::bootWeb(Object(Config\Paths))
CRITICAL - 2025-10-16 11:23:25 --> CodeIgniter\View\Exceptions\ViewException: Invalid file: "Roles/Accounting/dashboard.php"
[Method: GET, Route: dashboard]
in SYSTEMPATH\Exceptions\FrameworkException.php on line 39.
 1 SYSTEMPATH\View\View.php(214): CodeIgniter\Exceptions\FrameworkException::forInvalidFile('Roles/Accounting/dashboard.php')
 2 SYSTEMPATH\Common.php(1167): CodeIgniter\View\View->render('Roles/Accounting/dashboard', [], true)
 3 APPPATH\Views\auth\dashboard.php(24): view('Roles/Accounting/dashboard', [...])
 4 SYSTEMPATH\View\View.php(226): include('C:\\xampp\\htdocs\\WebSystemITE-G9\\app\\Views\\auth\\dashboard.php')
 5 SYSTEMPATH\View\View.php(229): CodeIgniter\View\View->CodeIgniter\View\{closure}()
 6 SYSTEMPATH\Common.php(1167): CodeIgniter\View\View->render('auth/dashboard', [], true)
 7 APPPATH\Controllers\Dashboard.php(19): view('auth/dashboard', [...])
 8 SYSTEMPATH\CodeIgniter.php(933): App\Controllers\Dashboard->index()
 9 SYSTEMPATH\CodeIgniter.php(507): CodeIgniter\CodeIgniter->runController(Object(App\Controllers\Dashboard))
10 SYSTEMPATH\CodeIgniter.php(354): CodeIgniter\CodeIgniter->handleRequest(null, Object(Config\Cache), false)
11 SYSTEMPATH\Boot.php(363): CodeIgniter\CodeIgniter->run()
12 SYSTEMPATH\Boot.php(68): CodeIgniter\Boot::runCodeIgniter(Object(CodeIgniter\CodeIgniter))
13 FCPATH\index.php(59): CodeIgniter\Boot::bootWeb(Object(Config\Paths))
CRITICAL - 2025-10-16 11:23:56 --> TypeError: count(): Argument #1 ($value) must be of type Countable|array, int given
[Method: GET, Route: dashboard]
in APPPATH\Views\Roles\Accountant\dashboard.php on line 24.
 1 SYSTEMPATH\View\View.php(226): include()
 2 SYSTEMPATH\View\View.php(229): CodeIgniter\View\View->CodeIgniter\View\{closure}()
 3 SYSTEMPATH\Common.php(1167): CodeIgniter\View\View->render('Roles/Accountant/dashboard', [], true)
 4 APPPATH\Views\auth\dashboard.php(25): view('Roles/Accountant/dashboard', [...])
 5 SYSTEMPATH\View\View.php(226): include('C:\\xampp\\htdocs\\WebSystemITE-G9\\app\\Views\\auth\\dashboard.php')
 6 SYSTEMPATH\View\View.php(229): CodeIgniter\View\View->CodeIgniter\View\{closure}()
 7 SYSTEMPATH\Common.php(1167): CodeIgniter\View\View->render('auth/dashboard', [], true)
 8 APPPATH\Controllers\Dashboard.php(19): view('auth/dashboard', [...])
 9 SYSTEMPATH\CodeIgniter.php(933): App\Controllers\Dashboard->index()
10 SYSTEMPATH\CodeIgniter.php(507): CodeIgniter\CodeIgniter->runController(Object(App\Controllers\Dashboard))
11 SYSTEMPATH\CodeIgniter.php(354): CodeIgniter\CodeIgniter->handleRequest(null, Object(Config\Cache), false)
12 SYSTEMPATH\Boot.php(363): CodeIgniter\CodeIgniter->run()
13 SYSTEMPATH\Boot.php(68): CodeIgniter\Boot::runCodeIgniter(Object(CodeIgniter\CodeIgniter))
14 FCPATH\index.php(59): CodeIgniter\Boot::bootWeb(Object(Config\Paths))
CRITICAL - 2025-10-16 11:23:57 --> TypeError: count(): Argument #1 ($value) must be of type Countable|array, int given
[Method: GET, Route: dashboard]
in APPPATH\Views\Roles\Accountant\dashboard.php on line 24.
 1 SYSTEMPATH\View\View.php(226): include()
 2 SYSTEMPATH\View\View.php(229): CodeIgniter\View\View->CodeIgniter\View\{closure}()
 3 SYSTEMPATH\Common.php(1167): CodeIgniter\View\View->render('Roles/Accountant/dashboard', [], true)
 4 APPPATH\Views\auth\dashboard.php(25): view('Roles/Accountant/dashboard', [...])
 5 SYSTEMPATH\View\View.php(226): include('C:\\xampp\\htdocs\\WebSystemITE-G9\\app\\Views\\auth\\dashboard.php')
 6 SYSTEMPATH\View\View.php(229): CodeIgniter\View\View->CodeIgniter\View\{closure}()
 7 SYSTEMPATH\Common.php(1167): CodeIgniter\View\View->render('auth/dashboard', [], true)
 8 APPPATH\Controllers\Dashboard.php(19): view('auth/dashboard', [...])
 9 SYSTEMPATH\CodeIgniter.php(933): App\Controllers\Dashboard->index()
10 SYSTEMPATH\CodeIgniter.php(507): CodeIgniter\CodeIgniter->runController(Object(App\Controllers\Dashboard))
11 SYSTEMPATH\CodeIgniter.php(354): CodeIgniter\CodeIgniter->handleRequest(null, Object(Config\Cache), false)
12 SYSTEMPATH\Boot.php(363): CodeIgniter\CodeIgniter->run()
13 SYSTEMPATH\Boot.php(68): CodeIgniter\Boot::runCodeIgniter(Object(CodeIgniter\CodeIgniter))
14 FCPATH\index.php(59): CodeIgniter\Boot::bootWeb(Object(Config\Paths))
CRITICAL - 2025-10-16 11:24:05 --> CodeIgniter\View\Exceptions\ViewException: Invalid file: "errors/html/error_403.php"
[Method: GET, Route: dashboard]
in SYSTEMPATH\Exceptions\FrameworkException.php on line 39.
 1 SYSTEMPATH\View\View.php(214): CodeIgniter\Exceptions\FrameworkException::forInvalidFile('errors/html/error_403.php')
 2 SYSTEMPATH\Common.php(1167): CodeIgniter\View\View->render('errors/html/error_403', [], true)
 3 APPPATH\Views\auth\dashboard.php(36): view('errors/html/error_403')
 4 SYSTEMPATH\View\View.php(226): include('C:\\xampp\\htdocs\\WebSystemITE-G9\\app\\Views\\auth\\dashboard.php')
 5 SYSTEMPATH\View\View.php(229): CodeIgniter\View\View->CodeIgniter\View\{closure}()
 6 SYSTEMPATH\Common.php(1167): CodeIgniter\View\View->render('auth/dashboard', [], true)
 7 APPPATH\Controllers\Dashboard.php(19): view('auth/dashboard', [...])
 8 SYSTEMPATH\CodeIgniter.php(933): App\Controllers\Dashboard->index()
 9 SYSTEMPATH\CodeIgniter.php(507): CodeIgniter\CodeIgniter->runController(Object(App\Controllers\Dashboard))
10 SYSTEMPATH\CodeIgniter.php(354): CodeIgniter\CodeIgniter->handleRequest(null, Object(Config\Cache), false)
11 SYSTEMPATH\Boot.php(363): CodeIgniter\CodeIgniter->run()
12 SYSTEMPATH\Boot.php(68): CodeIgniter\Boot::runCodeIgniter(Object(CodeIgniter\CodeIgniter))
13 FCPATH\index.php(59): CodeIgniter\Boot::bootWeb(Object(Config\Paths))
CRITICAL - 2025-10-16 11:25:27 --> TypeError: count(): Argument #1 ($value) must be of type Countable|array, int given
[Method: GET, Route: dashboard]
in APPPATH\Views\Roles\Accountant\dashboard.php on line 24.
 1 SYSTEMPATH\View\View.php(226): include()
 2 SYSTEMPATH\View\View.php(229): CodeIgniter\View\View->CodeIgniter\View\{closure}()
 3 SYSTEMPATH\Common.php(1167): CodeIgniter\View\View->render('Roles/Accountant/dashboard', [], true)
 4 APPPATH\Views\auth\dashboard.php(24): view('Roles/Accountant/dashboard', [...])
 5 SYSTEMPATH\View\View.php(226): include('C:\\xampp\\htdocs\\WebSystemITE-G9\\app\\Views\\auth\\dashboard.php')
 6 SYSTEMPATH\View\View.php(229): CodeIgniter\View\View->CodeIgniter\View\{closure}()
 7 SYSTEMPATH\Common.php(1167): CodeIgniter\View\View->render('auth/dashboard', [], true)
 8 APPPATH\Controllers\Dashboard.php(19): view('auth/dashboard', [...])
 9 SYSTEMPATH\CodeIgniter.php(933): App\Controllers\Dashboard->index()
10 SYSTEMPATH\CodeIgniter.php(507): CodeIgniter\CodeIgniter->runController(Object(App\Controllers\Dashboard))
11 SYSTEMPATH\CodeIgniter.php(354): CodeIgniter\CodeIgniter->handleRequest(null, Object(Config\Cache), false)
12 SYSTEMPATH\Boot.php(363): CodeIgniter\CodeIgniter->run()
13 SYSTEMPATH\Boot.php(68): CodeIgniter\Boot::runCodeIgniter(Object(CodeIgniter\CodeIgniter))
14 FCPATH\index.php(59): CodeIgniter\Boot::bootWeb(Object(Config\Paths))
CRITICAL - 2025-10-16 11:25:28 --> TypeError: count(): Argument #1 ($value) must be of type Countable|array, int given
[Method: GET, Route: dashboard]
in APPPATH\Views\Roles\Accountant\dashboard.php on line 24.
 1 SYSTEMPATH\View\View.php(226): include()
 2 SYSTEMPATH\View\View.php(229): CodeIgniter\View\View->CodeIgniter\View\{closure}()
 3 SYSTEMPATH\Common.php(1167): CodeIgniter\View\View->render('Roles/Accountant/dashboard', [], true)
 4 APPPATH\Views\auth\dashboard.php(24): view('Roles/Accountant/dashboard', [...])
 5 SYSTEMPATH\View\View.php(226): include('C:\\xampp\\htdocs\\WebSystemITE-G9\\app\\Views\\auth\\dashboard.php')
 6 SYSTEMPATH\View\View.php(229): CodeIgniter\View\View->CodeIgniter\View\{closure}()
 7 SYSTEMPATH\Common.php(1167): CodeIgniter\View\View->render('auth/dashboard', [], true)
 8 APPPATH\Controllers\Dashboard.php(19): view('auth/dashboard', [...])
 9 SYSTEMPATH\CodeIgniter.php(933): App\Controllers\Dashboard->index()
10 SYSTEMPATH\CodeIgniter.php(507): CodeIgniter\CodeIgniter->runController(Object(App\Controllers\Dashboard))
11 SYSTEMPATH\CodeIgniter.php(354): CodeIgniter\CodeIgniter->handleRequest(null, Object(Config\Cache), false)
12 SYSTEMPATH\Boot.php(363): CodeIgniter\CodeIgniter->run()
13 SYSTEMPATH\Boot.php(68): CodeIgniter\Boot::runCodeIgniter(Object(CodeIgniter\CodeIgniter))
14 FCPATH\index.php(59): CodeIgniter\Boot::bootWeb(Object(Config\Paths))
CRITICAL - 2025-10-16 11:25:28 --> TypeError: count(): Argument #1 ($value) must be of type Countable|array, int given
[Method: GET, Route: dashboard]
in APPPATH\Views\Roles\Accountant\dashboard.php on line 24.
 1 SYSTEMPATH\View\View.php(226): include()
 2 SYSTEMPATH\View\View.php(229): CodeIgniter\View\View->CodeIgniter\View\{closure}()
 3 SYSTEMPATH\Common.php(1167): CodeIgniter\View\View->render('Roles/Accountant/dashboard', [], true)
 4 APPPATH\Views\auth\dashboard.php(24): view('Roles/Accountant/dashboard', [...])
 5 SYSTEMPATH\View\View.php(226): include('C:\\xampp\\htdocs\\WebSystemITE-G9\\app\\Views\\auth\\dashboard.php')
 6 SYSTEMPATH\View\View.php(229): CodeIgniter\View\View->CodeIgniter\View\{closure}()
 7 SYSTEMPATH\Common.php(1167): CodeIgniter\View\View->render('auth/dashboard', [], true)
 8 APPPATH\Controllers\Dashboard.php(19): view('auth/dashboard', [...])
 9 SYSTEMPATH\CodeIgniter.php(933): App\Controllers\Dashboard->index()
10 SYSTEMPATH\CodeIgniter.php(507): CodeIgniter\CodeIgniter->runController(Object(App\Controllers\Dashboard))
11 SYSTEMPATH\CodeIgniter.php(354): CodeIgniter\CodeIgniter->handleRequest(null, Object(Config\Cache), false)
12 SYSTEMPATH\Boot.php(363): CodeIgniter\CodeIgniter->run()
13 SYSTEMPATH\Boot.php(68): CodeIgniter\Boot::runCodeIgniter(Object(CodeIgniter\CodeIgniter))
14 FCPATH\index.php(59): CodeIgniter\Boot::bootWeb(Object(Config\Paths))
CRITICAL - 2025-10-16 11:25:29 --> TypeError: count(): Argument #1 ($value) must be of type Countable|array, int given
[Method: GET, Route: dashboard]
in APPPATH\Views\Roles\Accountant\dashboard.php on line 24.
 1 SYSTEMPATH\View\View.php(226): include()
 2 SYSTEMPATH\View\View.php(229): CodeIgniter\View\View->CodeIgniter\View\{closure}()
 3 SYSTEMPATH\Common.php(1167): CodeIgniter\View\View->render('Roles/Accountant/dashboard', [], true)
 4 APPPATH\Views\auth\dashboard.php(24): view('Roles/Accountant/dashboard', [...])
 5 SYSTEMPATH\View\View.php(226): include('C:\\xampp\\htdocs\\WebSystemITE-G9\\app\\Views\\auth\\dashboard.php')
 6 SYSTEMPATH\View\View.php(229): CodeIgniter\View\View->CodeIgniter\View\{closure}()
 7 SYSTEMPATH\Common.php(1167): CodeIgniter\View\View->render('auth/dashboard', [], true)
 8 APPPATH\Controllers\Dashboard.php(19): view('auth/dashboard', [...])
 9 SYSTEMPATH\CodeIgniter.php(933): App\Controllers\Dashboard->index()
10 SYSTEMPATH\CodeIgniter.php(507): CodeIgniter\CodeIgniter->runController(Object(App\Controllers\Dashboard))
11 SYSTEMPATH\CodeIgniter.php(354): CodeIgniter\CodeIgniter->handleRequest(null, Object(Config\Cache), false)
12 SYSTEMPATH\Boot.php(363): CodeIgniter\CodeIgniter->run()
13 SYSTEMPATH\Boot.php(68): CodeIgniter\Boot::runCodeIgniter(Object(CodeIgniter\CodeIgniter))
14 FCPATH\index.php(59): CodeIgniter\Boot::bootWeb(Object(Config\Paths))
CRITICAL - 2025-10-16 11:25:48 --> TypeError: count(): Argument #1 ($value) must be of type Countable|array, int given
[Method: GET, Route: dashboard]
in APPPATH\Views\Roles\Accountant\dashboard.php on line 24.
 1 SYSTEMPATH\View\View.php(226): include()
 2 SYSTEMPATH\View\View.php(229): CodeIgniter\View\View->CodeIgniter\View\{closure}()
 3 SYSTEMPATH\Common.php(1167): CodeIgniter\View\View->render('Roles/Accountant/dashboard', [], true)
 4 APPPATH\Views\auth\dashboard.php(24): view('Roles/Accountant/dashboard', [...])
 5 SYSTEMPATH\View\View.php(226): include('C:\\xampp\\htdocs\\WebSystemITE-G9\\app\\Views\\auth\\dashboard.php')
 6 SYSTEMPATH\View\View.php(229): CodeIgniter\View\View->CodeIgniter\View\{closure}()
 7 SYSTEMPATH\Common.php(1167): CodeIgniter\View\View->render('auth/dashboard', [], true)
 8 APPPATH\Controllers\Dashboard.php(19): view('auth/dashboard', [...])
 9 SYSTEMPATH\CodeIgniter.php(933): App\Controllers\Dashboard->index()
10 SYSTEMPATH\CodeIgniter.php(507): CodeIgniter\CodeIgniter->runController(Object(App\Controllers\Dashboard))
11 SYSTEMPATH\CodeIgniter.php(354): CodeIgniter\CodeIgniter->handleRequest(null, Object(Config\Cache), false)
12 SYSTEMPATH\Boot.php(363): CodeIgniter\CodeIgniter->run()
13 SYSTEMPATH\Boot.php(68): CodeIgniter\Boot::runCodeIgniter(Object(CodeIgniter\CodeIgniter))
14 FCPATH\index.php(59): CodeIgniter\Boot::bootWeb(Object(Config\Paths))
CRITICAL - 2025-10-16 11:25:49 --> TypeError: count(): Argument #1 ($value) must be of type Countable|array, int given
[Method: GET, Route: dashboard]
in APPPATH\Views\Roles\Accountant\dashboard.php on line 24.
 1 SYSTEMPATH\View\View.php(226): include()
 2 SYSTEMPATH\View\View.php(229): CodeIgniter\View\View->CodeIgniter\View\{closure}()
 3 SYSTEMPATH\Common.php(1167): CodeIgniter\View\View->render('Roles/Accountant/dashboard', [], true)
 4 APPPATH\Views\auth\dashboard.php(24): view('Roles/Accountant/dashboard', [...])
 5 SYSTEMPATH\View\View.php(226): include('C:\\xampp\\htdocs\\WebSystemITE-G9\\app\\Views\\auth\\dashboard.php')
 6 SYSTEMPATH\View\View.php(229): CodeIgniter\View\View->CodeIgniter\View\{closure}()
 7 SYSTEMPATH\Common.php(1167): CodeIgniter\View\View->render('auth/dashboard', [], true)
 8 APPPATH\Controllers\Dashboard.php(19): view('auth/dashboard', [...])
 9 SYSTEMPATH\CodeIgniter.php(933): App\Controllers\Dashboard->index()
10 SYSTEMPATH\CodeIgniter.php(507): CodeIgniter\CodeIgniter->runController(Object(App\Controllers\Dashboard))
11 SYSTEMPATH\CodeIgniter.php(354): CodeIgniter\CodeIgniter->handleRequest(null, Object(Config\Cache), false)
12 SYSTEMPATH\Boot.php(363): CodeIgniter\CodeIgniter->run()
13 SYSTEMPATH\Boot.php(68): CodeIgniter\Boot::runCodeIgniter(Object(CodeIgniter\CodeIgniter))
14 FCPATH\index.php(59): CodeIgniter\Boot::bootWeb(Object(Config\Paths))
CRITICAL - 2025-10-16 11:25:49 --> TypeError: count(): Argument #1 ($value) must be of type Countable|array, int given
[Method: GET, Route: dashboard]
in APPPATH\Views\Roles\Accountant\dashboard.php on line 24.
 1 SYSTEMPATH\View\View.php(226): include()
 2 SYSTEMPATH\View\View.php(229): CodeIgniter\View\View->CodeIgniter\View\{closure}()
 3 SYSTEMPATH\Common.php(1167): CodeIgniter\View\View->render('Roles/Accountant/dashboard', [], true)
 4 APPPATH\Views\auth\dashboard.php(24): view('Roles/Accountant/dashboard', [...])
 5 SYSTEMPATH\View\View.php(226): include('C:\\xampp\\htdocs\\WebSystemITE-G9\\app\\Views\\auth\\dashboard.php')
 6 SYSTEMPATH\View\View.php(229): CodeIgniter\View\View->CodeIgniter\View\{closure}()
 7 SYSTEMPATH\Common.php(1167): CodeIgniter\View\View->render('auth/dashboard', [], true)
 8 APPPATH\Controllers\Dashboard.php(19): view('auth/dashboard', [...])
 9 SYSTEMPATH\CodeIgniter.php(933): App\Controllers\Dashboard->index()
10 SYSTEMPATH\CodeIgniter.php(507): CodeIgniter\CodeIgniter->runController(Object(App\Controllers\Dashboard))
11 SYSTEMPATH\CodeIgniter.php(354): CodeIgniter\CodeIgniter->handleRequest(null, Object(Config\Cache), false)
12 SYSTEMPATH\Boot.php(363): CodeIgniter\CodeIgniter->run()
13 SYSTEMPATH\Boot.php(68): CodeIgniter\Boot::runCodeIgniter(Object(CodeIgniter\CodeIgniter))
14 FCPATH\index.php(59): CodeIgniter\Boot::bootWeb(Object(Config\Paths))
CRITICAL - 2025-10-16 11:26:11 --> TypeError: count(): Argument #1 ($value) must be of type Countable|array, int given
[Method: GET, Route: dashboard]
in APPPATH\Views\Roles\Accountant\dashboard.php on line 24.
 1 SYSTEMPATH\View\View.php(226): include()
 2 SYSTEMPATH\View\View.php(229): CodeIgniter\View\View->CodeIgniter\View\{closure}()
 3 SYSTEMPATH\Common.php(1167): CodeIgniter\View\View->render('Roles/Accountant/dashboard', [], true)
 4 APPPATH\Views\auth\dashboard.php(24): view('Roles/Accountant/dashboard', [...])
 5 SYSTEMPATH\View\View.php(226): include('C:\\xampp\\htdocs\\WebSystemITE-G9\\app\\Views\\auth\\dashboard.php')
 6 SYSTEMPATH\View\View.php(229): CodeIgniter\View\View->CodeIgniter\View\{closure}()
 7 SYSTEMPATH\Common.php(1167): CodeIgniter\View\View->render('auth/dashboard', [], true)
 8 APPPATH\Controllers\Dashboard.php(19): view('auth/dashboard', [...])
 9 SYSTEMPATH\CodeIgniter.php(933): App\Controllers\Dashboard->index()
10 SYSTEMPATH\CodeIgniter.php(507): CodeIgniter\CodeIgniter->runController(Object(App\Controllers\Dashboard))
11 SYSTEMPATH\CodeIgniter.php(354): CodeIgniter\CodeIgniter->handleRequest(null, Object(Config\Cache), false)
12 SYSTEMPATH\Boot.php(363): CodeIgniter\CodeIgniter->run()
13 SYSTEMPATH\Boot.php(68): CodeIgniter\Boot::runCodeIgniter(Object(CodeIgniter\CodeIgniter))
14 FCPATH\index.php(59): CodeIgniter\Boot::bootWeb(Object(Config\Paths))
CRITICAL - 2025-10-16 11:26:12 --> TypeError: count(): Argument #1 ($value) must be of type Countable|array, int given
[Method: GET, Route: dashboard]
in APPPATH\Views\Roles\Accountant\dashboard.php on line 24.
 1 SYSTEMPATH\View\View.php(226): include()
 2 SYSTEMPATH\View\View.php(229): CodeIgniter\View\View->CodeIgniter\View\{closure}()
 3 SYSTEMPATH\Common.php(1167): CodeIgniter\View\View->render('Roles/Accountant/dashboard', [], true)
 4 APPPATH\Views\auth\dashboard.php(24): view('Roles/Accountant/dashboard', [...])
 5 SYSTEMPATH\View\View.php(226): include('C:\\xampp\\htdocs\\WebSystemITE-G9\\app\\Views\\auth\\dashboard.php')
 6 SYSTEMPATH\View\View.php(229): CodeIgniter\View\View->CodeIgniter\View\{closure}()
 7 SYSTEMPATH\Common.php(1167): CodeIgniter\View\View->render('auth/dashboard', [], true)
 8 APPPATH\Controllers\Dashboard.php(19): view('auth/dashboard', [...])
 9 SYSTEMPATH\CodeIgniter.php(933): App\Controllers\Dashboard->index()
10 SYSTEMPATH\CodeIgniter.php(507): CodeIgniter\CodeIgniter->runController(Object(App\Controllers\Dashboard))
11 SYSTEMPATH\CodeIgniter.php(354): CodeIgniter\CodeIgniter->handleRequest(null, Object(Config\Cache), false)
12 SYSTEMPATH\Boot.php(363): CodeIgniter\CodeIgniter->run()
13 SYSTEMPATH\Boot.php(68): CodeIgniter\Boot::runCodeIgniter(Object(CodeIgniter\CodeIgniter))
14 FCPATH\index.php(59): CodeIgniter\Boot::bootWeb(Object(Config\Paths))
CRITICAL - 2025-10-16 11:26:18 --> TypeError: count(): Argument #1 ($value) must be of type Countable|array, int given
[Method: GET, Route: dashboard]
in APPPATH\Views\Roles\Accountant\dashboard.php on line 24.
 1 SYSTEMPATH\View\View.php(226): include()
 2 SYSTEMPATH\View\View.php(229): CodeIgniter\View\View->CodeIgniter\View\{closure}()
 3 SYSTEMPATH\Common.php(1167): CodeIgniter\View\View->render('Roles/Accountant/dashboard', [], true)
 4 APPPATH\Views\auth\dashboard.php(24): view('Roles/Accountant/dashboard', [...])
 5 SYSTEMPATH\View\View.php(226): include('C:\\xampp\\htdocs\\WebSystemITE-G9\\app\\Views\\auth\\dashboard.php')
 6 SYSTEMPATH\View\View.php(229): CodeIgniter\View\View->CodeIgniter\View\{closure}()
 7 SYSTEMPATH\Common.php(1167): CodeIgniter\View\View->render('auth/dashboard', [], true)
 8 APPPATH\Controllers\Dashboard.php(19): view('auth/dashboard', [...])
 9 SYSTEMPATH\CodeIgniter.php(933): App\Controllers\Dashboard->index()
10 SYSTEMPATH\CodeIgniter.php(507): CodeIgniter\CodeIgniter->runController(Object(App\Controllers\Dashboard))
11 SYSTEMPATH\CodeIgniter.php(354): CodeIgniter\CodeIgniter->handleRequest(null, Object(Config\Cache), false)
12 SYSTEMPATH\Boot.php(363): CodeIgniter\CodeIgniter->run()
13 SYSTEMPATH\Boot.php(68): CodeIgniter\Boot::runCodeIgniter(Object(CodeIgniter\CodeIgniter))
14 FCPATH\index.php(59): CodeIgniter\Boot::bootWeb(Object(Config\Paths))
CRITICAL - 2025-10-16 11:26:19 --> TypeError: count(): Argument #1 ($value) must be of type Countable|array, int given
[Method: GET, Route: dashboard]
in APPPATH\Views\Roles\Accountant\dashboard.php on line 24.
 1 SYSTEMPATH\View\View.php(226): include()
 2 SYSTEMPATH\View\View.php(229): CodeIgniter\View\View->CodeIgniter\View\{closure}()
 3 SYSTEMPATH\Common.php(1167): CodeIgniter\View\View->render('Roles/Accountant/dashboard', [], true)
 4 APPPATH\Views\auth\dashboard.php(24): view('Roles/Accountant/dashboard', [...])
 5 SYSTEMPATH\View\View.php(226): include('C:\\xampp\\htdocs\\WebSystemITE-G9\\app\\Views\\auth\\dashboard.php')
 6 SYSTEMPATH\View\View.php(229): CodeIgniter\View\View->CodeIgniter\View\{closure}()
 7 SYSTEMPATH\Common.php(1167): CodeIgniter\View\View->render('auth/dashboard', [], true)
 8 APPPATH\Controllers\Dashboard.php(19): view('auth/dashboard', [...])
 9 SYSTEMPATH\CodeIgniter.php(933): App\Controllers\Dashboard->index()
10 SYSTEMPATH\CodeIgniter.php(507): CodeIgniter\CodeIgniter->runController(Object(App\Controllers\Dashboard))
11 SYSTEMPATH\CodeIgniter.php(354): CodeIgniter\CodeIgniter->handleRequest(null, Object(Config\Cache), false)
12 SYSTEMPATH\Boot.php(363): CodeIgniter\CodeIgniter->run()
13 SYSTEMPATH\Boot.php(68): CodeIgniter\Boot::runCodeIgniter(Object(CodeIgniter\CodeIgniter))
14 FCPATH\index.php(59): CodeIgniter\Boot::bootWeb(Object(Config\Paths))
CRITICAL - 2025-10-16 11:26:20 --> TypeError: count(): Argument #1 ($value) must be of type Countable|array, int given
[Method: GET, Route: dashboard]
in APPPATH\Views\Roles\Accountant\dashboard.php on line 24.
 1 SYSTEMPATH\View\View.php(226): include()
 2 SYSTEMPATH\View\View.php(229): CodeIgniter\View\View->CodeIgniter\View\{closure}()
 3 SYSTEMPATH\Common.php(1167): CodeIgniter\View\View->render('Roles/Accountant/dashboard', [], true)
 4 APPPATH\Views\auth\dashboard.php(24): view('Roles/Accountant/dashboard', [...])
 5 SYSTEMPATH\View\View.php(226): include('C:\\xampp\\htdocs\\WebSystemITE-G9\\app\\Views\\auth\\dashboard.php')
 6 SYSTEMPATH\View\View.php(229): CodeIgniter\View\View->CodeIgniter\View\{closure}()
 7 SYSTEMPATH\Common.php(1167): CodeIgniter\View\View->render('auth/dashboard', [], true)
 8 APPPATH\Controllers\Dashboard.php(19): view('auth/dashboard', [...])
 9 SYSTEMPATH\CodeIgniter.php(933): App\Controllers\Dashboard->index()
10 SYSTEMPATH\CodeIgniter.php(507): CodeIgniter\CodeIgniter->runController(Object(App\Controllers\Dashboard))
11 SYSTEMPATH\CodeIgniter.php(354): CodeIgniter\CodeIgniter->handleRequest(null, Object(Config\Cache), false)
12 SYSTEMPATH\Boot.php(363): CodeIgniter\CodeIgniter->run()
13 SYSTEMPATH\Boot.php(68): CodeIgniter\Boot::runCodeIgniter(Object(CodeIgniter\CodeIgniter))
14 FCPATH\index.php(59): CodeIgniter\Boot::bootWeb(Object(Config\Paths))
CRITICAL - 2025-10-16 11:27:13 --> ErrorException: Undefined variable $insuranceClaims
[Method: GET, Route: dashboard]
in APPPATH\Views\Roles\Accountant\dashboard.php on line 30.
 1 APPPATH\Views\Roles\Accountant\dashboard.php(30): CodeIgniter\Debug\Exceptions->errorHandler(2, 'Undefined variable $insuranceClaims', 'C:\\xampp\\htdocs\\WebSystemITE-G9\\app\\Views\\Roles\\Accountant\\dashboard.php', 30)
 2 SYSTEMPATH\View\View.php(226): include('C:\\xampp\\htdocs\\WebSystemITE-G9\\app\\Views\\Roles\\Accountant\\dashboard.php')
 3 SYSTEMPATH\View\View.php(229): CodeIgniter\View\View->CodeIgniter\View\{closure}()
 4 SYSTEMPATH\Common.php(1167): CodeIgniter\View\View->render('Roles/Accountant/dashboard', [], true)
 5 APPPATH\Views\auth\dashboard.php(24): view('Roles/Accountant/dashboard', [...])
 6 SYSTEMPATH\View\View.php(226): include('C:\\xampp\\htdocs\\WebSystemITE-G9\\app\\Views\\auth\\dashboard.php')
 7 SYSTEMPATH\View\View.php(229): CodeIgniter\View\View->CodeIgniter\View\{closure}()
 8 SYSTEMPATH\Common.php(1167): CodeIgniter\View\View->render('auth/dashboard', [], true)
 9 APPPATH\Controllers\Dashboard.php(19): view('auth/dashboard', [...])
10 SYSTEMPATH\CodeIgniter.php(933): App\Controllers\Dashboard->index()
11 SYSTEMPATH\CodeIgniter.php(507): CodeIgniter\CodeIgniter->runController(Object(App\Controllers\Dashboard))
12 SYSTEMPATH\CodeIgniter.php(354): CodeIgniter\CodeIgniter->handleRequest(null, Object(Config\Cache), false)
13 SYSTEMPATH\Boot.php(363): CodeIgniter\CodeIgniter->run()
14 SYSTEMPATH\Boot.php(68): CodeIgniter\Boot::runCodeIgniter(Object(CodeIgniter\CodeIgniter))
15 FCPATH\index.php(59): CodeIgniter\Boot::bootWeb(Object(Config\Paths))
CRITICAL - 2025-10-16 11:27:14 --> ErrorException: Undefined variable $insuranceClaims
[Method: GET, Route: dashboard]
in APPPATH\Views\Roles\Accountant\dashboard.php on line 30.
 1 APPPATH\Views\Roles\Accountant\dashboard.php(30): CodeIgniter\Debug\Exceptions->errorHandler(2, 'Undefined variable $insuranceClaims', 'C:\\xampp\\htdocs\\WebSystemITE-G9\\app\\Views\\Roles\\Accountant\\dashboard.php', 30)
 2 SYSTEMPATH\View\View.php(226): include('C:\\xampp\\htdocs\\WebSystemITE-G9\\app\\Views\\Roles\\Accountant\\dashboard.php')
 3 SYSTEMPATH\View\View.php(229): CodeIgniter\View\View->CodeIgniter\View\{closure}()
 4 SYSTEMPATH\Common.php(1167): CodeIgniter\View\View->render('Roles/Accountant/dashboard', [], true)
 5 APPPATH\Views\auth\dashboard.php(24): view('Roles/Accountant/dashboard', [...])
 6 SYSTEMPATH\View\View.php(226): include('C:\\xampp\\htdocs\\WebSystemITE-G9\\app\\Views\\auth\\dashboard.php')
 7 SYSTEMPATH\View\View.php(229): CodeIgniter\View\View->CodeIgniter\View\{closure}()
 8 SYSTEMPATH\Common.php(1167): CodeIgniter\View\View->render('auth/dashboard', [], true)
 9 APPPATH\Controllers\Dashboard.php(19): view('auth/dashboard', [...])
10 SYSTEMPATH\CodeIgniter.php(933): App\Controllers\Dashboard->index()
11 SYSTEMPATH\CodeIgniter.php(507): CodeIgniter\CodeIgniter->runController(Object(App\Controllers\Dashboard))
12 SYSTEMPATH\CodeIgniter.php(354): CodeIgniter\CodeIgniter->handleRequest(null, Object(Config\Cache), false)
13 SYSTEMPATH\Boot.php(363): CodeIgniter\CodeIgniter->run()
14 SYSTEMPATH\Boot.php(68): CodeIgniter\Boot::runCodeIgniter(Object(CodeIgniter\CodeIgniter))
15 FCPATH\index.php(59): CodeIgniter\Boot::bootWeb(Object(Config\Paths))
ERROR - 2025-10-16 11:29:05 --> mysqli_sql_exception: Table 'hms_g9.laboratory' doesn't exist in C:\xampp\htdocs\WebSystemITE-G9\system\Database\MySQLi\Connection.php:327
Stack trace:
#0 C:\xampp\htdocs\WebSystemITE-G9\system\Database\MySQLi\Connection.php(327): mysqli->query('SELECT COUNT(*)...', 0)
#1 C:\xampp\htdocs\WebSystemITE-G9\system\Database\BaseConnection.php(729): CodeIgniter\Database\MySQLi\Connection->execute('SELECT COUNT(*)...')
#2 C:\xampp\htdocs\WebSystemITE-G9\system\Database\BaseConnection.php(646): CodeIgniter\Database\BaseConnection->simpleQuery('SELECT COUNT(*)...')
#3 C:\xampp\htdocs\WebSystemITE-G9\system\Database\BaseBuilder.php(1649): CodeIgniter\Database\BaseConnection->query('SELECT COUNT(*)...', Array, false)
#4 C:\xampp\htdocs\WebSystemITE-G9\app\Controllers\Dashboard.php(143): CodeIgniter\Database\BaseBuilder->get()
#5 C:\xampp\htdocs\WebSystemITE-G9\app\Controllers\Dashboard.php(18): App\Controllers\Dashboard->buildDashboardData('labstaff', 'laboratory')
#6 C:\xampp\htdocs\WebSystemITE-G9\system\CodeIgniter.php(933): App\Controllers\Dashboard->index()
#7 C:\xampp\htdocs\WebSystemITE-G9\system\CodeIgniter.php(507): CodeIgniter\CodeIgniter->runController(Object(App\Controllers\Dashboard))
#8 C:\xampp\htdocs\WebSystemITE-G9\system\CodeIgniter.php(354): CodeIgniter\CodeIgniter->handleRequest(NULL, Object(Config\Cache), false)
#9 C:\xampp\htdocs\WebSystemITE-G9\system\Boot.php(363): CodeIgniter\CodeIgniter->run()
#10 C:\xampp\htdocs\WebSystemITE-G9\system\Boot.php(68): CodeIgniter\Boot::runCodeIgniter(Object(CodeIgniter\CodeIgniter))
#11 C:\xampp\htdocs\WebSystemITE-G9\public\index.php(59): CodeIgniter\Boot::bootWeb(Object(Config\Paths))
#12 {main}
ERROR - 2025-10-16 11:29:05 --> Error loading dashboard data: Table 'hms_g9.laboratory' doesn't exist
CRITICAL - 2025-10-16 11:29:05 --> CodeIgniter\View\Exceptions\ViewException: Invalid file: "Roles/lab_staff/dashboard.php"
[Method: GET, Route: dashboard]
in SYSTEMPATH\Exceptions\FrameworkException.php on line 39.
 1 SYSTEMPATH\View\View.php(214): CodeIgniter\Exceptions\FrameworkException::forInvalidFile('Roles/lab_staff/dashboard.php')
 2 SYSTEMPATH\Common.php(1167): CodeIgniter\View\View->render('Roles/lab_staff/dashboard', [], true)
 3 APPPATH\Views\auth\dashboard.php(30): view('Roles/lab_staff/dashboard', [...])
 4 SYSTEMPATH\View\View.php(226): include('C:\\xampp\\htdocs\\WebSystemITE-G9\\app\\Views\\auth\\dashboard.php')
 5 SYSTEMPATH\View\View.php(229): CodeIgniter\View\View->CodeIgniter\View\{closure}()
 6 SYSTEMPATH\Common.php(1167): CodeIgniter\View\View->render('auth/dashboard', [], true)
 7 APPPATH\Controllers\Dashboard.php(19): view('auth/dashboard', [...])
 8 SYSTEMPATH\CodeIgniter.php(933): App\Controllers\Dashboard->index()
 9 SYSTEMPATH\CodeIgniter.php(507): CodeIgniter\CodeIgniter->runController(Object(App\Controllers\Dashboard))
10 SYSTEMPATH\CodeIgniter.php(354): CodeIgniter\CodeIgniter->handleRequest(null, Object(Config\Cache), false)
11 SYSTEMPATH\Boot.php(363): CodeIgniter\CodeIgniter->run()
12 SYSTEMPATH\Boot.php(68): CodeIgniter\Boot::runCodeIgniter(Object(CodeIgniter\CodeIgniter))
13 FCPATH\index.php(59): CodeIgniter\Boot::bootWeb(Object(Config\Paths))
ERROR - 2025-10-16 11:29:34 --> mysqli_sql_exception: Table 'hms_g9.laboratory' doesn't exist in C:\xampp\htdocs\WebSystemITE-G9\system\Database\MySQLi\Connection.php:327
Stack trace:
#0 C:\xampp\htdocs\WebSystemITE-G9\system\Database\MySQLi\Connection.php(327): mysqli->query('SELECT COUNT(*)...', 0)
#1 C:\xampp\htdocs\WebSystemITE-G9\system\Database\BaseConnection.php(729): CodeIgniter\Database\MySQLi\Connection->execute('SELECT COUNT(*)...')
#2 C:\xampp\htdocs\WebSystemITE-G9\system\Database\BaseConnection.php(646): CodeIgniter\Database\BaseConnection->simpleQuery('SELECT COUNT(*)...')
#3 C:\xampp\htdocs\WebSystemITE-G9\system\Database\BaseBuilder.php(1649): CodeIgniter\Database\BaseConnection->query('SELECT COUNT(*)...', Array, false)
#4 C:\xampp\htdocs\WebSystemITE-G9\app\Controllers\Dashboard.php(143): CodeIgniter\Database\BaseBuilder->get()
#5 C:\xampp\htdocs\WebSystemITE-G9\app\Controllers\Dashboard.php(18): App\Controllers\Dashboard->buildDashboardData('labstaff', 'laboratory')
#6 C:\xampp\htdocs\WebSystemITE-G9\system\CodeIgniter.php(933): App\Controllers\Dashboard->index()
#7 C:\xampp\htdocs\WebSystemITE-G9\system\CodeIgniter.php(507): CodeIgniter\CodeIgniter->runController(Object(App\Controllers\Dashboard))
#8 C:\xampp\htdocs\WebSystemITE-G9\system\CodeIgniter.php(354): CodeIgniter\CodeIgniter->handleRequest(NULL, Object(Config\Cache), false)
#9 C:\xampp\htdocs\WebSystemITE-G9\system\Boot.php(363): CodeIgniter\CodeIgniter->run()
#10 C:\xampp\htdocs\WebSystemITE-G9\system\Boot.php(68): CodeIgniter\Boot::runCodeIgniter(Object(CodeIgniter\CodeIgniter))
#11 C:\xampp\htdocs\WebSystemITE-G9\public\index.php(59): CodeIgniter\Boot::bootWeb(Object(Config\Paths))
#12 {main}
ERROR - 2025-10-16 11:29:34 --> Error loading dashboard data: Table 'hms_g9.laboratory' doesn't exist
CRITICAL - 2025-10-16 11:29:34 --> ErrorException: Undefined variable $pendingTests
[Method: GET, Route: dashboard]
in APPPATH\Views\Roles\Lab_staff\dashboard.php on line 18.
 1 APPPATH\Views\Roles\Lab_staff\dashboard.php(18): CodeIgniter\Debug\Exceptions->errorHandler(2, 'Undefined variable $pendingTests', 'C:\\xampp\\htdocs\\WebSystemITE-G9\\app\\Views\\Roles\\Lab_staff\\dashboard.php', 18)
 2 SYSTEMPATH\View\View.php(226): include('C:\\xampp\\htdocs\\WebSystemITE-G9\\app\\Views\\Roles\\Lab_staff\\dashboard.php')
 3 SYSTEMPATH\View\View.php(229): CodeIgniter\View\View->CodeIgniter\View\{closure}()
 4 SYSTEMPATH\Common.php(1167): CodeIgniter\View\View->render('Roles/lab_staff/dashboard', [], true)
 5 APPPATH\Views\auth\dashboard.php(30): view('Roles/lab_staff/dashboard', [...])
 6 SYSTEMPATH\View\View.php(226): include('C:\\xampp\\htdocs\\WebSystemITE-G9\\app\\Views\\auth\\dashboard.php')
 7 SYSTEMPATH\View\View.php(229): CodeIgniter\View\View->CodeIgniter\View\{closure}()
 8 SYSTEMPATH\Common.php(1167): CodeIgniter\View\View->render('auth/dashboard', [], true)
 9 APPPATH\Controllers\Dashboard.php(19): view('auth/dashboard', [...])
10 SYSTEMPATH\CodeIgniter.php(933): App\Controllers\Dashboard->index()
11 SYSTEMPATH\CodeIgniter.php(507): CodeIgniter\CodeIgniter->runController(Object(App\Controllers\Dashboard))
12 SYSTEMPATH\CodeIgniter.php(354): CodeIgniter\CodeIgniter->handleRequest(null, Object(Config\Cache), false)
13 SYSTEMPATH\Boot.php(363): CodeIgniter\CodeIgniter->run()
14 SYSTEMPATH\Boot.php(68): CodeIgniter\Boot::runCodeIgniter(Object(CodeIgniter\CodeIgniter))
15 FCPATH\index.php(59): CodeIgniter\Boot::bootWeb(Object(Config\Paths))
CRITICAL - 2025-10-16 11:30:18 --> ParseError: syntax error, unexpected token "=>"
[Method: GET, Route: dashboard]
in APPPATH\Controllers\Dashboard.php on line 80.
 1 SYSTEMPATH\Autoloader\Autoloader.php(295): CodeIgniter\Autoloader\Autoloader->includeFile('C:\\xampp\\htdocs\\WebSystemITE-G9\\app\\Controllers\\Dashboard.php')
 2 SYSTEMPATH\Autoloader\Autoloader.php(271): CodeIgniter\Autoloader\Autoloader->loadInNamespace('App\\Controllers\\Dashboard')
 3 [internal function]: CodeIgniter\Autoloader\Autoloader->loadClass('App\\Controllers\\Dashboard')
 4 SYSTEMPATH\CodeIgniter.php(885): class_exists('\\App\\Controllers\\Dashboard', true)
 5 SYSTEMPATH\CodeIgniter.php(494): CodeIgniter\CodeIgniter->startController()
 6 SYSTEMPATH\CodeIgniter.php(354): CodeIgniter\CodeIgniter->handleRequest(null, Object(Config\Cache), false)
 7 SYSTEMPATH\Boot.php(363): CodeIgniter\CodeIgniter->run()
 8 SYSTEMPATH\Boot.php(68): CodeIgniter\Boot::runCodeIgniter(Object(CodeIgniter\CodeIgniter))
 9 FCPATH\index.php(59): CodeIgniter\Boot::bootWeb(Object(Config\Paths))
CRITICAL - 2025-10-16 11:30:19 --> ParseError: syntax error, unexpected token "=>"
[Method: GET, Route: dashboard]
in APPPATH\Controllers\Dashboard.php on line 80.
 1 SYSTEMPATH\Autoloader\Autoloader.php(295): CodeIgniter\Autoloader\Autoloader->includeFile('C:\\xampp\\htdocs\\WebSystemITE-G9\\app\\Controllers\\Dashboard.php')
 2 SYSTEMPATH\Autoloader\Autoloader.php(271): CodeIgniter\Autoloader\Autoloader->loadInNamespace('App\\Controllers\\Dashboard')
 3 [internal function]: CodeIgniter\Autoloader\Autoloader->loadClass('App\\Controllers\\Dashboard')
 4 SYSTEMPATH\CodeIgniter.php(885): class_exists('\\App\\Controllers\\Dashboard', true)
 5 SYSTEMPATH\CodeIgniter.php(494): CodeIgniter\CodeIgniter->startController()
 6 SYSTEMPATH\CodeIgniter.php(354): CodeIgniter\CodeIgniter->handleRequest(null, Object(Config\Cache), false)
 7 SYSTEMPATH\Boot.php(363): CodeIgniter\CodeIgniter->run()
 8 SYSTEMPATH\Boot.php(68): CodeIgniter\Boot::runCodeIgniter(Object(CodeIgniter\CodeIgniter))
 9 FCPATH\index.php(59): CodeIgniter\Boot::bootWeb(Object(Config\Paths))
CRITICAL - 2025-10-16 12:17:42 --> CodeIgniter\Exceptions\RuntimeException: View themes, no current section.
[Method: GET, Route: dashboard]
in SYSTEMPATH\View\View.php on line 430.
 1 APPPATH\Views\auth\dashboard.php(40): CodeIgniter\View\View->endSection()
 2 SYSTEMPATH\View\View.php(226): include('C:\\xampp\\htdocs\\WebSystemITE-G9\\app\\Views\\auth\\dashboard.php')
 3 SYSTEMPATH\View\View.php(229): CodeIgniter\View\View->CodeIgniter\View\{closure}()
 4 SYSTEMPATH\Common.php(1167): CodeIgniter\View\View->render('auth/dashboard', [], true)
 5 APPPATH\Controllers\Dashboard.php(19): view('auth/dashboard', [...])
 6 SYSTEMPATH\CodeIgniter.php(933): App\Controllers\Dashboard->index()
 7 SYSTEMPATH\CodeIgniter.php(507): CodeIgniter\CodeIgniter->runController(Object(App\Controllers\Dashboard))
 8 SYSTEMPATH\CodeIgniter.php(354): CodeIgniter\CodeIgniter->handleRequest(null, Object(Config\Cache), false)
 9 SYSTEMPATH\Boot.php(363): CodeIgniter\CodeIgniter->run()
10 SYSTEMPATH\Boot.php(68): CodeIgniter\Boot::runCodeIgniter(Object(CodeIgniter\CodeIgniter))
11 FCPATH\index.php(59): CodeIgniter\Boot::bootWeb(Object(Config\Paths))
CRITICAL - 2025-10-16 12:17:52 --> CodeIgniter\Exceptions\RuntimeException: View themes, no current section.
[Method: GET, Route: dashboard]
in SYSTEMPATH\View\View.php on line 430.
 1 APPPATH\Views\auth\dashboard.php(40): CodeIgniter\View\View->endSection()
 2 SYSTEMPATH\View\View.php(226): include('C:\\xampp\\htdocs\\WebSystemITE-G9\\app\\Views\\auth\\dashboard.php')
 3 SYSTEMPATH\View\View.php(229): CodeIgniter\View\View->CodeIgniter\View\{closure}()
 4 SYSTEMPATH\Common.php(1167): CodeIgniter\View\View->render('auth/dashboard', [], true)
 5 APPPATH\Controllers\Dashboard.php(19): view('auth/dashboard', [...])
 6 SYSTEMPATH\CodeIgniter.php(933): App\Controllers\Dashboard->index()
 7 SYSTEMPATH\CodeIgniter.php(507): CodeIgniter\CodeIgniter->runController(Object(App\Controllers\Dashboard))
 8 SYSTEMPATH\CodeIgniter.php(354): CodeIgniter\CodeIgniter->handleRequest(null, Object(Config\Cache), false)
 9 SYSTEMPATH\Boot.php(363): CodeIgniter\CodeIgniter->run()
10 SYSTEMPATH\Boot.php(68): CodeIgniter\Boot::runCodeIgniter(Object(CodeIgniter\CodeIgniter))
11 FCPATH\index.php(59): CodeIgniter\Boot::bootWeb(Object(Config\Paths))
CRITICAL - 2025-10-16 12:17:52 --> CodeIgniter\Exceptions\RuntimeException: View themes, no current section.
[Method: GET, Route: dashboard]
in SYSTEMPATH\View\View.php on line 430.
 1 APPPATH\Views\auth\dashboard.php(40): CodeIgniter\View\View->endSection()
 2 SYSTEMPATH\View\View.php(226): include('C:\\xampp\\htdocs\\WebSystemITE-G9\\app\\Views\\auth\\dashboard.php')
 3 SYSTEMPATH\View\View.php(229): CodeIgniter\View\View->CodeIgniter\View\{closure}()
 4 SYSTEMPATH\Common.php(1167): CodeIgniter\View\View->render('auth/dashboard', [], true)
 5 APPPATH\Controllers\Dashboard.php(19): view('auth/dashboard', [...])
 6 SYSTEMPATH\CodeIgniter.php(933): App\Controllers\Dashboard->index()
 7 SYSTEMPATH\CodeIgniter.php(507): CodeIgniter\CodeIgniter->runController(Object(App\Controllers\Dashboard))
 8 SYSTEMPATH\CodeIgniter.php(354): CodeIgniter\CodeIgniter->handleRequest(null, Object(Config\Cache), false)
 9 SYSTEMPATH\Boot.php(363): CodeIgniter\CodeIgniter->run()
10 SYSTEMPATH\Boot.php(68): CodeIgniter\Boot::runCodeIgniter(Object(CodeIgniter\CodeIgniter))
11 FCPATH\index.php(59): CodeIgniter\Boot::bootWeb(Object(Config\Paths))
CRITICAL - 2025-10-16 12:17:53 --> CodeIgniter\Exceptions\RuntimeException: View themes, no current section.
[Method: GET, Route: dashboard]
in SYSTEMPATH\View\View.php on line 430.
 1 APPPATH\Views\auth\dashboard.php(40): CodeIgniter\View\View->endSection()
 2 SYSTEMPATH\View\View.php(226): include('C:\\xampp\\htdocs\\WebSystemITE-G9\\app\\Views\\auth\\dashboard.php')
 3 SYSTEMPATH\View\View.php(229): CodeIgniter\View\View->CodeIgniter\View\{closure}()
 4 SYSTEMPATH\Common.php(1167): CodeIgniter\View\View->render('auth/dashboard', [], true)
 5 APPPATH\Controllers\Dashboard.php(19): view('auth/dashboard', [...])
 6 SYSTEMPATH\CodeIgniter.php(933): App\Controllers\Dashboard->index()
 7 SYSTEMPATH\CodeIgniter.php(507): CodeIgniter\CodeIgniter->runController(Object(App\Controllers\Dashboard))
 8 SYSTEMPATH\CodeIgniter.php(354): CodeIgniter\CodeIgniter->handleRequest(null, Object(Config\Cache), false)
 9 SYSTEMPATH\Boot.php(363): CodeIgniter\CodeIgniter->run()
10 SYSTEMPATH\Boot.php(68): CodeIgniter\Boot::runCodeIgniter(Object(CodeIgniter\CodeIgniter))
11 FCPATH\index.php(59): CodeIgniter\Boot::bootWeb(Object(Config\Paths))
CRITICAL - 2025-10-16 12:17:54 --> CodeIgniter\Exceptions\RuntimeException: View themes, no current section.
[Method: GET, Route: dashboard]
in SYSTEMPATH\View\View.php on line 430.
 1 APPPATH\Views\auth\dashboard.php(40): CodeIgniter\View\View->endSection()
 2 SYSTEMPATH\View\View.php(226): include('C:\\xampp\\htdocs\\WebSystemITE-G9\\app\\Views\\auth\\dashboard.php')
 3 SYSTEMPATH\View\View.php(229): CodeIgniter\View\View->CodeIgniter\View\{closure}()
 4 SYSTEMPATH\Common.php(1167): CodeIgniter\View\View->render('auth/dashboard', [], true)
 5 APPPATH\Controllers\Dashboard.php(19): view('auth/dashboard', [...])
 6 SYSTEMPATH\CodeIgniter.php(933): App\Controllers\Dashboard->index()
 7 SYSTEMPATH\CodeIgniter.php(507): CodeIgniter\CodeIgniter->runController(Object(App\Controllers\Dashboard))
 8 SYSTEMPATH\CodeIgniter.php(354): CodeIgniter\CodeIgniter->handleRequest(null, Object(Config\Cache), false)
 9 SYSTEMPATH\Boot.php(363): CodeIgniter\CodeIgniter->run()
10 SYSTEMPATH\Boot.php(68): CodeIgniter\Boot::runCodeIgniter(Object(CodeIgniter\CodeIgniter))
11 FCPATH\index.php(59): CodeIgniter\Boot::bootWeb(Object(Config\Paths))
CRITICAL - 2025-10-16 12:17:58 --> CodeIgniter\Exceptions\RuntimeException: View themes, no current section.
[Method: GET, Route: dashboard]
in SYSTEMPATH\View\View.php on line 430.
 1 APPPATH\Views\auth\dashboard.php(40): CodeIgniter\View\View->endSection()
 2 SYSTEMPATH\View\View.php(226): include('C:\\xampp\\htdocs\\WebSystemITE-G9\\app\\Views\\auth\\dashboard.php')
 3 SYSTEMPATH\View\View.php(229): CodeIgniter\View\View->CodeIgniter\View\{closure}()
 4 SYSTEMPATH\Common.php(1167): CodeIgniter\View\View->render('auth/dashboard', [], true)
 5 APPPATH\Controllers\Dashboard.php(19): view('auth/dashboard', [...])
 6 SYSTEMPATH\CodeIgniter.php(933): App\Controllers\Dashboard->index()
 7 SYSTEMPATH\CodeIgniter.php(507): CodeIgniter\CodeIgniter->runController(Object(App\Controllers\Dashboard))
 8 SYSTEMPATH\CodeIgniter.php(354): CodeIgniter\CodeIgniter->handleRequest(null, Object(Config\Cache), false)
 9 SYSTEMPATH\Boot.php(363): CodeIgniter\CodeIgniter->run()
10 SYSTEMPATH\Boot.php(68): CodeIgniter\Boot::runCodeIgniter(Object(CodeIgniter\CodeIgniter))
11 FCPATH\index.php(59): CodeIgniter\Boot::bootWeb(Object(Config\Paths))
ERROR - 2025-10-16 12:28:46 --> mysqli_sql_exception: Table 'hms_g9.laboratory' doesn't exist in C:\xampp\htdocs\WebSystemITE-G9\system\Database\MySQLi\Connection.php:327
Stack trace:
#0 C:\xampp\htdocs\WebSystemITE-G9\system\Database\MySQLi\Connection.php(327): mysqli->query('SELECT `id`, `t...', 0)
#1 C:\xampp\htdocs\WebSystemITE-G9\system\Database\BaseConnection.php(729): CodeIgniter\Database\MySQLi\Connection->execute('SELECT `id`, `t...')
#2 C:\xampp\htdocs\WebSystemITE-G9\system\Database\BaseConnection.php(646): CodeIgniter\Database\BaseConnection->simpleQuery('SELECT `id`, `t...')
#3 C:\xampp\htdocs\WebSystemITE-G9\system\Database\BaseBuilder.php(1649): CodeIgniter\Database\BaseConnection->query('SELECT `id`, `t...', Array, false)
#4 C:\xampp\htdocs\WebSystemITE-G9\app\Controllers\Laboratory.php(274): CodeIgniter\Database\BaseBuilder->get()
#5 C:\xampp\htdocs\WebSystemITE-G9\system\CodeIgniter.php(933): App\Controllers\Laboratory->getTestResultsData()
#6 C:\xampp\htdocs\WebSystemITE-G9\system\CodeIgniter.php(507): CodeIgniter\CodeIgniter->runController(Object(App\Controllers\Laboratory))
#7 C:\xampp\htdocs\WebSystemITE-G9\system\CodeIgniter.php(354): CodeIgniter\CodeIgniter->handleRequest(NULL, Object(Config\Cache), false)
#8 C:\xampp\htdocs\WebSystemITE-G9\system\Boot.php(363): CodeIgniter\CodeIgniter->run()
#9 C:\xampp\htdocs\WebSystemITE-G9\system\Boot.php(68): CodeIgniter\Boot::runCodeIgniter(Object(CodeIgniter\CodeIgniter))
#10 C:\xampp\htdocs\WebSystemITE-G9\public\index.php(59): CodeIgniter\Boot::bootWeb(Object(Config\Paths))
#11 {main}
ERROR - 2025-10-16 12:28:46 --> Failed to get test results data: Table 'hms_g9.laboratory' doesn't exist
ERROR - 2025-10-16 12:28:47 --> mysqli_sql_exception: Table 'hms_g9.services' doesn't exist in C:\xampp\htdocs\WebSystemITE-G9\system\Database\MySQLi\Connection.php:327
Stack trace:
#0 C:\xampp\htdocs\WebSystemITE-G9\system\Database\MySQLi\Connection.php(327): mysqli->query('SHOW COLUMNS FR...', 0)
#1 C:\xampp\htdocs\WebSystemITE-G9\system\Database\BaseConnection.php(729): CodeIgniter\Database\MySQLi\Connection->execute('SHOW COLUMNS FR...')
#2 C:\xampp\htdocs\WebSystemITE-G9\system\Database\BaseConnection.php(646): CodeIgniter\Database\BaseConnection->simpleQuery('SHOW COLUMNS FR...')
#3 C:\xampp\htdocs\WebSystemITE-G9\system\Database\BaseConnection.php(1606): CodeIgniter\Database\BaseConnection->query('SHOW COLUMNS FR...')
#4 C:\xampp\htdocs\WebSystemITE-G9\app\Models\BillingModel.php(20): CodeIgniter\Database\BaseConnection->getFieldNames('services')
#5 C:\xampp\htdocs\WebSystemITE-G9\app\Models\BillingModel.php(65): App\Models\BillingModel->tableHas('services')
#6 C:\xampp\htdocs\WebSystemITE-G9\app\Models\BillingModel.php(77): App\Models\BillingModel->withRelations()
#7 C:\xampp\htdocs\WebSystemITE-G9\app\Models\BillingModel.php(94): App\Models\BillingModel->search(NULL)
#8 C:\xampp\htdocs\WebSystemITE-G9\app\Controllers\Billing.php(53): App\Models\BillingModel->getList(NULL)
#9 C:\xampp\htdocs\WebSystemITE-G9\system\CodeIgniter.php(933): App\Controllers\Billing->index()
#10 C:\xampp\htdocs\WebSystemITE-G9\system\CodeIgniter.php(507): CodeIgniter\CodeIgniter->runController(Object(App\Controllers\Billing))
#11 C:\xampp\htdocs\WebSystemITE-G9\system\CodeIgniter.php(354): CodeIgniter\CodeIgniter->handleRequest(NULL, Object(Config\Cache), false)
#12 C:\xampp\htdocs\WebSystemITE-G9\system\Boot.php(363): CodeIgniter\CodeIgniter->run()
#13 C:\xampp\htdocs\WebSystemITE-G9\system\Boot.php(68): CodeIgniter\Boot::runCodeIgniter(Object(CodeIgniter\CodeIgniter))
#14 C:\xampp\htdocs\WebSystemITE-G9\public\index.php(59): CodeIgniter\Boot::bootWeb(Object(Config\Paths))
#15 {main}
