ERROR - 2025-10-21 14:23:03 --> mysqli_sql_exception: Table 'hms_g9.services' doesn't exist in C:\xampp\htdocs\WebSystemITE-G9\system\Database\MySQLi\Connection.php:327
Stack trace:
#0 C:\xampp\htdocs\WebSystemITE-G9\system\Database\MySQLi\Connection.php(327): mysqli->query('SHOW COLUMNS FR...', 0)
#1 C:\xampp\htdocs\WebSystemITE-G9\system\Database\BaseConnection.php(729): CodeIgniter\Database\MySQLi\Connection->execute('SHOW COLUMNS FR...')
#2 C:\xampp\htdocs\WebSystemITE-G9\system\Database\BaseConnection.php(646): CodeIgniter\Database\BaseConnection->simpleQuery('SHOW COLUMNS FR...')
#3 C:\xampp\htdocs\WebSystemITE-G9\system\Database\BaseConnection.php(1606): CodeIgniter\Database\BaseConnection->query('SHOW COLUMNS FR...')
#4 C:\xampp\htdocs\WebSystemITE-G9\app\Models\BillingModel.php(20): CodeIgniter\Database\BaseConnection->getFieldNames('services')
#5 C:\xampp\htdocs\WebSystemITE-G9\app\Models\BillingModel.php(64): App\Models\BillingModel->tableHas('services')
#6 C:\xampp\htdocs\WebSystemITE-G9\app\Models\BillingModel.php(101): App\Models\BillingModel->withRelations()
#7 C:\xampp\htdocs\WebSystemITE-G9\app\Controllers\Billing.php(142): App\Models\BillingModel->findWithRelations(1)
#8 C:\xampp\htdocs\WebSystemITE-G9\system\CodeIgniter.php(933): App\Controllers\Billing->show('1')
#9 C:\xampp\htdocs\WebSystemITE-G9\system\CodeIgniter.php(507): CodeIgniter\CodeIgniter->runController(Object(App\Controllers\Billing))
#10 C:\xampp\htdocs\WebSystemITE-G9\system\CodeIgniter.php(354): CodeIgniter\CodeIgniter->handleRequest(NULL, Object(Config\Cache), false)
#11 C:\xampp\htdocs\WebSystemITE-G9\system\Boot.php(363): CodeIgniter\CodeIgniter->run()
#12 C:\xampp\htdocs\WebSystemITE-G9\system\Boot.php(68): CodeIgniter\Boot::runCodeIgniter(Object(CodeIgniter\CodeIgniter))
#13 C:\xampp\htdocs\WebSystemITE-G9\public\index.php(59): CodeIgniter\Boot::bootWeb(Object(Config\Paths))
#14 {main}
CRITICAL - 2025-10-21 14:23:03 --> CodeIgniter\View\Exceptions\ViewException: Invalid file: "admin/Billing & payment/receipt.php"
[Method: GET, Route: billing/show/1]
in SYSTEMPATH\Exceptions\FrameworkException.php on line 39.
 1 SYSTEMPATH\View\View.php(214): CodeIgniter\Exceptions\FrameworkException::forInvalidFile('admin/Billing & payment/receipt.php')
 2 SYSTEMPATH\Common.php(1167): CodeIgniter\View\View->render('admin/Billing & payment/receipt', [], true)
 3 APPPATH\Controllers\Billing.php(201): view('admin/Billing & payment/receipt', [...])
 4 SYSTEMPATH\CodeIgniter.php(933): App\Controllers\Billing->show('1')
 5 SYSTEMPATH\CodeIgniter.php(507): CodeIgniter\CodeIgniter->runController(Object(App\Controllers\Billing))
 6 SYSTEMPATH\CodeIgniter.php(354): CodeIgniter\CodeIgniter->handleRequest(null, Object(Config\Cache), false)
 7 SYSTEMPATH\Boot.php(363): CodeIgniter\CodeIgniter->run()
 8 SYSTEMPATH\Boot.php(68): CodeIgniter\Boot::runCodeIgniter(Object(CodeIgniter\CodeIgniter))
 9 FCPATH\index.php(59): CodeIgniter\Boot::bootWeb(Object(Config\Paths))
ERROR - 2025-10-21 14:23:15 --> mysqli_sql_exception: Table 'hms_g9.services' doesn't exist in C:\xampp\htdocs\WebSystemITE-G9\system\Database\MySQLi\Connection.php:327
Stack trace:
#0 C:\xampp\htdocs\WebSystemITE-G9\system\Database\MySQLi\Connection.php(327): mysqli->query('SHOW COLUMNS FR...', 0)
#1 C:\xampp\htdocs\WebSystemITE-G9\system\Database\BaseConnection.php(729): CodeIgniter\Database\MySQLi\Connection->execute('SHOW COLUMNS FR...')
#2 C:\xampp\htdocs\WebSystemITE-G9\system\Database\BaseConnection.php(646): CodeIgniter\Database\BaseConnection->simpleQuery('SHOW COLUMNS FR...')
#3 C:\xampp\htdocs\WebSystemITE-G9\system\Database\BaseConnection.php(1606): CodeIgniter\Database\BaseConnection->query('SHOW COLUMNS FR...')
#4 C:\xampp\htdocs\WebSystemITE-G9\app\Models\BillingModel.php(20): CodeIgniter\Database\BaseConnection->getFieldNames('services')
#5 C:\xampp\htdocs\WebSystemITE-G9\app\Models\BillingModel.php(64): App\Models\BillingModel->tableHas('services')
#6 C:\xampp\htdocs\WebSystemITE-G9\app\Models\BillingModel.php(101): App\Models\BillingModel->withRelations()
#7 C:\xampp\htdocs\WebSystemITE-G9\app\Controllers\Billing.php(142): App\Models\BillingModel->findWithRelations(2)
#8 C:\xampp\htdocs\WebSystemITE-G9\system\CodeIgniter.php(933): App\Controllers\Billing->show('2')
#9 C:\xampp\htdocs\WebSystemITE-G9\system\CodeIgniter.php(507): CodeIgniter\CodeIgniter->runController(Object(App\Controllers\Billing))
#10 C:\xampp\htdocs\WebSystemITE-G9\system\CodeIgniter.php(354): CodeIgniter\CodeIgniter->handleRequest(NULL, Object(Config\Cache), false)
#11 C:\xampp\htdocs\WebSystemITE-G9\system\Boot.php(363): CodeIgniter\CodeIgniter->run()
#12 C:\xampp\htdocs\WebSystemITE-G9\system\Boot.php(68): CodeIgniter\Boot::runCodeIgniter(Object(CodeIgniter\CodeIgniter))
#13 C:\xampp\htdocs\WebSystemITE-G9\public\index.php(59): CodeIgniter\Boot::bootWeb(Object(Config\Paths))
#14 {main}
CRITICAL - 2025-10-21 14:23:15 --> CodeIgniter\View\Exceptions\ViewException: Invalid file: "admin/Billing & payment/receipt.php"
[Method: GET, Route: billing/show/2]
in SYSTEMPATH\Exceptions\FrameworkException.php on line 39.
 1 SYSTEMPATH\View\View.php(214): CodeIgniter\Exceptions\FrameworkException::forInvalidFile('admin/Billing & payment/receipt.php')
 2 SYSTEMPATH\Common.php(1167): CodeIgniter\View\View->render('admin/Billing & payment/receipt', [], true)
 3 APPPATH\Controllers\Billing.php(201): view('admin/Billing & payment/receipt', [...])
 4 SYSTEMPATH\CodeIgniter.php(933): App\Controllers\Billing->show('2')
 5 SYSTEMPATH\CodeIgniter.php(507): CodeIgniter\CodeIgniter->runController(Object(App\Controllers\Billing))
 6 SYSTEMPATH\CodeIgniter.php(354): CodeIgniter\CodeIgniter->handleRequest(null, Object(Config\Cache), false)
 7 SYSTEMPATH\Boot.php(363): CodeIgniter\CodeIgniter->run()
 8 SYSTEMPATH\Boot.php(68): CodeIgniter\Boot::runCodeIgniter(Object(CodeIgniter\CodeIgniter))
 9 FCPATH\index.php(59): CodeIgniter\Boot::bootWeb(Object(Config\Paths))
ERROR - 2025-10-21 14:24:10 --> mysqli_sql_exception: Table 'hms_g9.services' doesn't exist in C:\xampp\htdocs\WebSystemITE-G9\system\Database\MySQLi\Connection.php:327
Stack trace:
#0 C:\xampp\htdocs\WebSystemITE-G9\system\Database\MySQLi\Connection.php(327): mysqli->query('SHOW COLUMNS FR...', 0)
#1 C:\xampp\htdocs\WebSystemITE-G9\system\Database\BaseConnection.php(729): CodeIgniter\Database\MySQLi\Connection->execute('SHOW COLUMNS FR...')
#2 C:\xampp\htdocs\WebSystemITE-G9\system\Database\BaseConnection.php(646): CodeIgniter\Database\BaseConnection->simpleQuery('SHOW COLUMNS FR...')
#3 C:\xampp\htdocs\WebSystemITE-G9\system\Database\BaseConnection.php(1606): CodeIgniter\Database\BaseConnection->query('SHOW COLUMNS FR...')
#4 C:\xampp\htdocs\WebSystemITE-G9\app\Models\BillingModel.php(20): CodeIgniter\Database\BaseConnection->getFieldNames('services')
#5 C:\xampp\htdocs\WebSystemITE-G9\app\Models\BillingModel.php(64): App\Models\BillingModel->tableHas('services')
#6 C:\xampp\htdocs\WebSystemITE-G9\app\Models\BillingModel.php(76): App\Models\BillingModel->withRelations()
#7 C:\xampp\htdocs\WebSystemITE-G9\app\Models\BillingModel.php(93): App\Models\BillingModel->search(NULL)
#8 C:\xampp\htdocs\WebSystemITE-G9\app\Controllers\Billing.php(49): App\Models\BillingModel->getList(NULL)
#9 C:\xampp\htdocs\WebSystemITE-G9\system\CodeIgniter.php(933): App\Controllers\Billing->index()
#10 C:\xampp\htdocs\WebSystemITE-G9\system\CodeIgniter.php(507): CodeIgniter\CodeIgniter->runController(Object(App\Controllers\Billing))
#11 C:\xampp\htdocs\WebSystemITE-G9\system\CodeIgniter.php(354): CodeIgniter\CodeIgniter->handleRequest(NULL, Object(Config\Cache), false)
#12 C:\xampp\htdocs\WebSystemITE-G9\system\Boot.php(363): CodeIgniter\CodeIgniter->run()
#13 C:\xampp\htdocs\WebSystemITE-G9\system\Boot.php(68): CodeIgniter\Boot::runCodeIgniter(Object(CodeIgniter\CodeIgniter))
#14 C:\xampp\htdocs\WebSystemITE-G9\public\index.php(59): CodeIgniter\Boot::bootWeb(Object(Config\Paths))
#15 {main}
ERROR - 2025-10-21 14:25:14 --> mysqli_sql_exception: Table 'hms_g9.services' doesn't exist in C:\xampp\htdocs\WebSystemITE-G9\system\Database\MySQLi\Connection.php:327
Stack trace:
#0 C:\xampp\htdocs\WebSystemITE-G9\system\Database\MySQLi\Connection.php(327): mysqli->query('SHOW COLUMNS FR...', 0)
#1 C:\xampp\htdocs\WebSystemITE-G9\system\Database\BaseConnection.php(729): CodeIgniter\Database\MySQLi\Connection->execute('SHOW COLUMNS FR...')
#2 C:\xampp\htdocs\WebSystemITE-G9\system\Database\BaseConnection.php(646): CodeIgniter\Database\BaseConnection->simpleQuery('SHOW COLUMNS FR...')
#3 C:\xampp\htdocs\WebSystemITE-G9\system\Database\BaseConnection.php(1606): CodeIgniter\Database\BaseConnection->query('SHOW COLUMNS FR...')
#4 C:\xampp\htdocs\WebSystemITE-G9\app\Models\BillingModel.php(20): CodeIgniter\Database\BaseConnection->getFieldNames('services')
#5 C:\xampp\htdocs\WebSystemITE-G9\app\Models\BillingModel.php(64): App\Models\BillingModel->tableHas('services')
#6 C:\xampp\htdocs\WebSystemITE-G9\app\Models\BillingModel.php(76): App\Models\BillingModel->withRelations()
#7 C:\xampp\htdocs\WebSystemITE-G9\app\Models\BillingModel.php(93): App\Models\BillingModel->search(NULL)
#8 C:\xampp\htdocs\WebSystemITE-G9\app\Controllers\Billing.php(49): App\Models\BillingModel->getList(NULL)
#9 C:\xampp\htdocs\WebSystemITE-G9\system\CodeIgniter.php(933): App\Controllers\Billing->index()
#10 C:\xampp\htdocs\WebSystemITE-G9\system\CodeIgniter.php(507): CodeIgniter\CodeIgniter->runController(Object(App\Controllers\Billing))
#11 C:\xampp\htdocs\WebSystemITE-G9\system\CodeIgniter.php(354): CodeIgniter\CodeIgniter->handleRequest(NULL, Object(Config\Cache), false)
#12 C:\xampp\htdocs\WebSystemITE-G9\system\Boot.php(363): CodeIgniter\CodeIgniter->run()
#13 C:\xampp\htdocs\WebSystemITE-G9\system\Boot.php(68): CodeIgniter\Boot::runCodeIgniter(Object(CodeIgniter\CodeIgniter))
#14 C:\xampp\htdocs\WebSystemITE-G9\public\index.php(59): CodeIgniter\Boot::bootWeb(Object(Config\Paths))
#15 {main}
ERROR - 2025-10-21 14:25:37 --> mysqli_sql_exception: Table 'hms_g9.services' doesn't exist in C:\xampp\htdocs\WebSystemITE-G9\system\Database\MySQLi\Connection.php:327
Stack trace:
#0 C:\xampp\htdocs\WebSystemITE-G9\system\Database\MySQLi\Connection.php(327): mysqli->query('SHOW COLUMNS FR...', 0)
#1 C:\xampp\htdocs\WebSystemITE-G9\system\Database\BaseConnection.php(729): CodeIgniter\Database\MySQLi\Connection->execute('SHOW COLUMNS FR...')
#2 C:\xampp\htdocs\WebSystemITE-G9\system\Database\BaseConnection.php(646): CodeIgniter\Database\BaseConnection->simpleQuery('SHOW COLUMNS FR...')
#3 C:\xampp\htdocs\WebSystemITE-G9\system\Database\BaseConnection.php(1606): CodeIgniter\Database\BaseConnection->query('SHOW COLUMNS FR...')
#4 C:\xampp\htdocs\WebSystemITE-G9\app\Models\BillingModel.php(20): CodeIgniter\Database\BaseConnection->getFieldNames('services')
#5 C:\xampp\htdocs\WebSystemITE-G9\app\Models\BillingModel.php(64): App\Models\BillingModel->tableHas('services')
#6 C:\xampp\htdocs\WebSystemITE-G9\app\Models\BillingModel.php(101): App\Models\BillingModel->withRelations()
#7 C:\xampp\htdocs\WebSystemITE-G9\app\Controllers\Billing.php(142): App\Models\BillingModel->findWithRelations(3)
#8 C:\xampp\htdocs\WebSystemITE-G9\system\CodeIgniter.php(933): App\Controllers\Billing->show('3')
#9 C:\xampp\htdocs\WebSystemITE-G9\system\CodeIgniter.php(507): CodeIgniter\CodeIgniter->runController(Object(App\Controllers\Billing))
#10 C:\xampp\htdocs\WebSystemITE-G9\system\CodeIgniter.php(354): CodeIgniter\CodeIgniter->handleRequest(NULL, Object(Config\Cache), false)
#11 C:\xampp\htdocs\WebSystemITE-G9\system\Boot.php(363): CodeIgniter\CodeIgniter->run()
#12 C:\xampp\htdocs\WebSystemITE-G9\system\Boot.php(68): CodeIgniter\Boot::runCodeIgniter(Object(CodeIgniter\CodeIgniter))
#13 C:\xampp\htdocs\WebSystemITE-G9\public\index.php(59): CodeIgniter\Boot::bootWeb(Object(Config\Paths))
#14 {main}
ERROR - 2025-10-21 14:26:07 --> mysqli_sql_exception: Table 'hms_g9.services' doesn't exist in C:\xampp\htdocs\WebSystemITE-G9\system\Database\MySQLi\Connection.php:327
Stack trace:
#0 C:\xampp\htdocs\WebSystemITE-G9\system\Database\MySQLi\Connection.php(327): mysqli->query('SHOW COLUMNS FR...', 0)
#1 C:\xampp\htdocs\WebSystemITE-G9\system\Database\BaseConnection.php(729): CodeIgniter\Database\MySQLi\Connection->execute('SHOW COLUMNS FR...')
#2 C:\xampp\htdocs\WebSystemITE-G9\system\Database\BaseConnection.php(646): CodeIgniter\Database\BaseConnection->simpleQuery('SHOW COLUMNS FR...')
#3 C:\xampp\htdocs\WebSystemITE-G9\system\Database\BaseConnection.php(1606): CodeIgniter\Database\BaseConnection->query('SHOW COLUMNS FR...')
#4 C:\xampp\htdocs\WebSystemITE-G9\app\Models\BillingModel.php(20): CodeIgniter\Database\BaseConnection->getFieldNames('services')
#5 C:\xampp\htdocs\WebSystemITE-G9\app\Models\BillingModel.php(64): App\Models\BillingModel->tableHas('services')
#6 C:\xampp\htdocs\WebSystemITE-G9\app\Models\BillingModel.php(76): App\Models\BillingModel->withRelations()
#7 C:\xampp\htdocs\WebSystemITE-G9\app\Models\BillingModel.php(93): App\Models\BillingModel->search(NULL)
#8 C:\xampp\htdocs\WebSystemITE-G9\app\Controllers\Billing.php(49): App\Models\BillingModel->getList(NULL)
#9 C:\xampp\htdocs\WebSystemITE-G9\system\CodeIgniter.php(933): App\Controllers\Billing->index()
#10 C:\xampp\htdocs\WebSystemITE-G9\system\CodeIgniter.php(507): CodeIgniter\CodeIgniter->runController(Object(App\Controllers\Billing))
#11 C:\xampp\htdocs\WebSystemITE-G9\system\CodeIgniter.php(354): CodeIgniter\CodeIgniter->handleRequest(NULL, Object(Config\Cache), false)
#12 C:\xampp\htdocs\WebSystemITE-G9\system\Boot.php(363): CodeIgniter\CodeIgniter->run()
#13 C:\xampp\htdocs\WebSystemITE-G9\system\Boot.php(68): CodeIgniter\Boot::runCodeIgniter(Object(CodeIgniter\CodeIgniter))
#14 C:\xampp\htdocs\WebSystemITE-G9\public\index.php(59): CodeIgniter\Boot::bootWeb(Object(Config\Paths))
#15 {main}
ERROR - 2025-10-21 14:31:41 --> mysqli_sql_exception: Table 'hms_g9.services' doesn't exist in C:\xampp\htdocs\WebSystemITE-G9\system\Database\MySQLi\Connection.php:327
Stack trace:
#0 C:\xampp\htdocs\WebSystemITE-G9\system\Database\MySQLi\Connection.php(327): mysqli->query('SHOW COLUMNS FR...', 0)
#1 C:\xampp\htdocs\WebSystemITE-G9\system\Database\BaseConnection.php(729): CodeIgniter\Database\MySQLi\Connection->execute('SHOW COLUMNS FR...')
#2 C:\xampp\htdocs\WebSystemITE-G9\system\Database\BaseConnection.php(646): CodeIgniter\Database\BaseConnection->simpleQuery('SHOW COLUMNS FR...')
#3 C:\xampp\htdocs\WebSystemITE-G9\system\Database\BaseConnection.php(1606): CodeIgniter\Database\BaseConnection->query('SHOW COLUMNS FR...')
#4 C:\xampp\htdocs\WebSystemITE-G9\app\Models\BillingModel.php(20): CodeIgniter\Database\BaseConnection->getFieldNames('services')
#5 C:\xampp\htdocs\WebSystemITE-G9\app\Models\BillingModel.php(64): App\Models\BillingModel->tableHas('services')
#6 C:\xampp\htdocs\WebSystemITE-G9\app\Models\BillingModel.php(76): App\Models\BillingModel->withRelations()
#7 C:\xampp\htdocs\WebSystemITE-G9\app\Models\BillingModel.php(93): App\Models\BillingModel->search(NULL)
#8 C:\xampp\htdocs\WebSystemITE-G9\app\Controllers\Billing.php(49): App\Models\BillingModel->getList(NULL)
#9 C:\xampp\htdocs\WebSystemITE-G9\system\CodeIgniter.php(933): App\Controllers\Billing->index()
#10 C:\xampp\htdocs\WebSystemITE-G9\system\CodeIgniter.php(507): CodeIgniter\CodeIgniter->runController(Object(App\Controllers\Billing))
#11 C:\xampp\htdocs\WebSystemITE-G9\system\CodeIgniter.php(354): CodeIgniter\CodeIgniter->handleRequest(NULL, Object(Config\Cache), false)
#12 C:\xampp\htdocs\WebSystemITE-G9\system\Boot.php(363): CodeIgniter\CodeIgniter->run()
#13 C:\xampp\htdocs\WebSystemITE-G9\system\Boot.php(68): CodeIgniter\Boot::runCodeIgniter(Object(CodeIgniter\CodeIgniter))
#14 C:\xampp\htdocs\WebSystemITE-G9\public\index.php(59): CodeIgniter\Boot::bootWeb(Object(Config\Paths))
#15 {main}
ERROR - 2025-10-21 14:31:44 --> mysqli_sql_exception: Table 'hms_g9.services' doesn't exist in C:\xampp\htdocs\WebSystemITE-G9\system\Database\MySQLi\Connection.php:327
Stack trace:
#0 C:\xampp\htdocs\WebSystemITE-G9\system\Database\MySQLi\Connection.php(327): mysqli->query('SHOW COLUMNS FR...', 0)
#1 C:\xampp\htdocs\WebSystemITE-G9\system\Database\BaseConnection.php(729): CodeIgniter\Database\MySQLi\Connection->execute('SHOW COLUMNS FR...')
#2 C:\xampp\htdocs\WebSystemITE-G9\system\Database\BaseConnection.php(646): CodeIgniter\Database\BaseConnection->simpleQuery('SHOW COLUMNS FR...')
#3 C:\xampp\htdocs\WebSystemITE-G9\system\Database\BaseConnection.php(1606): CodeIgniter\Database\BaseConnection->query('SHOW COLUMNS FR...')
#4 C:\xampp\htdocs\WebSystemITE-G9\app\Models\BillingModel.php(20): CodeIgniter\Database\BaseConnection->getFieldNames('services')
#5 C:\xampp\htdocs\WebSystemITE-G9\app\Models\BillingModel.php(64): App\Models\BillingModel->tableHas('services')
#6 C:\xampp\htdocs\WebSystemITE-G9\app\Models\BillingModel.php(101): App\Models\BillingModel->withRelations()
#7 C:\xampp\htdocs\WebSystemITE-G9\app\Controllers\Billing.php(213): App\Models\BillingModel->findWithRelations(3)
#8 C:\xampp\htdocs\WebSystemITE-G9\system\CodeIgniter.php(933): App\Controllers\Billing->edit('3')
#9 C:\xampp\htdocs\WebSystemITE-G9\system\CodeIgniter.php(507): CodeIgniter\CodeIgniter->runController(Object(App\Controllers\Billing))
#10 C:\xampp\htdocs\WebSystemITE-G9\system\CodeIgniter.php(354): CodeIgniter\CodeIgniter->handleRequest(NULL, Object(Config\Cache), false)
#11 C:\xampp\htdocs\WebSystemITE-G9\system\Boot.php(363): CodeIgniter\CodeIgniter->run()
#12 C:\xampp\htdocs\WebSystemITE-G9\system\Boot.php(68): CodeIgniter\Boot::runCodeIgniter(Object(CodeIgniter\CodeIgniter))
#13 C:\xampp\htdocs\WebSystemITE-G9\public\index.php(59): CodeIgniter\Boot::bootWeb(Object(Config\Paths))
#14 {main}
ERROR - 2025-10-21 14:31:47 --> mysqli_sql_exception: Table 'hms_g9.services' doesn't exist in C:\xampp\htdocs\WebSystemITE-G9\system\Database\MySQLi\Connection.php:327
Stack trace:
#0 C:\xampp\htdocs\WebSystemITE-G9\system\Database\MySQLi\Connection.php(327): mysqli->query('SHOW COLUMNS FR...', 0)
#1 C:\xampp\htdocs\WebSystemITE-G9\system\Database\BaseConnection.php(729): CodeIgniter\Database\MySQLi\Connection->execute('SHOW COLUMNS FR...')
#2 C:\xampp\htdocs\WebSystemITE-G9\system\Database\BaseConnection.php(646): CodeIgniter\Database\BaseConnection->simpleQuery('SHOW COLUMNS FR...')
#3 C:\xampp\htdocs\WebSystemITE-G9\system\Database\BaseConnection.php(1606): CodeIgniter\Database\BaseConnection->query('SHOW COLUMNS FR...')
#4 C:\xampp\htdocs\WebSystemITE-G9\app\Models\BillingModel.php(20): CodeIgniter\Database\BaseConnection->getFieldNames('services')
#5 C:\xampp\htdocs\WebSystemITE-G9\app\Models\BillingModel.php(64): App\Models\BillingModel->tableHas('services')
#6 C:\xampp\htdocs\WebSystemITE-G9\app\Models\BillingModel.php(101): App\Models\BillingModel->withRelations()
#7 C:\xampp\htdocs\WebSystemITE-G9\app\Controllers\Billing.php(142): App\Models\BillingModel->findWithRelations(3)
#8 C:\xampp\htdocs\WebSystemITE-G9\system\CodeIgniter.php(933): App\Controllers\Billing->show('3')
#9 C:\xampp\htdocs\WebSystemITE-G9\system\CodeIgniter.php(507): CodeIgniter\CodeIgniter->runController(Object(App\Controllers\Billing))
#10 C:\xampp\htdocs\WebSystemITE-G9\system\CodeIgniter.php(354): CodeIgniter\CodeIgniter->handleRequest(NULL, Object(Config\Cache), false)
#11 C:\xampp\htdocs\WebSystemITE-G9\system\Boot.php(363): CodeIgniter\CodeIgniter->run()
#12 C:\xampp\htdocs\WebSystemITE-G9\system\Boot.php(68): CodeIgniter\Boot::runCodeIgniter(Object(CodeIgniter\CodeIgniter))
#13 C:\xampp\htdocs\WebSystemITE-G9\public\index.php(59): CodeIgniter\Boot::bootWeb(Object(Config\Paths))
#14 {main}
ERROR - 2025-10-21 14:31:50 --> mysqli_sql_exception: Table 'hms_g9.services' doesn't exist in C:\xampp\htdocs\WebSystemITE-G9\system\Database\MySQLi\Connection.php:327
Stack trace:
#0 C:\xampp\htdocs\WebSystemITE-G9\system\Database\MySQLi\Connection.php(327): mysqli->query('SHOW COLUMNS FR...', 0)
#1 C:\xampp\htdocs\WebSystemITE-G9\system\Database\BaseConnection.php(729): CodeIgniter\Database\MySQLi\Connection->execute('SHOW COLUMNS FR...')
#2 C:\xampp\htdocs\WebSystemITE-G9\system\Database\BaseConnection.php(646): CodeIgniter\Database\BaseConnection->simpleQuery('SHOW COLUMNS FR...')
#3 C:\xampp\htdocs\WebSystemITE-G9\system\Database\BaseConnection.php(1606): CodeIgniter\Database\BaseConnection->query('SHOW COLUMNS FR...')
#4 C:\xampp\htdocs\WebSystemITE-G9\app\Models\BillingModel.php(20): CodeIgniter\Database\BaseConnection->getFieldNames('services')
#5 C:\xampp\htdocs\WebSystemITE-G9\app\Models\BillingModel.php(64): App\Models\BillingModel->tableHas('services')
#6 C:\xampp\htdocs\WebSystemITE-G9\app\Models\BillingModel.php(76): App\Models\BillingModel->withRelations()
#7 C:\xampp\htdocs\WebSystemITE-G9\app\Models\BillingModel.php(93): App\Models\BillingModel->search(NULL)
#8 C:\xampp\htdocs\WebSystemITE-G9\app\Controllers\Billing.php(49): App\Models\BillingModel->getList(NULL)
#9 C:\xampp\htdocs\WebSystemITE-G9\system\CodeIgniter.php(933): App\Controllers\Billing->index()
#10 C:\xampp\htdocs\WebSystemITE-G9\system\CodeIgniter.php(507): CodeIgniter\CodeIgniter->runController(Object(App\Controllers\Billing))
#11 C:\xampp\htdocs\WebSystemITE-G9\system\CodeIgniter.php(354): CodeIgniter\CodeIgniter->handleRequest(NULL, Object(Config\Cache), false)
#12 C:\xampp\htdocs\WebSystemITE-G9\system\Boot.php(363): CodeIgniter\CodeIgniter->run()
#13 C:\xampp\htdocs\WebSystemITE-G9\system\Boot.php(68): CodeIgniter\Boot::runCodeIgniter(Object(CodeIgniter\CodeIgniter))
#14 C:\xampp\htdocs\WebSystemITE-G9\public\index.php(59): CodeIgniter\Boot::bootWeb(Object(Config\Paths))
#15 {main}
ERROR - 2025-10-21 14:32:07 --> mysqli_sql_exception: Table 'hms_g9.services' doesn't exist in C:\xampp\htdocs\WebSystemITE-G9\system\Database\MySQLi\Connection.php:327
Stack trace:
#0 C:\xampp\htdocs\WebSystemITE-G9\system\Database\MySQLi\Connection.php(327): mysqli->query('SHOW COLUMNS FR...', 0)
#1 C:\xampp\htdocs\WebSystemITE-G9\system\Database\BaseConnection.php(729): CodeIgniter\Database\MySQLi\Connection->execute('SHOW COLUMNS FR...')
#2 C:\xampp\htdocs\WebSystemITE-G9\system\Database\BaseConnection.php(646): CodeIgniter\Database\BaseConnection->simpleQuery('SHOW COLUMNS FR...')
#3 C:\xampp\htdocs\WebSystemITE-G9\system\Database\BaseConnection.php(1606): CodeIgniter\Database\BaseConnection->query('SHOW COLUMNS FR...')
#4 C:\xampp\htdocs\WebSystemITE-G9\app\Models\BillingModel.php(20): CodeIgniter\Database\BaseConnection->getFieldNames('services')
#5 C:\xampp\htdocs\WebSystemITE-G9\app\Models\BillingModel.php(64): App\Models\BillingModel->tableHas('services')
#6 C:\xampp\htdocs\WebSystemITE-G9\app\Models\BillingModel.php(76): App\Models\BillingModel->withRelations()
#7 C:\xampp\htdocs\WebSystemITE-G9\app\Models\BillingModel.php(93): App\Models\BillingModel->search(NULL)
#8 C:\xampp\htdocs\WebSystemITE-G9\app\Controllers\Billing.php(49): App\Models\BillingModel->getList(NULL)
#9 C:\xampp\htdocs\WebSystemITE-G9\system\CodeIgniter.php(933): App\Controllers\Billing->index()
#10 C:\xampp\htdocs\WebSystemITE-G9\system\CodeIgniter.php(507): CodeIgniter\CodeIgniter->runController(Object(App\Controllers\Billing))
#11 C:\xampp\htdocs\WebSystemITE-G9\system\CodeIgniter.php(354): CodeIgniter\CodeIgniter->handleRequest(NULL, Object(Config\Cache), false)
#12 C:\xampp\htdocs\WebSystemITE-G9\system\Boot.php(363): CodeIgniter\CodeIgniter->run()
#13 C:\xampp\htdocs\WebSystemITE-G9\system\Boot.php(68): CodeIgniter\Boot::runCodeIgniter(Object(CodeIgniter\CodeIgniter))
#14 C:\xampp\htdocs\WebSystemITE-G9\public\index.php(59): CodeIgniter\Boot::bootWeb(Object(Config\Paths))
#15 {main}
ERROR - 2025-10-21 14:32:46 --> mysqli_sql_exception: Table 'hms_g9.laboratory' doesn't exist in C:\xampp\htdocs\WebSystemITE-G9\system\Database\MySQLi\Connection.php:327
Stack trace:
#0 C:\xampp\htdocs\WebSystemITE-G9\system\Database\MySQLi\Connection.php(327): mysqli->query('INSERT INTO `la...', 0)
#1 C:\xampp\htdocs\WebSystemITE-G9\system\Database\BaseConnection.php(729): CodeIgniter\Database\MySQLi\Connection->execute('INSERT INTO `la...')
#2 C:\xampp\htdocs\WebSystemITE-G9\system\Database\BaseConnection.php(646): CodeIgniter\Database\BaseConnection->simpleQuery('INSERT INTO `la...')
#3 C:\xampp\htdocs\WebSystemITE-G9\system\Database\BaseBuilder.php(2345): CodeIgniter\Database\BaseConnection->query('INSERT INTO `la...', Array, false)
#4 C:\xampp\htdocs\WebSystemITE-G9\app\Controllers\Laboratory.php(139): CodeIgniter\Database\BaseBuilder->insert(Array)
#5 C:\xampp\htdocs\WebSystemITE-G9\system\CodeIgniter.php(933): App\Controllers\Laboratory->submitRequest()
#6 C:\xampp\htdocs\WebSystemITE-G9\system\CodeIgniter.php(507): CodeIgniter\CodeIgniter->runController(Object(App\Controllers\Laboratory))
#7 C:\xampp\htdocs\WebSystemITE-G9\system\CodeIgniter.php(354): CodeIgniter\CodeIgniter->handleRequest(NULL, Object(Config\Cache), false)
#8 C:\xampp\htdocs\WebSystemITE-G9\system\Boot.php(363): CodeIgniter\CodeIgniter->run()
#9 C:\xampp\htdocs\WebSystemITE-G9\system\Boot.php(68): CodeIgniter\Boot::runCodeIgniter(Object(CodeIgniter\CodeIgniter))
#10 C:\xampp\htdocs\WebSystemITE-G9\public\index.php(59): CodeIgniter\Boot::bootWeb(Object(Config\Paths))
#11 {main}
ERROR - 2025-10-21 14:32:46 --> Lab request creation failed: Table 'hms_g9.laboratory' doesn't exist
ERROR - 2025-10-21 14:35:40 --> mysqli_sql_exception: Table 'hms_g9.laboratory' doesn't exist in C:\xampp\htdocs\WebSystemITE-G9\system\Database\MySQLi\Connection.php:327
Stack trace:
#0 C:\xampp\htdocs\WebSystemITE-G9\system\Database\MySQLi\Connection.php(327): mysqli->query('SELECT `id`, `t...', 0)
#1 C:\xampp\htdocs\WebSystemITE-G9\system\Database\BaseConnection.php(729): CodeIgniter\Database\MySQLi\Connection->execute('SELECT `id`, `t...')
#2 C:\xampp\htdocs\WebSystemITE-G9\system\Database\BaseConnection.php(646): CodeIgniter\Database\BaseConnection->simpleQuery('SELECT `id`, `t...')
#3 C:\xampp\htdocs\WebSystemITE-G9\system\Database\BaseBuilder.php(1649): CodeIgniter\Database\BaseConnection->query('SELECT `id`, `t...', Array, false)
#4 C:\xampp\htdocs\WebSystemITE-G9\app\Controllers\Laboratory.php(274): CodeIgniter\Database\BaseBuilder->get()
#5 C:\xampp\htdocs\WebSystemITE-G9\system\CodeIgniter.php(933): App\Controllers\Laboratory->getTestResultsData()
#6 C:\xampp\htdocs\WebSystemITE-G9\system\CodeIgniter.php(507): CodeIgniter\CodeIgniter->runController(Object(App\Controllers\Laboratory))
#7 C:\xampp\htdocs\WebSystemITE-G9\system\CodeIgniter.php(354): CodeIgniter\CodeIgniter->handleRequest(NULL, Object(Config\Cache), false)
#8 C:\xampp\htdocs\WebSystemITE-G9\system\Boot.php(363): CodeIgniter\CodeIgniter->run()
#9 C:\xampp\htdocs\WebSystemITE-G9\system\Boot.php(68): CodeIgniter\Boot::runCodeIgniter(Object(CodeIgniter\CodeIgniter))
#10 C:\xampp\htdocs\WebSystemITE-G9\public\index.php(59): CodeIgniter\Boot::bootWeb(Object(Config\Paths))
#11 {main}
ERROR - 2025-10-21 14:35:40 --> Failed to get test results data: Table 'hms_g9.laboratory' doesn't exist
CRITICAL - 2025-10-21 16:27:44 --> ErrorException: Undefined variable $patients
[Method: GET, Route: receptionist/patients/view]
in APPPATH\Views\Roles\Reception\patients\view.php on line 346.
 1 APPPATH\Views\Roles\Reception\patients\view.php(346): CodeIgniter\Debug\Exceptions->errorHandler(2, 'Undefined variable $patients', 'C:\\xampp\\htdocs\\WebSystemITE-G9\\app\\Views\\Roles\\Reception\\patients\\view.php', 346)
 2 SYSTEMPATH\View\View.php(226): include('C:\\xampp\\htdocs\\WebSystemITE-G9\\app\\Views\\Roles\\Reception\\patients\\view.php')
 3 SYSTEMPATH\View\View.php(229): CodeIgniter\View\View->CodeIgniter\View\{closure}()
 4 SYSTEMPATH\Router\RouteCollection.php(1149): CodeIgniter\View\View->render('Roles/Reception/patients/view', null)
 5 SYSTEMPATH\CodeIgniter.php(875): CodeIgniter\Router\RouteCollection::CodeIgniter\Router\{closure}()
 6 SYSTEMPATH\CodeIgniter.php(494): CodeIgniter\CodeIgniter->startController()
 7 SYSTEMPATH\CodeIgniter.php(354): CodeIgniter\CodeIgniter->handleRequest(null, Object(Config\Cache), false)
 8 SYSTEMPATH\Boot.php(363): CodeIgniter\CodeIgniter->run()
 9 SYSTEMPATH\Boot.php(68): CodeIgniter\Boot::runCodeIgniter(Object(CodeIgniter\CodeIgniter))
10 FCPATH\index.php(59): CodeIgniter\Boot::bootWeb(Object(Config\Paths))
CRITICAL - 2025-10-21 16:36:22 --> ErrorException: Undefined variable $schedules
[Method: GET, Route: nurse/appointments/staff-schedule]
in APPPATH\Views\Roles\nurse\appointments\StaffSchedule.php on line 71.
 1 APPPATH\Views\Roles\nurse\appointments\StaffSchedule.php(71): CodeIgniter\Debug\Exceptions->errorHandler(2, 'Undefined variable $schedules', 'C:\\xampp\\htdocs\\WebSystemITE-G9\\app\\Views\\Roles\\nurse\\appointments\\StaffSchedule.php', 71)
 2 SYSTEMPATH\View\View.php(226): include('C:\\xampp\\htdocs\\WebSystemITE-G9\\app\\Views\\Roles\\nurse\\appointments\\StaffSchedule.php')
 3 SYSTEMPATH\View\View.php(229): CodeIgniter\View\View->CodeIgniter\View\{closure}()
 4 SYSTEMPATH\Router\RouteCollection.php(1149): CodeIgniter\View\View->render('Roles/nurse/appointments/StaffSchedule', null)
 5 SYSTEMPATH\CodeIgniter.php(875): CodeIgniter\Router\RouteCollection::CodeIgniter\Router\{closure}()
 6 SYSTEMPATH\CodeIgniter.php(494): CodeIgniter\CodeIgniter->startController()
 7 SYSTEMPATH\CodeIgniter.php(354): CodeIgniter\CodeIgniter->handleRequest(null, Object(Config\Cache), false)
 8 SYSTEMPATH\Boot.php(363): CodeIgniter\CodeIgniter->run()
 9 SYSTEMPATH\Boot.php(68): CodeIgniter\Boot::runCodeIgniter(Object(CodeIgniter\CodeIgniter))
10 FCPATH\index.php(59): CodeIgniter\Boot::bootWeb(Object(Config\Paths))
CRITICAL - 2025-10-21 16:38:26 --> ErrorException: Undefined variable $schedules
[Method: GET, Route: nurse/appointments/staff-schedule]
in APPPATH\Views\Roles\nurse\appointments\StaffSchedule.php on line 71.
 1 APPPATH\Views\Roles\nurse\appointments\StaffSchedule.php(71): CodeIgniter\Debug\Exceptions->errorHandler(2, 'Undefined variable $schedules', 'C:\\xampp\\htdocs\\WebSystemITE-G9\\app\\Views\\Roles\\nurse\\appointments\\StaffSchedule.php', 71)
 2 SYSTEMPATH\View\View.php(226): include('C:\\xampp\\htdocs\\WebSystemITE-G9\\app\\Views\\Roles\\nurse\\appointments\\StaffSchedule.php')
 3 SYSTEMPATH\View\View.php(229): CodeIgniter\View\View->CodeIgniter\View\{closure}()
 4 SYSTEMPATH\Router\RouteCollection.php(1149): CodeIgniter\View\View->render('Roles/nurse/appointments/StaffSchedule', null)
 5 SYSTEMPATH\CodeIgniter.php(875): CodeIgniter\Router\RouteCollection::CodeIgniter\Router\{closure}()
 6 SYSTEMPATH\CodeIgniter.php(494): CodeIgniter\CodeIgniter->startController()
 7 SYSTEMPATH\CodeIgniter.php(354): CodeIgniter\CodeIgniter->handleRequest(null, Object(Config\Cache), false)
 8 SYSTEMPATH\Boot.php(363): CodeIgniter\CodeIgniter->run()
 9 SYSTEMPATH\Boot.php(68): CodeIgniter\Boot::runCodeIgniter(Object(CodeIgniter\CodeIgniter))
10 FCPATH\index.php(59): CodeIgniter\Boot::bootWeb(Object(Config\Paths))
CRITICAL - 2025-10-21 16:38:27 --> ErrorException: Undefined variable $schedules
[Method: GET, Route: nurse/appointments/staff-schedule]
in APPPATH\Views\Roles\nurse\appointments\StaffSchedule.php on line 71.
 1 APPPATH\Views\Roles\nurse\appointments\StaffSchedule.php(71): CodeIgniter\Debug\Exceptions->errorHandler(2, 'Undefined variable $schedules', 'C:\\xampp\\htdocs\\WebSystemITE-G9\\app\\Views\\Roles\\nurse\\appointments\\StaffSchedule.php', 71)
 2 SYSTEMPATH\View\View.php(226): include('C:\\xampp\\htdocs\\WebSystemITE-G9\\app\\Views\\Roles\\nurse\\appointments\\StaffSchedule.php')
 3 SYSTEMPATH\View\View.php(229): CodeIgniter\View\View->CodeIgniter\View\{closure}()
 4 SYSTEMPATH\Router\RouteCollection.php(1149): CodeIgniter\View\View->render('Roles/nurse/appointments/StaffSchedule', null)
 5 SYSTEMPATH\CodeIgniter.php(875): CodeIgniter\Router\RouteCollection::CodeIgniter\Router\{closure}()
 6 SYSTEMPATH\CodeIgniter.php(494): CodeIgniter\CodeIgniter->startController()
 7 SYSTEMPATH\CodeIgniter.php(354): CodeIgniter\CodeIgniter->handleRequest(null, Object(Config\Cache), false)
 8 SYSTEMPATH\Boot.php(363): CodeIgniter\CodeIgniter->run()
 9 SYSTEMPATH\Boot.php(68): CodeIgniter\Boot::runCodeIgniter(Object(CodeIgniter\CodeIgniter))
10 FCPATH\index.php(59): CodeIgniter\Boot::bootWeb(Object(Config\Paths))
CRITICAL - 2025-10-21 16:38:59 --> ErrorException: Undefined variable $schedules
[Method: GET, Route: nurse/appointments/staff-schedule]
in APPPATH\Views\Roles\nurse\appointments\StaffSchedule.php on line 71.
 1 APPPATH\Views\Roles\nurse\appointments\StaffSchedule.php(71): CodeIgniter\Debug\Exceptions->errorHandler(2, 'Undefined variable $schedules', 'C:\\xampp\\htdocs\\WebSystemITE-G9\\app\\Views\\Roles\\nurse\\appointments\\StaffSchedule.php', 71)
 2 SYSTEMPATH\View\View.php(226): include('C:\\xampp\\htdocs\\WebSystemITE-G9\\app\\Views\\Roles\\nurse\\appointments\\StaffSchedule.php')
 3 SYSTEMPATH\View\View.php(229): CodeIgniter\View\View->CodeIgniter\View\{closure}()
 4 SYSTEMPATH\Router\RouteCollection.php(1149): CodeIgniter\View\View->render('Roles/nurse/appointments/StaffSchedule', null)
 5 SYSTEMPATH\CodeIgniter.php(875): CodeIgniter\Router\RouteCollection::CodeIgniter\Router\{closure}()
 6 SYSTEMPATH\CodeIgniter.php(494): CodeIgniter\CodeIgniter->startController()
 7 SYSTEMPATH\CodeIgniter.php(354): CodeIgniter\CodeIgniter->handleRequest(null, Object(Config\Cache), false)
 8 SYSTEMPATH\Boot.php(363): CodeIgniter\CodeIgniter->run()
 9 SYSTEMPATH\Boot.php(68): CodeIgniter\Boot::runCodeIgniter(Object(CodeIgniter\CodeIgniter))
10 FCPATH\index.php(59): CodeIgniter\Boot::bootWeb(Object(Config\Paths))
CRITICAL - 2025-10-21 16:46:28 --> CodeIgniter\View\Exceptions\ViewException: Invalid file: "Roles/nurse/appointments/StaffSchedule.php"
[Method: GET, Route: nurse/appointments/staff-schedule]
in SYSTEMPATH\Exceptions\FrameworkException.php on line 39.
 1 SYSTEMPATH\View\View.php(214): CodeIgniter\Exceptions\FrameworkException::forInvalidFile('Roles/nurse/appointments/StaffSchedule.php')
 2 SYSTEMPATH\Router\RouteCollection.php(1149): CodeIgniter\View\View->render('Roles/nurse/appointments/StaffSchedule', null)
 3 SYSTEMPATH\CodeIgniter.php(875): CodeIgniter\Router\RouteCollection::CodeIgniter\Router\{closure}()
 4 SYSTEMPATH\CodeIgniter.php(494): CodeIgniter\CodeIgniter->startController()
 5 SYSTEMPATH\CodeIgniter.php(354): CodeIgniter\CodeIgniter->handleRequest(null, Object(Config\Cache), false)
 6 SYSTEMPATH\Boot.php(363): CodeIgniter\CodeIgniter->run()
 7 SYSTEMPATH\Boot.php(68): CodeIgniter\Boot::runCodeIgniter(Object(CodeIgniter\CodeIgniter))
 8 FCPATH\index.php(59): CodeIgniter\Boot::bootWeb(Object(Config\Paths))
