ERROR - 2025-12-08 05:37:16 --> mysqli_sql_exception: Column count doesn't match value count at row 1 in F:\xammp\htdocs\group6\system\Database\MySQLi\Connection.php:327
Stack trace:
#0 F:\xammp\htdocs\group6\system\Database\MySQLi\Connection.php(327): mysqli->query('INSERT INTO `us...', 0)
#1 F:\xammp\htdocs\group6\system\Database\BaseConnection.php(729): CodeIgniter\Database\MySQLi\Connection->execute('INSERT INTO `us...')
#2 F:\xammp\htdocs\group6\system\Database\BaseConnection.php(646): CodeIgniter\Database\BaseConnection->simpleQuery('INSERT INTO `us...')
#3 F:\xammp\htdocs\group6\system\Database\BaseBuilder.php(1841): CodeIgniter\Database\BaseConnection->query('INSERT INTO `us...', NULL, false)
#4 F:\xammp\htdocs\group6\system\Database\BaseBuilder.php(2230): CodeIgniter\Database\BaseBuilder->batchExecute('_insertBatch', 100)
#5 F:\xammp\htdocs\group6\app\Database\Seeds\UserSeeder.php(278): CodeIgniter\Database\BaseBuilder->insertBatch(Array)
#6 F:\xammp\htdocs\group6\system\Database\Seeder.php(149): App\Database\Seeds\UserSeeder->run()
#7 F:\xammp\htdocs\group6\system\Commands\Database\Seed.php(79): CodeIgniter\Database\Seeder->call('App\\Database\\Se...')
#8 F:\xammp\htdocs\group6\system\CLI\Commands.php(74): CodeIgniter\Commands\Database\Seed->run(Array)
#9 F:\xammp\htdocs\group6\system\CLI\Console.php(47): CodeIgniter\CLI\Commands->run('db:seed', Array)
#10 F:\xammp\htdocs\group6\system\Boot.php(388): CodeIgniter\CLI\Console->run()
#11 F:\xammp\htdocs\group6\system\Boot.php(133): CodeIgniter\Boot::runCommand(Object(CodeIgniter\CLI\Console))
#12 F:\xammp\htdocs\group6\spark(87): CodeIgniter\Boot::bootSpark(Object(Config\Paths))
#13 {main}
ERROR - 2025-12-08 05:49:22 --> mysqli_sql_exception: Unknown column 'assigned_doctor_id' in 'where clause' in F:\xammp\htdocs\group6\system\Database\MySQLi\Connection.php:327
Stack trace:
#0 F:\xammp\htdocs\group6\system\Database\MySQLi\Connection.php(327): mysqli->query('SELECT *\nFROM `...', 0)
#1 F:\xammp\htdocs\group6\system\Database\BaseConnection.php(729): CodeIgniter\Database\MySQLi\Connection->execute('SELECT *\nFROM `...')
#2 F:\xammp\htdocs\group6\system\Database\BaseConnection.php(646): CodeIgniter\Database\BaseConnection->simpleQuery('SELECT *\nFROM `...')
#3 F:\xammp\htdocs\group6\system\Database\BaseBuilder.php(1649): CodeIgniter\Database\BaseConnection->query('SELECT *\nFROM `...', Array, false)
#4 F:\xammp\htdocs\group6\app\Controllers\Doctor\DashboardStats.php(424): CodeIgniter\Database\BaseBuilder->get()
#5 F:\xammp\htdocs\group6\system\CodeIgniter.php(933): App\Controllers\Doctor\DashboardStats->stats()
#6 F:\xammp\htdocs\group6\system\CodeIgniter.php(507): CodeIgniter\CodeIgniter->runController(Object(App\Controllers\Doctor\DashboardStats))
#7 F:\xammp\htdocs\group6\system\CodeIgniter.php(354): CodeIgniter\CodeIgniter->handleRequest(NULL, Object(Config\Cache), false)
#8 F:\xammp\htdocs\group6\system\Boot.php(363): CodeIgniter\CodeIgniter->run()
#9 F:\xammp\htdocs\group6\system\Boot.php(68): CodeIgniter\Boot::runCodeIgniter(Object(CodeIgniter\CodeIgniter))
#10 F:\xammp\htdocs\group6\public\index.php(59): CodeIgniter\Boot::bootWeb(Object(Config\Paths))
#11 {main}
ERROR - 2025-12-08 05:49:22 --> Error fetching Doctor Dashboard Stats: Unknown column 'assigned_doctor_id' in 'where clause'
ERROR - 2025-12-08 05:49:44 --> mysqli_sql_exception: Unknown column 'assigned_doctor_id' in 'where clause' in F:\xammp\htdocs\group6\system\Database\MySQLi\Connection.php:327
Stack trace:
#0 F:\xammp\htdocs\group6\system\Database\MySQLi\Connection.php(327): mysqli->query('SELECT *\nFROM `...', 0)
#1 F:\xammp\htdocs\group6\system\Database\BaseConnection.php(729): CodeIgniter\Database\MySQLi\Connection->execute('SELECT *\nFROM `...')
#2 F:\xammp\htdocs\group6\system\Database\BaseConnection.php(646): CodeIgniter\Database\BaseConnection->simpleQuery('SELECT *\nFROM `...')
#3 F:\xammp\htdocs\group6\system\Database\BaseBuilder.php(1649): CodeIgniter\Database\BaseConnection->query('SELECT *\nFROM `...', Array, false)
#4 F:\xammp\htdocs\group6\app\Controllers\Doctor\DashboardStats.php(424): CodeIgniter\Database\BaseBuilder->get()
#5 F:\xammp\htdocs\group6\system\CodeIgniter.php(933): App\Controllers\Doctor\DashboardStats->stats()
#6 F:\xammp\htdocs\group6\system\CodeIgniter.php(507): CodeIgniter\CodeIgniter->runController(Object(App\Controllers\Doctor\DashboardStats))
#7 F:\xammp\htdocs\group6\system\CodeIgniter.php(354): CodeIgniter\CodeIgniter->handleRequest(NULL, Object(Config\Cache), false)
#8 F:\xammp\htdocs\group6\system\Boot.php(363): CodeIgniter\CodeIgniter->run()
#9 F:\xammp\htdocs\group6\system\Boot.php(68): CodeIgniter\Boot::runCodeIgniter(Object(CodeIgniter\CodeIgniter))
#10 F:\xammp\htdocs\group6\public\index.php(59): CodeIgniter\Boot::bootWeb(Object(Config\Paths))
#11 {main}
ERROR - 2025-12-08 05:49:44 --> Error fetching Doctor Dashboard Stats: Unknown column 'assigned_doctor_id' in 'where clause'
ERROR - 2025-12-08 05:49:54 --> mysqli_sql_exception: Unknown column 'assigned_doctor_id' in 'where clause' in F:\xammp\htdocs\group6\system\Database\MySQLi\Connection.php:327
Stack trace:
#0 F:\xammp\htdocs\group6\system\Database\MySQLi\Connection.php(327): mysqli->query('SELECT *\nFROM `...', 0)
#1 F:\xammp\htdocs\group6\system\Database\BaseConnection.php(729): CodeIgniter\Database\MySQLi\Connection->execute('SELECT *\nFROM `...')
#2 F:\xammp\htdocs\group6\system\Database\BaseConnection.php(646): CodeIgniter\Database\BaseConnection->simpleQuery('SELECT *\nFROM `...')
#3 F:\xammp\htdocs\group6\system\Database\BaseBuilder.php(1649): CodeIgniter\Database\BaseConnection->query('SELECT *\nFROM `...', Array, false)
#4 F:\xammp\htdocs\group6\app\Controllers\Doctor\DashboardStats.php(424): CodeIgniter\Database\BaseBuilder->get()
#5 F:\xammp\htdocs\group6\system\CodeIgniter.php(933): App\Controllers\Doctor\DashboardStats->stats()
#6 F:\xammp\htdocs\group6\system\CodeIgniter.php(507): CodeIgniter\CodeIgniter->runController(Object(App\Controllers\Doctor\DashboardStats))
#7 F:\xammp\htdocs\group6\system\CodeIgniter.php(354): CodeIgniter\CodeIgniter->handleRequest(NULL, Object(Config\Cache), false)
#8 F:\xammp\htdocs\group6\system\Boot.php(363): CodeIgniter\CodeIgniter->run()
#9 F:\xammp\htdocs\group6\system\Boot.php(68): CodeIgniter\Boot::runCodeIgniter(Object(CodeIgniter\CodeIgniter))
#10 F:\xammp\htdocs\group6\public\index.php(59): CodeIgniter\Boot::bootWeb(Object(Config\Paths))
#11 {main}
ERROR - 2025-12-08 05:49:54 --> Error fetching Doctor Dashboard Stats: Unknown column 'assigned_doctor_id' in 'where clause'
ERROR - 2025-12-08 05:50:05 --> mysqli_sql_exception: Unknown column 'assigned_doctor_id' in 'where clause' in F:\xammp\htdocs\group6\system\Database\MySQLi\Connection.php:327
Stack trace:
#0 F:\xammp\htdocs\group6\system\Database\MySQLi\Connection.php(327): mysqli->query('SELECT *\nFROM `...', 0)
#1 F:\xammp\htdocs\group6\system\Database\BaseConnection.php(729): CodeIgniter\Database\MySQLi\Connection->execute('SELECT *\nFROM `...')
#2 F:\xammp\htdocs\group6\system\Database\BaseConnection.php(646): CodeIgniter\Database\BaseConnection->simpleQuery('SELECT *\nFROM `...')
#3 F:\xammp\htdocs\group6\system\Database\BaseBuilder.php(1649): CodeIgniter\Database\BaseConnection->query('SELECT *\nFROM `...', Array, false)
#4 F:\xammp\htdocs\group6\app\Controllers\Doctor\DashboardStats.php(424): CodeIgniter\Database\BaseBuilder->get()
#5 F:\xammp\htdocs\group6\system\CodeIgniter.php(933): App\Controllers\Doctor\DashboardStats->stats()
#6 F:\xammp\htdocs\group6\system\CodeIgniter.php(507): CodeIgniter\CodeIgniter->runController(Object(App\Controllers\Doctor\DashboardStats))
#7 F:\xammp\htdocs\group6\system\CodeIgniter.php(354): CodeIgniter\CodeIgniter->handleRequest(NULL, Object(Config\Cache), false)
#8 F:\xammp\htdocs\group6\system\Boot.php(363): CodeIgniter\CodeIgniter->run()
#9 F:\xammp\htdocs\group6\system\Boot.php(68): CodeIgniter\Boot::runCodeIgniter(Object(CodeIgniter\CodeIgniter))
#10 F:\xammp\htdocs\group6\public\index.php(59): CodeIgniter\Boot::bootWeb(Object(Config\Paths))
#11 {main}
ERROR - 2025-12-08 05:50:05 --> Error fetching Doctor Dashboard Stats: Unknown column 'assigned_doctor_id' in 'where clause'
ERROR - 2025-12-08 05:50:15 --> mysqli_sql_exception: Unknown column 'assigned_doctor_id' in 'where clause' in F:\xammp\htdocs\group6\system\Database\MySQLi\Connection.php:327
Stack trace:
#0 F:\xammp\htdocs\group6\system\Database\MySQLi\Connection.php(327): mysqli->query('SELECT *\nFROM `...', 0)
#1 F:\xammp\htdocs\group6\system\Database\BaseConnection.php(729): CodeIgniter\Database\MySQLi\Connection->execute('SELECT *\nFROM `...')
#2 F:\xammp\htdocs\group6\system\Database\BaseConnection.php(646): CodeIgniter\Database\BaseConnection->simpleQuery('SELECT *\nFROM `...')
#3 F:\xammp\htdocs\group6\system\Database\BaseBuilder.php(1649): CodeIgniter\Database\BaseConnection->query('SELECT *\nFROM `...', Array, false)
#4 F:\xammp\htdocs\group6\app\Controllers\Doctor\DashboardStats.php(424): CodeIgniter\Database\BaseBuilder->get()
#5 F:\xammp\htdocs\group6\system\CodeIgniter.php(933): App\Controllers\Doctor\DashboardStats->stats()
#6 F:\xammp\htdocs\group6\system\CodeIgniter.php(507): CodeIgniter\CodeIgniter->runController(Object(App\Controllers\Doctor\DashboardStats))
#7 F:\xammp\htdocs\group6\system\CodeIgniter.php(354): CodeIgniter\CodeIgniter->handleRequest(NULL, Object(Config\Cache), false)
#8 F:\xammp\htdocs\group6\system\Boot.php(363): CodeIgniter\CodeIgniter->run()
#9 F:\xammp\htdocs\group6\system\Boot.php(68): CodeIgniter\Boot::runCodeIgniter(Object(CodeIgniter\CodeIgniter))
#10 F:\xammp\htdocs\group6\public\index.php(59): CodeIgniter\Boot::bootWeb(Object(Config\Paths))
#11 {main}
ERROR - 2025-12-08 05:50:15 --> Error fetching Doctor Dashboard Stats: Unknown column 'assigned_doctor_id' in 'where clause'
ERROR - 2025-12-08 05:50:25 --> mysqli_sql_exception: Unknown column 'assigned_doctor_id' in 'where clause' in F:\xammp\htdocs\group6\system\Database\MySQLi\Connection.php:327
Stack trace:
#0 F:\xammp\htdocs\group6\system\Database\MySQLi\Connection.php(327): mysqli->query('SELECT *\nFROM `...', 0)
#1 F:\xammp\htdocs\group6\system\Database\BaseConnection.php(729): CodeIgniter\Database\MySQLi\Connection->execute('SELECT *\nFROM `...')
#2 F:\xammp\htdocs\group6\system\Database\BaseConnection.php(646): CodeIgniter\Database\BaseConnection->simpleQuery('SELECT *\nFROM `...')
#3 F:\xammp\htdocs\group6\system\Database\BaseBuilder.php(1649): CodeIgniter\Database\BaseConnection->query('SELECT *\nFROM `...', Array, false)
#4 F:\xammp\htdocs\group6\app\Controllers\Doctor\DashboardStats.php(424): CodeIgniter\Database\BaseBuilder->get()
#5 F:\xammp\htdocs\group6\system\CodeIgniter.php(933): App\Controllers\Doctor\DashboardStats->stats()
#6 F:\xammp\htdocs\group6\system\CodeIgniter.php(507): CodeIgniter\CodeIgniter->runController(Object(App\Controllers\Doctor\DashboardStats))
#7 F:\xammp\htdocs\group6\system\CodeIgniter.php(354): CodeIgniter\CodeIgniter->handleRequest(NULL, Object(Config\Cache), false)
#8 F:\xammp\htdocs\group6\system\Boot.php(363): CodeIgniter\CodeIgniter->run()
#9 F:\xammp\htdocs\group6\system\Boot.php(68): CodeIgniter\Boot::runCodeIgniter(Object(CodeIgniter\CodeIgniter))
#10 F:\xammp\htdocs\group6\public\index.php(59): CodeIgniter\Boot::bootWeb(Object(Config\Paths))
#11 {main}
ERROR - 2025-12-08 05:50:25 --> Error fetching Doctor Dashboard Stats: Unknown column 'assigned_doctor_id' in 'where clause'
ERROR - 2025-12-08 05:50:35 --> mysqli_sql_exception: Unknown column 'assigned_doctor_id' in 'where clause' in F:\xammp\htdocs\group6\system\Database\MySQLi\Connection.php:327
Stack trace:
#0 F:\xammp\htdocs\group6\system\Database\MySQLi\Connection.php(327): mysqli->query('SELECT *\nFROM `...', 0)
#1 F:\xammp\htdocs\group6\system\Database\BaseConnection.php(729): CodeIgniter\Database\MySQLi\Connection->execute('SELECT *\nFROM `...')
#2 F:\xammp\htdocs\group6\system\Database\BaseConnection.php(646): CodeIgniter\Database\BaseConnection->simpleQuery('SELECT *\nFROM `...')
#3 F:\xammp\htdocs\group6\system\Database\BaseBuilder.php(1649): CodeIgniter\Database\BaseConnection->query('SELECT *\nFROM `...', Array, false)
#4 F:\xammp\htdocs\group6\app\Controllers\Doctor\DashboardStats.php(424): CodeIgniter\Database\BaseBuilder->get()
#5 F:\xammp\htdocs\group6\system\CodeIgniter.php(933): App\Controllers\Doctor\DashboardStats->stats()
#6 F:\xammp\htdocs\group6\system\CodeIgniter.php(507): CodeIgniter\CodeIgniter->runController(Object(App\Controllers\Doctor\DashboardStats))
#7 F:\xammp\htdocs\group6\system\CodeIgniter.php(354): CodeIgniter\CodeIgniter->handleRequest(NULL, Object(Config\Cache), false)
#8 F:\xammp\htdocs\group6\system\Boot.php(363): CodeIgniter\CodeIgniter->run()
#9 F:\xammp\htdocs\group6\system\Boot.php(68): CodeIgniter\Boot::runCodeIgniter(Object(CodeIgniter\CodeIgniter))
#10 F:\xammp\htdocs\group6\public\index.php(59): CodeIgniter\Boot::bootWeb(Object(Config\Paths))
#11 {main}
ERROR - 2025-12-08 05:50:35 --> Error fetching Doctor Dashboard Stats: Unknown column 'assigned_doctor_id' in 'where clause'
ERROR - 2025-12-08 05:50:45 --> mysqli_sql_exception: Unknown column 'assigned_doctor_id' in 'where clause' in F:\xammp\htdocs\group6\system\Database\MySQLi\Connection.php:327
Stack trace:
#0 F:\xammp\htdocs\group6\system\Database\MySQLi\Connection.php(327): mysqli->query('SELECT *\nFROM `...', 0)
#1 F:\xammp\htdocs\group6\system\Database\BaseConnection.php(729): CodeIgniter\Database\MySQLi\Connection->execute('SELECT *\nFROM `...')
#2 F:\xammp\htdocs\group6\system\Database\BaseConnection.php(646): CodeIgniter\Database\BaseConnection->simpleQuery('SELECT *\nFROM `...')
#3 F:\xammp\htdocs\group6\system\Database\BaseBuilder.php(1649): CodeIgniter\Database\BaseConnection->query('SELECT *\nFROM `...', Array, false)
#4 F:\xammp\htdocs\group6\app\Controllers\Doctor\DashboardStats.php(424): CodeIgniter\Database\BaseBuilder->get()
#5 F:\xammp\htdocs\group6\system\CodeIgniter.php(933): App\Controllers\Doctor\DashboardStats->stats()
#6 F:\xammp\htdocs\group6\system\CodeIgniter.php(507): CodeIgniter\CodeIgniter->runController(Object(App\Controllers\Doctor\DashboardStats))
#7 F:\xammp\htdocs\group6\system\CodeIgniter.php(354): CodeIgniter\CodeIgniter->handleRequest(NULL, Object(Config\Cache), false)
#8 F:\xammp\htdocs\group6\system\Boot.php(363): CodeIgniter\CodeIgniter->run()
#9 F:\xammp\htdocs\group6\system\Boot.php(68): CodeIgniter\Boot::runCodeIgniter(Object(CodeIgniter\CodeIgniter))
#10 F:\xammp\htdocs\group6\public\index.php(59): CodeIgniter\Boot::bootWeb(Object(Config\Paths))
#11 {main}
ERROR - 2025-12-08 05:50:45 --> Error fetching Doctor Dashboard Stats: Unknown column 'assigned_doctor_id' in 'where clause'
ERROR - 2025-12-08 05:50:55 --> mysqli_sql_exception: Unknown column 'assigned_doctor_id' in 'where clause' in F:\xammp\htdocs\group6\system\Database\MySQLi\Connection.php:327
Stack trace:
#0 F:\xammp\htdocs\group6\system\Database\MySQLi\Connection.php(327): mysqli->query('SELECT *\nFROM `...', 0)
#1 F:\xammp\htdocs\group6\system\Database\BaseConnection.php(729): CodeIgniter\Database\MySQLi\Connection->execute('SELECT *\nFROM `...')
#2 F:\xammp\htdocs\group6\system\Database\BaseConnection.php(646): CodeIgniter\Database\BaseConnection->simpleQuery('SELECT *\nFROM `...')
#3 F:\xammp\htdocs\group6\system\Database\BaseBuilder.php(1649): CodeIgniter\Database\BaseConnection->query('SELECT *\nFROM `...', Array, false)
#4 F:\xammp\htdocs\group6\app\Controllers\Doctor\DashboardStats.php(424): CodeIgniter\Database\BaseBuilder->get()
#5 F:\xammp\htdocs\group6\system\CodeIgniter.php(933): App\Controllers\Doctor\DashboardStats->stats()
#6 F:\xammp\htdocs\group6\system\CodeIgniter.php(507): CodeIgniter\CodeIgniter->runController(Object(App\Controllers\Doctor\DashboardStats))
#7 F:\xammp\htdocs\group6\system\CodeIgniter.php(354): CodeIgniter\CodeIgniter->handleRequest(NULL, Object(Config\Cache), false)
#8 F:\xammp\htdocs\group6\system\Boot.php(363): CodeIgniter\CodeIgniter->run()
#9 F:\xammp\htdocs\group6\system\Boot.php(68): CodeIgniter\Boot::runCodeIgniter(Object(CodeIgniter\CodeIgniter))
#10 F:\xammp\htdocs\group6\public\index.php(59): CodeIgniter\Boot::bootWeb(Object(Config\Paths))
#11 {main}
ERROR - 2025-12-08 05:50:55 --> Error fetching Doctor Dashboard Stats: Unknown column 'assigned_doctor_id' in 'where clause'
ERROR - 2025-12-08 05:51:10 --> mysqli_sql_exception: Unknown column 'assigned_doctor_id' in 'where clause' in F:\xammp\htdocs\group6\system\Database\MySQLi\Connection.php:327
Stack trace:
#0 F:\xammp\htdocs\group6\system\Database\MySQLi\Connection.php(327): mysqli->query('SELECT *\nFROM `...', 0)
#1 F:\xammp\htdocs\group6\system\Database\BaseConnection.php(729): CodeIgniter\Database\MySQLi\Connection->execute('SELECT *\nFROM `...')
#2 F:\xammp\htdocs\group6\system\Database\BaseConnection.php(646): CodeIgniter\Database\BaseConnection->simpleQuery('SELECT *\nFROM `...')
#3 F:\xammp\htdocs\group6\system\Database\BaseBuilder.php(1649): CodeIgniter\Database\BaseConnection->query('SELECT *\nFROM `...', Array, false)
#4 F:\xammp\htdocs\group6\app\Controllers\Doctor\DashboardStats.php(424): CodeIgniter\Database\BaseBuilder->get()
#5 F:\xammp\htdocs\group6\system\CodeIgniter.php(933): App\Controllers\Doctor\DashboardStats->stats()
#6 F:\xammp\htdocs\group6\system\CodeIgniter.php(507): CodeIgniter\CodeIgniter->runController(Object(App\Controllers\Doctor\DashboardStats))
#7 F:\xammp\htdocs\group6\system\CodeIgniter.php(354): CodeIgniter\CodeIgniter->handleRequest(NULL, Object(Config\Cache), false)
#8 F:\xammp\htdocs\group6\system\Boot.php(363): CodeIgniter\CodeIgniter->run()
#9 F:\xammp\htdocs\group6\system\Boot.php(68): CodeIgniter\Boot::runCodeIgniter(Object(CodeIgniter\CodeIgniter))
#10 F:\xammp\htdocs\group6\public\index.php(59): CodeIgniter\Boot::bootWeb(Object(Config\Paths))
#11 {main}
ERROR - 2025-12-08 05:51:10 --> Error fetching Doctor Dashboard Stats: Unknown column 'assigned_doctor_id' in 'where clause'
ERROR - 2025-12-08 05:52:10 --> mysqli_sql_exception: Unknown column 'assigned_doctor_id' in 'where clause' in F:\xammp\htdocs\group6\system\Database\MySQLi\Connection.php:327
Stack trace:
#0 F:\xammp\htdocs\group6\system\Database\MySQLi\Connection.php(327): mysqli->query('SELECT *\nFROM `...', 0)
#1 F:\xammp\htdocs\group6\system\Database\BaseConnection.php(729): CodeIgniter\Database\MySQLi\Connection->execute('SELECT *\nFROM `...')
#2 F:\xammp\htdocs\group6\system\Database\BaseConnection.php(646): CodeIgniter\Database\BaseConnection->simpleQuery('SELECT *\nFROM `...')
#3 F:\xammp\htdocs\group6\system\Database\BaseBuilder.php(1649): CodeIgniter\Database\BaseConnection->query('SELECT *\nFROM `...', Array, false)
#4 F:\xammp\htdocs\group6\app\Controllers\Doctor\DashboardStats.php(424): CodeIgniter\Database\BaseBuilder->get()
#5 F:\xammp\htdocs\group6\system\CodeIgniter.php(933): App\Controllers\Doctor\DashboardStats->stats()
#6 F:\xammp\htdocs\group6\system\CodeIgniter.php(507): CodeIgniter\CodeIgniter->runController(Object(App\Controllers\Doctor\DashboardStats))
#7 F:\xammp\htdocs\group6\system\CodeIgniter.php(354): CodeIgniter\CodeIgniter->handleRequest(NULL, Object(Config\Cache), false)
#8 F:\xammp\htdocs\group6\system\Boot.php(363): CodeIgniter\CodeIgniter->run()
#9 F:\xammp\htdocs\group6\system\Boot.php(68): CodeIgniter\Boot::runCodeIgniter(Object(CodeIgniter\CodeIgniter))
#10 F:\xammp\htdocs\group6\public\index.php(59): CodeIgniter\Boot::bootWeb(Object(Config\Paths))
#11 {main}
ERROR - 2025-12-08 05:52:10 --> Error fetching Doctor Dashboard Stats: Unknown column 'assigned_doctor_id' in 'where clause'
ERROR - 2025-12-08 05:53:08 --> mysqli_sql_exception: Unknown column 'assigned_doctor_id' in 'where clause' in F:\xammp\htdocs\group6\system\Database\MySQLi\Connection.php:327
Stack trace:
#0 F:\xammp\htdocs\group6\system\Database\MySQLi\Connection.php(327): mysqli->query('SELECT *\nFROM `...', 0)
#1 F:\xammp\htdocs\group6\system\Database\BaseConnection.php(729): CodeIgniter\Database\MySQLi\Connection->execute('SELECT *\nFROM `...')
#2 F:\xammp\htdocs\group6\system\Database\BaseConnection.php(646): CodeIgniter\Database\BaseConnection->simpleQuery('SELECT *\nFROM `...')
#3 F:\xammp\htdocs\group6\system\Database\BaseBuilder.php(1649): CodeIgniter\Database\BaseConnection->query('SELECT *\nFROM `...', Array, false)
#4 F:\xammp\htdocs\group6\app\Controllers\Doctor\DashboardStats.php(424): CodeIgniter\Database\BaseBuilder->get()
#5 F:\xammp\htdocs\group6\system\CodeIgniter.php(933): App\Controllers\Doctor\DashboardStats->stats()
#6 F:\xammp\htdocs\group6\system\CodeIgniter.php(507): CodeIgniter\CodeIgniter->runController(Object(App\Controllers\Doctor\DashboardStats))
#7 F:\xammp\htdocs\group6\system\CodeIgniter.php(354): CodeIgniter\CodeIgniter->handleRequest(NULL, Object(Config\Cache), false)
#8 F:\xammp\htdocs\group6\system\Boot.php(363): CodeIgniter\CodeIgniter->run()
#9 F:\xammp\htdocs\group6\system\Boot.php(68): CodeIgniter\Boot::runCodeIgniter(Object(CodeIgniter\CodeIgniter))
#10 F:\xammp\htdocs\group6\public\index.php(59): CodeIgniter\Boot::bootWeb(Object(Config\Paths))
#11 {main}
ERROR - 2025-12-08 05:53:08 --> Error fetching Doctor Dashboard Stats: Unknown column 'assigned_doctor_id' in 'where clause'
ERROR - 2025-12-08 05:53:08 --> mysqli_sql_exception: Unknown column 'assigned_doctor_id' in 'where clause' in F:\xammp\htdocs\group6\system\Database\MySQLi\Connection.php:327
Stack trace:
#0 F:\xammp\htdocs\group6\system\Database\MySQLi\Connection.php(327): mysqli->query('SELECT *\nFROM `...', 0)
#1 F:\xammp\htdocs\group6\system\Database\BaseConnection.php(729): CodeIgniter\Database\MySQLi\Connection->execute('SELECT *\nFROM `...')
#2 F:\xammp\htdocs\group6\system\Database\BaseConnection.php(646): CodeIgniter\Database\BaseConnection->simpleQuery('SELECT *\nFROM `...')
#3 F:\xammp\htdocs\group6\system\Database\BaseBuilder.php(1649): CodeIgniter\Database\BaseConnection->query('SELECT *\nFROM `...', Array, false)
#4 F:\xammp\htdocs\group6\app\Controllers\Doctor\DashboardStats.php(424): CodeIgniter\Database\BaseBuilder->get()
#5 F:\xammp\htdocs\group6\system\CodeIgniter.php(933): App\Controllers\Doctor\DashboardStats->stats()
#6 F:\xammp\htdocs\group6\system\CodeIgniter.php(507): CodeIgniter\CodeIgniter->runController(Object(App\Controllers\Doctor\DashboardStats))
#7 F:\xammp\htdocs\group6\system\CodeIgniter.php(354): CodeIgniter\CodeIgniter->handleRequest(NULL, Object(Config\Cache), false)
#8 F:\xammp\htdocs\group6\system\Boot.php(363): CodeIgniter\CodeIgniter->run()
#9 F:\xammp\htdocs\group6\system\Boot.php(68): CodeIgniter\Boot::runCodeIgniter(Object(CodeIgniter\CodeIgniter))
#10 F:\xammp\htdocs\group6\public\index.php(59): CodeIgniter\Boot::bootWeb(Object(Config\Paths))
#11 {main}
ERROR - 2025-12-08 05:53:08 --> Error fetching Doctor Dashboard Stats: Unknown column 'assigned_doctor_id' in 'where clause'
ERROR - 2025-12-08 05:53:15 --> mysqli_sql_exception: Unknown column 'assigned_doctor_id' in 'where clause' in F:\xammp\htdocs\group6\system\Database\MySQLi\Connection.php:327
Stack trace:
#0 F:\xammp\htdocs\group6\system\Database\MySQLi\Connection.php(327): mysqli->query('SELECT *\nFROM `...', 0)
#1 F:\xammp\htdocs\group6\system\Database\BaseConnection.php(729): CodeIgniter\Database\MySQLi\Connection->execute('SELECT *\nFROM `...')
#2 F:\xammp\htdocs\group6\system\Database\BaseConnection.php(646): CodeIgniter\Database\BaseConnection->simpleQuery('SELECT *\nFROM `...')
#3 F:\xammp\htdocs\group6\system\Database\BaseBuilder.php(1649): CodeIgniter\Database\BaseConnection->query('SELECT *\nFROM `...', Array, false)
#4 F:\xammp\htdocs\group6\app\Controllers\Doctor\DashboardStats.php(424): CodeIgniter\Database\BaseBuilder->get()
#5 F:\xammp\htdocs\group6\system\CodeIgniter.php(933): App\Controllers\Doctor\DashboardStats->stats()
#6 F:\xammp\htdocs\group6\system\CodeIgniter.php(507): CodeIgniter\CodeIgniter->runController(Object(App\Controllers\Doctor\DashboardStats))
#7 F:\xammp\htdocs\group6\system\CodeIgniter.php(354): CodeIgniter\CodeIgniter->handleRequest(NULL, Object(Config\Cache), false)
#8 F:\xammp\htdocs\group6\system\Boot.php(363): CodeIgniter\CodeIgniter->run()
#9 F:\xammp\htdocs\group6\system\Boot.php(68): CodeIgniter\Boot::runCodeIgniter(Object(CodeIgniter\CodeIgniter))
#10 F:\xammp\htdocs\group6\public\index.php(59): CodeIgniter\Boot::bootWeb(Object(Config\Paths))
#11 {main}
ERROR - 2025-12-08 05:53:15 --> Error fetching Doctor Dashboard Stats: Unknown column 'assigned_doctor_id' in 'where clause'
ERROR - 2025-12-08 05:53:25 --> mysqli_sql_exception: Unknown column 'assigned_doctor_id' in 'where clause' in F:\xammp\htdocs\group6\system\Database\MySQLi\Connection.php:327
Stack trace:
#0 F:\xammp\htdocs\group6\system\Database\MySQLi\Connection.php(327): mysqli->query('SELECT *\nFROM `...', 0)
#1 F:\xammp\htdocs\group6\system\Database\BaseConnection.php(729): CodeIgniter\Database\MySQLi\Connection->execute('SELECT *\nFROM `...')
#2 F:\xammp\htdocs\group6\system\Database\BaseConnection.php(646): CodeIgniter\Database\BaseConnection->simpleQuery('SELECT *\nFROM `...')
#3 F:\xammp\htdocs\group6\system\Database\BaseBuilder.php(1649): CodeIgniter\Database\BaseConnection->query('SELECT *\nFROM `...', Array, false)
#4 F:\xammp\htdocs\group6\app\Controllers\Doctor\DashboardStats.php(424): CodeIgniter\Database\BaseBuilder->get()
#5 F:\xammp\htdocs\group6\system\CodeIgniter.php(933): App\Controllers\Doctor\DashboardStats->stats()
#6 F:\xammp\htdocs\group6\system\CodeIgniter.php(507): CodeIgniter\CodeIgniter->runController(Object(App\Controllers\Doctor\DashboardStats))
#7 F:\xammp\htdocs\group6\system\CodeIgniter.php(354): CodeIgniter\CodeIgniter->handleRequest(NULL, Object(Config\Cache), false)
#8 F:\xammp\htdocs\group6\system\Boot.php(363): CodeIgniter\CodeIgniter->run()
#9 F:\xammp\htdocs\group6\system\Boot.php(68): CodeIgniter\Boot::runCodeIgniter(Object(CodeIgniter\CodeIgniter))
#10 F:\xammp\htdocs\group6\public\index.php(59): CodeIgniter\Boot::bootWeb(Object(Config\Paths))
#11 {main}
ERROR - 2025-12-08 05:53:25 --> Error fetching Doctor Dashboard Stats: Unknown column 'assigned_doctor_id' in 'where clause'
ERROR - 2025-12-08 05:53:35 --> mysqli_sql_exception: Unknown column 'assigned_doctor_id' in 'where clause' in F:\xammp\htdocs\group6\system\Database\MySQLi\Connection.php:327
Stack trace:
#0 F:\xammp\htdocs\group6\system\Database\MySQLi\Connection.php(327): mysqli->query('SELECT *\nFROM `...', 0)
#1 F:\xammp\htdocs\group6\system\Database\BaseConnection.php(729): CodeIgniter\Database\MySQLi\Connection->execute('SELECT *\nFROM `...')
#2 F:\xammp\htdocs\group6\system\Database\BaseConnection.php(646): CodeIgniter\Database\BaseConnection->simpleQuery('SELECT *\nFROM `...')
#3 F:\xammp\htdocs\group6\system\Database\BaseBuilder.php(1649): CodeIgniter\Database\BaseConnection->query('SELECT *\nFROM `...', Array, false)
#4 F:\xammp\htdocs\group6\app\Controllers\Doctor\DashboardStats.php(424): CodeIgniter\Database\BaseBuilder->get()
#5 F:\xammp\htdocs\group6\system\CodeIgniter.php(933): App\Controllers\Doctor\DashboardStats->stats()
#6 F:\xammp\htdocs\group6\system\CodeIgniter.php(507): CodeIgniter\CodeIgniter->runController(Object(App\Controllers\Doctor\DashboardStats))
#7 F:\xammp\htdocs\group6\system\CodeIgniter.php(354): CodeIgniter\CodeIgniter->handleRequest(NULL, Object(Config\Cache), false)
#8 F:\xammp\htdocs\group6\system\Boot.php(363): CodeIgniter\CodeIgniter->run()
#9 F:\xammp\htdocs\group6\system\Boot.php(68): CodeIgniter\Boot::runCodeIgniter(Object(CodeIgniter\CodeIgniter))
#10 F:\xammp\htdocs\group6\public\index.php(59): CodeIgniter\Boot::bootWeb(Object(Config\Paths))
#11 {main}
ERROR - 2025-12-08 05:53:35 --> Error fetching Doctor Dashboard Stats: Unknown column 'assigned_doctor_id' in 'where clause'
ERROR - 2025-12-08 05:53:45 --> mysqli_sql_exception: Unknown column 'assigned_doctor_id' in 'where clause' in F:\xammp\htdocs\group6\system\Database\MySQLi\Connection.php:327
Stack trace:
#0 F:\xammp\htdocs\group6\system\Database\MySQLi\Connection.php(327): mysqli->query('SELECT *\nFROM `...', 0)
#1 F:\xammp\htdocs\group6\system\Database\BaseConnection.php(729): CodeIgniter\Database\MySQLi\Connection->execute('SELECT *\nFROM `...')
#2 F:\xammp\htdocs\group6\system\Database\BaseConnection.php(646): CodeIgniter\Database\BaseConnection->simpleQuery('SELECT *\nFROM `...')
#3 F:\xammp\htdocs\group6\system\Database\BaseBuilder.php(1649): CodeIgniter\Database\BaseConnection->query('SELECT *\nFROM `...', Array, false)
#4 F:\xammp\htdocs\group6\app\Controllers\Doctor\DashboardStats.php(424): CodeIgniter\Database\BaseBuilder->get()
#5 F:\xammp\htdocs\group6\system\CodeIgniter.php(933): App\Controllers\Doctor\DashboardStats->stats()
#6 F:\xammp\htdocs\group6\system\CodeIgniter.php(507): CodeIgniter\CodeIgniter->runController(Object(App\Controllers\Doctor\DashboardStats))
#7 F:\xammp\htdocs\group6\system\CodeIgniter.php(354): CodeIgniter\CodeIgniter->handleRequest(NULL, Object(Config\Cache), false)
#8 F:\xammp\htdocs\group6\system\Boot.php(363): CodeIgniter\CodeIgniter->run()
#9 F:\xammp\htdocs\group6\system\Boot.php(68): CodeIgniter\Boot::runCodeIgniter(Object(CodeIgniter\CodeIgniter))
#10 F:\xammp\htdocs\group6\public\index.php(59): CodeIgniter\Boot::bootWeb(Object(Config\Paths))
#11 {main}
ERROR - 2025-12-08 05:53:45 --> Error fetching Doctor Dashboard Stats: Unknown column 'assigned_doctor_id' in 'where clause'
ERROR - 2025-12-08 05:53:55 --> mysqli_sql_exception: Unknown column 'assigned_doctor_id' in 'where clause' in F:\xammp\htdocs\group6\system\Database\MySQLi\Connection.php:327
Stack trace:
#0 F:\xammp\htdocs\group6\system\Database\MySQLi\Connection.php(327): mysqli->query('SELECT *\nFROM `...', 0)
#1 F:\xammp\htdocs\group6\system\Database\BaseConnection.php(729): CodeIgniter\Database\MySQLi\Connection->execute('SELECT *\nFROM `...')
#2 F:\xammp\htdocs\group6\system\Database\BaseConnection.php(646): CodeIgniter\Database\BaseConnection->simpleQuery('SELECT *\nFROM `...')
#3 F:\xammp\htdocs\group6\system\Database\BaseBuilder.php(1649): CodeIgniter\Database\BaseConnection->query('SELECT *\nFROM `...', Array, false)
#4 F:\xammp\htdocs\group6\app\Controllers\Doctor\DashboardStats.php(424): CodeIgniter\Database\BaseBuilder->get()
#5 F:\xammp\htdocs\group6\system\CodeIgniter.php(933): App\Controllers\Doctor\DashboardStats->stats()
#6 F:\xammp\htdocs\group6\system\CodeIgniter.php(507): CodeIgniter\CodeIgniter->runController(Object(App\Controllers\Doctor\DashboardStats))
#7 F:\xammp\htdocs\group6\system\CodeIgniter.php(354): CodeIgniter\CodeIgniter->handleRequest(NULL, Object(Config\Cache), false)
#8 F:\xammp\htdocs\group6\system\Boot.php(363): CodeIgniter\CodeIgniter->run()
#9 F:\xammp\htdocs\group6\system\Boot.php(68): CodeIgniter\Boot::runCodeIgniter(Object(CodeIgniter\CodeIgniter))
#10 F:\xammp\htdocs\group6\public\index.php(59): CodeIgniter\Boot::bootWeb(Object(Config\Paths))
#11 {main}
ERROR - 2025-12-08 05:53:55 --> Error fetching Doctor Dashboard Stats: Unknown column 'assigned_doctor_id' in 'where clause'
ERROR - 2025-12-08 05:54:05 --> mysqli_sql_exception: Unknown column 'assigned_doctor_id' in 'where clause' in F:\xammp\htdocs\group6\system\Database\MySQLi\Connection.php:327
Stack trace:
#0 F:\xammp\htdocs\group6\system\Database\MySQLi\Connection.php(327): mysqli->query('SELECT *\nFROM `...', 0)
#1 F:\xammp\htdocs\group6\system\Database\BaseConnection.php(729): CodeIgniter\Database\MySQLi\Connection->execute('SELECT *\nFROM `...')
#2 F:\xammp\htdocs\group6\system\Database\BaseConnection.php(646): CodeIgniter\Database\BaseConnection->simpleQuery('SELECT *\nFROM `...')
#3 F:\xammp\htdocs\group6\system\Database\BaseBuilder.php(1649): CodeIgniter\Database\BaseConnection->query('SELECT *\nFROM `...', Array, false)
#4 F:\xammp\htdocs\group6\app\Controllers\Doctor\DashboardStats.php(424): CodeIgniter\Database\BaseBuilder->get()
#5 F:\xammp\htdocs\group6\system\CodeIgniter.php(933): App\Controllers\Doctor\DashboardStats->stats()
#6 F:\xammp\htdocs\group6\system\CodeIgniter.php(507): CodeIgniter\CodeIgniter->runController(Object(App\Controllers\Doctor\DashboardStats))
#7 F:\xammp\htdocs\group6\system\CodeIgniter.php(354): CodeIgniter\CodeIgniter->handleRequest(NULL, Object(Config\Cache), false)
#8 F:\xammp\htdocs\group6\system\Boot.php(363): CodeIgniter\CodeIgniter->run()
#9 F:\xammp\htdocs\group6\system\Boot.php(68): CodeIgniter\Boot::runCodeIgniter(Object(CodeIgniter\CodeIgniter))
#10 F:\xammp\htdocs\group6\public\index.php(59): CodeIgniter\Boot::bootWeb(Object(Config\Paths))
#11 {main}
ERROR - 2025-12-08 05:54:05 --> Error fetching Doctor Dashboard Stats: Unknown column 'assigned_doctor_id' in 'where clause'
ERROR - 2025-12-08 05:54:16 --> mysqli_sql_exception: Unknown column 'assigned_doctor_id' in 'where clause' in F:\xammp\htdocs\group6\system\Database\MySQLi\Connection.php:327
Stack trace:
#0 F:\xammp\htdocs\group6\system\Database\MySQLi\Connection.php(327): mysqli->query('SELECT *\nFROM `...', 0)
#1 F:\xammp\htdocs\group6\system\Database\BaseConnection.php(729): CodeIgniter\Database\MySQLi\Connection->execute('SELECT *\nFROM `...')
#2 F:\xammp\htdocs\group6\system\Database\BaseConnection.php(646): CodeIgniter\Database\BaseConnection->simpleQuery('SELECT *\nFROM `...')
#3 F:\xammp\htdocs\group6\system\Database\BaseBuilder.php(1649): CodeIgniter\Database\BaseConnection->query('SELECT *\nFROM `...', Array, false)
#4 F:\xammp\htdocs\group6\app\Controllers\Doctor\DashboardStats.php(424): CodeIgniter\Database\BaseBuilder->get()
#5 F:\xammp\htdocs\group6\system\CodeIgniter.php(933): App\Controllers\Doctor\DashboardStats->stats()
#6 F:\xammp\htdocs\group6\system\CodeIgniter.php(507): CodeIgniter\CodeIgniter->runController(Object(App\Controllers\Doctor\DashboardStats))
#7 F:\xammp\htdocs\group6\system\CodeIgniter.php(354): CodeIgniter\CodeIgniter->handleRequest(NULL, Object(Config\Cache), false)
#8 F:\xammp\htdocs\group6\system\Boot.php(363): CodeIgniter\CodeIgniter->run()
#9 F:\xammp\htdocs\group6\system\Boot.php(68): CodeIgniter\Boot::runCodeIgniter(Object(CodeIgniter\CodeIgniter))
#10 F:\xammp\htdocs\group6\public\index.php(59): CodeIgniter\Boot::bootWeb(Object(Config\Paths))
#11 {main}
ERROR - 2025-12-08 05:54:16 --> Error fetching Doctor Dashboard Stats: Unknown column 'assigned_doctor_id' in 'where clause'
ERROR - 2025-12-08 05:54:16 --> mysqli_sql_exception: Unknown column 'assigned_doctor_id' in 'where clause' in F:\xammp\htdocs\group6\system\Database\MySQLi\Connection.php:327
Stack trace:
#0 F:\xammp\htdocs\group6\system\Database\MySQLi\Connection.php(327): mysqli->query('SELECT *\nFROM `...', 0)
#1 F:\xammp\htdocs\group6\system\Database\BaseConnection.php(729): CodeIgniter\Database\MySQLi\Connection->execute('SELECT *\nFROM `...')
#2 F:\xammp\htdocs\group6\system\Database\BaseConnection.php(646): CodeIgniter\Database\BaseConnection->simpleQuery('SELECT *\nFROM `...')
#3 F:\xammp\htdocs\group6\system\Database\BaseBuilder.php(1649): CodeIgniter\Database\BaseConnection->query('SELECT *\nFROM `...', Array, false)
#4 F:\xammp\htdocs\group6\app\Controllers\Doctor\DashboardStats.php(424): CodeIgniter\Database\BaseBuilder->get()
#5 F:\xammp\htdocs\group6\system\CodeIgniter.php(933): App\Controllers\Doctor\DashboardStats->stats()
#6 F:\xammp\htdocs\group6\system\CodeIgniter.php(507): CodeIgniter\CodeIgniter->runController(Object(App\Controllers\Doctor\DashboardStats))
#7 F:\xammp\htdocs\group6\system\CodeIgniter.php(354): CodeIgniter\CodeIgniter->handleRequest(NULL, Object(Config\Cache), false)
#8 F:\xammp\htdocs\group6\system\Boot.php(363): CodeIgniter\CodeIgniter->run()
#9 F:\xammp\htdocs\group6\system\Boot.php(68): CodeIgniter\Boot::runCodeIgniter(Object(CodeIgniter\CodeIgniter))
#10 F:\xammp\htdocs\group6\public\index.php(59): CodeIgniter\Boot::bootWeb(Object(Config\Paths))
#11 {main}
ERROR - 2025-12-08 05:54:16 --> Error fetching Doctor Dashboard Stats: Unknown column 'assigned_doctor_id' in 'where clause'
ERROR - 2025-12-08 05:54:25 --> mysqli_sql_exception: Unknown column 'assigned_doctor_id' in 'where clause' in F:\xammp\htdocs\group6\system\Database\MySQLi\Connection.php:327
Stack trace:
#0 F:\xammp\htdocs\group6\system\Database\MySQLi\Connection.php(327): mysqli->query('SELECT *\nFROM `...', 0)
#1 F:\xammp\htdocs\group6\system\Database\BaseConnection.php(729): CodeIgniter\Database\MySQLi\Connection->execute('SELECT *\nFROM `...')
#2 F:\xammp\htdocs\group6\system\Database\BaseConnection.php(646): CodeIgniter\Database\BaseConnection->simpleQuery('SELECT *\nFROM `...')
#3 F:\xammp\htdocs\group6\system\Database\BaseBuilder.php(1649): CodeIgniter\Database\BaseConnection->query('SELECT *\nFROM `...', Array, false)
#4 F:\xammp\htdocs\group6\app\Controllers\Doctor\DashboardStats.php(424): CodeIgniter\Database\BaseBuilder->get()
#5 F:\xammp\htdocs\group6\system\CodeIgniter.php(933): App\Controllers\Doctor\DashboardStats->stats()
#6 F:\xammp\htdocs\group6\system\CodeIgniter.php(507): CodeIgniter\CodeIgniter->runController(Object(App\Controllers\Doctor\DashboardStats))
#7 F:\xammp\htdocs\group6\system\CodeIgniter.php(354): CodeIgniter\CodeIgniter->handleRequest(NULL, Object(Config\Cache), false)
#8 F:\xammp\htdocs\group6\system\Boot.php(363): CodeIgniter\CodeIgniter->run()
#9 F:\xammp\htdocs\group6\system\Boot.php(68): CodeIgniter\Boot::runCodeIgniter(Object(CodeIgniter\CodeIgniter))
#10 F:\xammp\htdocs\group6\public\index.php(59): CodeIgniter\Boot::bootWeb(Object(Config\Paths))
#11 {main}
ERROR - 2025-12-08 05:54:25 --> Error fetching Doctor Dashboard Stats: Unknown column 'assigned_doctor_id' in 'where clause'
ERROR - 2025-12-08 05:54:35 --> mysqli_sql_exception: Unknown column 'assigned_doctor_id' in 'where clause' in F:\xammp\htdocs\group6\system\Database\MySQLi\Connection.php:327
Stack trace:
#0 F:\xammp\htdocs\group6\system\Database\MySQLi\Connection.php(327): mysqli->query('SELECT *\nFROM `...', 0)
#1 F:\xammp\htdocs\group6\system\Database\BaseConnection.php(729): CodeIgniter\Database\MySQLi\Connection->execute('SELECT *\nFROM `...')
#2 F:\xammp\htdocs\group6\system\Database\BaseConnection.php(646): CodeIgniter\Database\BaseConnection->simpleQuery('SELECT *\nFROM `...')
#3 F:\xammp\htdocs\group6\system\Database\BaseBuilder.php(1649): CodeIgniter\Database\BaseConnection->query('SELECT *\nFROM `...', Array, false)
#4 F:\xammp\htdocs\group6\app\Controllers\Doctor\DashboardStats.php(424): CodeIgniter\Database\BaseBuilder->get()
#5 F:\xammp\htdocs\group6\system\CodeIgniter.php(933): App\Controllers\Doctor\DashboardStats->stats()
#6 F:\xammp\htdocs\group6\system\CodeIgniter.php(507): CodeIgniter\CodeIgniter->runController(Object(App\Controllers\Doctor\DashboardStats))
#7 F:\xammp\htdocs\group6\system\CodeIgniter.php(354): CodeIgniter\CodeIgniter->handleRequest(NULL, Object(Config\Cache), false)
#8 F:\xammp\htdocs\group6\system\Boot.php(363): CodeIgniter\CodeIgniter->run()
#9 F:\xammp\htdocs\group6\system\Boot.php(68): CodeIgniter\Boot::runCodeIgniter(Object(CodeIgniter\CodeIgniter))
#10 F:\xammp\htdocs\group6\public\index.php(59): CodeIgniter\Boot::bootWeb(Object(Config\Paths))
#11 {main}
ERROR - 2025-12-08 05:54:35 --> Error fetching Doctor Dashboard Stats: Unknown column 'assigned_doctor_id' in 'where clause'
ERROR - 2025-12-08 05:54:45 --> mysqli_sql_exception: Unknown column 'assigned_doctor_id' in 'where clause' in F:\xammp\htdocs\group6\system\Database\MySQLi\Connection.php:327
Stack trace:
#0 F:\xammp\htdocs\group6\system\Database\MySQLi\Connection.php(327): mysqli->query('SELECT *\nFROM `...', 0)
#1 F:\xammp\htdocs\group6\system\Database\BaseConnection.php(729): CodeIgniter\Database\MySQLi\Connection->execute('SELECT *\nFROM `...')
#2 F:\xammp\htdocs\group6\system\Database\BaseConnection.php(646): CodeIgniter\Database\BaseConnection->simpleQuery('SELECT *\nFROM `...')
#3 F:\xammp\htdocs\group6\system\Database\BaseBuilder.php(1649): CodeIgniter\Database\BaseConnection->query('SELECT *\nFROM `...', Array, false)
#4 F:\xammp\htdocs\group6\app\Controllers\Doctor\DashboardStats.php(424): CodeIgniter\Database\BaseBuilder->get()
#5 F:\xammp\htdocs\group6\system\CodeIgniter.php(933): App\Controllers\Doctor\DashboardStats->stats()
#6 F:\xammp\htdocs\group6\system\CodeIgniter.php(507): CodeIgniter\CodeIgniter->runController(Object(App\Controllers\Doctor\DashboardStats))
#7 F:\xammp\htdocs\group6\system\CodeIgniter.php(354): CodeIgniter\CodeIgniter->handleRequest(NULL, Object(Config\Cache), false)
#8 F:\xammp\htdocs\group6\system\Boot.php(363): CodeIgniter\CodeIgniter->run()
#9 F:\xammp\htdocs\group6\system\Boot.php(68): CodeIgniter\Boot::runCodeIgniter(Object(CodeIgniter\CodeIgniter))
#10 F:\xammp\htdocs\group6\public\index.php(59): CodeIgniter\Boot::bootWeb(Object(Config\Paths))
#11 {main}
ERROR - 2025-12-08 05:54:45 --> Error fetching Doctor Dashboard Stats: Unknown column 'assigned_doctor_id' in 'where clause'
ERROR - 2025-12-08 05:54:55 --> mysqli_sql_exception: Unknown column 'assigned_doctor_id' in 'where clause' in F:\xammp\htdocs\group6\system\Database\MySQLi\Connection.php:327
Stack trace:
#0 F:\xammp\htdocs\group6\system\Database\MySQLi\Connection.php(327): mysqli->query('SELECT *\nFROM `...', 0)
#1 F:\xammp\htdocs\group6\system\Database\BaseConnection.php(729): CodeIgniter\Database\MySQLi\Connection->execute('SELECT *\nFROM `...')
#2 F:\xammp\htdocs\group6\system\Database\BaseConnection.php(646): CodeIgniter\Database\BaseConnection->simpleQuery('SELECT *\nFROM `...')
#3 F:\xammp\htdocs\group6\system\Database\BaseBuilder.php(1649): CodeIgniter\Database\BaseConnection->query('SELECT *\nFROM `...', Array, false)
#4 F:\xammp\htdocs\group6\app\Controllers\Doctor\DashboardStats.php(424): CodeIgniter\Database\BaseBuilder->get()
#5 F:\xammp\htdocs\group6\system\CodeIgniter.php(933): App\Controllers\Doctor\DashboardStats->stats()
#6 F:\xammp\htdocs\group6\system\CodeIgniter.php(507): CodeIgniter\CodeIgniter->runController(Object(App\Controllers\Doctor\DashboardStats))
#7 F:\xammp\htdocs\group6\system\CodeIgniter.php(354): CodeIgniter\CodeIgniter->handleRequest(NULL, Object(Config\Cache), false)
#8 F:\xammp\htdocs\group6\system\Boot.php(363): CodeIgniter\CodeIgniter->run()
#9 F:\xammp\htdocs\group6\system\Boot.php(68): CodeIgniter\Boot::runCodeIgniter(Object(CodeIgniter\CodeIgniter))
#10 F:\xammp\htdocs\group6\public\index.php(59): CodeIgniter\Boot::bootWeb(Object(Config\Paths))
#11 {main}
ERROR - 2025-12-08 05:54:55 --> Error fetching Doctor Dashboard Stats: Unknown column 'assigned_doctor_id' in 'where clause'
ERROR - 2025-12-08 05:55:05 --> mysqli_sql_exception: Unknown column 'assigned_doctor_id' in 'where clause' in F:\xammp\htdocs\group6\system\Database\MySQLi\Connection.php:327
Stack trace:
#0 F:\xammp\htdocs\group6\system\Database\MySQLi\Connection.php(327): mysqli->query('SELECT *\nFROM `...', 0)
#1 F:\xammp\htdocs\group6\system\Database\BaseConnection.php(729): CodeIgniter\Database\MySQLi\Connection->execute('SELECT *\nFROM `...')
#2 F:\xammp\htdocs\group6\system\Database\BaseConnection.php(646): CodeIgniter\Database\BaseConnection->simpleQuery('SELECT *\nFROM `...')
#3 F:\xammp\htdocs\group6\system\Database\BaseBuilder.php(1649): CodeIgniter\Database\BaseConnection->query('SELECT *\nFROM `...', Array, false)
#4 F:\xammp\htdocs\group6\app\Controllers\Doctor\DashboardStats.php(424): CodeIgniter\Database\BaseBuilder->get()
#5 F:\xammp\htdocs\group6\system\CodeIgniter.php(933): App\Controllers\Doctor\DashboardStats->stats()
#6 F:\xammp\htdocs\group6\system\CodeIgniter.php(507): CodeIgniter\CodeIgniter->runController(Object(App\Controllers\Doctor\DashboardStats))
#7 F:\xammp\htdocs\group6\system\CodeIgniter.php(354): CodeIgniter\CodeIgniter->handleRequest(NULL, Object(Config\Cache), false)
#8 F:\xammp\htdocs\group6\system\Boot.php(363): CodeIgniter\CodeIgniter->run()
#9 F:\xammp\htdocs\group6\system\Boot.php(68): CodeIgniter\Boot::runCodeIgniter(Object(CodeIgniter\CodeIgniter))
#10 F:\xammp\htdocs\group6\public\index.php(59): CodeIgniter\Boot::bootWeb(Object(Config\Paths))
#11 {main}
ERROR - 2025-12-08 05:55:05 --> Error fetching Doctor Dashboard Stats: Unknown column 'assigned_doctor_id' in 'where clause'
ERROR - 2025-12-08 05:55:15 --> mysqli_sql_exception: Unknown column 'assigned_doctor_id' in 'where clause' in F:\xammp\htdocs\group6\system\Database\MySQLi\Connection.php:327
Stack trace:
#0 F:\xammp\htdocs\group6\system\Database\MySQLi\Connection.php(327): mysqli->query('SELECT *\nFROM `...', 0)
#1 F:\xammp\htdocs\group6\system\Database\BaseConnection.php(729): CodeIgniter\Database\MySQLi\Connection->execute('SELECT *\nFROM `...')
#2 F:\xammp\htdocs\group6\system\Database\BaseConnection.php(646): CodeIgniter\Database\BaseConnection->simpleQuery('SELECT *\nFROM `...')
#3 F:\xammp\htdocs\group6\system\Database\BaseBuilder.php(1649): CodeIgniter\Database\BaseConnection->query('SELECT *\nFROM `...', Array, false)
#4 F:\xammp\htdocs\group6\app\Controllers\Doctor\DashboardStats.php(424): CodeIgniter\Database\BaseBuilder->get()
#5 F:\xammp\htdocs\group6\system\CodeIgniter.php(933): App\Controllers\Doctor\DashboardStats->stats()
#6 F:\xammp\htdocs\group6\system\CodeIgniter.php(507): CodeIgniter\CodeIgniter->runController(Object(App\Controllers\Doctor\DashboardStats))
#7 F:\xammp\htdocs\group6\system\CodeIgniter.php(354): CodeIgniter\CodeIgniter->handleRequest(NULL, Object(Config\Cache), false)
#8 F:\xammp\htdocs\group6\system\Boot.php(363): CodeIgniter\CodeIgniter->run()
#9 F:\xammp\htdocs\group6\system\Boot.php(68): CodeIgniter\Boot::runCodeIgniter(Object(CodeIgniter\CodeIgniter))
#10 F:\xammp\htdocs\group6\public\index.php(59): CodeIgniter\Boot::bootWeb(Object(Config\Paths))
#11 {main}
ERROR - 2025-12-08 05:55:15 --> Error fetching Doctor Dashboard Stats: Unknown column 'assigned_doctor_id' in 'where clause'
ERROR - 2025-12-08 05:56:10 --> mysqli_sql_exception: Unknown column 'assigned_doctor_id' in 'where clause' in F:\xammp\htdocs\group6\system\Database\MySQLi\Connection.php:327
Stack trace:
#0 F:\xammp\htdocs\group6\system\Database\MySQLi\Connection.php(327): mysqli->query('SELECT *\nFROM `...', 0)
#1 F:\xammp\htdocs\group6\system\Database\BaseConnection.php(729): CodeIgniter\Database\MySQLi\Connection->execute('SELECT *\nFROM `...')
#2 F:\xammp\htdocs\group6\system\Database\BaseConnection.php(646): CodeIgniter\Database\BaseConnection->simpleQuery('SELECT *\nFROM `...')
#3 F:\xammp\htdocs\group6\system\Database\BaseBuilder.php(1649): CodeIgniter\Database\BaseConnection->query('SELECT *\nFROM `...', Array, false)
#4 F:\xammp\htdocs\group6\app\Controllers\Doctor\DashboardStats.php(424): CodeIgniter\Database\BaseBuilder->get()
#5 F:\xammp\htdocs\group6\system\CodeIgniter.php(933): App\Controllers\Doctor\DashboardStats->stats()
#6 F:\xammp\htdocs\group6\system\CodeIgniter.php(507): CodeIgniter\CodeIgniter->runController(Object(App\Controllers\Doctor\DashboardStats))
#7 F:\xammp\htdocs\group6\system\CodeIgniter.php(354): CodeIgniter\CodeIgniter->handleRequest(NULL, Object(Config\Cache), false)
#8 F:\xammp\htdocs\group6\system\Boot.php(363): CodeIgniter\CodeIgniter->run()
#9 F:\xammp\htdocs\group6\system\Boot.php(68): CodeIgniter\Boot::runCodeIgniter(Object(CodeIgniter\CodeIgniter))
#10 F:\xammp\htdocs\group6\public\index.php(59): CodeIgniter\Boot::bootWeb(Object(Config\Paths))
#11 {main}
ERROR - 2025-12-08 05:56:10 --> Error fetching Doctor Dashboard Stats: Unknown column 'assigned_doctor_id' in 'where clause'
ERROR - 2025-12-08 05:57:10 --> mysqli_sql_exception: Unknown column 'assigned_doctor_id' in 'where clause' in F:\xammp\htdocs\group6\system\Database\MySQLi\Connection.php:327
Stack trace:
#0 F:\xammp\htdocs\group6\system\Database\MySQLi\Connection.php(327): mysqli->query('SELECT *\nFROM `...', 0)
#1 F:\xammp\htdocs\group6\system\Database\BaseConnection.php(729): CodeIgniter\Database\MySQLi\Connection->execute('SELECT *\nFROM `...')
#2 F:\xammp\htdocs\group6\system\Database\BaseConnection.php(646): CodeIgniter\Database\BaseConnection->simpleQuery('SELECT *\nFROM `...')
#3 F:\xammp\htdocs\group6\system\Database\BaseBuilder.php(1649): CodeIgniter\Database\BaseConnection->query('SELECT *\nFROM `...', Array, false)
#4 F:\xammp\htdocs\group6\app\Controllers\Doctor\DashboardStats.php(424): CodeIgniter\Database\BaseBuilder->get()
#5 F:\xammp\htdocs\group6\system\CodeIgniter.php(933): App\Controllers\Doctor\DashboardStats->stats()
#6 F:\xammp\htdocs\group6\system\CodeIgniter.php(507): CodeIgniter\CodeIgniter->runController(Object(App\Controllers\Doctor\DashboardStats))
#7 F:\xammp\htdocs\group6\system\CodeIgniter.php(354): CodeIgniter\CodeIgniter->handleRequest(NULL, Object(Config\Cache), false)
#8 F:\xammp\htdocs\group6\system\Boot.php(363): CodeIgniter\CodeIgniter->run()
#9 F:\xammp\htdocs\group6\system\Boot.php(68): CodeIgniter\Boot::runCodeIgniter(Object(CodeIgniter\CodeIgniter))
#10 F:\xammp\htdocs\group6\public\index.php(59): CodeIgniter\Boot::bootWeb(Object(Config\Paths))
#11 {main}
ERROR - 2025-12-08 05:57:10 --> Error fetching Doctor Dashboard Stats: Unknown column 'assigned_doctor_id' in 'where clause'
ERROR - 2025-12-08 05:58:05 --> mysqli_sql_exception: Unknown column 'assigned_doctor_id' in 'where clause' in F:\xammp\htdocs\group6\system\Database\MySQLi\Connection.php:327
Stack trace:
#0 F:\xammp\htdocs\group6\system\Database\MySQLi\Connection.php(327): mysqli->query('SELECT *\nFROM `...', 0)
#1 F:\xammp\htdocs\group6\system\Database\BaseConnection.php(729): CodeIgniter\Database\MySQLi\Connection->execute('SELECT *\nFROM `...')
#2 F:\xammp\htdocs\group6\system\Database\BaseConnection.php(646): CodeIgniter\Database\BaseConnection->simpleQuery('SELECT *\nFROM `...')
#3 F:\xammp\htdocs\group6\system\Database\BaseBuilder.php(1649): CodeIgniter\Database\BaseConnection->query('SELECT *\nFROM `...', Array, false)
#4 F:\xammp\htdocs\group6\app\Controllers\Doctor\DashboardStats.php(424): CodeIgniter\Database\BaseBuilder->get()
#5 F:\xammp\htdocs\group6\system\CodeIgniter.php(933): App\Controllers\Doctor\DashboardStats->stats()
#6 F:\xammp\htdocs\group6\system\CodeIgniter.php(507): CodeIgniter\CodeIgniter->runController(Object(App\Controllers\Doctor\DashboardStats))
#7 F:\xammp\htdocs\group6\system\CodeIgniter.php(354): CodeIgniter\CodeIgniter->handleRequest(NULL, Object(Config\Cache), false)
#8 F:\xammp\htdocs\group6\system\Boot.php(363): CodeIgniter\CodeIgniter->run()
#9 F:\xammp\htdocs\group6\system\Boot.php(68): CodeIgniter\Boot::runCodeIgniter(Object(CodeIgniter\CodeIgniter))
#10 F:\xammp\htdocs\group6\public\index.php(59): CodeIgniter\Boot::bootWeb(Object(Config\Paths))
#11 {main}
ERROR - 2025-12-08 05:58:05 --> Error fetching Doctor Dashboard Stats: Unknown column 'assigned_doctor_id' in 'where clause'
ERROR - 2025-12-08 05:58:05 --> mysqli_sql_exception: Unknown column 'assigned_doctor_id' in 'where clause' in F:\xammp\htdocs\group6\system\Database\MySQLi\Connection.php:327
Stack trace:
#0 F:\xammp\htdocs\group6\system\Database\MySQLi\Connection.php(327): mysqli->query('SELECT *\nFROM `...', 0)
#1 F:\xammp\htdocs\group6\system\Database\BaseConnection.php(729): CodeIgniter\Database\MySQLi\Connection->execute('SELECT *\nFROM `...')
#2 F:\xammp\htdocs\group6\system\Database\BaseConnection.php(646): CodeIgniter\Database\BaseConnection->simpleQuery('SELECT *\nFROM `...')
#3 F:\xammp\htdocs\group6\system\Database\BaseBuilder.php(1649): CodeIgniter\Database\BaseConnection->query('SELECT *\nFROM `...', Array, false)
#4 F:\xammp\htdocs\group6\app\Controllers\Doctor\DashboardStats.php(424): CodeIgniter\Database\BaseBuilder->get()
#5 F:\xammp\htdocs\group6\system\CodeIgniter.php(933): App\Controllers\Doctor\DashboardStats->stats()
#6 F:\xammp\htdocs\group6\system\CodeIgniter.php(507): CodeIgniter\CodeIgniter->runController(Object(App\Controllers\Doctor\DashboardStats))
#7 F:\xammp\htdocs\group6\system\CodeIgniter.php(354): CodeIgniter\CodeIgniter->handleRequest(NULL, Object(Config\Cache), false)
#8 F:\xammp\htdocs\group6\system\Boot.php(363): CodeIgniter\CodeIgniter->run()
#9 F:\xammp\htdocs\group6\system\Boot.php(68): CodeIgniter\Boot::runCodeIgniter(Object(CodeIgniter\CodeIgniter))
#10 F:\xammp\htdocs\group6\public\index.php(59): CodeIgniter\Boot::bootWeb(Object(Config\Paths))
#11 {main}
ERROR - 2025-12-08 05:58:05 --> Error fetching Doctor Dashboard Stats: Unknown column 'assigned_doctor_id' in 'where clause'
ERROR - 2025-12-08 05:58:15 --> mysqli_sql_exception: Unknown column 'assigned_doctor_id' in 'where clause' in F:\xammp\htdocs\group6\system\Database\MySQLi\Connection.php:327
Stack trace:
#0 F:\xammp\htdocs\group6\system\Database\MySQLi\Connection.php(327): mysqli->query('SELECT *\nFROM `...', 0)
#1 F:\xammp\htdocs\group6\system\Database\BaseConnection.php(729): CodeIgniter\Database\MySQLi\Connection->execute('SELECT *\nFROM `...')
#2 F:\xammp\htdocs\group6\system\Database\BaseConnection.php(646): CodeIgniter\Database\BaseConnection->simpleQuery('SELECT *\nFROM `...')
#3 F:\xammp\htdocs\group6\system\Database\BaseBuilder.php(1649): CodeIgniter\Database\BaseConnection->query('SELECT *\nFROM `...', Array, false)
#4 F:\xammp\htdocs\group6\app\Controllers\Doctor\DashboardStats.php(424): CodeIgniter\Database\BaseBuilder->get()
#5 F:\xammp\htdocs\group6\system\CodeIgniter.php(933): App\Controllers\Doctor\DashboardStats->stats()
#6 F:\xammp\htdocs\group6\system\CodeIgniter.php(507): CodeIgniter\CodeIgniter->runController(Object(App\Controllers\Doctor\DashboardStats))
#7 F:\xammp\htdocs\group6\system\CodeIgniter.php(354): CodeIgniter\CodeIgniter->handleRequest(NULL, Object(Config\Cache), false)
#8 F:\xammp\htdocs\group6\system\Boot.php(363): CodeIgniter\CodeIgniter->run()
#9 F:\xammp\htdocs\group6\system\Boot.php(68): CodeIgniter\Boot::runCodeIgniter(Object(CodeIgniter\CodeIgniter))
#10 F:\xammp\htdocs\group6\public\index.php(59): CodeIgniter\Boot::bootWeb(Object(Config\Paths))
#11 {main}
ERROR - 2025-12-08 05:58:15 --> Error fetching Doctor Dashboard Stats: Unknown column 'assigned_doctor_id' in 'where clause'
ERROR - 2025-12-08 05:58:25 --> mysqli_sql_exception: Unknown column 'assigned_doctor_id' in 'where clause' in F:\xammp\htdocs\group6\system\Database\MySQLi\Connection.php:327
Stack trace:
#0 F:\xammp\htdocs\group6\system\Database\MySQLi\Connection.php(327): mysqli->query('SELECT *\nFROM `...', 0)
#1 F:\xammp\htdocs\group6\system\Database\BaseConnection.php(729): CodeIgniter\Database\MySQLi\Connection->execute('SELECT *\nFROM `...')
#2 F:\xammp\htdocs\group6\system\Database\BaseConnection.php(646): CodeIgniter\Database\BaseConnection->simpleQuery('SELECT *\nFROM `...')
#3 F:\xammp\htdocs\group6\system\Database\BaseBuilder.php(1649): CodeIgniter\Database\BaseConnection->query('SELECT *\nFROM `...', Array, false)
#4 F:\xammp\htdocs\group6\app\Controllers\Doctor\DashboardStats.php(424): CodeIgniter\Database\BaseBuilder->get()
#5 F:\xammp\htdocs\group6\system\CodeIgniter.php(933): App\Controllers\Doctor\DashboardStats->stats()
#6 F:\xammp\htdocs\group6\system\CodeIgniter.php(507): CodeIgniter\CodeIgniter->runController(Object(App\Controllers\Doctor\DashboardStats))
#7 F:\xammp\htdocs\group6\system\CodeIgniter.php(354): CodeIgniter\CodeIgniter->handleRequest(NULL, Object(Config\Cache), false)
#8 F:\xammp\htdocs\group6\system\Boot.php(363): CodeIgniter\CodeIgniter->run()
#9 F:\xammp\htdocs\group6\system\Boot.php(68): CodeIgniter\Boot::runCodeIgniter(Object(CodeIgniter\CodeIgniter))
#10 F:\xammp\htdocs\group6\public\index.php(59): CodeIgniter\Boot::bootWeb(Object(Config\Paths))
#11 {main}
ERROR - 2025-12-08 05:58:25 --> Error fetching Doctor Dashboard Stats: Unknown column 'assigned_doctor_id' in 'where clause'
ERROR - 2025-12-08 05:58:35 --> mysqli_sql_exception: Unknown column 'assigned_doctor_id' in 'where clause' in F:\xammp\htdocs\group6\system\Database\MySQLi\Connection.php:327
Stack trace:
#0 F:\xammp\htdocs\group6\system\Database\MySQLi\Connection.php(327): mysqli->query('SELECT *\nFROM `...', 0)
#1 F:\xammp\htdocs\group6\system\Database\BaseConnection.php(729): CodeIgniter\Database\MySQLi\Connection->execute('SELECT *\nFROM `...')
#2 F:\xammp\htdocs\group6\system\Database\BaseConnection.php(646): CodeIgniter\Database\BaseConnection->simpleQuery('SELECT *\nFROM `...')
#3 F:\xammp\htdocs\group6\system\Database\BaseBuilder.php(1649): CodeIgniter\Database\BaseConnection->query('SELECT *\nFROM `...', Array, false)
#4 F:\xammp\htdocs\group6\app\Controllers\Doctor\DashboardStats.php(424): CodeIgniter\Database\BaseBuilder->get()
#5 F:\xammp\htdocs\group6\system\CodeIgniter.php(933): App\Controllers\Doctor\DashboardStats->stats()
#6 F:\xammp\htdocs\group6\system\CodeIgniter.php(507): CodeIgniter\CodeIgniter->runController(Object(App\Controllers\Doctor\DashboardStats))
#7 F:\xammp\htdocs\group6\system\CodeIgniter.php(354): CodeIgniter\CodeIgniter->handleRequest(NULL, Object(Config\Cache), false)
#8 F:\xammp\htdocs\group6\system\Boot.php(363): CodeIgniter\CodeIgniter->run()
#9 F:\xammp\htdocs\group6\system\Boot.php(68): CodeIgniter\Boot::runCodeIgniter(Object(CodeIgniter\CodeIgniter))
#10 F:\xammp\htdocs\group6\public\index.php(59): CodeIgniter\Boot::bootWeb(Object(Config\Paths))
#11 {main}
ERROR - 2025-12-08 05:58:35 --> Error fetching Doctor Dashboard Stats: Unknown column 'assigned_doctor_id' in 'where clause'
ERROR - 2025-12-08 05:58:45 --> mysqli_sql_exception: Unknown column 'assigned_doctor_id' in 'where clause' in F:\xammp\htdocs\group6\system\Database\MySQLi\Connection.php:327
Stack trace:
#0 F:\xammp\htdocs\group6\system\Database\MySQLi\Connection.php(327): mysqli->query('SELECT *\nFROM `...', 0)
#1 F:\xammp\htdocs\group6\system\Database\BaseConnection.php(729): CodeIgniter\Database\MySQLi\Connection->execute('SELECT *\nFROM `...')
#2 F:\xammp\htdocs\group6\system\Database\BaseConnection.php(646): CodeIgniter\Database\BaseConnection->simpleQuery('SELECT *\nFROM `...')
#3 F:\xammp\htdocs\group6\system\Database\BaseBuilder.php(1649): CodeIgniter\Database\BaseConnection->query('SELECT *\nFROM `...', Array, false)
#4 F:\xammp\htdocs\group6\app\Controllers\Doctor\DashboardStats.php(424): CodeIgniter\Database\BaseBuilder->get()
#5 F:\xammp\htdocs\group6\system\CodeIgniter.php(933): App\Controllers\Doctor\DashboardStats->stats()
#6 F:\xammp\htdocs\group6\system\CodeIgniter.php(507): CodeIgniter\CodeIgniter->runController(Object(App\Controllers\Doctor\DashboardStats))
#7 F:\xammp\htdocs\group6\system\CodeIgniter.php(354): CodeIgniter\CodeIgniter->handleRequest(NULL, Object(Config\Cache), false)
#8 F:\xammp\htdocs\group6\system\Boot.php(363): CodeIgniter\CodeIgniter->run()
#9 F:\xammp\htdocs\group6\system\Boot.php(68): CodeIgniter\Boot::runCodeIgniter(Object(CodeIgniter\CodeIgniter))
#10 F:\xammp\htdocs\group6\public\index.php(59): CodeIgniter\Boot::bootWeb(Object(Config\Paths))
#11 {main}
ERROR - 2025-12-08 05:58:45 --> Error fetching Doctor Dashboard Stats: Unknown column 'assigned_doctor_id' in 'where clause'
ERROR - 2025-12-08 05:58:55 --> mysqli_sql_exception: Unknown column 'assigned_doctor_id' in 'where clause' in F:\xammp\htdocs\group6\system\Database\MySQLi\Connection.php:327
Stack trace:
#0 F:\xammp\htdocs\group6\system\Database\MySQLi\Connection.php(327): mysqli->query('SELECT *\nFROM `...', 0)
#1 F:\xammp\htdocs\group6\system\Database\BaseConnection.php(729): CodeIgniter\Database\MySQLi\Connection->execute('SELECT *\nFROM `...')
#2 F:\xammp\htdocs\group6\system\Database\BaseConnection.php(646): CodeIgniter\Database\BaseConnection->simpleQuery('SELECT *\nFROM `...')
#3 F:\xammp\htdocs\group6\system\Database\BaseBuilder.php(1649): CodeIgniter\Database\BaseConnection->query('SELECT *\nFROM `...', Array, false)
#4 F:\xammp\htdocs\group6\app\Controllers\Doctor\DashboardStats.php(424): CodeIgniter\Database\BaseBuilder->get()
#5 F:\xammp\htdocs\group6\system\CodeIgniter.php(933): App\Controllers\Doctor\DashboardStats->stats()
#6 F:\xammp\htdocs\group6\system\CodeIgniter.php(507): CodeIgniter\CodeIgniter->runController(Object(App\Controllers\Doctor\DashboardStats))
#7 F:\xammp\htdocs\group6\system\CodeIgniter.php(354): CodeIgniter\CodeIgniter->handleRequest(NULL, Object(Config\Cache), false)
#8 F:\xammp\htdocs\group6\system\Boot.php(363): CodeIgniter\CodeIgniter->run()
#9 F:\xammp\htdocs\group6\system\Boot.php(68): CodeIgniter\Boot::runCodeIgniter(Object(CodeIgniter\CodeIgniter))
#10 F:\xammp\htdocs\group6\public\index.php(59): CodeIgniter\Boot::bootWeb(Object(Config\Paths))
#11 {main}
ERROR - 2025-12-08 05:58:55 --> Error fetching Doctor Dashboard Stats: Unknown column 'assigned_doctor_id' in 'where clause'
ERROR - 2025-12-08 05:59:05 --> mysqli_sql_exception: Unknown column 'assigned_doctor_id' in 'where clause' in F:\xammp\htdocs\group6\system\Database\MySQLi\Connection.php:327
Stack trace:
#0 F:\xammp\htdocs\group6\system\Database\MySQLi\Connection.php(327): mysqli->query('SELECT *\nFROM `...', 0)
#1 F:\xammp\htdocs\group6\system\Database\BaseConnection.php(729): CodeIgniter\Database\MySQLi\Connection->execute('SELECT *\nFROM `...')
#2 F:\xammp\htdocs\group6\system\Database\BaseConnection.php(646): CodeIgniter\Database\BaseConnection->simpleQuery('SELECT *\nFROM `...')
#3 F:\xammp\htdocs\group6\system\Database\BaseBuilder.php(1649): CodeIgniter\Database\BaseConnection->query('SELECT *\nFROM `...', Array, false)
#4 F:\xammp\htdocs\group6\app\Controllers\Doctor\DashboardStats.php(424): CodeIgniter\Database\BaseBuilder->get()
#5 F:\xammp\htdocs\group6\system\CodeIgniter.php(933): App\Controllers\Doctor\DashboardStats->stats()
#6 F:\xammp\htdocs\group6\system\CodeIgniter.php(507): CodeIgniter\CodeIgniter->runController(Object(App\Controllers\Doctor\DashboardStats))
#7 F:\xammp\htdocs\group6\system\CodeIgniter.php(354): CodeIgniter\CodeIgniter->handleRequest(NULL, Object(Config\Cache), false)
#8 F:\xammp\htdocs\group6\system\Boot.php(363): CodeIgniter\CodeIgniter->run()
#9 F:\xammp\htdocs\group6\system\Boot.php(68): CodeIgniter\Boot::runCodeIgniter(Object(CodeIgniter\CodeIgniter))
#10 F:\xammp\htdocs\group6\public\index.php(59): CodeIgniter\Boot::bootWeb(Object(Config\Paths))
#11 {main}
ERROR - 2025-12-08 05:59:05 --> Error fetching Doctor Dashboard Stats: Unknown column 'assigned_doctor_id' in 'where clause'
ERROR - 2025-12-08 06:00:06 --> mysqli_sql_exception: Unknown column 'assigned_doctor_id' in 'where clause' in F:\xammp\htdocs\group6\system\Database\MySQLi\Connection.php:327
Stack trace:
#0 F:\xammp\htdocs\group6\system\Database\MySQLi\Connection.php(327): mysqli->query('SELECT *\nFROM `...', 0)
#1 F:\xammp\htdocs\group6\system\Database\BaseConnection.php(729): CodeIgniter\Database\MySQLi\Connection->execute('SELECT *\nFROM `...')
#2 F:\xammp\htdocs\group6\system\Database\BaseConnection.php(646): CodeIgniter\Database\BaseConnection->simpleQuery('SELECT *\nFROM `...')
#3 F:\xammp\htdocs\group6\system\Database\BaseBuilder.php(1649): CodeIgniter\Database\BaseConnection->query('SELECT *\nFROM `...', Array, false)
#4 F:\xammp\htdocs\group6\app\Controllers\Doctor\DashboardStats.php(424): CodeIgniter\Database\BaseBuilder->get()
#5 F:\xammp\htdocs\group6\system\CodeIgniter.php(933): App\Controllers\Doctor\DashboardStats->stats()
#6 F:\xammp\htdocs\group6\system\CodeIgniter.php(507): CodeIgniter\CodeIgniter->runController(Object(App\Controllers\Doctor\DashboardStats))
#7 F:\xammp\htdocs\group6\system\CodeIgniter.php(354): CodeIgniter\CodeIgniter->handleRequest(NULL, Object(Config\Cache), false)
#8 F:\xammp\htdocs\group6\system\Boot.php(363): CodeIgniter\CodeIgniter->run()
#9 F:\xammp\htdocs\group6\system\Boot.php(68): CodeIgniter\Boot::runCodeIgniter(Object(CodeIgniter\CodeIgniter))
#10 F:\xammp\htdocs\group6\public\index.php(59): CodeIgniter\Boot::bootWeb(Object(Config\Paths))
#11 {main}
ERROR - 2025-12-08 06:00:06 --> Error fetching Doctor Dashboard Stats: Unknown column 'assigned_doctor_id' in 'where clause'
ERROR - 2025-12-08 06:01:07 --> mysqli_sql_exception: Unknown column 'assigned_doctor_id' in 'where clause' in F:\xammp\htdocs\group6\system\Database\MySQLi\Connection.php:327
Stack trace:
#0 F:\xammp\htdocs\group6\system\Database\MySQLi\Connection.php(327): mysqli->query('SELECT *\nFROM `...', 0)
#1 F:\xammp\htdocs\group6\system\Database\BaseConnection.php(729): CodeIgniter\Database\MySQLi\Connection->execute('SELECT *\nFROM `...')
#2 F:\xammp\htdocs\group6\system\Database\BaseConnection.php(646): CodeIgniter\Database\BaseConnection->simpleQuery('SELECT *\nFROM `...')
#3 F:\xammp\htdocs\group6\system\Database\BaseBuilder.php(1649): CodeIgniter\Database\BaseConnection->query('SELECT *\nFROM `...', Array, false)
#4 F:\xammp\htdocs\group6\app\Controllers\Doctor\DashboardStats.php(424): CodeIgniter\Database\BaseBuilder->get()
#5 F:\xammp\htdocs\group6\system\CodeIgniter.php(933): App\Controllers\Doctor\DashboardStats->stats()
#6 F:\xammp\htdocs\group6\system\CodeIgniter.php(507): CodeIgniter\CodeIgniter->runController(Object(App\Controllers\Doctor\DashboardStats))
#7 F:\xammp\htdocs\group6\system\CodeIgniter.php(354): CodeIgniter\CodeIgniter->handleRequest(NULL, Object(Config\Cache), false)
#8 F:\xammp\htdocs\group6\system\Boot.php(363): CodeIgniter\CodeIgniter->run()
#9 F:\xammp\htdocs\group6\system\Boot.php(68): CodeIgniter\Boot::runCodeIgniter(Object(CodeIgniter\CodeIgniter))
#10 F:\xammp\htdocs\group6\public\index.php(59): CodeIgniter\Boot::bootWeb(Object(Config\Paths))
#11 {main}
ERROR - 2025-12-08 06:01:07 --> Error fetching Doctor Dashboard Stats: Unknown column 'assigned_doctor_id' in 'where clause'
ERROR - 2025-12-08 06:02:08 --> mysqli_sql_exception: Unknown column 'assigned_doctor_id' in 'where clause' in F:\xammp\htdocs\group6\system\Database\MySQLi\Connection.php:327
Stack trace:
#0 F:\xammp\htdocs\group6\system\Database\MySQLi\Connection.php(327): mysqli->query('SELECT *\nFROM `...', 0)
#1 F:\xammp\htdocs\group6\system\Database\BaseConnection.php(729): CodeIgniter\Database\MySQLi\Connection->execute('SELECT *\nFROM `...')
#2 F:\xammp\htdocs\group6\system\Database\BaseConnection.php(646): CodeIgniter\Database\BaseConnection->simpleQuery('SELECT *\nFROM `...')
#3 F:\xammp\htdocs\group6\system\Database\BaseBuilder.php(1649): CodeIgniter\Database\BaseConnection->query('SELECT *\nFROM `...', Array, false)
#4 F:\xammp\htdocs\group6\app\Controllers\Doctor\DashboardStats.php(424): CodeIgniter\Database\BaseBuilder->get()
#5 F:\xammp\htdocs\group6\system\CodeIgniter.php(933): App\Controllers\Doctor\DashboardStats->stats()
#6 F:\xammp\htdocs\group6\system\CodeIgniter.php(507): CodeIgniter\CodeIgniter->runController(Object(App\Controllers\Doctor\DashboardStats))
#7 F:\xammp\htdocs\group6\system\CodeIgniter.php(354): CodeIgniter\CodeIgniter->handleRequest(NULL, Object(Config\Cache), false)
#8 F:\xammp\htdocs\group6\system\Boot.php(363): CodeIgniter\CodeIgniter->run()
#9 F:\xammp\htdocs\group6\system\Boot.php(68): CodeIgniter\Boot::runCodeIgniter(Object(CodeIgniter\CodeIgniter))
#10 F:\xammp\htdocs\group6\public\index.php(59): CodeIgniter\Boot::bootWeb(Object(Config\Paths))
#11 {main}
ERROR - 2025-12-08 06:02:08 --> Error fetching Doctor Dashboard Stats: Unknown column 'assigned_doctor_id' in 'where clause'
ERROR - 2025-12-08 06:03:09 --> mysqli_sql_exception: Unknown column 'assigned_doctor_id' in 'where clause' in F:\xammp\htdocs\group6\system\Database\MySQLi\Connection.php:327
Stack trace:
#0 F:\xammp\htdocs\group6\system\Database\MySQLi\Connection.php(327): mysqli->query('SELECT *\nFROM `...', 0)
#1 F:\xammp\htdocs\group6\system\Database\BaseConnection.php(729): CodeIgniter\Database\MySQLi\Connection->execute('SELECT *\nFROM `...')
#2 F:\xammp\htdocs\group6\system\Database\BaseConnection.php(646): CodeIgniter\Database\BaseConnection->simpleQuery('SELECT *\nFROM `...')
#3 F:\xammp\htdocs\group6\system\Database\BaseBuilder.php(1649): CodeIgniter\Database\BaseConnection->query('SELECT *\nFROM `...', Array, false)
#4 F:\xammp\htdocs\group6\app\Controllers\Doctor\DashboardStats.php(424): CodeIgniter\Database\BaseBuilder->get()
#5 F:\xammp\htdocs\group6\system\CodeIgniter.php(933): App\Controllers\Doctor\DashboardStats->stats()
#6 F:\xammp\htdocs\group6\system\CodeIgniter.php(507): CodeIgniter\CodeIgniter->runController(Object(App\Controllers\Doctor\DashboardStats))
#7 F:\xammp\htdocs\group6\system\CodeIgniter.php(354): CodeIgniter\CodeIgniter->handleRequest(NULL, Object(Config\Cache), false)
#8 F:\xammp\htdocs\group6\system\Boot.php(363): CodeIgniter\CodeIgniter->run()
#9 F:\xammp\htdocs\group6\system\Boot.php(68): CodeIgniter\Boot::runCodeIgniter(Object(CodeIgniter\CodeIgniter))
#10 F:\xammp\htdocs\group6\public\index.php(59): CodeIgniter\Boot::bootWeb(Object(Config\Paths))
#11 {main}
ERROR - 2025-12-08 06:03:09 --> Error fetching Doctor Dashboard Stats: Unknown column 'assigned_doctor_id' in 'where clause'
ERROR - 2025-12-08 06:04:10 --> mysqli_sql_exception: Unknown column 'assigned_doctor_id' in 'where clause' in F:\xammp\htdocs\group6\system\Database\MySQLi\Connection.php:327
Stack trace:
#0 F:\xammp\htdocs\group6\system\Database\MySQLi\Connection.php(327): mysqli->query('SELECT *\nFROM `...', 0)
#1 F:\xammp\htdocs\group6\system\Database\BaseConnection.php(729): CodeIgniter\Database\MySQLi\Connection->execute('SELECT *\nFROM `...')
#2 F:\xammp\htdocs\group6\system\Database\BaseConnection.php(646): CodeIgniter\Database\BaseConnection->simpleQuery('SELECT *\nFROM `...')
#3 F:\xammp\htdocs\group6\system\Database\BaseBuilder.php(1649): CodeIgniter\Database\BaseConnection->query('SELECT *\nFROM `...', Array, false)
#4 F:\xammp\htdocs\group6\app\Controllers\Doctor\DashboardStats.php(424): CodeIgniter\Database\BaseBuilder->get()
#5 F:\xammp\htdocs\group6\system\CodeIgniter.php(933): App\Controllers\Doctor\DashboardStats->stats()
#6 F:\xammp\htdocs\group6\system\CodeIgniter.php(507): CodeIgniter\CodeIgniter->runController(Object(App\Controllers\Doctor\DashboardStats))
#7 F:\xammp\htdocs\group6\system\CodeIgniter.php(354): CodeIgniter\CodeIgniter->handleRequest(NULL, Object(Config\Cache), false)
#8 F:\xammp\htdocs\group6\system\Boot.php(363): CodeIgniter\CodeIgniter->run()
#9 F:\xammp\htdocs\group6\system\Boot.php(68): CodeIgniter\Boot::runCodeIgniter(Object(CodeIgniter\CodeIgniter))
#10 F:\xammp\htdocs\group6\public\index.php(59): CodeIgniter\Boot::bootWeb(Object(Config\Paths))
#11 {main}
ERROR - 2025-12-08 06:04:10 --> Error fetching Doctor Dashboard Stats: Unknown column 'assigned_doctor_id' in 'where clause'
ERROR - 2025-12-08 06:04:34 --> mysqli_sql_exception: Unknown column 'assigned_doctor_id' in 'where clause' in F:\xammp\htdocs\group6\system\Database\MySQLi\Connection.php:327
Stack trace:
#0 F:\xammp\htdocs\group6\system\Database\MySQLi\Connection.php(327): mysqli->query('SELECT *\nFROM `...', 0)
#1 F:\xammp\htdocs\group6\system\Database\BaseConnection.php(729): CodeIgniter\Database\MySQLi\Connection->execute('SELECT *\nFROM `...')
#2 F:\xammp\htdocs\group6\system\Database\BaseConnection.php(646): CodeIgniter\Database\BaseConnection->simpleQuery('SELECT *\nFROM `...')
#3 F:\xammp\htdocs\group6\system\Database\BaseBuilder.php(1649): CodeIgniter\Database\BaseConnection->query('SELECT *\nFROM `...', Array, false)
#4 F:\xammp\htdocs\group6\app\Controllers\Doctor\DashboardStats.php(424): CodeIgniter\Database\BaseBuilder->get()
#5 F:\xammp\htdocs\group6\system\CodeIgniter.php(933): App\Controllers\Doctor\DashboardStats->stats()
#6 F:\xammp\htdocs\group6\system\CodeIgniter.php(507): CodeIgniter\CodeIgniter->runController(Object(App\Controllers\Doctor\DashboardStats))
#7 F:\xammp\htdocs\group6\system\CodeIgniter.php(354): CodeIgniter\CodeIgniter->handleRequest(NULL, Object(Config\Cache), false)
#8 F:\xammp\htdocs\group6\system\Boot.php(363): CodeIgniter\CodeIgniter->run()
#9 F:\xammp\htdocs\group6\system\Boot.php(68): CodeIgniter\Boot::runCodeIgniter(Object(CodeIgniter\CodeIgniter))
#10 F:\xammp\htdocs\group6\public\index.php(59): CodeIgniter\Boot::bootWeb(Object(Config\Paths))
#11 {main}
ERROR - 2025-12-08 06:04:34 --> Error fetching Doctor Dashboard Stats: Unknown column 'assigned_doctor_id' in 'where clause'
ERROR - 2025-12-08 06:04:34 --> mysqli_sql_exception: Unknown column 'assigned_doctor_id' in 'where clause' in F:\xammp\htdocs\group6\system\Database\MySQLi\Connection.php:327
Stack trace:
#0 F:\xammp\htdocs\group6\system\Database\MySQLi\Connection.php(327): mysqli->query('SELECT *\nFROM `...', 0)
#1 F:\xammp\htdocs\group6\system\Database\BaseConnection.php(729): CodeIgniter\Database\MySQLi\Connection->execute('SELECT *\nFROM `...')
#2 F:\xammp\htdocs\group6\system\Database\BaseConnection.php(646): CodeIgniter\Database\BaseConnection->simpleQuery('SELECT *\nFROM `...')
#3 F:\xammp\htdocs\group6\system\Database\BaseBuilder.php(1649): CodeIgniter\Database\BaseConnection->query('SELECT *\nFROM `...', Array, false)
#4 F:\xammp\htdocs\group6\app\Controllers\Doctor\DashboardStats.php(424): CodeIgniter\Database\BaseBuilder->get()
#5 F:\xammp\htdocs\group6\system\CodeIgniter.php(933): App\Controllers\Doctor\DashboardStats->stats()
#6 F:\xammp\htdocs\group6\system\CodeIgniter.php(507): CodeIgniter\CodeIgniter->runController(Object(App\Controllers\Doctor\DashboardStats))
#7 F:\xammp\htdocs\group6\system\CodeIgniter.php(354): CodeIgniter\CodeIgniter->handleRequest(NULL, Object(Config\Cache), false)
#8 F:\xammp\htdocs\group6\system\Boot.php(363): CodeIgniter\CodeIgniter->run()
#9 F:\xammp\htdocs\group6\system\Boot.php(68): CodeIgniter\Boot::runCodeIgniter(Object(CodeIgniter\CodeIgniter))
#10 F:\xammp\htdocs\group6\public\index.php(59): CodeIgniter\Boot::bootWeb(Object(Config\Paths))
#11 {main}
ERROR - 2025-12-08 06:04:34 --> Error fetching Doctor Dashboard Stats: Unknown column 'assigned_doctor_id' in 'where clause'
ERROR - 2025-12-08 06:04:35 --> mysqli_sql_exception: Unknown column 'assigned_doctor_id' in 'where clause' in F:\xammp\htdocs\group6\system\Database\MySQLi\Connection.php:327
Stack trace:
#0 F:\xammp\htdocs\group6\system\Database\MySQLi\Connection.php(327): mysqli->query('SELECT *\nFROM `...', 0)
#1 F:\xammp\htdocs\group6\system\Database\BaseConnection.php(729): CodeIgniter\Database\MySQLi\Connection->execute('SELECT *\nFROM `...')
#2 F:\xammp\htdocs\group6\system\Database\BaseConnection.php(646): CodeIgniter\Database\BaseConnection->simpleQuery('SELECT *\nFROM `...')
#3 F:\xammp\htdocs\group6\system\Database\BaseBuilder.php(1649): CodeIgniter\Database\BaseConnection->query('SELECT *\nFROM `...', Array, false)
#4 F:\xammp\htdocs\group6\app\Controllers\Doctor\DashboardStats.php(424): CodeIgniter\Database\BaseBuilder->get()
#5 F:\xammp\htdocs\group6\system\CodeIgniter.php(933): App\Controllers\Doctor\DashboardStats->stats()
#6 F:\xammp\htdocs\group6\system\CodeIgniter.php(507): CodeIgniter\CodeIgniter->runController(Object(App\Controllers\Doctor\DashboardStats))
#7 F:\xammp\htdocs\group6\system\CodeIgniter.php(354): CodeIgniter\CodeIgniter->handleRequest(NULL, Object(Config\Cache), false)
#8 F:\xammp\htdocs\group6\system\Boot.php(363): CodeIgniter\CodeIgniter->run()
#9 F:\xammp\htdocs\group6\system\Boot.php(68): CodeIgniter\Boot::runCodeIgniter(Object(CodeIgniter\CodeIgniter))
#10 F:\xammp\htdocs\group6\public\index.php(59): CodeIgniter\Boot::bootWeb(Object(Config\Paths))
#11 {main}
ERROR - 2025-12-08 06:04:35 --> Error fetching Doctor Dashboard Stats: Unknown column 'assigned_doctor_id' in 'where clause'
ERROR - 2025-12-08 06:04:36 --> mysqli_sql_exception: Unknown column 'assigned_doctor_id' in 'where clause' in F:\xammp\htdocs\group6\system\Database\MySQLi\Connection.php:327
Stack trace:
#0 F:\xammp\htdocs\group6\system\Database\MySQLi\Connection.php(327): mysqli->query('SELECT *\nFROM `...', 0)
#1 F:\xammp\htdocs\group6\system\Database\BaseConnection.php(729): CodeIgniter\Database\MySQLi\Connection->execute('SELECT *\nFROM `...')
#2 F:\xammp\htdocs\group6\system\Database\BaseConnection.php(646): CodeIgniter\Database\BaseConnection->simpleQuery('SELECT *\nFROM `...')
#3 F:\xammp\htdocs\group6\system\Database\BaseBuilder.php(1649): CodeIgniter\Database\BaseConnection->query('SELECT *\nFROM `...', Array, false)
#4 F:\xammp\htdocs\group6\app\Controllers\Doctor\DashboardStats.php(424): CodeIgniter\Database\BaseBuilder->get()
#5 F:\xammp\htdocs\group6\system\CodeIgniter.php(933): App\Controllers\Doctor\DashboardStats->stats()
#6 F:\xammp\htdocs\group6\system\CodeIgniter.php(507): CodeIgniter\CodeIgniter->runController(Object(App\Controllers\Doctor\DashboardStats))
#7 F:\xammp\htdocs\group6\system\CodeIgniter.php(354): CodeIgniter\CodeIgniter->handleRequest(NULL, Object(Config\Cache), false)
#8 F:\xammp\htdocs\group6\system\Boot.php(363): CodeIgniter\CodeIgniter->run()
#9 F:\xammp\htdocs\group6\system\Boot.php(68): CodeIgniter\Boot::runCodeIgniter(Object(CodeIgniter\CodeIgniter))
#10 F:\xammp\htdocs\group6\public\index.php(59): CodeIgniter\Boot::bootWeb(Object(Config\Paths))
#11 {main}
ERROR - 2025-12-08 06:04:36 --> Error fetching Doctor Dashboard Stats: Unknown column 'assigned_doctor_id' in 'where clause'
ERROR - 2025-12-08 06:50:19 --> Admin Patient Registration Validation Failed: {"emergency_contact":"The emergency_contact field must be at least 7 characters in length."}
ERROR - 2025-12-08 06:50:35 --> Admin Patient Registration Validation Failed: {"emergency_contact":"The emergency_contact field must be at least 7 characters in length."}
