DEBUG - 2025-10-26 22:50:01 --> Session: Class initialized using 'CodeIgniter\Session\Handlers\FileHandler' driver.
DEBUG - 2025-10-26 22:50:06 --> Session: Class initialized using 'CodeIgniter\Session\Handlers\FileHandler' driver.
DEBUG - 2025-10-26 22:50:06 --> Raw POST data: username=superadmin&password=Admin%40123
DEBUG - 2025-10-26 22:50:06 --> Login attempt - Username: superadmin
DEBUG - 2025-10-26 22:50:06 --> POST data: Array
(
    [username] => superadmin
    [password] => Admin@123
)

DEBUG - 2025-10-26 22:50:07 --> SQL Query: SELECT *
FROM `users`
WHERE `username` = 'superadmin'
 LIMIT 1
DEBUG - 2025-10-26 22:50:08 --> Session: Class initialized using 'CodeIgniter\Session\Handlers\FileHandler' driver.
ERROR - 2025-10-26 22:50:09 --> mysqli_sql_exception: Table 'hospital_management.roles' doesn't exist in F:\xammp\htdocs\Group6\system\Database\MySQLi\Connection.php:327
Stack trace:
#0 F:\xammp\htdocs\Group6\system\Database\MySQLi\Connection.php(327): mysqli->query('SELECT *\nFROM `...', 0)
#1 F:\xammp\htdocs\Group6\system\Database\BaseConnection.php(729): CodeIgniter\Database\MySQLi\Connection->execute('SELECT *\nFROM `...')
#2 F:\xammp\htdocs\Group6\system\Database\BaseConnection.php(646): CodeIgniter\Database\BaseConnection->simpleQuery('SELECT *\nFROM `...')
#3 F:\xammp\htdocs\Group6\system\Database\BaseBuilder.php(1649): CodeIgniter\Database\BaseConnection->query('SELECT *\nFROM `...', Array, false)
#4 F:\xammp\htdocs\Group6\system\Model.php(286): CodeIgniter\Database\BaseBuilder->get()
#5 F:\xammp\htdocs\Group6\system\BaseModel.php(677): CodeIgniter\Model->doFindAll(0, 0)
#6 F:\xammp\htdocs\Group6\app\Models\RoleModel.php(67): CodeIgniter\BaseModel->findAll()
#7 F:\xammp\htdocs\Group6\app\Controllers\SuperAdmin.php(1211): App\Models\RoleModel->getActiveRoles()
#8 F:\xammp\htdocs\Group6\system\CodeIgniter.php(933): App\Controllers\SuperAdmin->roles()
#9 F:\xammp\htdocs\Group6\system\CodeIgniter.php(507): CodeIgniter\CodeIgniter->runController(Object(App\Controllers\SuperAdmin))
#10 F:\xammp\htdocs\Group6\system\CodeIgniter.php(354): CodeIgniter\CodeIgniter->handleRequest(NULL, Object(Config\Cache), false)
#11 F:\xammp\htdocs\Group6\system\Boot.php(363): CodeIgniter\CodeIgniter->run()
#12 F:\xammp\htdocs\Group6\system\Boot.php(68): CodeIgniter\Boot::runCodeIgniter(Object(CodeIgniter\CodeIgniter))
#13 F:\xammp\htdocs\Group6\index.php(61): CodeIgniter\Boot::bootWeb(Object(Config\Paths))
#14 {main}
ERROR - 2025-10-26 22:50:09 --> Failed to get roles: Table 'hospital_management.roles' doesn't exist
DEBUG - 2025-10-26 22:50:09 --> Session: Class initialized using 'CodeIgniter\Session\Handlers\FileHandler' driver.
ERROR - 2025-10-26 22:50:10 --> Roles page error: Invalid file: "SuperAdmin/roles.php"
CRITICAL - 2025-10-26 22:50:10 --> CodeIgniter\View\Exceptions\ViewException: Invalid file: "SuperAdmin/roles.php"
[Method: GET, Route: super-admin/roles]
in SYSTEMPATH\Exceptions\FrameworkException.php on line 39.
 1 SYSTEMPATH\View\View.php(214): CodeIgniter\Exceptions\FrameworkException::forInvalidFile('SuperAdmin/roles.php')
 2 SYSTEMPATH\Common.php(1167): CodeIgniter\View\View->render('SuperAdmin/roles', [], true)
 3 APPPATH\Controllers\SuperAdmin.php(55): view('SuperAdmin/roles', [...])
 4 APPPATH\Controllers\SuperAdmin.php(1221): App\Controllers\SuperAdmin->render('SuperAdmin/roles', [...])
 5 SYSTEMPATH\CodeIgniter.php(933): App\Controllers\SuperAdmin->roles()
 6 SYSTEMPATH\CodeIgniter.php(507): CodeIgniter\CodeIgniter->runController(Object(App\Controllers\SuperAdmin))
 7 SYSTEMPATH\CodeIgniter.php(354): CodeIgniter\CodeIgniter->handleRequest(null, Object(Config\Cache), false)
 8 SYSTEMPATH\Boot.php(363): CodeIgniter\CodeIgniter->run()
 9 SYSTEMPATH\Boot.php(68): CodeIgniter\Boot::runCodeIgniter(Object(CodeIgniter\CodeIgniter))
10 FCPATH\index.php(61): CodeIgniter\Boot::bootWeb(Object(Config\Paths))
DEBUG - 2025-10-26 22:50:14 --> Session: Class initialized using 'CodeIgniter\Session\Handlers\FileHandler' driver.
DEBUG - 2025-10-26 22:50:15 --> Session: Class initialized using 'CodeIgniter\Session\Handlers\FileHandler' driver.
DEBUG - 2025-10-26 22:50:19 --> Session: Class initialized using 'CodeIgniter\Session\Handlers\FileHandler' driver.
DEBUG - 2025-10-26 22:50:22 --> Session: Class initialized using 'CodeIgniter\Session\Handlers\FileHandler' driver.
DEBUG - 2025-10-26 22:50:33 --> Session: Class initialized using 'CodeIgniter\Session\Handlers\FileHandler' driver.
DEBUG - 2025-10-26 22:50:35 --> Session: Class initialized using 'CodeIgniter\Session\Handlers\FileHandler' driver.
DEBUG - 2025-10-26 22:50:37 --> Session: Class initialized using 'CodeIgniter\Session\Handlers\FileHandler' driver.
ERROR - 2025-10-26 22:50:37 --> mysqli_sql_exception: Table 'hospital_management.roles' doesn't exist in F:\xammp\htdocs\Group6\system\Database\MySQLi\Connection.php:327
Stack trace:
#0 F:\xammp\htdocs\Group6\system\Database\MySQLi\Connection.php(327): mysqli->query('SELECT *\nFROM `...', 0)
#1 F:\xammp\htdocs\Group6\system\Database\BaseConnection.php(729): CodeIgniter\Database\MySQLi\Connection->execute('SELECT *\nFROM `...')
#2 F:\xammp\htdocs\Group6\system\Database\BaseConnection.php(646): CodeIgniter\Database\BaseConnection->simpleQuery('SELECT *\nFROM `...')
#3 F:\xammp\htdocs\Group6\system\Database\BaseBuilder.php(1649): CodeIgniter\Database\BaseConnection->query('SELECT *\nFROM `...', Array, false)
#4 F:\xammp\htdocs\Group6\system\Model.php(286): CodeIgniter\Database\BaseBuilder->get()
#5 F:\xammp\htdocs\Group6\system\BaseModel.php(677): CodeIgniter\Model->doFindAll(0, 0)
#6 F:\xammp\htdocs\Group6\app\Models\RoleModel.php(67): CodeIgniter\BaseModel->findAll()
#7 F:\xammp\htdocs\Group6\app\Controllers\SuperAdmin.php(1211): App\Models\RoleModel->getActiveRoles()
#8 F:\xammp\htdocs\Group6\system\CodeIgniter.php(933): App\Controllers\SuperAdmin->roles()
#9 F:\xammp\htdocs\Group6\system\CodeIgniter.php(507): CodeIgniter\CodeIgniter->runController(Object(App\Controllers\SuperAdmin))
#10 F:\xammp\htdocs\Group6\system\CodeIgniter.php(354): CodeIgniter\CodeIgniter->handleRequest(NULL, Object(Config\Cache), false)
#11 F:\xammp\htdocs\Group6\system\Boot.php(363): CodeIgniter\CodeIgniter->run()
#12 F:\xammp\htdocs\Group6\system\Boot.php(68): CodeIgniter\Boot::runCodeIgniter(Object(CodeIgniter\CodeIgniter))
#13 F:\xammp\htdocs\Group6\index.php(61): CodeIgniter\Boot::bootWeb(Object(Config\Paths))
#14 {main}
ERROR - 2025-10-26 22:50:37 --> Failed to get roles: Table 'hospital_management.roles' doesn't exist
DEBUG - 2025-10-26 22:50:37 --> Session: Class initialized using 'CodeIgniter\Session\Handlers\FileHandler' driver.
ERROR - 2025-10-26 22:50:37 --> Roles page error: Invalid file: "SuperAdmin/roles.php"
CRITICAL - 2025-10-26 22:50:37 --> CodeIgniter\View\Exceptions\ViewException: Invalid file: "SuperAdmin/roles.php"
[Method: GET, Route: super-admin/roles]
in SYSTEMPATH\Exceptions\FrameworkException.php on line 39.
 1 SYSTEMPATH\View\View.php(214): CodeIgniter\Exceptions\FrameworkException::forInvalidFile('SuperAdmin/roles.php')
 2 SYSTEMPATH\Common.php(1167): CodeIgniter\View\View->render('SuperAdmin/roles', [], true)
 3 APPPATH\Controllers\SuperAdmin.php(55): view('SuperAdmin/roles', [...])
 4 APPPATH\Controllers\SuperAdmin.php(1221): App\Controllers\SuperAdmin->render('SuperAdmin/roles', [...])
 5 SYSTEMPATH\CodeIgniter.php(933): App\Controllers\SuperAdmin->roles()
 6 SYSTEMPATH\CodeIgniter.php(507): CodeIgniter\CodeIgniter->runController(Object(App\Controllers\SuperAdmin))
 7 SYSTEMPATH\CodeIgniter.php(354): CodeIgniter\CodeIgniter->handleRequest(null, Object(Config\Cache), false)
 8 SYSTEMPATH\Boot.php(363): CodeIgniter\CodeIgniter->run()
 9 SYSTEMPATH\Boot.php(68): CodeIgniter\Boot::runCodeIgniter(Object(CodeIgniter\CodeIgniter))
10 FCPATH\index.php(61): CodeIgniter\Boot::bootWeb(Object(Config\Paths))
DEBUG - 2025-10-26 22:50:39 --> Session: Class initialized using 'CodeIgniter\Session\Handlers\FileHandler' driver.
DEBUG - 2025-10-26 22:50:40 --> Session: Class initialized using 'CodeIgniter\Session\Handlers\FileHandler' driver.
DEBUG - 2025-10-26 22:50:49 --> Session: Class initialized using 'CodeIgniter\Session\Handlers\FileHandler' driver.
ERROR - 2025-10-26 22:50:49 --> mysqli_sql_exception: Table 'hospital_management.roles' doesn't exist in F:\xammp\htdocs\Group6\system\Database\MySQLi\Connection.php:327
Stack trace:
#0 F:\xammp\htdocs\Group6\system\Database\MySQLi\Connection.php(327): mysqli->query('SELECT *\nFROM `...', 0)
#1 F:\xammp\htdocs\Group6\system\Database\BaseConnection.php(729): CodeIgniter\Database\MySQLi\Connection->execute('SELECT *\nFROM `...')
#2 F:\xammp\htdocs\Group6\system\Database\BaseConnection.php(646): CodeIgniter\Database\BaseConnection->simpleQuery('SELECT *\nFROM `...')
#3 F:\xammp\htdocs\Group6\system\Database\BaseBuilder.php(1649): CodeIgniter\Database\BaseConnection->query('SELECT *\nFROM `...', Array, false)
#4 F:\xammp\htdocs\Group6\system\Model.php(286): CodeIgniter\Database\BaseBuilder->get()
#5 F:\xammp\htdocs\Group6\system\BaseModel.php(677): CodeIgniter\Model->doFindAll(0, 0)
#6 F:\xammp\htdocs\Group6\app\Models\RoleModel.php(67): CodeIgniter\BaseModel->findAll()
#7 F:\xammp\htdocs\Group6\app\Controllers\SuperAdmin.php(1211): App\Models\RoleModel->getActiveRoles()
#8 F:\xammp\htdocs\Group6\system\CodeIgniter.php(933): App\Controllers\SuperAdmin->roles()
#9 F:\xammp\htdocs\Group6\system\CodeIgniter.php(507): CodeIgniter\CodeIgniter->runController(Object(App\Controllers\SuperAdmin))
#10 F:\xammp\htdocs\Group6\system\CodeIgniter.php(354): CodeIgniter\CodeIgniter->handleRequest(NULL, Object(Config\Cache), false)
#11 F:\xammp\htdocs\Group6\system\Boot.php(363): CodeIgniter\CodeIgniter->run()
#12 F:\xammp\htdocs\Group6\system\Boot.php(68): CodeIgniter\Boot::runCodeIgniter(Object(CodeIgniter\CodeIgniter))
#13 F:\xammp\htdocs\Group6\index.php(61): CodeIgniter\Boot::bootWeb(Object(Config\Paths))
#14 {main}
ERROR - 2025-10-26 22:50:49 --> Failed to get roles: Table 'hospital_management.roles' doesn't exist
DEBUG - 2025-10-26 22:50:49 --> Session: Class initialized using 'CodeIgniter\Session\Handlers\FileHandler' driver.
ERROR - 2025-10-26 22:50:49 --> Roles page error: Invalid file: "SuperAdmin/roles.php"
CRITICAL - 2025-10-26 22:50:49 --> CodeIgniter\View\Exceptions\ViewException: Invalid file: "SuperAdmin/roles.php"
[Method: GET, Route: super-admin/roles]
in SYSTEMPATH\Exceptions\FrameworkException.php on line 39.
 1 SYSTEMPATH\View\View.php(214): CodeIgniter\Exceptions\FrameworkException::forInvalidFile('SuperAdmin/roles.php')
 2 SYSTEMPATH\Common.php(1167): CodeIgniter\View\View->render('SuperAdmin/roles', [], true)
 3 APPPATH\Controllers\SuperAdmin.php(55): view('SuperAdmin/roles', [...])
 4 APPPATH\Controllers\SuperAdmin.php(1221): App\Controllers\SuperAdmin->render('SuperAdmin/roles', [...])
 5 SYSTEMPATH\CodeIgniter.php(933): App\Controllers\SuperAdmin->roles()
 6 SYSTEMPATH\CodeIgniter.php(507): CodeIgniter\CodeIgniter->runController(Object(App\Controllers\SuperAdmin))
 7 SYSTEMPATH\CodeIgniter.php(354): CodeIgniter\CodeIgniter->handleRequest(null, Object(Config\Cache), false)
 8 SYSTEMPATH\Boot.php(363): CodeIgniter\CodeIgniter->run()
 9 SYSTEMPATH\Boot.php(68): CodeIgniter\Boot::runCodeIgniter(Object(CodeIgniter\CodeIgniter))
10 FCPATH\index.php(61): CodeIgniter\Boot::bootWeb(Object(Config\Paths))
DEBUG - 2025-10-26 22:50:51 --> Session: Class initialized using 'CodeIgniter\Session\Handlers\FileHandler' driver.
DEBUG - 2025-10-26 22:50:52 --> Session: Class initialized using 'CodeIgniter\Session\Handlers\FileHandler' driver.
DEBUG - 2025-10-26 22:50:58 --> Session: Class initialized using 'CodeIgniter\Session\Handlers\FileHandler' driver.
ERROR - 2025-10-26 22:50:58 --> mysqli_sql_exception: Table 'hospital_management.roles' doesn't exist in F:\xammp\htdocs\Group6\system\Database\MySQLi\Connection.php:327
Stack trace:
#0 F:\xammp\htdocs\Group6\system\Database\MySQLi\Connection.php(327): mysqli->query('SELECT *\nFROM `...', 0)
#1 F:\xammp\htdocs\Group6\system\Database\BaseConnection.php(729): CodeIgniter\Database\MySQLi\Connection->execute('SELECT *\nFROM `...')
#2 F:\xammp\htdocs\Group6\system\Database\BaseConnection.php(646): CodeIgniter\Database\BaseConnection->simpleQuery('SELECT *\nFROM `...')
#3 F:\xammp\htdocs\Group6\system\Database\BaseBuilder.php(1649): CodeIgniter\Database\BaseConnection->query('SELECT *\nFROM `...', Array, false)
#4 F:\xammp\htdocs\Group6\system\Model.php(286): CodeIgniter\Database\BaseBuilder->get()
#5 F:\xammp\htdocs\Group6\system\BaseModel.php(677): CodeIgniter\Model->doFindAll(0, 0)
#6 F:\xammp\htdocs\Group6\app\Models\RoleModel.php(67): CodeIgniter\BaseModel->findAll()
#7 F:\xammp\htdocs\Group6\app\Controllers\SuperAdmin.php(1211): App\Models\RoleModel->getActiveRoles()
#8 F:\xammp\htdocs\Group6\system\CodeIgniter.php(933): App\Controllers\SuperAdmin->roles()
#9 F:\xammp\htdocs\Group6\system\CodeIgniter.php(507): CodeIgniter\CodeIgniter->runController(Object(App\Controllers\SuperAdmin))
#10 F:\xammp\htdocs\Group6\system\CodeIgniter.php(354): CodeIgniter\CodeIgniter->handleRequest(NULL, Object(Config\Cache), false)
#11 F:\xammp\htdocs\Group6\system\Boot.php(363): CodeIgniter\CodeIgniter->run()
#12 F:\xammp\htdocs\Group6\system\Boot.php(68): CodeIgniter\Boot::runCodeIgniter(Object(CodeIgniter\CodeIgniter))
#13 F:\xammp\htdocs\Group6\index.php(61): CodeIgniter\Boot::bootWeb(Object(Config\Paths))
#14 {main}
ERROR - 2025-10-26 22:50:58 --> Failed to get roles: Table 'hospital_management.roles' doesn't exist
DEBUG - 2025-10-26 22:50:58 --> Session: Class initialized using 'CodeIgniter\Session\Handlers\FileHandler' driver.
ERROR - 2025-10-26 22:50:58 --> Roles page error: Invalid file: "SuperAdmin/roles.php"
CRITICAL - 2025-10-26 22:50:58 --> CodeIgniter\View\Exceptions\ViewException: Invalid file: "SuperAdmin/roles.php"
[Method: GET, Route: super-admin/roles]
in SYSTEMPATH\Exceptions\FrameworkException.php on line 39.
 1 SYSTEMPATH\View\View.php(214): CodeIgniter\Exceptions\FrameworkException::forInvalidFile('SuperAdmin/roles.php')
 2 SYSTEMPATH\Common.php(1167): CodeIgniter\View\View->render('SuperAdmin/roles', [], true)
 3 APPPATH\Controllers\SuperAdmin.php(55): view('SuperAdmin/roles', [...])
 4 APPPATH\Controllers\SuperAdmin.php(1221): App\Controllers\SuperAdmin->render('SuperAdmin/roles', [...])
 5 SYSTEMPATH\CodeIgniter.php(933): App\Controllers\SuperAdmin->roles()
 6 SYSTEMPATH\CodeIgniter.php(507): CodeIgniter\CodeIgniter->runController(Object(App\Controllers\SuperAdmin))
 7 SYSTEMPATH\CodeIgniter.php(354): CodeIgniter\CodeIgniter->handleRequest(null, Object(Config\Cache), false)
 8 SYSTEMPATH\Boot.php(363): CodeIgniter\CodeIgniter->run()
 9 SYSTEMPATH\Boot.php(68): CodeIgniter\Boot::runCodeIgniter(Object(CodeIgniter\CodeIgniter))
10 FCPATH\index.php(61): CodeIgniter\Boot::bootWeb(Object(Config\Paths))
DEBUG - 2025-10-26 22:51:00 --> Session: Class initialized using 'CodeIgniter\Session\Handlers\FileHandler' driver.
DEBUG - 2025-10-26 22:51:01 --> Session: Class initialized using 'CodeIgniter\Session\Handlers\FileHandler' driver.
DEBUG - 2025-10-26 22:51:02 --> Session: Class initialized using 'CodeIgniter\Session\Handlers\FileHandler' driver.
DEBUG - 2025-10-26 22:51:11 --> Session: Class initialized using 'CodeIgniter\Session\Handlers\FileHandler' driver.
DEBUG - 2025-10-26 22:51:12 --> Session: Class initialized using 'CodeIgniter\Session\Handlers\FileHandler' driver.
DEBUG - 2025-10-26 22:51:16 --> Session: Class initialized using 'CodeIgniter\Session\Handlers\FileHandler' driver.
DEBUG - 2025-10-26 22:51:20 --> Session: Class initialized using 'CodeIgniter\Session\Handlers\FileHandler' driver.
DEBUG - 2025-10-26 22:51:20 --> Session: Class initialized using 'CodeIgniter\Session\Handlers\FileHandler' driver.
DEBUG - 2025-10-26 22:51:22 --> Session: Class initialized using 'CodeIgniter\Session\Handlers\FileHandler' driver.
ERROR - 2025-10-26 22:51:22 --> mysqli_sql_exception: Table 'hospital_management.roles' doesn't exist in F:\xammp\htdocs\Group6\system\Database\MySQLi\Connection.php:327
Stack trace:
#0 F:\xammp\htdocs\Group6\system\Database\MySQLi\Connection.php(327): mysqli->query('SELECT *\nFROM `...', 0)
#1 F:\xammp\htdocs\Group6\system\Database\BaseConnection.php(729): CodeIgniter\Database\MySQLi\Connection->execute('SELECT *\nFROM `...')
#2 F:\xammp\htdocs\Group6\system\Database\BaseConnection.php(646): CodeIgniter\Database\BaseConnection->simpleQuery('SELECT *\nFROM `...')
#3 F:\xammp\htdocs\Group6\system\Database\BaseBuilder.php(1649): CodeIgniter\Database\BaseConnection->query('SELECT *\nFROM `...', Array, false)
#4 F:\xammp\htdocs\Group6\system\Model.php(286): CodeIgniter\Database\BaseBuilder->get()
#5 F:\xammp\htdocs\Group6\system\BaseModel.php(677): CodeIgniter\Model->doFindAll(0, 0)
#6 F:\xammp\htdocs\Group6\app\Models\RoleModel.php(67): CodeIgniter\BaseModel->findAll()
#7 F:\xammp\htdocs\Group6\app\Controllers\SuperAdmin.php(1211): App\Models\RoleModel->getActiveRoles()
#8 F:\xammp\htdocs\Group6\system\CodeIgniter.php(933): App\Controllers\SuperAdmin->roles()
#9 F:\xammp\htdocs\Group6\system\CodeIgniter.php(507): CodeIgniter\CodeIgniter->runController(Object(App\Controllers\SuperAdmin))
#10 F:\xammp\htdocs\Group6\system\CodeIgniter.php(354): CodeIgniter\CodeIgniter->handleRequest(NULL, Object(Config\Cache), false)
#11 F:\xammp\htdocs\Group6\system\Boot.php(363): CodeIgniter\CodeIgniter->run()
#12 F:\xammp\htdocs\Group6\system\Boot.php(68): CodeIgniter\Boot::runCodeIgniter(Object(CodeIgniter\CodeIgniter))
#13 F:\xammp\htdocs\Group6\index.php(61): CodeIgniter\Boot::bootWeb(Object(Config\Paths))
#14 {main}
ERROR - 2025-10-26 22:51:22 --> Failed to get roles: Table 'hospital_management.roles' doesn't exist
DEBUG - 2025-10-26 22:51:22 --> Session: Class initialized using 'CodeIgniter\Session\Handlers\FileHandler' driver.
ERROR - 2025-10-26 22:51:22 --> Roles page error: Invalid file: "SuperAdmin/roles.php"
CRITICAL - 2025-10-26 22:51:22 --> CodeIgniter\View\Exceptions\ViewException: Invalid file: "SuperAdmin/roles.php"
[Method: GET, Route: super-admin/roles]
in SYSTEMPATH\Exceptions\FrameworkException.php on line 39.
 1 SYSTEMPATH\View\View.php(214): CodeIgniter\Exceptions\FrameworkException::forInvalidFile('SuperAdmin/roles.php')
 2 SYSTEMPATH\Common.php(1167): CodeIgniter\View\View->render('SuperAdmin/roles', [], true)
 3 APPPATH\Controllers\SuperAdmin.php(55): view('SuperAdmin/roles', [...])
 4 APPPATH\Controllers\SuperAdmin.php(1221): App\Controllers\SuperAdmin->render('SuperAdmin/roles', [...])
 5 SYSTEMPATH\CodeIgniter.php(933): App\Controllers\SuperAdmin->roles()
 6 SYSTEMPATH\CodeIgniter.php(507): CodeIgniter\CodeIgniter->runController(Object(App\Controllers\SuperAdmin))
 7 SYSTEMPATH\CodeIgniter.php(354): CodeIgniter\CodeIgniter->handleRequest(null, Object(Config\Cache), false)
 8 SYSTEMPATH\Boot.php(363): CodeIgniter\CodeIgniter->run()
 9 SYSTEMPATH\Boot.php(68): CodeIgniter\Boot::runCodeIgniter(Object(CodeIgniter\CodeIgniter))
10 FCPATH\index.php(61): CodeIgniter\Boot::bootWeb(Object(Config\Paths))
DEBUG - 2025-10-26 22:51:29 --> Session: Class initialized using 'CodeIgniter\Session\Handlers\FileHandler' driver.
DEBUG - 2025-10-26 22:51:30 --> Session: Class initialized using 'CodeIgniter\Session\Handlers\FileHandler' driver.
DEBUG - 2025-10-26 22:59:07 --> Session: Class initialized using 'CodeIgniter\Session\Handlers\FileHandler' driver.
DEBUG - 2025-10-26 23:02:32 --> Session: Class initialized using 'CodeIgniter\Session\Handlers\FileHandler' driver.
ERROR - 2025-10-26 23:02:32 --> mysqli_sql_exception: Table 'hospital_management.roles' doesn't exist in F:\xammp\htdocs\Group6\system\Database\MySQLi\Connection.php:327
Stack trace:
#0 F:\xammp\htdocs\Group6\system\Database\MySQLi\Connection.php(327): mysqli->query('SELECT *\nFROM `...', 0)
#1 F:\xammp\htdocs\Group6\system\Database\BaseConnection.php(729): CodeIgniter\Database\MySQLi\Connection->execute('SELECT *\nFROM `...')
#2 F:\xammp\htdocs\Group6\system\Database\BaseConnection.php(646): CodeIgniter\Database\BaseConnection->simpleQuery('SELECT *\nFROM `...')
#3 F:\xammp\htdocs\Group6\system\Database\BaseBuilder.php(1649): CodeIgniter\Database\BaseConnection->query('SELECT *\nFROM `...', Array, false)
#4 F:\xammp\htdocs\Group6\system\Model.php(286): CodeIgniter\Database\BaseBuilder->get()
#5 F:\xammp\htdocs\Group6\system\BaseModel.php(677): CodeIgniter\Model->doFindAll(0, 0)
#6 F:\xammp\htdocs\Group6\app\Models\RoleModel.php(67): CodeIgniter\BaseModel->findAll()
#7 F:\xammp\htdocs\Group6\app\Controllers\SuperAdmin.php(1211): App\Models\RoleModel->getActiveRoles()
#8 F:\xammp\htdocs\Group6\system\CodeIgniter.php(933): App\Controllers\SuperAdmin->roles()
#9 F:\xammp\htdocs\Group6\system\CodeIgniter.php(507): CodeIgniter\CodeIgniter->runController(Object(App\Controllers\SuperAdmin))
#10 F:\xammp\htdocs\Group6\system\CodeIgniter.php(354): CodeIgniter\CodeIgniter->handleRequest(NULL, Object(Config\Cache), false)
#11 F:\xammp\htdocs\Group6\system\Boot.php(363): CodeIgniter\CodeIgniter->run()
#12 F:\xammp\htdocs\Group6\system\Boot.php(68): CodeIgniter\Boot::runCodeIgniter(Object(CodeIgniter\CodeIgniter))
#13 F:\xammp\htdocs\Group6\index.php(61): CodeIgniter\Boot::bootWeb(Object(Config\Paths))
#14 {main}
ERROR - 2025-10-26 23:02:32 --> Failed to get roles: Table 'hospital_management.roles' doesn't exist
DEBUG - 2025-10-26 23:02:32 --> Session: Class initialized using 'CodeIgniter\Session\Handlers\FileHandler' driver.
ERROR - 2025-10-26 23:02:32 --> Roles page error: Invalid file: "SuperAdmin/roles.php"
CRITICAL - 2025-10-26 23:02:32 --> CodeIgniter\View\Exceptions\ViewException: Invalid file: "SuperAdmin/roles.php"
[Method: GET, Route: super-admin/roles]
in SYSTEMPATH\Exceptions\FrameworkException.php on line 39.
 1 SYSTEMPATH\View\View.php(214): CodeIgniter\Exceptions\FrameworkException::forInvalidFile('SuperAdmin/roles.php')
 2 SYSTEMPATH\Common.php(1167): CodeIgniter\View\View->render('SuperAdmin/roles', [], true)
 3 APPPATH\Controllers\SuperAdmin.php(55): view('SuperAdmin/roles', [...])
 4 APPPATH\Controllers\SuperAdmin.php(1221): App\Controllers\SuperAdmin->render('SuperAdmin/roles', [...])
 5 SYSTEMPATH\CodeIgniter.php(933): App\Controllers\SuperAdmin->roles()
 6 SYSTEMPATH\CodeIgniter.php(507): CodeIgniter\CodeIgniter->runController(Object(App\Controllers\SuperAdmin))
 7 SYSTEMPATH\CodeIgniter.php(354): CodeIgniter\CodeIgniter->handleRequest(null, Object(Config\Cache), false)
 8 SYSTEMPATH\Boot.php(363): CodeIgniter\CodeIgniter->run()
 9 SYSTEMPATH\Boot.php(68): CodeIgniter\Boot::runCodeIgniter(Object(CodeIgniter\CodeIgniter))
10 FCPATH\index.php(61): CodeIgniter\Boot::bootWeb(Object(Config\Paths))
DEBUG - 2025-10-26 23:02:35 --> Session: Class initialized using 'CodeIgniter\Session\Handlers\FileHandler' driver.
DEBUG - 2025-10-26 23:02:36 --> Session: Class initialized using 'CodeIgniter\Session\Handlers\FileHandler' driver.
ERROR - 2025-10-26 23:02:38 --> mysqli_sql_exception: Table 'hospital_management.roles' doesn't exist in F:\xammp\htdocs\Group6\system\Database\MySQLi\Connection.php:327
Stack trace:
#0 F:\xammp\htdocs\Group6\system\Database\MySQLi\Connection.php(327): mysqli->query('SELECT *\nFROM `...', 0)
#1 F:\xammp\htdocs\Group6\system\Database\BaseConnection.php(729): CodeIgniter\Database\MySQLi\Connection->execute('SELECT *\nFROM `...')
#2 F:\xammp\htdocs\Group6\system\Database\BaseConnection.php(646): CodeIgniter\Database\BaseConnection->simpleQuery('SELECT *\nFROM `...')
#3 F:\xammp\htdocs\Group6\system\Database\BaseBuilder.php(1649): CodeIgniter\Database\BaseConnection->query('SELECT *\nFROM `...', Array, false)
#4 F:\xammp\htdocs\Group6\system\Model.php(286): CodeIgniter\Database\BaseBuilder->get()
#5 F:\xammp\htdocs\Group6\system\BaseModel.php(677): CodeIgniter\Model->doFindAll(0, 0)
#6 F:\xammp\htdocs\Group6\app\Models\RoleModel.php(67): CodeIgniter\BaseModel->findAll()
#7 F:\xammp\htdocs\Group6\app\Controllers\SuperAdmin.php(1211): App\Models\RoleModel->getActiveRoles()
#8 F:\xammp\htdocs\Group6\system\CodeIgniter.php(933): App\Controllers\SuperAdmin->roles()
#9 F:\xammp\htdocs\Group6\system\CodeIgniter.php(507): CodeIgniter\CodeIgniter->runController(Object(App\Controllers\SuperAdmin))
#10 F:\xammp\htdocs\Group6\system\CodeIgniter.php(354): CodeIgniter\CodeIgniter->handleRequest(NULL, Object(Config\Cache), false)
#11 F:\xammp\htdocs\Group6\system\Boot.php(363): CodeIgniter\CodeIgniter->run()
#12 F:\xammp\htdocs\Group6\system\Boot.php(68): CodeIgniter\Boot::runCodeIgniter(Object(CodeIgniter\CodeIgniter))
#13 F:\xammp\htdocs\Group6\index.php(61): CodeIgniter\Boot::bootWeb(Object(Config\Paths))
#14 {main}
ERROR - 2025-10-26 23:02:38 --> Failed to get roles: Table 'hospital_management.roles' doesn't exist
DEBUG - 2025-10-26 23:02:38 --> Session: Class initialized using 'CodeIgniter\Session\Handlers\FileHandler' driver.
ERROR - 2025-10-26 23:02:38 --> Roles page error: Invalid file: "SuperAdmin/roles.php"
CRITICAL - 2025-10-26 23:02:38 --> CodeIgniter\View\Exceptions\ViewException: Invalid file: "SuperAdmin/roles.php"
[Method: GET, Route: super-admin/roles]
in SYSTEMPATH\Exceptions\FrameworkException.php on line 39.
 1 SYSTEMPATH\View\View.php(214): CodeIgniter\Exceptions\FrameworkException::forInvalidFile('SuperAdmin/roles.php')
 2 SYSTEMPATH\Common.php(1167): CodeIgniter\View\View->render('SuperAdmin/roles', [], true)
 3 APPPATH\Controllers\SuperAdmin.php(55): view('SuperAdmin/roles', [...])
 4 APPPATH\Controllers\SuperAdmin.php(1221): App\Controllers\SuperAdmin->render('SuperAdmin/roles', [...])
 5 SYSTEMPATH\CodeIgniter.php(933): App\Controllers\SuperAdmin->roles()
 6 SYSTEMPATH\CodeIgniter.php(507): CodeIgniter\CodeIgniter->runController(Object(App\Controllers\SuperAdmin))
 7 SYSTEMPATH\CodeIgniter.php(354): CodeIgniter\CodeIgniter->handleRequest(null, Object(Config\Cache), false)
 8 SYSTEMPATH\Boot.php(363): CodeIgniter\CodeIgniter->run()
 9 SYSTEMPATH\Boot.php(68): CodeIgniter\Boot::runCodeIgniter(Object(CodeIgniter\CodeIgniter))
10 FCPATH\index.php(61): CodeIgniter\Boot::bootWeb(Object(Config\Paths))
DEBUG - 2025-10-26 23:04:14 --> Session: Class initialized using 'CodeIgniter\Session\Handlers\FileHandler' driver.
DEBUG - 2025-10-26 23:07:36 --> Session: Class initialized using 'CodeIgniter\Session\Handlers\FileHandler' driver.
ERROR - 2025-10-26 23:07:37 --> mysqli_sql_exception: Table 'hospital_management.roles' doesn't exist in F:\xammp\htdocs\Group6\system\Database\MySQLi\Connection.php:327
Stack trace:
#0 F:\xammp\htdocs\Group6\system\Database\MySQLi\Connection.php(327): mysqli->query('SELECT *\nFROM `...', 0)
#1 F:\xammp\htdocs\Group6\system\Database\BaseConnection.php(729): CodeIgniter\Database\MySQLi\Connection->execute('SELECT *\nFROM `...')
#2 F:\xammp\htdocs\Group6\system\Database\BaseConnection.php(646): CodeIgniter\Database\BaseConnection->simpleQuery('SELECT *\nFROM `...')
#3 F:\xammp\htdocs\Group6\system\Database\BaseBuilder.php(1649): CodeIgniter\Database\BaseConnection->query('SELECT *\nFROM `...', Array, false)
#4 F:\xammp\htdocs\Group6\system\Model.php(286): CodeIgniter\Database\BaseBuilder->get()
#5 F:\xammp\htdocs\Group6\system\BaseModel.php(677): CodeIgniter\Model->doFindAll(0, 0)
#6 F:\xammp\htdocs\Group6\app\Models\RoleModel.php(67): CodeIgniter\BaseModel->findAll()
#7 F:\xammp\htdocs\Group6\app\Controllers\SuperAdmin.php(1211): App\Models\RoleModel->getActiveRoles()
#8 F:\xammp\htdocs\Group6\system\CodeIgniter.php(933): App\Controllers\SuperAdmin->roles()
#9 F:\xammp\htdocs\Group6\system\CodeIgniter.php(507): CodeIgniter\CodeIgniter->runController(Object(App\Controllers\SuperAdmin))
#10 F:\xammp\htdocs\Group6\system\CodeIgniter.php(354): CodeIgniter\CodeIgniter->handleRequest(NULL, Object(Config\Cache), false)
#11 F:\xammp\htdocs\Group6\system\Boot.php(363): CodeIgniter\CodeIgniter->run()
#12 F:\xammp\htdocs\Group6\system\Boot.php(68): CodeIgniter\Boot::runCodeIgniter(Object(CodeIgniter\CodeIgniter))
#13 F:\xammp\htdocs\Group6\index.php(61): CodeIgniter\Boot::bootWeb(Object(Config\Paths))
#14 {main}
ERROR - 2025-10-26 23:07:37 --> Failed to get roles: Table 'hospital_management.roles' doesn't exist
DEBUG - 2025-10-26 23:07:37 --> Session: Class initialized using 'CodeIgniter\Session\Handlers\FileHandler' driver.
ERROR - 2025-10-26 23:07:37 --> Roles page error: Invalid file: "SuperAdmin/roles.php"
CRITICAL - 2025-10-26 23:07:37 --> CodeIgniter\View\Exceptions\ViewException: Invalid file: "SuperAdmin/roles.php"
[Method: GET, Route: super-admin/roles]
in SYSTEMPATH\Exceptions\FrameworkException.php on line 39.
 1 SYSTEMPATH\View\View.php(214): CodeIgniter\Exceptions\FrameworkException::forInvalidFile('SuperAdmin/roles.php')
 2 SYSTEMPATH\Common.php(1167): CodeIgniter\View\View->render('SuperAdmin/roles', [], true)
 3 APPPATH\Controllers\SuperAdmin.php(55): view('SuperAdmin/roles', [...])
 4 APPPATH\Controllers\SuperAdmin.php(1221): App\Controllers\SuperAdmin->render('SuperAdmin/roles', [...])
 5 SYSTEMPATH\CodeIgniter.php(933): App\Controllers\SuperAdmin->roles()
 6 SYSTEMPATH\CodeIgniter.php(507): CodeIgniter\CodeIgniter->runController(Object(App\Controllers\SuperAdmin))
 7 SYSTEMPATH\CodeIgniter.php(354): CodeIgniter\CodeIgniter->handleRequest(null, Object(Config\Cache), false)
 8 SYSTEMPATH\Boot.php(363): CodeIgniter\CodeIgniter->run()
 9 SYSTEMPATH\Boot.php(68): CodeIgniter\Boot::runCodeIgniter(Object(CodeIgniter\CodeIgniter))
10 FCPATH\index.php(61): CodeIgniter\Boot::bootWeb(Object(Config\Paths))
DEBUG - 2025-10-26 23:07:38 --> Session: Class initialized using 'CodeIgniter\Session\Handlers\FileHandler' driver.
DEBUG - 2025-10-26 23:07:38 --> Session: Class initialized using 'CodeIgniter\Session\Handlers\FileHandler' driver.
DEBUG - 2025-10-26 23:07:42 --> Session: Class initialized using 'CodeIgniter\Session\Handlers\FileHandler' driver.
DEBUG - 2025-10-26 23:07:43 --> Session: Class initialized using 'CodeIgniter\Session\Handlers\FileHandler' driver.
ERROR - 2025-10-26 23:07:44 --> mysqli_sql_exception: Table 'hospital_management.roles' doesn't exist in F:\xammp\htdocs\Group6\system\Database\MySQLi\Connection.php:327
Stack trace:
#0 F:\xammp\htdocs\Group6\system\Database\MySQLi\Connection.php(327): mysqli->query('SELECT *\nFROM `...', 0)
#1 F:\xammp\htdocs\Group6\system\Database\BaseConnection.php(729): CodeIgniter\Database\MySQLi\Connection->execute('SELECT *\nFROM `...')
#2 F:\xammp\htdocs\Group6\system\Database\BaseConnection.php(646): CodeIgniter\Database\BaseConnection->simpleQuery('SELECT *\nFROM `...')
#3 F:\xammp\htdocs\Group6\system\Database\BaseBuilder.php(1649): CodeIgniter\Database\BaseConnection->query('SELECT *\nFROM `...', Array, false)
#4 F:\xammp\htdocs\Group6\system\Model.php(286): CodeIgniter\Database\BaseBuilder->get()
#5 F:\xammp\htdocs\Group6\system\BaseModel.php(677): CodeIgniter\Model->doFindAll(0, 0)
#6 F:\xammp\htdocs\Group6\app\Models\RoleModel.php(67): CodeIgniter\BaseModel->findAll()
#7 F:\xammp\htdocs\Group6\app\Controllers\SuperAdmin.php(1211): App\Models\RoleModel->getActiveRoles()
#8 F:\xammp\htdocs\Group6\system\CodeIgniter.php(933): App\Controllers\SuperAdmin->roles()
#9 F:\xammp\htdocs\Group6\system\CodeIgniter.php(507): CodeIgniter\CodeIgniter->runController(Object(App\Controllers\SuperAdmin))
#10 F:\xammp\htdocs\Group6\system\CodeIgniter.php(354): CodeIgniter\CodeIgniter->handleRequest(NULL, Object(Config\Cache), false)
#11 F:\xammp\htdocs\Group6\system\Boot.php(363): CodeIgniter\CodeIgniter->run()
#12 F:\xammp\htdocs\Group6\system\Boot.php(68): CodeIgniter\Boot::runCodeIgniter(Object(CodeIgniter\CodeIgniter))
#13 F:\xammp\htdocs\Group6\index.php(61): CodeIgniter\Boot::bootWeb(Object(Config\Paths))
#14 {main}
ERROR - 2025-10-26 23:07:44 --> Failed to get roles: Table 'hospital_management.roles' doesn't exist
DEBUG - 2025-10-26 23:07:44 --> Session: Class initialized using 'CodeIgniter\Session\Handlers\FileHandler' driver.
ERROR - 2025-10-26 23:07:44 --> Roles page error: Invalid file: "SuperAdmin/roles.php"
CRITICAL - 2025-10-26 23:07:44 --> CodeIgniter\View\Exceptions\ViewException: Invalid file: "SuperAdmin/roles.php"
[Method: GET, Route: super-admin/roles]
in SYSTEMPATH\Exceptions\FrameworkException.php on line 39.
 1 SYSTEMPATH\View\View.php(214): CodeIgniter\Exceptions\FrameworkException::forInvalidFile('SuperAdmin/roles.php')
 2 SYSTEMPATH\Common.php(1167): CodeIgniter\View\View->render('SuperAdmin/roles', [], true)
 3 APPPATH\Controllers\SuperAdmin.php(55): view('SuperAdmin/roles', [...])
 4 APPPATH\Controllers\SuperAdmin.php(1221): App\Controllers\SuperAdmin->render('SuperAdmin/roles', [...])
 5 SYSTEMPATH\CodeIgniter.php(933): App\Controllers\SuperAdmin->roles()
 6 SYSTEMPATH\CodeIgniter.php(507): CodeIgniter\CodeIgniter->runController(Object(App\Controllers\SuperAdmin))
 7 SYSTEMPATH\CodeIgniter.php(354): CodeIgniter\CodeIgniter->handleRequest(null, Object(Config\Cache), false)
 8 SYSTEMPATH\Boot.php(363): CodeIgniter\CodeIgniter->run()
 9 SYSTEMPATH\Boot.php(68): CodeIgniter\Boot::runCodeIgniter(Object(CodeIgniter\CodeIgniter))
10 FCPATH\index.php(61): CodeIgniter\Boot::bootWeb(Object(Config\Paths))
DEBUG - 2025-10-26 23:07:45 --> Session: Class initialized using 'CodeIgniter\Session\Handlers\FileHandler' driver.
DEBUG - 2025-10-26 23:07:53 --> Session: Class initialized using 'CodeIgniter\Session\Handlers\FileHandler' driver.
DEBUG - 2025-10-26 23:07:58 --> Session: Class initialized using 'CodeIgniter\Session\Handlers\FileHandler' driver.
ERROR - 2025-10-26 23:07:58 --> mysqli_sql_exception: Table 'hospital_management.roles' doesn't exist in F:\xammp\htdocs\Group6\system\Database\MySQLi\Connection.php:327
Stack trace:
#0 F:\xammp\htdocs\Group6\system\Database\MySQLi\Connection.php(327): mysqli->query('SELECT *\nFROM `...', 0)
#1 F:\xammp\htdocs\Group6\system\Database\BaseConnection.php(729): CodeIgniter\Database\MySQLi\Connection->execute('SELECT *\nFROM `...')
#2 F:\xammp\htdocs\Group6\system\Database\BaseConnection.php(646): CodeIgniter\Database\BaseConnection->simpleQuery('SELECT *\nFROM `...')
#3 F:\xammp\htdocs\Group6\system\Database\BaseBuilder.php(1649): CodeIgniter\Database\BaseConnection->query('SELECT *\nFROM `...', Array, false)
#4 F:\xammp\htdocs\Group6\system\Model.php(286): CodeIgniter\Database\BaseBuilder->get()
#5 F:\xammp\htdocs\Group6\system\BaseModel.php(677): CodeIgniter\Model->doFindAll(0, 0)
#6 F:\xammp\htdocs\Group6\app\Models\RoleModel.php(67): CodeIgniter\BaseModel->findAll()
#7 F:\xammp\htdocs\Group6\app\Controllers\SuperAdmin.php(1211): App\Models\RoleModel->getActiveRoles()
#8 F:\xammp\htdocs\Group6\system\CodeIgniter.php(933): App\Controllers\SuperAdmin->roles()
#9 F:\xammp\htdocs\Group6\system\CodeIgniter.php(507): CodeIgniter\CodeIgniter->runController(Object(App\Controllers\SuperAdmin))
#10 F:\xammp\htdocs\Group6\system\CodeIgniter.php(354): CodeIgniter\CodeIgniter->handleRequest(NULL, Object(Config\Cache), false)
#11 F:\xammp\htdocs\Group6\system\Boot.php(363): CodeIgniter\CodeIgniter->run()
#12 F:\xammp\htdocs\Group6\system\Boot.php(68): CodeIgniter\Boot::runCodeIgniter(Object(CodeIgniter\CodeIgniter))
#13 F:\xammp\htdocs\Group6\index.php(61): CodeIgniter\Boot::bootWeb(Object(Config\Paths))
#14 {main}
ERROR - 2025-10-26 23:07:58 --> Failed to get roles: Table 'hospital_management.roles' doesn't exist
DEBUG - 2025-10-26 23:07:58 --> Session: Class initialized using 'CodeIgniter\Session\Handlers\FileHandler' driver.
ERROR - 2025-10-26 23:07:58 --> Roles page error: Invalid file: "SuperAdmin/roles.php"
CRITICAL - 2025-10-26 23:07:58 --> CodeIgniter\View\Exceptions\ViewException: Invalid file: "SuperAdmin/roles.php"
[Method: GET, Route: super-admin/roles]
in SYSTEMPATH\Exceptions\FrameworkException.php on line 39.
 1 SYSTEMPATH\View\View.php(214): CodeIgniter\Exceptions\FrameworkException::forInvalidFile('SuperAdmin/roles.php')
 2 SYSTEMPATH\Common.php(1167): CodeIgniter\View\View->render('SuperAdmin/roles', [], true)
 3 APPPATH\Controllers\SuperAdmin.php(55): view('SuperAdmin/roles', [...])
 4 APPPATH\Controllers\SuperAdmin.php(1221): App\Controllers\SuperAdmin->render('SuperAdmin/roles', [...])
 5 SYSTEMPATH\CodeIgniter.php(933): App\Controllers\SuperAdmin->roles()
 6 SYSTEMPATH\CodeIgniter.php(507): CodeIgniter\CodeIgniter->runController(Object(App\Controllers\SuperAdmin))
 7 SYSTEMPATH\CodeIgniter.php(354): CodeIgniter\CodeIgniter->handleRequest(null, Object(Config\Cache), false)
 8 SYSTEMPATH\Boot.php(363): CodeIgniter\CodeIgniter->run()
 9 SYSTEMPATH\Boot.php(68): CodeIgniter\Boot::runCodeIgniter(Object(CodeIgniter\CodeIgniter))
10 FCPATH\index.php(61): CodeIgniter\Boot::bootWeb(Object(Config\Paths))
DEBUG - 2025-10-26 23:08:05 --> Session: Class initialized using 'CodeIgniter\Session\Handlers\FileHandler' driver.
DEBUG - 2025-10-26 23:08:12 --> Session: Class initialized using 'CodeIgniter\Session\Handlers\FileHandler' driver.
DEBUG - 2025-10-26 23:08:14 --> Session: Class initialized using 'CodeIgniter\Session\Handlers\FileHandler' driver.
ERROR - 2025-10-26 23:08:14 --> mysqli_sql_exception: Table 'hospital_management.roles' doesn't exist in F:\xammp\htdocs\Group6\system\Database\MySQLi\Connection.php:327
Stack trace:
#0 F:\xammp\htdocs\Group6\system\Database\MySQLi\Connection.php(327): mysqli->query('SELECT *\nFROM `...', 0)
#1 F:\xammp\htdocs\Group6\system\Database\BaseConnection.php(729): CodeIgniter\Database\MySQLi\Connection->execute('SELECT *\nFROM `...')
#2 F:\xammp\htdocs\Group6\system\Database\BaseConnection.php(646): CodeIgniter\Database\BaseConnection->simpleQuery('SELECT *\nFROM `...')
#3 F:\xammp\htdocs\Group6\system\Database\BaseBuilder.php(1649): CodeIgniter\Database\BaseConnection->query('SELECT *\nFROM `...', Array, false)
#4 F:\xammp\htdocs\Group6\system\Model.php(286): CodeIgniter\Database\BaseBuilder->get()
#5 F:\xammp\htdocs\Group6\system\BaseModel.php(677): CodeIgniter\Model->doFindAll(0, 0)
#6 F:\xammp\htdocs\Group6\app\Models\RoleModel.php(67): CodeIgniter\BaseModel->findAll()
#7 F:\xammp\htdocs\Group6\app\Controllers\SuperAdmin.php(1211): App\Models\RoleModel->getActiveRoles()
#8 F:\xammp\htdocs\Group6\system\CodeIgniter.php(933): App\Controllers\SuperAdmin->roles()
#9 F:\xammp\htdocs\Group6\system\CodeIgniter.php(507): CodeIgniter\CodeIgniter->runController(Object(App\Controllers\SuperAdmin))
#10 F:\xammp\htdocs\Group6\system\CodeIgniter.php(354): CodeIgniter\CodeIgniter->handleRequest(NULL, Object(Config\Cache), false)
#11 F:\xammp\htdocs\Group6\system\Boot.php(363): CodeIgniter\CodeIgniter->run()
#12 F:\xammp\htdocs\Group6\system\Boot.php(68): CodeIgniter\Boot::runCodeIgniter(Object(CodeIgniter\CodeIgniter))
#13 F:\xammp\htdocs\Group6\index.php(61): CodeIgniter\Boot::bootWeb(Object(Config\Paths))
#14 {main}
ERROR - 2025-10-26 23:08:14 --> Failed to get roles: Table 'hospital_management.roles' doesn't exist
DEBUG - 2025-10-26 23:08:14 --> Session: Class initialized using 'CodeIgniter\Session\Handlers\FileHandler' driver.
ERROR - 2025-10-26 23:08:14 --> Roles page error: Invalid file: "SuperAdmin/roles.php"
CRITICAL - 2025-10-26 23:08:14 --> CodeIgniter\View\Exceptions\ViewException: Invalid file: "SuperAdmin/roles.php"
[Method: GET, Route: super-admin/roles]
in SYSTEMPATH\Exceptions\FrameworkException.php on line 39.
 1 SYSTEMPATH\View\View.php(214): CodeIgniter\Exceptions\FrameworkException::forInvalidFile('SuperAdmin/roles.php')
 2 SYSTEMPATH\Common.php(1167): CodeIgniter\View\View->render('SuperAdmin/roles', [], true)
 3 APPPATH\Controllers\SuperAdmin.php(55): view('SuperAdmin/roles', [...])
 4 APPPATH\Controllers\SuperAdmin.php(1221): App\Controllers\SuperAdmin->render('SuperAdmin/roles', [...])
 5 SYSTEMPATH\CodeIgniter.php(933): App\Controllers\SuperAdmin->roles()
 6 SYSTEMPATH\CodeIgniter.php(507): CodeIgniter\CodeIgniter->runController(Object(App\Controllers\SuperAdmin))
 7 SYSTEMPATH\CodeIgniter.php(354): CodeIgniter\CodeIgniter->handleRequest(null, Object(Config\Cache), false)
 8 SYSTEMPATH\Boot.php(363): CodeIgniter\CodeIgniter->run()
 9 SYSTEMPATH\Boot.php(68): CodeIgniter\Boot::runCodeIgniter(Object(CodeIgniter\CodeIgniter))
10 FCPATH\index.php(61): CodeIgniter\Boot::bootWeb(Object(Config\Paths))
DEBUG - 2025-10-26 23:08:15 --> Session: Class initialized using 'CodeIgniter\Session\Handlers\FileHandler' driver.
DEBUG - 2025-10-26 23:17:49 --> Session: Class initialized using 'CodeIgniter\Session\Handlers\FileHandler' driver.
DEBUG - 2025-10-26 23:44:58 --> Session: Class initialized using 'CodeIgniter\Session\Handlers\FileHandler' driver.
DEBUG - 2025-10-26 23:44:58 --> Session: Class initialized using 'CodeIgniter\Session\Handlers\FileHandler' driver.
ERROR - 2025-10-26 23:44:58 --> mysqli_sql_exception: Table 'hospital_management.roles' doesn't exist in F:\xammp\htdocs\Group6\system\Database\MySQLi\Connection.php:327
Stack trace:
#0 F:\xammp\htdocs\Group6\system\Database\MySQLi\Connection.php(327): mysqli->query('SELECT *\nFROM `...', 0)
#1 F:\xammp\htdocs\Group6\system\Database\BaseConnection.php(729): CodeIgniter\Database\MySQLi\Connection->execute('SELECT *\nFROM `...')
#2 F:\xammp\htdocs\Group6\system\Database\BaseConnection.php(646): CodeIgniter\Database\BaseConnection->simpleQuery('SELECT *\nFROM `...')
#3 F:\xammp\htdocs\Group6\system\Database\BaseBuilder.php(1649): CodeIgniter\Database\BaseConnection->query('SELECT *\nFROM `...', Array, false)
#4 F:\xammp\htdocs\Group6\system\Model.php(286): CodeIgniter\Database\BaseBuilder->get()
#5 F:\xammp\htdocs\Group6\system\BaseModel.php(677): CodeIgniter\Model->doFindAll(0, 0)
#6 F:\xammp\htdocs\Group6\app\Models\RoleModel.php(67): CodeIgniter\BaseModel->findAll()
#7 F:\xammp\htdocs\Group6\app\Controllers\SuperAdmin.php(1211): App\Models\RoleModel->getActiveRoles()
#8 F:\xammp\htdocs\Group6\system\CodeIgniter.php(933): App\Controllers\SuperAdmin->roles()
#9 F:\xammp\htdocs\Group6\system\CodeIgniter.php(507): CodeIgniter\CodeIgniter->runController(Object(App\Controllers\SuperAdmin))
#10 F:\xammp\htdocs\Group6\system\CodeIgniter.php(354): CodeIgniter\CodeIgniter->handleRequest(NULL, Object(Config\Cache), false)
#11 F:\xammp\htdocs\Group6\system\Boot.php(363): CodeIgniter\CodeIgniter->run()
#12 F:\xammp\htdocs\Group6\system\Boot.php(68): CodeIgniter\Boot::runCodeIgniter(Object(CodeIgniter\CodeIgniter))
#13 F:\xammp\htdocs\Group6\index.php(61): CodeIgniter\Boot::bootWeb(Object(Config\Paths))
#14 {main}
ERROR - 2025-10-26 23:44:58 --> Failed to get roles: Table 'hospital_management.roles' doesn't exist
DEBUG - 2025-10-26 23:44:58 --> Session: Class initialized using 'CodeIgniter\Session\Handlers\FileHandler' driver.
ERROR - 2025-10-26 23:44:58 --> Roles page error: Invalid file: "SuperAdmin/roles.php"
CRITICAL - 2025-10-26 23:44:58 --> CodeIgniter\View\Exceptions\ViewException: Invalid file: "SuperAdmin/roles.php"
[Method: GET, Route: super-admin/roles]
in SYSTEMPATH\Exceptions\FrameworkException.php on line 39.
 1 SYSTEMPATH\View\View.php(214): CodeIgniter\Exceptions\FrameworkException::forInvalidFile('SuperAdmin/roles.php')
 2 SYSTEMPATH\Common.php(1167): CodeIgniter\View\View->render('SuperAdmin/roles', [], true)
 3 APPPATH\Controllers\SuperAdmin.php(55): view('SuperAdmin/roles', [...])
 4 APPPATH\Controllers\SuperAdmin.php(1221): App\Controllers\SuperAdmin->render('SuperAdmin/roles', [...])
 5 SYSTEMPATH\CodeIgniter.php(933): App\Controllers\SuperAdmin->roles()
 6 SYSTEMPATH\CodeIgniter.php(507): CodeIgniter\CodeIgniter->runController(Object(App\Controllers\SuperAdmin))
 7 SYSTEMPATH\CodeIgniter.php(354): CodeIgniter\CodeIgniter->handleRequest(null, Object(Config\Cache), false)
 8 SYSTEMPATH\Boot.php(363): CodeIgniter\CodeIgniter->run()
 9 SYSTEMPATH\Boot.php(68): CodeIgniter\Boot::runCodeIgniter(Object(CodeIgniter\CodeIgniter))
10 FCPATH\index.php(61): CodeIgniter\Boot::bootWeb(Object(Config\Paths))
DEBUG - 2025-10-26 23:45:00 --> Session: Class initialized using 'CodeIgniter\Session\Handlers\FileHandler' driver.
DEBUG - 2025-10-26 23:45:02 --> Session: Class initialized using 'CodeIgniter\Session\Handlers\FileHandler' driver.
DEBUG - 2025-10-26 23:49:04 --> Session: Class initialized using 'CodeIgniter\Session\Handlers\FileHandler' driver.
DEBUG - 2025-10-26 23:49:27 --> Session: Class initialized using 'CodeIgniter\Session\Handlers\FileHandler' driver.
ERROR - 2025-10-26 23:49:27 --> mysqli_sql_exception: Table 'hospital_management.roles' doesn't exist in F:\xammp\htdocs\Group6\system\Database\MySQLi\Connection.php:327
Stack trace:
#0 F:\xammp\htdocs\Group6\system\Database\MySQLi\Connection.php(327): mysqli->query('SELECT *\nFROM `...', 0)
#1 F:\xammp\htdocs\Group6\system\Database\BaseConnection.php(729): CodeIgniter\Database\MySQLi\Connection->execute('SELECT *\nFROM `...')
#2 F:\xammp\htdocs\Group6\system\Database\BaseConnection.php(646): CodeIgniter\Database\BaseConnection->simpleQuery('SELECT *\nFROM `...')
#3 F:\xammp\htdocs\Group6\system\Database\BaseBuilder.php(1649): CodeIgniter\Database\BaseConnection->query('SELECT *\nFROM `...', Array, false)
#4 F:\xammp\htdocs\Group6\system\Model.php(286): CodeIgniter\Database\BaseBuilder->get()
#5 F:\xammp\htdocs\Group6\system\BaseModel.php(677): CodeIgniter\Model->doFindAll(0, 0)
#6 F:\xammp\htdocs\Group6\app\Models\RoleModel.php(67): CodeIgniter\BaseModel->findAll()
#7 F:\xammp\htdocs\Group6\app\Controllers\SuperAdmin.php(1211): App\Models\RoleModel->getActiveRoles()
#8 F:\xammp\htdocs\Group6\system\CodeIgniter.php(933): App\Controllers\SuperAdmin->roles()
#9 F:\xammp\htdocs\Group6\system\CodeIgniter.php(507): CodeIgniter\CodeIgniter->runController(Object(App\Controllers\SuperAdmin))
#10 F:\xammp\htdocs\Group6\system\CodeIgniter.php(354): CodeIgniter\CodeIgniter->handleRequest(NULL, Object(Config\Cache), false)
#11 F:\xammp\htdocs\Group6\system\Boot.php(363): CodeIgniter\CodeIgniter->run()
#12 F:\xammp\htdocs\Group6\system\Boot.php(68): CodeIgniter\Boot::runCodeIgniter(Object(CodeIgniter\CodeIgniter))
#13 F:\xammp\htdocs\Group6\index.php(61): CodeIgniter\Boot::bootWeb(Object(Config\Paths))
#14 {main}
ERROR - 2025-10-26 23:49:27 --> Failed to get roles: Table 'hospital_management.roles' doesn't exist
DEBUG - 2025-10-26 23:49:27 --> Session: Class initialized using 'CodeIgniter\Session\Handlers\FileHandler' driver.
ERROR - 2025-10-26 23:49:27 --> Roles page error: Invalid file: "SuperAdmin/roles.php"
CRITICAL - 2025-10-26 23:49:27 --> CodeIgniter\View\Exceptions\ViewException: Invalid file: "SuperAdmin/roles.php"
[Method: GET, Route: super-admin/roles]
in SYSTEMPATH\Exceptions\FrameworkException.php on line 39.
 1 SYSTEMPATH\View\View.php(214): CodeIgniter\Exceptions\FrameworkException::forInvalidFile('SuperAdmin/roles.php')
 2 SYSTEMPATH\Common.php(1167): CodeIgniter\View\View->render('SuperAdmin/roles', [], true)
 3 APPPATH\Controllers\SuperAdmin.php(55): view('SuperAdmin/roles', [...])
 4 APPPATH\Controllers\SuperAdmin.php(1221): App\Controllers\SuperAdmin->render('SuperAdmin/roles', [...])
 5 SYSTEMPATH\CodeIgniter.php(933): App\Controllers\SuperAdmin->roles()
 6 SYSTEMPATH\CodeIgniter.php(507): CodeIgniter\CodeIgniter->runController(Object(App\Controllers\SuperAdmin))
 7 SYSTEMPATH\CodeIgniter.php(354): CodeIgniter\CodeIgniter->handleRequest(null, Object(Config\Cache), false)
 8 SYSTEMPATH\Boot.php(363): CodeIgniter\CodeIgniter->run()
 9 SYSTEMPATH\Boot.php(68): CodeIgniter\Boot::runCodeIgniter(Object(CodeIgniter\CodeIgniter))
10 FCPATH\index.php(61): CodeIgniter\Boot::bootWeb(Object(Config\Paths))
DEBUG - 2025-10-26 23:55:07 --> Session: Class initialized using 'CodeIgniter\Session\Handlers\FileHandler' driver.
DEBUG - 2025-10-26 23:55:07 --> Session: Class initialized using 'CodeIgniter\Session\Handlers\FileHandler' driver.
DEBUG - 2025-10-26 23:55:07 --> Session: Class initialized using 'CodeIgniter\Session\Handlers\FileHandler' driver.
DEBUG - 2025-10-26 23:55:08 --> Session: Class initialized using 'CodeIgniter\Session\Handlers\FileHandler' driver.
DEBUG - 2025-10-26 23:55:37 --> Session: Class initialized using 'CodeIgniter\Session\Handlers\FileHandler' driver.
ERROR - 2025-10-26 23:55:37 --> mysqli_sql_exception: Table 'hospital_management.roles' doesn't exist in F:\xammp\htdocs\Group6\system\Database\MySQLi\Connection.php:327
Stack trace:
#0 F:\xammp\htdocs\Group6\system\Database\MySQLi\Connection.php(327): mysqli->query('SELECT *\nFROM `...', 0)
#1 F:\xammp\htdocs\Group6\system\Database\BaseConnection.php(729): CodeIgniter\Database\MySQLi\Connection->execute('SELECT *\nFROM `...')
#2 F:\xammp\htdocs\Group6\system\Database\BaseConnection.php(646): CodeIgniter\Database\BaseConnection->simpleQuery('SELECT *\nFROM `...')
#3 F:\xammp\htdocs\Group6\system\Database\BaseBuilder.php(1649): CodeIgniter\Database\BaseConnection->query('SELECT *\nFROM `...', Array, false)
#4 F:\xammp\htdocs\Group6\system\Model.php(286): CodeIgniter\Database\BaseBuilder->get()
#5 F:\xammp\htdocs\Group6\system\BaseModel.php(677): CodeIgniter\Model->doFindAll(0, 0)
#6 F:\xammp\htdocs\Group6\app\Models\RoleModel.php(67): CodeIgniter\BaseModel->findAll()
#7 F:\xammp\htdocs\Group6\app\Controllers\SuperAdmin.php(1211): App\Models\RoleModel->getActiveRoles()
#8 F:\xammp\htdocs\Group6\system\CodeIgniter.php(933): App\Controllers\SuperAdmin->roles()
#9 F:\xammp\htdocs\Group6\system\CodeIgniter.php(507): CodeIgniter\CodeIgniter->runController(Object(App\Controllers\SuperAdmin))
#10 F:\xammp\htdocs\Group6\system\CodeIgniter.php(354): CodeIgniter\CodeIgniter->handleRequest(NULL, Object(Config\Cache), false)
#11 F:\xammp\htdocs\Group6\system\Boot.php(363): CodeIgniter\CodeIgniter->run()
#12 F:\xammp\htdocs\Group6\system\Boot.php(68): CodeIgniter\Boot::runCodeIgniter(Object(CodeIgniter\CodeIgniter))
#13 F:\xammp\htdocs\Group6\index.php(61): CodeIgniter\Boot::bootWeb(Object(Config\Paths))
#14 {main}
ERROR - 2025-10-26 23:55:37 --> Failed to get roles: Table 'hospital_management.roles' doesn't exist
DEBUG - 2025-10-26 23:55:37 --> Session: Class initialized using 'CodeIgniter\Session\Handlers\FileHandler' driver.
ERROR - 2025-10-26 23:55:37 --> Roles page error: Invalid file: "SuperAdmin/roles.php"
CRITICAL - 2025-10-26 23:55:37 --> CodeIgniter\View\Exceptions\ViewException: Invalid file: "SuperAdmin/roles.php"
[Method: GET, Route: super-admin/roles]
in SYSTEMPATH\Exceptions\FrameworkException.php on line 39.
 1 SYSTEMPATH\View\View.php(214): CodeIgniter\Exceptions\FrameworkException::forInvalidFile('SuperAdmin/roles.php')
 2 SYSTEMPATH\Common.php(1167): CodeIgniter\View\View->render('SuperAdmin/roles', [], true)
 3 APPPATH\Controllers\SuperAdmin.php(55): view('SuperAdmin/roles', [...])
 4 APPPATH\Controllers\SuperAdmin.php(1221): App\Controllers\SuperAdmin->render('SuperAdmin/roles', [...])
 5 SYSTEMPATH\CodeIgniter.php(933): App\Controllers\SuperAdmin->roles()
 6 SYSTEMPATH\CodeIgniter.php(507): CodeIgniter\CodeIgniter->runController(Object(App\Controllers\SuperAdmin))
 7 SYSTEMPATH\CodeIgniter.php(354): CodeIgniter\CodeIgniter->handleRequest(null, Object(Config\Cache), false)
 8 SYSTEMPATH\Boot.php(363): CodeIgniter\CodeIgniter->run()
 9 SYSTEMPATH\Boot.php(68): CodeIgniter\Boot::runCodeIgniter(Object(CodeIgniter\CodeIgniter))
10 FCPATH\index.php(61): CodeIgniter\Boot::bootWeb(Object(Config\Paths))
DEBUG - 2025-10-26 23:55:38 --> Session: Class initialized using 'CodeIgniter\Session\Handlers\FileHandler' driver.
DEBUG - 2025-10-26 23:55:39 --> Session: Class initialized using 'CodeIgniter\Session\Handlers\FileHandler' driver.
DEBUG - 2025-10-26 23:56:41 --> Session: Class initialized using 'CodeIgniter\Session\Handlers\FileHandler' driver.
ERROR - 2025-10-26 23:56:45 --> mysqli_sql_exception: Unknown column 'd.full_name' in 'field list' in F:\xammp\htdocs\Group6\system\Database\MySQLi\Connection.php:327
Stack trace:
#0 F:\xammp\htdocs\Group6\system\Database\MySQLi\Connection.php(327): mysqli->query('SELECT `a`.`id`...', 0)
#1 F:\xammp\htdocs\Group6\system\Database\BaseConnection.php(729): CodeIgniter\Database\MySQLi\Connection->execute('SELECT `a`.`id`...')
#2 F:\xammp\htdocs\Group6\system\Database\BaseConnection.php(646): CodeIgniter\Database\BaseConnection->simpleQuery('SELECT `a`.`id`...')
#3 F:\xammp\htdocs\Group6\system\Database\BaseBuilder.php(1649): CodeIgniter\Database\BaseConnection->query('SELECT `a`.`id`...', Array, false)
#4 F:\xammp\htdocs\Group6\app\Controllers\Admin.php(26): CodeIgniter\Database\BaseBuilder->get()
#5 F:\xammp\htdocs\Group6\system\CodeIgniter.php(933): App\Controllers\Admin->dashboard()
#6 F:\xammp\htdocs\Group6\system\CodeIgniter.php(507): CodeIgniter\CodeIgniter->runController(Object(App\Controllers\Admin))
#7 F:\xammp\htdocs\Group6\system\CodeIgniter.php(354): CodeIgniter\CodeIgniter->handleRequest(NULL, Object(Config\Cache), false)
#8 F:\xammp\htdocs\Group6\system\Boot.php(363): CodeIgniter\CodeIgniter->run()
#9 F:\xammp\htdocs\Group6\system\Boot.php(68): CodeIgniter\Boot::runCodeIgniter(Object(CodeIgniter\CodeIgniter))
#10 F:\xammp\htdocs\Group6\index.php(61): CodeIgniter\Boot::bootWeb(Object(Config\Paths))
#11 {main}
CRITICAL - 2025-10-26 23:56:45 --> CodeIgniter\Database\Exceptions\DatabaseException: Unknown column 'd.full_name' in 'field list'
[Method: GET, Route: admin/dashboard]
in SYSTEMPATH\Database\BaseConnection.php on line 684.
 1 SYSTEMPATH\Database\BaseBuilder.php(1649): CodeIgniter\Database\BaseConnection->query('SELECT `a`.`id`, `a`.`appointment_date`, `a`.`status`, `p`.`first_name` as `patient_first_name`, `p`.`last_name` as `patient_last_name`, `d`.`full_name` as `doctor_name`
FROM `appointments` `a`
LEFT JOIN `patients` `p` ON `p`.`id` = `a`.`patient_id`
LEFT JOIN `doctors` `d` ON `d`.`id` = `a`.`doctor_id`
ORDER BY `a`.`appointment_date` DESC
 LIMIT 5', [], false)
 2 APPPATH\Controllers\Admin.php(26): CodeIgniter\Database\BaseBuilder->get()
 3 SYSTEMPATH\CodeIgniter.php(933): App\Controllers\Admin->dashboard()
 4 SYSTEMPATH\CodeIgniter.php(507): CodeIgniter\CodeIgniter->runController(Object(App\Controllers\Admin))
 5 SYSTEMPATH\CodeIgniter.php(354): CodeIgniter\CodeIgniter->handleRequest(null, Object(Config\Cache), false)
 6 SYSTEMPATH\Boot.php(363): CodeIgniter\CodeIgniter->run()
 7 SYSTEMPATH\Boot.php(68): CodeIgniter\Boot::runCodeIgniter(Object(CodeIgniter\CodeIgniter))
 8 FCPATH\index.php(61): CodeIgniter\Boot::bootWeb(Object(Config\Paths))
CRITICAL - 2025-10-26 23:56:45 --> [Caused by] CodeIgniter\Database\Exceptions\DatabaseException: Unknown column 'd.full_name' in 'field list'
in SYSTEMPATH\Database\MySQLi\Connection.php on line 332.
 1 SYSTEMPATH\Database\BaseConnection.php(729): CodeIgniter\Database\MySQLi\Connection->execute('SELECT `a`.`id`, `a`.`appointment_date`, `a`.`status`, `p`.`first_name` as `patient_first_name`, `p`.`last_name` as `patient_last_name`, `d`.`full_name` as `doctor_name`
FROM `appointments` `a`
LEFT JOIN `patients` `p` ON `p`.`id` = `a`.`patient_id`
LEFT JOIN `doctors` `d` ON `d`.`id` = `a`.`doctor_id`
ORDER BY `a`.`appointment_date` DESC
 LIMIT 5')
 2 SYSTEMPATH\Database\BaseConnection.php(646): CodeIgniter\Database\BaseConnection->simpleQuery('SELECT `a`.`id`, `a`.`appointment_date`, `a`.`status`, `p`.`first_name` as `patient_first_name`, `p`.`last_name` as `patient_last_name`, `d`.`full_name` as `doctor_name`
FROM `appointments` `a`
LEFT JOIN `patients` `p` ON `p`.`id` = `a`.`patient_id`
LEFT JOIN `doctors` `d` ON `d`.`id` = `a`.`doctor_id`
ORDER BY `a`.`appointment_date` DESC
 LIMIT 5')
 3 SYSTEMPATH\Database\BaseBuilder.php(1649): CodeIgniter\Database\BaseConnection->query('SELECT `a`.`id`, `a`.`appointment_date`, `a`.`status`, `p`.`first_name` as `patient_first_name`, `p`.`last_name` as `patient_last_name`, `d`.`full_name` as `doctor_name`
FROM `appointments` `a`
LEFT JOIN `patients` `p` ON `p`.`id` = `a`.`patient_id`
LEFT JOIN `doctors` `d` ON `d`.`id` = `a`.`doctor_id`
ORDER BY `a`.`appointment_date` DESC
 LIMIT 5', [], false)
 4 APPPATH\Controllers\Admin.php(26): CodeIgniter\Database\BaseBuilder->get()
 5 SYSTEMPATH\CodeIgniter.php(933): App\Controllers\Admin->dashboard()
 6 SYSTEMPATH\CodeIgniter.php(507): CodeIgniter\CodeIgniter->runController(Object(App\Controllers\Admin))
 7 SYSTEMPATH\CodeIgniter.php(354): CodeIgniter\CodeIgniter->handleRequest(null, Object(Config\Cache), false)
 8 SYSTEMPATH\Boot.php(363): CodeIgniter\CodeIgniter->run()
 9 SYSTEMPATH\Boot.php(68): CodeIgniter\Boot::runCodeIgniter(Object(CodeIgniter\CodeIgniter))
10 FCPATH\index.php(61): CodeIgniter\Boot::bootWeb(Object(Config\Paths))
CRITICAL - 2025-10-26 23:56:45 --> [Caused by] mysqli_sql_exception: Unknown column 'd.full_name' in 'field list'
in SYSTEMPATH\Database\MySQLi\Connection.php on line 327.
 1 SYSTEMPATH\Database\MySQLi\Connection.php(327): mysqli->query('SELECT `a`.`id`, `a`.`appointment_date`, `a`.`status`, `p`.`first_name` as `patient_first_name`, `p`.`last_name` as `patient_last_name`, `d`.`full_name` as `doctor_name`
FROM `appointments` `a`
LEFT JOIN `patients` `p` ON `p`.`id` = `a`.`patient_id`
LEFT JOIN `doctors` `d` ON `d`.`id` = `a`.`doctor_id`
ORDER BY `a`.`appointment_date` DESC
 LIMIT 5', 0)
 2 SYSTEMPATH\Database\BaseConnection.php(729): CodeIgniter\Database\MySQLi\Connection->execute('SELECT `a`.`id`, `a`.`appointment_date`, `a`.`status`, `p`.`first_name` as `patient_first_name`, `p`.`last_name` as `patient_last_name`, `d`.`full_name` as `doctor_name`
FROM `appointments` `a`
LEFT JOIN `patients` `p` ON `p`.`id` = `a`.`patient_id`
LEFT JOIN `doctors` `d` ON `d`.`id` = `a`.`doctor_id`
ORDER BY `a`.`appointment_date` DESC
 LIMIT 5')
 3 SYSTEMPATH\Database\BaseConnection.php(646): CodeIgniter\Database\BaseConnection->simpleQuery('SELECT `a`.`id`, `a`.`appointment_date`, `a`.`status`, `p`.`first_name` as `patient_first_name`, `p`.`last_name` as `patient_last_name`, `d`.`full_name` as `doctor_name`
FROM `appointments` `a`
LEFT JOIN `patients` `p` ON `p`.`id` = `a`.`patient_id`
LEFT JOIN `doctors` `d` ON `d`.`id` = `a`.`doctor_id`
ORDER BY `a`.`appointment_date` DESC
 LIMIT 5')
 4 SYSTEMPATH\Database\BaseBuilder.php(1649): CodeIgniter\Database\BaseConnection->query('SELECT `a`.`id`, `a`.`appointment_date`, `a`.`status`, `p`.`first_name` as `patient_first_name`, `p`.`last_name` as `patient_last_name`, `d`.`full_name` as `doctor_name`
FROM `appointments` `a`
LEFT JOIN `patients` `p` ON `p`.`id` = `a`.`patient_id`
LEFT JOIN `doctors` `d` ON `d`.`id` = `a`.`doctor_id`
ORDER BY `a`.`appointment_date` DESC
 LIMIT 5', [], false)
 5 APPPATH\Controllers\Admin.php(26): CodeIgniter\Database\BaseBuilder->get()
 6 SYSTEMPATH\CodeIgniter.php(933): App\Controllers\Admin->dashboard()
 7 SYSTEMPATH\CodeIgniter.php(507): CodeIgniter\CodeIgniter->runController(Object(App\Controllers\Admin))
 8 SYSTEMPATH\CodeIgniter.php(354): CodeIgniter\CodeIgniter->handleRequest(null, Object(Config\Cache), false)
 9 SYSTEMPATH\Boot.php(363): CodeIgniter\CodeIgniter->run()
10 SYSTEMPATH\Boot.php(68): CodeIgniter\Boot::runCodeIgniter(Object(CodeIgniter\CodeIgniter))
11 FCPATH\index.php(61): CodeIgniter\Boot::bootWeb(Object(Config\Paths))
CRITICAL - 2025-10-26 23:59:36 --> CodeIgniter\View\Exceptions\ViewException: Invalid file: "Admin/dashboard.php"
[Method: GET, Route: admin/dashboard]
in SYSTEMPATH\Exceptions\FrameworkException.php on line 39.
 1 SYSTEMPATH\View\View.php(214): CodeIgniter\Exceptions\FrameworkException::forInvalidFile('Admin/dashboard.php')
 2 SYSTEMPATH\Common.php(1167): CodeIgniter\View\View->render('Admin/dashboard', [], true)
 3 APPPATH\Controllers\Admin.php(43): view('Admin/dashboard', [...])
 4 SYSTEMPATH\CodeIgniter.php(933): App\Controllers\Admin->dashboard()
 5 SYSTEMPATH\CodeIgniter.php(507): CodeIgniter\CodeIgniter->runController(Object(App\Controllers\Admin))
 6 SYSTEMPATH\CodeIgniter.php(354): CodeIgniter\CodeIgniter->handleRequest(null, Object(Config\Cache), false)
 7 SYSTEMPATH\Boot.php(363): CodeIgniter\CodeIgniter->run()
 8 SYSTEMPATH\Boot.php(68): CodeIgniter\Boot::runCodeIgniter(Object(CodeIgniter\CodeIgniter))
 9 FCPATH\index.php(61): CodeIgniter\Boot::bootWeb(Object(Config\Paths))
CRITICAL - 2025-10-26 23:59:37 --> CodeIgniter\View\Exceptions\ViewException: Invalid file: "Admin/dashboard.php"
[Method: GET, Route: admin/dashboard]
in SYSTEMPATH\Exceptions\FrameworkException.php on line 39.
 1 SYSTEMPATH\View\View.php(214): CodeIgniter\Exceptions\FrameworkException::forInvalidFile('Admin/dashboard.php')
 2 SYSTEMPATH\Common.php(1167): CodeIgniter\View\View->render('Admin/dashboard', [], true)
 3 APPPATH\Controllers\Admin.php(43): view('Admin/dashboard', [...])
 4 SYSTEMPATH\CodeIgniter.php(933): App\Controllers\Admin->dashboard()
 5 SYSTEMPATH\CodeIgniter.php(507): CodeIgniter\CodeIgniter->runController(Object(App\Controllers\Admin))
 6 SYSTEMPATH\CodeIgniter.php(354): CodeIgniter\CodeIgniter->handleRequest(null, Object(Config\Cache), false)
 7 SYSTEMPATH\Boot.php(363): CodeIgniter\CodeIgniter->run()
 8 SYSTEMPATH\Boot.php(68): CodeIgniter\Boot::runCodeIgniter(Object(CodeIgniter\CodeIgniter))
 9 FCPATH\index.php(61): CodeIgniter\Boot::bootWeb(Object(Config\Paths))
DEBUG - 2025-10-26 23:59:38 --> Session: Class initialized using 'CodeIgniter\Session\Handlers\FileHandler' driver.
DEBUG - 2025-10-26 23:59:39 --> Session: Class initialized using 'CodeIgniter\Session\Handlers\FileHandler' driver.
CRITICAL - 2025-10-26 23:59:40 --> CodeIgniter\View\Exceptions\ViewException: Invalid file: "Admin/dashboard.php"
[Method: GET, Route: admin/dashboard]
in SYSTEMPATH\Exceptions\FrameworkException.php on line 39.
 1 SYSTEMPATH\View\View.php(214): CodeIgniter\Exceptions\FrameworkException::forInvalidFile('Admin/dashboard.php')
 2 SYSTEMPATH\Common.php(1167): CodeIgniter\View\View->render('Admin/dashboard', [], true)
 3 APPPATH\Controllers\Admin.php(43): view('Admin/dashboard', [...])
 4 SYSTEMPATH\CodeIgniter.php(933): App\Controllers\Admin->dashboard()
 5 SYSTEMPATH\CodeIgniter.php(507): CodeIgniter\CodeIgniter->runController(Object(App\Controllers\Admin))
 6 SYSTEMPATH\CodeIgniter.php(354): CodeIgniter\CodeIgniter->handleRequest(null, Object(Config\Cache), false)
 7 SYSTEMPATH\Boot.php(363): CodeIgniter\CodeIgniter->run()
 8 SYSTEMPATH\Boot.php(68): CodeIgniter\Boot::runCodeIgniter(Object(CodeIgniter\CodeIgniter))
 9 FCPATH\index.php(61): CodeIgniter\Boot::bootWeb(Object(Config\Paths))
