CRITICAL - 2025-12-09 00:26:40 --> Error: Call to a member function setJSON() on null
[Method: GET, Route: admin/billing/dashboard/stats]
in APPPATH\Controllers\Accountant\DashboardStats.php on line 13.
 1 APPPATH\Controllers\Admin\BillingController.php(105): App\Controllers\Accountant\DashboardStats->stats()
 2 SYSTEMPATH\CodeIgniter.php(933): App\Controllers\Admin\BillingController->dashboardStats()
 3 SYSTEMPATH\CodeIgniter.php(507): CodeIgniter\CodeIgniter->runController(Object(App\Controllers\Admin\BillingController))
 4 SYSTEMPATH\CodeIgniter.php(354): CodeIgniter\CodeIgniter->handleRequest(null, Object(Config\Cache), false)
 5 SYSTEMPATH\Boot.php(363): CodeIgniter\CodeIgniter->run()
 6 SYSTEMPATH\Boot.php(68): CodeIgniter\Boot::runCodeIgniter(Object(CodeIgniter\CodeIgniter))
 7 FCPATH\index.php(59): CodeIgniter\Boot::bootWeb(Object(Config\Paths))
ERROR - 2025-12-09 00:29:28 --> mysqli_sql_exception: Unknown column 'assigned_doctor_id' in 'where clause' in F:\xammp\htdocs\group6\system\Database\MySQLi\Connection.php:327
Stack trace:
#0 F:\xammp\htdocs\group6\system\Database\MySQLi\Connection.php(327): mysqli->query('SELECT *\nFROM `...', 0)
#1 F:\xammp\htdocs\group6\system\Database\BaseConnection.php(729): CodeIgniter\Database\MySQLi\Connection->execute('SELECT *\nFROM `...')
#2 F:\xammp\htdocs\group6\system\Database\BaseConnection.php(646): CodeIgniter\Database\BaseConnection->simpleQuery('SELECT *\nFROM `...')
#3 F:\xammp\htdocs\group6\system\Database\BaseBuilder.php(1649): CodeIgniter\Database\BaseConnection->query('SELECT *\nFROM `...', Array, false)
#4 F:\xammp\htdocs\group6\app\Controllers\Doctor\DashboardStats.php(424): CodeIgniter\Database\BaseBuilder->get()
#5 F:\xammp\htdocs\group6\system\CodeIgniter.php(933): App\Controllers\Doctor\DashboardStats->stats()
#6 F:\xammp\htdocs\group6\system\CodeIgniter.php(507): CodeIgniter\CodeIgniter->runController(Object(App\Controllers\Doctor\DashboardStats))
#7 F:\xammp\htdocs\group6\system\CodeIgniter.php(354): CodeIgniter\CodeIgniter->handleRequest(NULL, Object(Config\Cache), false)
#8 F:\xammp\htdocs\group6\system\Boot.php(363): CodeIgniter\CodeIgniter->run()
#9 F:\xammp\htdocs\group6\system\Boot.php(68): CodeIgniter\Boot::runCodeIgniter(Object(CodeIgniter\CodeIgniter))
#10 F:\xammp\htdocs\group6\public\index.php(59): CodeIgniter\Boot::bootWeb(Object(Config\Paths))
#11 {main}
ERROR - 2025-12-09 00:29:28 --> Error fetching Doctor Dashboard Stats: Unknown column 'assigned_doctor_id' in 'where clause'
CRITICAL - 2025-12-09 00:31:54 --> Error: Call to a member function setJSON() on null
[Method: GET, Route: admin/billing/dashboard/stats]
in APPPATH\Controllers\Accountant\DashboardStats.php on line 13.
 1 APPPATH\Controllers\Admin\BillingController.php(105): App\Controllers\Accountant\DashboardStats->stats()
 2 SYSTEMPATH\CodeIgniter.php(933): App\Controllers\Admin\BillingController->dashboardStats()
 3 SYSTEMPATH\CodeIgniter.php(507): CodeIgniter\CodeIgniter->runController(Object(App\Controllers\Admin\BillingController))
 4 SYSTEMPATH\CodeIgniter.php(354): CodeIgniter\CodeIgniter->handleRequest(null, Object(Config\Cache), false)
 5 SYSTEMPATH\Boot.php(363): CodeIgniter\CodeIgniter->run()
 6 SYSTEMPATH\Boot.php(68): CodeIgniter\Boot::runCodeIgniter(Object(CodeIgniter\CodeIgniter))
 7 FCPATH\index.php(59): CodeIgniter\Boot::bootWeb(Object(Config\Paths))
ERROR - 2025-12-09 00:35:38 --> mysqli_sql_exception: Unknown column 'assigned_doctor_id' in 'where clause' in F:\xammp\htdocs\group6\system\Database\MySQLi\Connection.php:327
Stack trace:
#0 F:\xammp\htdocs\group6\system\Database\MySQLi\Connection.php(327): mysqli->query('SELECT *\nFROM `...', 0)
#1 F:\xammp\htdocs\group6\system\Database\BaseConnection.php(729): CodeIgniter\Database\MySQLi\Connection->execute('SELECT *\nFROM `...')
#2 F:\xammp\htdocs\group6\system\Database\BaseConnection.php(646): CodeIgniter\Database\BaseConnection->simpleQuery('SELECT *\nFROM `...')
#3 F:\xammp\htdocs\group6\system\Database\BaseBuilder.php(1649): CodeIgniter\Database\BaseConnection->query('SELECT *\nFROM `...', Array, false)
#4 F:\xammp\htdocs\group6\app\Controllers\Doctor\DashboardStats.php(424): CodeIgniter\Database\BaseBuilder->get()
#5 F:\xammp\htdocs\group6\system\CodeIgniter.php(933): App\Controllers\Doctor\DashboardStats->stats()
#6 F:\xammp\htdocs\group6\system\CodeIgniter.php(507): CodeIgniter\CodeIgniter->runController(Object(App\Controllers\Doctor\DashboardStats))
#7 F:\xammp\htdocs\group6\system\CodeIgniter.php(354): CodeIgniter\CodeIgniter->handleRequest(NULL, Object(Config\Cache), false)
#8 F:\xammp\htdocs\group6\system\Boot.php(363): CodeIgniter\CodeIgniter->run()
#9 F:\xammp\htdocs\group6\system\Boot.php(68): CodeIgniter\Boot::runCodeIgniter(Object(CodeIgniter\CodeIgniter))
#10 F:\xammp\htdocs\group6\public\index.php(59): CodeIgniter\Boot::bootWeb(Object(Config\Paths))
#11 {main}
ERROR - 2025-12-09 00:35:38 --> Error fetching Doctor Dashboard Stats: Unknown column 'assigned_doctor_id' in 'where clause'
ERROR - 2025-12-09 00:36:05 --> mysqli_sql_exception: Unknown column 'assigned_doctor_id' in 'where clause' in F:\xammp\htdocs\group6\system\Database\MySQLi\Connection.php:327
Stack trace:
#0 F:\xammp\htdocs\group6\system\Database\MySQLi\Connection.php(327): mysqli->query('SELECT *\nFROM `...', 0)
#1 F:\xammp\htdocs\group6\system\Database\BaseConnection.php(729): CodeIgniter\Database\MySQLi\Connection->execute('SELECT *\nFROM `...')
#2 F:\xammp\htdocs\group6\system\Database\BaseConnection.php(646): CodeIgniter\Database\BaseConnection->simpleQuery('SELECT *\nFROM `...')
#3 F:\xammp\htdocs\group6\system\Database\BaseBuilder.php(1649): CodeIgniter\Database\BaseConnection->query('SELECT *\nFROM `...', Array, false)
#4 F:\xammp\htdocs\group6\app\Controllers\Doctor\DashboardStats.php(424): CodeIgniter\Database\BaseBuilder->get()
#5 F:\xammp\htdocs\group6\system\CodeIgniter.php(933): App\Controllers\Doctor\DashboardStats->stats()
#6 F:\xammp\htdocs\group6\system\CodeIgniter.php(507): CodeIgniter\CodeIgniter->runController(Object(App\Controllers\Doctor\DashboardStats))
#7 F:\xammp\htdocs\group6\system\CodeIgniter.php(354): CodeIgniter\CodeIgniter->handleRequest(NULL, Object(Config\Cache), false)
#8 F:\xammp\htdocs\group6\system\Boot.php(363): CodeIgniter\CodeIgniter->run()
#9 F:\xammp\htdocs\group6\system\Boot.php(68): CodeIgniter\Boot::runCodeIgniter(Object(CodeIgniter\CodeIgniter))
#10 F:\xammp\htdocs\group6\public\index.php(59): CodeIgniter\Boot::bootWeb(Object(Config\Paths))
#11 {main}
ERROR - 2025-12-09 00:36:05 --> Error fetching Doctor Dashboard Stats: Unknown column 'assigned_doctor_id' in 'where clause'
ERROR - 2025-12-09 00:36:08 --> mysqli_sql_exception: Unknown column 'assigned_doctor_id' in 'where clause' in F:\xammp\htdocs\group6\system\Database\MySQLi\Connection.php:327
Stack trace:
#0 F:\xammp\htdocs\group6\system\Database\MySQLi\Connection.php(327): mysqli->query('SELECT *\nFROM `...', 0)
#1 F:\xammp\htdocs\group6\system\Database\BaseConnection.php(729): CodeIgniter\Database\MySQLi\Connection->execute('SELECT *\nFROM `...')
#2 F:\xammp\htdocs\group6\system\Database\BaseConnection.php(646): CodeIgniter\Database\BaseConnection->simpleQuery('SELECT *\nFROM `...')
#3 F:\xammp\htdocs\group6\system\Database\BaseBuilder.php(1649): CodeIgniter\Database\BaseConnection->query('SELECT *\nFROM `...', Array, false)
#4 F:\xammp\htdocs\group6\app\Controllers\Doctor\DashboardStats.php(424): CodeIgniter\Database\BaseBuilder->get()
#5 F:\xammp\htdocs\group6\system\CodeIgniter.php(933): App\Controllers\Doctor\DashboardStats->stats()
#6 F:\xammp\htdocs\group6\system\CodeIgniter.php(507): CodeIgniter\CodeIgniter->runController(Object(App\Controllers\Doctor\DashboardStats))
#7 F:\xammp\htdocs\group6\system\CodeIgniter.php(354): CodeIgniter\CodeIgniter->handleRequest(NULL, Object(Config\Cache), false)
#8 F:\xammp\htdocs\group6\system\Boot.php(363): CodeIgniter\CodeIgniter->run()
#9 F:\xammp\htdocs\group6\system\Boot.php(68): CodeIgniter\Boot::runCodeIgniter(Object(CodeIgniter\CodeIgniter))
#10 F:\xammp\htdocs\group6\public\index.php(59): CodeIgniter\Boot::bootWeb(Object(Config\Paths))
#11 {main}
ERROR - 2025-12-09 00:36:08 --> Error fetching Doctor Dashboard Stats: Unknown column 'assigned_doctor_id' in 'where clause'
ERROR - 2025-12-09 00:36:18 --> mysqli_sql_exception: Unknown column 'assigned_doctor_id' in 'where clause' in F:\xammp\htdocs\group6\system\Database\MySQLi\Connection.php:327
Stack trace:
#0 F:\xammp\htdocs\group6\system\Database\MySQLi\Connection.php(327): mysqli->query('SELECT *\nFROM `...', 0)
#1 F:\xammp\htdocs\group6\system\Database\BaseConnection.php(729): CodeIgniter\Database\MySQLi\Connection->execute('SELECT *\nFROM `...')
#2 F:\xammp\htdocs\group6\system\Database\BaseConnection.php(646): CodeIgniter\Database\BaseConnection->simpleQuery('SELECT *\nFROM `...')
#3 F:\xammp\htdocs\group6\system\Database\BaseBuilder.php(1649): CodeIgniter\Database\BaseConnection->query('SELECT *\nFROM `...', Array, false)
#4 F:\xammp\htdocs\group6\app\Controllers\Doctor\DashboardStats.php(424): CodeIgniter\Database\BaseBuilder->get()
#5 F:\xammp\htdocs\group6\system\CodeIgniter.php(933): App\Controllers\Doctor\DashboardStats->stats()
#6 F:\xammp\htdocs\group6\system\CodeIgniter.php(507): CodeIgniter\CodeIgniter->runController(Object(App\Controllers\Doctor\DashboardStats))
#7 F:\xammp\htdocs\group6\system\CodeIgniter.php(354): CodeIgniter\CodeIgniter->handleRequest(NULL, Object(Config\Cache), false)
#8 F:\xammp\htdocs\group6\system\Boot.php(363): CodeIgniter\CodeIgniter->run()
#9 F:\xammp\htdocs\group6\system\Boot.php(68): CodeIgniter\Boot::runCodeIgniter(Object(CodeIgniter\CodeIgniter))
#10 F:\xammp\htdocs\group6\public\index.php(59): CodeIgniter\Boot::bootWeb(Object(Config\Paths))
#11 {main}
ERROR - 2025-12-09 00:36:18 --> Error fetching Doctor Dashboard Stats: Unknown column 'assigned_doctor_id' in 'where clause'
ERROR - 2025-12-09 00:36:59 --> mysqli_sql_exception: Unknown column 'assigned_doctor_id' in 'where clause' in F:\xammp\htdocs\group6\system\Database\MySQLi\Connection.php:327
Stack trace:
#0 F:\xammp\htdocs\group6\system\Database\MySQLi\Connection.php(327): mysqli->query('SELECT *\nFROM `...', 0)
#1 F:\xammp\htdocs\group6\system\Database\BaseConnection.php(729): CodeIgniter\Database\MySQLi\Connection->execute('SELECT *\nFROM `...')
#2 F:\xammp\htdocs\group6\system\Database\BaseConnection.php(646): CodeIgniter\Database\BaseConnection->simpleQuery('SELECT *\nFROM `...')
#3 F:\xammp\htdocs\group6\system\Database\BaseBuilder.php(1649): CodeIgniter\Database\BaseConnection->query('SELECT *\nFROM `...', Array, false)
#4 F:\xammp\htdocs\group6\app\Controllers\Doctor\DashboardStats.php(424): CodeIgniter\Database\BaseBuilder->get()
#5 F:\xammp\htdocs\group6\system\CodeIgniter.php(933): App\Controllers\Doctor\DashboardStats->stats()
#6 F:\xammp\htdocs\group6\system\CodeIgniter.php(507): CodeIgniter\CodeIgniter->runController(Object(App\Controllers\Doctor\DashboardStats))
#7 F:\xammp\htdocs\group6\system\CodeIgniter.php(354): CodeIgniter\CodeIgniter->handleRequest(NULL, Object(Config\Cache), false)
#8 F:\xammp\htdocs\group6\system\Boot.php(363): CodeIgniter\CodeIgniter->run()
#9 F:\xammp\htdocs\group6\system\Boot.php(68): CodeIgniter\Boot::runCodeIgniter(Object(CodeIgniter\CodeIgniter))
#10 F:\xammp\htdocs\group6\public\index.php(59): CodeIgniter\Boot::bootWeb(Object(Config\Paths))
#11 {main}
ERROR - 2025-12-09 00:36:59 --> Error fetching Doctor Dashboard Stats: Unknown column 'assigned_doctor_id' in 'where clause'
ERROR - 2025-12-09 00:37:06 --> mysqli_sql_exception: Unknown column 'assigned_doctor_id' in 'where clause' in F:\xammp\htdocs\group6\system\Database\MySQLi\Connection.php:327
Stack trace:
#0 F:\xammp\htdocs\group6\system\Database\MySQLi\Connection.php(327): mysqli->query('SELECT *\nFROM `...', 0)
#1 F:\xammp\htdocs\group6\system\Database\BaseConnection.php(729): CodeIgniter\Database\MySQLi\Connection->execute('SELECT *\nFROM `...')
#2 F:\xammp\htdocs\group6\system\Database\BaseConnection.php(646): CodeIgniter\Database\BaseConnection->simpleQuery('SELECT *\nFROM `...')
#3 F:\xammp\htdocs\group6\system\Database\BaseBuilder.php(1649): CodeIgniter\Database\BaseConnection->query('SELECT *\nFROM `...', Array, false)
#4 F:\xammp\htdocs\group6\app\Controllers\Doctor\DashboardStats.php(424): CodeIgniter\Database\BaseBuilder->get()
#5 F:\xammp\htdocs\group6\system\CodeIgniter.php(933): App\Controllers\Doctor\DashboardStats->stats()
#6 F:\xammp\htdocs\group6\system\CodeIgniter.php(507): CodeIgniter\CodeIgniter->runController(Object(App\Controllers\Doctor\DashboardStats))
#7 F:\xammp\htdocs\group6\system\CodeIgniter.php(354): CodeIgniter\CodeIgniter->handleRequest(NULL, Object(Config\Cache), false)
#8 F:\xammp\htdocs\group6\system\Boot.php(363): CodeIgniter\CodeIgniter->run()
#9 F:\xammp\htdocs\group6\system\Boot.php(68): CodeIgniter\Boot::runCodeIgniter(Object(CodeIgniter\CodeIgniter))
#10 F:\xammp\htdocs\group6\public\index.php(59): CodeIgniter\Boot::bootWeb(Object(Config\Paths))
#11 {main}
ERROR - 2025-12-09 00:37:06 --> Error fetching Doctor Dashboard Stats: Unknown column 'assigned_doctor_id' in 'where clause'
ERROR - 2025-12-09 00:37:17 --> mysqli_sql_exception: Unknown column 'assigned_doctor_id' in 'where clause' in F:\xammp\htdocs\group6\system\Database\MySQLi\Connection.php:327
Stack trace:
#0 F:\xammp\htdocs\group6\system\Database\MySQLi\Connection.php(327): mysqli->query('SELECT *\nFROM `...', 0)
#1 F:\xammp\htdocs\group6\system\Database\BaseConnection.php(729): CodeIgniter\Database\MySQLi\Connection->execute('SELECT *\nFROM `...')
#2 F:\xammp\htdocs\group6\system\Database\BaseConnection.php(646): CodeIgniter\Database\BaseConnection->simpleQuery('SELECT *\nFROM `...')
#3 F:\xammp\htdocs\group6\system\Database\BaseBuilder.php(1649): CodeIgniter\Database\BaseConnection->query('SELECT *\nFROM `...', Array, false)
#4 F:\xammp\htdocs\group6\app\Controllers\Doctor\DashboardStats.php(424): CodeIgniter\Database\BaseBuilder->get()
#5 F:\xammp\htdocs\group6\system\CodeIgniter.php(933): App\Controllers\Doctor\DashboardStats->stats()
#6 F:\xammp\htdocs\group6\system\CodeIgniter.php(507): CodeIgniter\CodeIgniter->runController(Object(App\Controllers\Doctor\DashboardStats))
#7 F:\xammp\htdocs\group6\system\CodeIgniter.php(354): CodeIgniter\CodeIgniter->handleRequest(NULL, Object(Config\Cache), false)
#8 F:\xammp\htdocs\group6\system\Boot.php(363): CodeIgniter\CodeIgniter->run()
#9 F:\xammp\htdocs\group6\system\Boot.php(68): CodeIgniter\Boot::runCodeIgniter(Object(CodeIgniter\CodeIgniter))
#10 F:\xammp\htdocs\group6\public\index.php(59): CodeIgniter\Boot::bootWeb(Object(Config\Paths))
#11 {main}
ERROR - 2025-12-09 00:37:17 --> Error fetching Doctor Dashboard Stats: Unknown column 'assigned_doctor_id' in 'where clause'
ERROR - 2025-12-09 00:37:27 --> mysqli_sql_exception: Unknown column 'assigned_doctor_id' in 'where clause' in F:\xammp\htdocs\group6\system\Database\MySQLi\Connection.php:327
Stack trace:
#0 F:\xammp\htdocs\group6\system\Database\MySQLi\Connection.php(327): mysqli->query('SELECT *\nFROM `...', 0)
#1 F:\xammp\htdocs\group6\system\Database\BaseConnection.php(729): CodeIgniter\Database\MySQLi\Connection->execute('SELECT *\nFROM `...')
#2 F:\xammp\htdocs\group6\system\Database\BaseConnection.php(646): CodeIgniter\Database\BaseConnection->simpleQuery('SELECT *\nFROM `...')
#3 F:\xammp\htdocs\group6\system\Database\BaseBuilder.php(1649): CodeIgniter\Database\BaseConnection->query('SELECT *\nFROM `...', Array, false)
#4 F:\xammp\htdocs\group6\app\Controllers\Doctor\DashboardStats.php(424): CodeIgniter\Database\BaseBuilder->get()
#5 F:\xammp\htdocs\group6\system\CodeIgniter.php(933): App\Controllers\Doctor\DashboardStats->stats()
#6 F:\xammp\htdocs\group6\system\CodeIgniter.php(507): CodeIgniter\CodeIgniter->runController(Object(App\Controllers\Doctor\DashboardStats))
#7 F:\xammp\htdocs\group6\system\CodeIgniter.php(354): CodeIgniter\CodeIgniter->handleRequest(NULL, Object(Config\Cache), false)
#8 F:\xammp\htdocs\group6\system\Boot.php(363): CodeIgniter\CodeIgniter->run()
#9 F:\xammp\htdocs\group6\system\Boot.php(68): CodeIgniter\Boot::runCodeIgniter(Object(CodeIgniter\CodeIgniter))
#10 F:\xammp\htdocs\group6\public\index.php(59): CodeIgniter\Boot::bootWeb(Object(Config\Paths))
#11 {main}
ERROR - 2025-12-09 00:37:27 --> Error fetching Doctor Dashboard Stats: Unknown column 'assigned_doctor_id' in 'where clause'
ERROR - 2025-12-09 00:37:37 --> mysqli_sql_exception: Unknown column 'assigned_doctor_id' in 'where clause' in F:\xammp\htdocs\group6\system\Database\MySQLi\Connection.php:327
Stack trace:
#0 F:\xammp\htdocs\group6\system\Database\MySQLi\Connection.php(327): mysqli->query('SELECT *\nFROM `...', 0)
#1 F:\xammp\htdocs\group6\system\Database\BaseConnection.php(729): CodeIgniter\Database\MySQLi\Connection->execute('SELECT *\nFROM `...')
#2 F:\xammp\htdocs\group6\system\Database\BaseConnection.php(646): CodeIgniter\Database\BaseConnection->simpleQuery('SELECT *\nFROM `...')
#3 F:\xammp\htdocs\group6\system\Database\BaseBuilder.php(1649): CodeIgniter\Database\BaseConnection->query('SELECT *\nFROM `...', Array, false)
#4 F:\xammp\htdocs\group6\app\Controllers\Doctor\DashboardStats.php(424): CodeIgniter\Database\BaseBuilder->get()
#5 F:\xammp\htdocs\group6\system\CodeIgniter.php(933): App\Controllers\Doctor\DashboardStats->stats()
#6 F:\xammp\htdocs\group6\system\CodeIgniter.php(507): CodeIgniter\CodeIgniter->runController(Object(App\Controllers\Doctor\DashboardStats))
#7 F:\xammp\htdocs\group6\system\CodeIgniter.php(354): CodeIgniter\CodeIgniter->handleRequest(NULL, Object(Config\Cache), false)
#8 F:\xammp\htdocs\group6\system\Boot.php(363): CodeIgniter\CodeIgniter->run()
#9 F:\xammp\htdocs\group6\system\Boot.php(68): CodeIgniter\Boot::runCodeIgniter(Object(CodeIgniter\CodeIgniter))
#10 F:\xammp\htdocs\group6\public\index.php(59): CodeIgniter\Boot::bootWeb(Object(Config\Paths))
#11 {main}
ERROR - 2025-12-09 00:37:37 --> Error fetching Doctor Dashboard Stats: Unknown column 'assigned_doctor_id' in 'where clause'
ERROR - 2025-12-09 00:37:47 --> mysqli_sql_exception: Unknown column 'assigned_doctor_id' in 'where clause' in F:\xammp\htdocs\group6\system\Database\MySQLi\Connection.php:327
Stack trace:
#0 F:\xammp\htdocs\group6\system\Database\MySQLi\Connection.php(327): mysqli->query('SELECT *\nFROM `...', 0)
#1 F:\xammp\htdocs\group6\system\Database\BaseConnection.php(729): CodeIgniter\Database\MySQLi\Connection->execute('SELECT *\nFROM `...')
#2 F:\xammp\htdocs\group6\system\Database\BaseConnection.php(646): CodeIgniter\Database\BaseConnection->simpleQuery('SELECT *\nFROM `...')
#3 F:\xammp\htdocs\group6\system\Database\BaseBuilder.php(1649): CodeIgniter\Database\BaseConnection->query('SELECT *\nFROM `...', Array, false)
#4 F:\xammp\htdocs\group6\app\Controllers\Doctor\DashboardStats.php(424): CodeIgniter\Database\BaseBuilder->get()
#5 F:\xammp\htdocs\group6\system\CodeIgniter.php(933): App\Controllers\Doctor\DashboardStats->stats()
#6 F:\xammp\htdocs\group6\system\CodeIgniter.php(507): CodeIgniter\CodeIgniter->runController(Object(App\Controllers\Doctor\DashboardStats))
#7 F:\xammp\htdocs\group6\system\CodeIgniter.php(354): CodeIgniter\CodeIgniter->handleRequest(NULL, Object(Config\Cache), false)
#8 F:\xammp\htdocs\group6\system\Boot.php(363): CodeIgniter\CodeIgniter->run()
#9 F:\xammp\htdocs\group6\system\Boot.php(68): CodeIgniter\Boot::runCodeIgniter(Object(CodeIgniter\CodeIgniter))
#10 F:\xammp\htdocs\group6\public\index.php(59): CodeIgniter\Boot::bootWeb(Object(Config\Paths))
#11 {main}
ERROR - 2025-12-09 00:37:47 --> Error fetching Doctor Dashboard Stats: Unknown column 'assigned_doctor_id' in 'where clause'
ERROR - 2025-12-09 00:37:57 --> mysqli_sql_exception: Unknown column 'assigned_doctor_id' in 'where clause' in F:\xammp\htdocs\group6\system\Database\MySQLi\Connection.php:327
Stack trace:
#0 F:\xammp\htdocs\group6\system\Database\MySQLi\Connection.php(327): mysqli->query('SELECT *\nFROM `...', 0)
#1 F:\xammp\htdocs\group6\system\Database\BaseConnection.php(729): CodeIgniter\Database\MySQLi\Connection->execute('SELECT *\nFROM `...')
#2 F:\xammp\htdocs\group6\system\Database\BaseConnection.php(646): CodeIgniter\Database\BaseConnection->simpleQuery('SELECT *\nFROM `...')
#3 F:\xammp\htdocs\group6\system\Database\BaseBuilder.php(1649): CodeIgniter\Database\BaseConnection->query('SELECT *\nFROM `...', Array, false)
#4 F:\xammp\htdocs\group6\app\Controllers\Doctor\DashboardStats.php(424): CodeIgniter\Database\BaseBuilder->get()
#5 F:\xammp\htdocs\group6\system\CodeIgniter.php(933): App\Controllers\Doctor\DashboardStats->stats()
#6 F:\xammp\htdocs\group6\system\CodeIgniter.php(507): CodeIgniter\CodeIgniter->runController(Object(App\Controllers\Doctor\DashboardStats))
#7 F:\xammp\htdocs\group6\system\CodeIgniter.php(354): CodeIgniter\CodeIgniter->handleRequest(NULL, Object(Config\Cache), false)
#8 F:\xammp\htdocs\group6\system\Boot.php(363): CodeIgniter\CodeIgniter->run()
#9 F:\xammp\htdocs\group6\system\Boot.php(68): CodeIgniter\Boot::runCodeIgniter(Object(CodeIgniter\CodeIgniter))
#10 F:\xammp\htdocs\group6\public\index.php(59): CodeIgniter\Boot::bootWeb(Object(Config\Paths))
#11 {main}
ERROR - 2025-12-09 00:37:57 --> Error fetching Doctor Dashboard Stats: Unknown column 'assigned_doctor_id' in 'where clause'
ERROR - 2025-12-09 00:38:00 --> mysqli_sql_exception: Unknown column 'assigned_doctor_id' in 'where clause' in F:\xammp\htdocs\group6\system\Database\MySQLi\Connection.php:327
Stack trace:
#0 F:\xammp\htdocs\group6\system\Database\MySQLi\Connection.php(327): mysqli->query('SELECT *\nFROM `...', 0)
#1 F:\xammp\htdocs\group6\system\Database\BaseConnection.php(729): CodeIgniter\Database\MySQLi\Connection->execute('SELECT *\nFROM `...')
#2 F:\xammp\htdocs\group6\system\Database\BaseConnection.php(646): CodeIgniter\Database\BaseConnection->simpleQuery('SELECT *\nFROM `...')
#3 F:\xammp\htdocs\group6\system\Database\BaseBuilder.php(1649): CodeIgniter\Database\BaseConnection->query('SELECT *\nFROM `...', Array, false)
#4 F:\xammp\htdocs\group6\app\Controllers\Doctor\DashboardStats.php(424): CodeIgniter\Database\BaseBuilder->get()
#5 F:\xammp\htdocs\group6\system\CodeIgniter.php(933): App\Controllers\Doctor\DashboardStats->stats()
#6 F:\xammp\htdocs\group6\system\CodeIgniter.php(507): CodeIgniter\CodeIgniter->runController(Object(App\Controllers\Doctor\DashboardStats))
#7 F:\xammp\htdocs\group6\system\CodeIgniter.php(354): CodeIgniter\CodeIgniter->handleRequest(NULL, Object(Config\Cache), false)
#8 F:\xammp\htdocs\group6\system\Boot.php(363): CodeIgniter\CodeIgniter->run()
#9 F:\xammp\htdocs\group6\system\Boot.php(68): CodeIgniter\Boot::runCodeIgniter(Object(CodeIgniter\CodeIgniter))
#10 F:\xammp\htdocs\group6\public\index.php(59): CodeIgniter\Boot::bootWeb(Object(Config\Paths))
#11 {main}
ERROR - 2025-12-09 00:38:00 --> Error fetching Doctor Dashboard Stats: Unknown column 'assigned_doctor_id' in 'where clause'
CRITICAL - 2025-12-09 00:38:11 --> Error: Call to a member function setJSON() on null
[Method: GET, Route: admin/billing/dashboard/stats]
in APPPATH\Controllers\Accountant\DashboardStats.php on line 13.
 1 APPPATH\Controllers\Admin\BillingController.php(105): App\Controllers\Accountant\DashboardStats->stats()
 2 SYSTEMPATH\CodeIgniter.php(933): App\Controllers\Admin\BillingController->dashboardStats()
 3 SYSTEMPATH\CodeIgniter.php(507): CodeIgniter\CodeIgniter->runController(Object(App\Controllers\Admin\BillingController))
 4 SYSTEMPATH\CodeIgniter.php(354): CodeIgniter\CodeIgniter->handleRequest(null, Object(Config\Cache), false)
 5 SYSTEMPATH\Boot.php(363): CodeIgniter\CodeIgniter->run()
 6 SYSTEMPATH\Boot.php(68): CodeIgniter\Boot::runCodeIgniter(Object(CodeIgniter\CodeIgniter))
 7 FCPATH\index.php(59): CodeIgniter\Boot::bootWeb(Object(Config\Paths))
CRITICAL - 2025-12-09 00:41:38 --> Error: Call to a member function setJSON() on null
[Method: GET, Route: admin/billing/dashboard/stats]
in APPPATH\Controllers\Accountant\DashboardStats.php on line 13.
 1 APPPATH\Controllers\Admin\BillingController.php(105): App\Controllers\Accountant\DashboardStats->stats()
 2 SYSTEMPATH\CodeIgniter.php(933): App\Controllers\Admin\BillingController->dashboardStats()
 3 SYSTEMPATH\CodeIgniter.php(507): CodeIgniter\CodeIgniter->runController(Object(App\Controllers\Admin\BillingController))
 4 SYSTEMPATH\CodeIgniter.php(354): CodeIgniter\CodeIgniter->handleRequest(null, Object(Config\Cache), false)
 5 SYSTEMPATH\Boot.php(363): CodeIgniter\CodeIgniter->run()
 6 SYSTEMPATH\Boot.php(68): CodeIgniter\Boot::runCodeIgniter(Object(CodeIgniter\CodeIgniter))
 7 FCPATH\index.php(59): CodeIgniter\Boot::bootWeb(Object(Config\Paths))
CRITICAL - 2025-12-09 00:41:56 --> Error: Call to a member function setJSON() on null
[Method: GET, Route: admin/billing/dashboard/stats]
in APPPATH\Controllers\Accountant\DashboardStats.php on line 13.
 1 APPPATH\Controllers\Admin\BillingController.php(105): App\Controllers\Accountant\DashboardStats->stats()
 2 SYSTEMPATH\CodeIgniter.php(933): App\Controllers\Admin\BillingController->dashboardStats()
 3 SYSTEMPATH\CodeIgniter.php(507): CodeIgniter\CodeIgniter->runController(Object(App\Controllers\Admin\BillingController))
 4 SYSTEMPATH\CodeIgniter.php(354): CodeIgniter\CodeIgniter->handleRequest(null, Object(Config\Cache), false)
 5 SYSTEMPATH\Boot.php(363): CodeIgniter\CodeIgniter->run()
 6 SYSTEMPATH\Boot.php(68): CodeIgniter\Boot::runCodeIgniter(Object(CodeIgniter\CodeIgniter))
 7 FCPATH\index.php(59): CodeIgniter\Boot::bootWeb(Object(Config\Paths))
CRITICAL - 2025-12-09 00:42:01 --> Error: Call to a member function setJSON() on null
[Method: GET, Route: admin/billing/dashboard/stats]
in APPPATH\Controllers\Accountant\DashboardStats.php on line 13.
 1 APPPATH\Controllers\Admin\BillingController.php(105): App\Controllers\Accountant\DashboardStats->stats()
 2 SYSTEMPATH\CodeIgniter.php(933): App\Controllers\Admin\BillingController->dashboardStats()
 3 SYSTEMPATH\CodeIgniter.php(507): CodeIgniter\CodeIgniter->runController(Object(App\Controllers\Admin\BillingController))
 4 SYSTEMPATH\CodeIgniter.php(354): CodeIgniter\CodeIgniter->handleRequest(null, Object(Config\Cache), false)
 5 SYSTEMPATH\Boot.php(363): CodeIgniter\CodeIgniter->run()
 6 SYSTEMPATH\Boot.php(68): CodeIgniter\Boot::runCodeIgniter(Object(CodeIgniter\CodeIgniter))
 7 FCPATH\index.php(59): CodeIgniter\Boot::bootWeb(Object(Config\Paths))
