CRITICAL - 2025-09-15 16:13:59 --> CodeIgniter\View\Exceptions\ViewException: Invalid file: "layouts/_dashboard_layout.php"
[Method: GET, Route: doctor/dashboard]
in SYSTEMPATH\Exceptions\FrameworkException.php on line 39.
 1 SYSTEMPATH\View\View.php(214): CodeIgniter\Exceptions\FrameworkException::forInvalidFile('layouts/_dashboard_layout.php')
 2 SYSTEMPATH\View\View.php(242): CodeIgniter\View\View->render('layouts/_dashboard_layout', [], true)
 3 SYSTEMPATH\Common.php(1167): CodeIgniter\View\View->render('doctor/dashboard', [], true)
 4 APPPATH\Controllers\Doctor\Doctor.php(34): view('doctor/dashboard', [...])
 5 APPPATH\Controllers\Doctor\Doctor.php(19): App\Controllers\Doctor\Doctor->dashboard()
 6 SYSTEMPATH\CodeIgniter.php(933): App\Controllers\Doctor\Doctor->index()
 7 SYSTEMPATH\CodeIgniter.php(507): CodeIgniter\CodeIgniter->runController(Object(App\Controllers\Doctor\Doctor))
 8 SYSTEMPATH\CodeIgniter.php(354): CodeIgniter\CodeIgniter->handleRequest(null, Object(Config\Cache), false)
 9 SYSTEMPATH\Boot.php(363): CodeIgniter\CodeIgniter->run()
10 SYSTEMPATH\Boot.php(68): CodeIgniter\Boot::runCodeIgniter(Object(CodeIgniter\CodeIgniter))
11 FCPATH\index.php(59): CodeIgniter\Boot::bootWeb(Object(Config\Paths))
CRITICAL - 2025-09-15 16:14:10 --> CodeIgniter\View\Exceptions\ViewException: Invalid file: "layouts/_dashboard_layout.php"
[Method: GET, Route: doctor/dashboard]
in SYSTEMPATH\Exceptions\FrameworkException.php on line 39.
 1 SYSTEMPATH\View\View.php(214): CodeIgniter\Exceptions\FrameworkException::forInvalidFile('layouts/_dashboard_layout.php')
 2 SYSTEMPATH\View\View.php(242): CodeIgniter\View\View->render('layouts/_dashboard_layout', [], true)
 3 SYSTEMPATH\Common.php(1167): CodeIgniter\View\View->render('doctor/dashboard', [], true)
 4 APPPATH\Controllers\Doctor\Doctor.php(34): view('doctor/dashboard', [...])
 5 APPPATH\Controllers\Doctor\Doctor.php(19): App\Controllers\Doctor\Doctor->dashboard()
 6 SYSTEMPATH\CodeIgniter.php(933): App\Controllers\Doctor\Doctor->index()
 7 SYSTEMPATH\CodeIgniter.php(507): CodeIgniter\CodeIgniter->runController(Object(App\Controllers\Doctor\Doctor))
 8 SYSTEMPATH\CodeIgniter.php(354): CodeIgniter\CodeIgniter->handleRequest(null, Object(Config\Cache), false)
 9 SYSTEMPATH\Boot.php(363): CodeIgniter\CodeIgniter->run()
10 SYSTEMPATH\Boot.php(68): CodeIgniter\Boot::runCodeIgniter(Object(CodeIgniter\CodeIgniter))
11 FCPATH\index.php(59): CodeIgniter\Boot::bootWeb(Object(Config\Paths))
CRITICAL - 2025-09-15 16:14:11 --> CodeIgniter\View\Exceptions\ViewException: Invalid file: "layouts/_dashboard_layout.php"
[Method: GET, Route: doctor/dashboard]
in SYSTEMPATH\Exceptions\FrameworkException.php on line 39.
 1 SYSTEMPATH\View\View.php(214): CodeIgniter\Exceptions\FrameworkException::forInvalidFile('layouts/_dashboard_layout.php')
 2 SYSTEMPATH\View\View.php(242): CodeIgniter\View\View->render('layouts/_dashboard_layout', [], true)
 3 SYSTEMPATH\Common.php(1167): CodeIgniter\View\View->render('doctor/dashboard', [], true)
 4 APPPATH\Controllers\Doctor\Doctor.php(34): view('doctor/dashboard', [...])
 5 APPPATH\Controllers\Doctor\Doctor.php(19): App\Controllers\Doctor\Doctor->dashboard()
 6 SYSTEMPATH\CodeIgniter.php(933): App\Controllers\Doctor\Doctor->index()
 7 SYSTEMPATH\CodeIgniter.php(507): CodeIgniter\CodeIgniter->runController(Object(App\Controllers\Doctor\Doctor))
 8 SYSTEMPATH\CodeIgniter.php(354): CodeIgniter\CodeIgniter->handleRequest(null, Object(Config\Cache), false)
 9 SYSTEMPATH\Boot.php(363): CodeIgniter\CodeIgniter->run()
10 SYSTEMPATH\Boot.php(68): CodeIgniter\Boot::runCodeIgniter(Object(CodeIgniter\CodeIgniter))
11 FCPATH\index.php(59): CodeIgniter\Boot::bootWeb(Object(Config\Paths))
CRITICAL - 2025-09-15 16:16:25 --> CodeIgniter\View\Exceptions\ViewException: Invalid file: "doctor/dashboard.php"
[Method: GET, Route: doctor/dashboard]
in SYSTEMPATH\Exceptions\FrameworkException.php on line 39.
 1 SYSTEMPATH\View\View.php(214): CodeIgniter\Exceptions\FrameworkException::forInvalidFile('doctor/dashboard.php')
 2 SYSTEMPATH\Common.php(1167): CodeIgniter\View\View->render('doctor/dashboard', [], true)
 3 APPPATH\Controllers\Doctor\Doctor.php(34): view('doctor/dashboard', [...])
 4 APPPATH\Controllers\Doctor\Doctor.php(19): App\Controllers\Doctor\Doctor->dashboard()
 5 SYSTEMPATH\CodeIgniter.php(933): App\Controllers\Doctor\Doctor->index()
 6 SYSTEMPATH\CodeIgniter.php(507): CodeIgniter\CodeIgniter->runController(Object(App\Controllers\Doctor\Doctor))
 7 SYSTEMPATH\CodeIgniter.php(354): CodeIgniter\CodeIgniter->handleRequest(null, Object(Config\Cache), false)
 8 SYSTEMPATH\Boot.php(363): CodeIgniter\CodeIgniter->run()
 9 SYSTEMPATH\Boot.php(68): CodeIgniter\Boot::runCodeIgniter(Object(CodeIgniter\CodeIgniter))
10 FCPATH\index.php(59): CodeIgniter\Boot::bootWeb(Object(Config\Paths))
CRITICAL - 2025-09-15 16:16:36 --> CodeIgniter\View\Exceptions\ViewException: Invalid file: "doctor/dashboard.php"
[Method: GET, Route: doctor/dashboard]
in SYSTEMPATH\Exceptions\FrameworkException.php on line 39.
 1 SYSTEMPATH\View\View.php(214): CodeIgniter\Exceptions\FrameworkException::forInvalidFile('doctor/dashboard.php')
 2 SYSTEMPATH\Common.php(1167): CodeIgniter\View\View->render('doctor/dashboard', [], true)
 3 APPPATH\Controllers\Doctor\Doctor.php(34): view('doctor/dashboard', [...])
 4 APPPATH\Controllers\Doctor\Doctor.php(19): App\Controllers\Doctor\Doctor->dashboard()
 5 SYSTEMPATH\CodeIgniter.php(933): App\Controllers\Doctor\Doctor->index()
 6 SYSTEMPATH\CodeIgniter.php(507): CodeIgniter\CodeIgniter->runController(Object(App\Controllers\Doctor\Doctor))
 7 SYSTEMPATH\CodeIgniter.php(354): CodeIgniter\CodeIgniter->handleRequest(null, Object(Config\Cache), false)
 8 SYSTEMPATH\Boot.php(363): CodeIgniter\CodeIgniter->run()
 9 SYSTEMPATH\Boot.php(68): CodeIgniter\Boot::runCodeIgniter(Object(CodeIgniter\CodeIgniter))
10 FCPATH\index.php(59): CodeIgniter\Boot::bootWeb(Object(Config\Paths))
ERROR - 2025-09-15 16:44:37 --> mysqli_sql_exception: Duplicate entry 'admin' for key 'username' in C:\xampp\htdocs\WebSystemITE-G9\system\Database\MySQLi\Connection.php:327
Stack trace:
#0 C:\xampp\htdocs\WebSystemITE-G9\system\Database\MySQLi\Connection.php(327): mysqli->query('INSERT INTO `us...', 0)
#1 C:\xampp\htdocs\WebSystemITE-G9\system\Database\BaseConnection.php(729): CodeIgniter\Database\MySQLi\Connection->execute('INSERT INTO `us...')
#2 C:\xampp\htdocs\WebSystemITE-G9\system\Database\BaseConnection.php(646): CodeIgniter\Database\BaseConnection->simpleQuery('INSERT INTO `us...')
#3 C:\xampp\htdocs\WebSystemITE-G9\system\Database\BaseBuilder.php(1841): CodeIgniter\Database\BaseConnection->query('INSERT INTO `us...', NULL, false)
#4 C:\xampp\htdocs\WebSystemITE-G9\system\Database\BaseBuilder.php(2230): CodeIgniter\Database\BaseBuilder->batchExecute('_insertBatch', 100)
#5 C:\xampp\htdocs\WebSystemITE-G9\app\Database\Seeds\UserSeeder.php(89): CodeIgniter\Database\BaseBuilder->insertBatch(Array)
#6 C:\xampp\htdocs\WebSystemITE-G9\system\Database\Seeder.php(149): App\Database\Seeds\UserSeeder->run()
#7 C:\xampp\htdocs\WebSystemITE-G9\system\Commands\Database\Seed.php(79): CodeIgniter\Database\Seeder->call('App\\Database\\Se...')
#8 C:\xampp\htdocs\WebSystemITE-G9\system\CLI\Commands.php(74): CodeIgniter\Commands\Database\Seed->run(Array)
#9 C:\xampp\htdocs\WebSystemITE-G9\system\CLI\Console.php(47): CodeIgniter\CLI\Commands->run('db:seed', Array)
#10 C:\xampp\htdocs\WebSystemITE-G9\system\Boot.php(388): CodeIgniter\CLI\Console->run()
#11 C:\xampp\htdocs\WebSystemITE-G9\system\Boot.php(133): CodeIgniter\Boot::runCommand(Object(CodeIgniter\CLI\Console))
#12 C:\xampp\htdocs\WebSystemITE-G9\spark(87): CodeIgniter\Boot::bootSpark(Object(Config\Paths))
#13 {main}
ERROR - 2025-09-15 16:46:45 --> mysqli_sql_exception: Table 'hms_g9.payments' doesn't exist in C:\xampp\htdocs\WebSystemITE-G9\system\Database\MySQLi\Connection.php:327
Stack trace:
#0 C:\xampp\htdocs\WebSystemITE-G9\system\Database\MySQLi\Connection.php(327): mysqli->query('SELECT SUM(`amo...', 0)
#1 C:\xampp\htdocs\WebSystemITE-G9\system\Database\BaseConnection.php(729): CodeIgniter\Database\MySQLi\Connection->execute('SELECT SUM(`amo...')
#2 C:\xampp\htdocs\WebSystemITE-G9\system\Database\BaseConnection.php(646): CodeIgniter\Database\BaseConnection->simpleQuery('SELECT SUM(`amo...')
#3 C:\xampp\htdocs\WebSystemITE-G9\system\Database\BaseBuilder.php(1649): CodeIgniter\Database\BaseConnection->query('SELECT SUM(`amo...', Array, false)
#4 C:\xampp\htdocs\WebSystemITE-G9\system\Model.php(925): CodeIgniter\Database\BaseBuilder->get()
#5 C:\xampp\htdocs\WebSystemITE-G9\app\Models\PaymentModel.php(18): CodeIgniter\Model->__call('get', Array)
#6 C:\xampp\htdocs\WebSystemITE-G9\app\Controllers\Accountant.php(24): App\Models\PaymentModel->getTodayRevenue()
#7 C:\xampp\htdocs\WebSystemITE-G9\system\CodeIgniter.php(933): App\Controllers\Accountant->index()
#8 C:\xampp\htdocs\WebSystemITE-G9\system\CodeIgniter.php(507): CodeIgniter\CodeIgniter->runController(Object(App\Controllers\Accountant))
#9 C:\xampp\htdocs\WebSystemITE-G9\system\CodeIgniter.php(354): CodeIgniter\CodeIgniter->handleRequest(NULL, Object(Config\Cache), false)
#10 C:\xampp\htdocs\WebSystemITE-G9\system\Boot.php(363): CodeIgniter\CodeIgniter->run()
#11 C:\xampp\htdocs\WebSystemITE-G9\system\Boot.php(68): CodeIgniter\Boot::runCodeIgniter(Object(CodeIgniter\CodeIgniter))
#12 C:\xampp\htdocs\WebSystemITE-G9\public\index.php(59): CodeIgniter\Boot::bootWeb(Object(Config\Paths))
#13 {main}
CRITICAL - 2025-09-15 16:46:45 --> CodeIgniter\Database\Exceptions\DatabaseException: Table 'hms_g9.payments' doesn't exist
[Method: GET, Route: accounting/dashboard]
in SYSTEMPATH\Database\BaseConnection.php on line 684.
 1 SYSTEMPATH\Database\BaseBuilder.php(1649): CodeIgniter\Database\BaseConnection->query('SELECT SUM(`amount`) AS `amount`
FROM `payments`
WHERE DATE(payment_date) = :DATE(payment_date):', [...], false)
 2 SYSTEMPATH\Model.php(925): CodeIgniter\Database\BaseBuilder->get()
 3 APPPATH\Models\PaymentModel.php(18): CodeIgniter\Model->__call('get', [])
 4 APPPATH\Controllers\Accountant.php(24): App\Models\PaymentModel->getTodayRevenue()
 5 SYSTEMPATH\CodeIgniter.php(933): App\Controllers\Accountant->index()
 6 SYSTEMPATH\CodeIgniter.php(507): CodeIgniter\CodeIgniter->runController(Object(App\Controllers\Accountant))
 7 SYSTEMPATH\CodeIgniter.php(354): CodeIgniter\CodeIgniter->handleRequest(null, Object(Config\Cache), false)
 8 SYSTEMPATH\Boot.php(363): CodeIgniter\CodeIgniter->run()
 9 SYSTEMPATH\Boot.php(68): CodeIgniter\Boot::runCodeIgniter(Object(CodeIgniter\CodeIgniter))
10 FCPATH\index.php(59): CodeIgniter\Boot::bootWeb(Object(Config\Paths))
CRITICAL - 2025-09-15 16:46:45 --> [Caused by] CodeIgniter\Database\Exceptions\DatabaseException: Table 'hms_g9.payments' doesn't exist
in SYSTEMPATH\Database\MySQLi\Connection.php on line 332.
 1 SYSTEMPATH\Database\BaseConnection.php(729): CodeIgniter\Database\MySQLi\Connection->execute('SELECT SUM(`amount`) AS `amount`
FROM `payments`
WHERE DATE(payment_date) = \'2025-09-15\'')
 2 SYSTEMPATH\Database\BaseConnection.php(646): CodeIgniter\Database\BaseConnection->simpleQuery('SELECT SUM(`amount`) AS `amount`
FROM `payments`
WHERE DATE(payment_date) = \'2025-09-15\'')
 3 SYSTEMPATH\Database\BaseBuilder.php(1649): CodeIgniter\Database\BaseConnection->query('SELECT SUM(`amount`) AS `amount`
FROM `payments`
WHERE DATE(payment_date) = :DATE(payment_date):', [...], false)
 4 SYSTEMPATH\Model.php(925): CodeIgniter\Database\BaseBuilder->get()
 5 APPPATH\Models\PaymentModel.php(18): CodeIgniter\Model->__call('get', [])
 6 APPPATH\Controllers\Accountant.php(24): App\Models\PaymentModel->getTodayRevenue()
 7 SYSTEMPATH\CodeIgniter.php(933): App\Controllers\Accountant->index()
 8 SYSTEMPATH\CodeIgniter.php(507): CodeIgniter\CodeIgniter->runController(Object(App\Controllers\Accountant))
 9 SYSTEMPATH\CodeIgniter.php(354): CodeIgniter\CodeIgniter->handleRequest(null, Object(Config\Cache), false)
10 SYSTEMPATH\Boot.php(363): CodeIgniter\CodeIgniter->run()
11 SYSTEMPATH\Boot.php(68): CodeIgniter\Boot::runCodeIgniter(Object(CodeIgniter\CodeIgniter))
12 FCPATH\index.php(59): CodeIgniter\Boot::bootWeb(Object(Config\Paths))
CRITICAL - 2025-09-15 16:46:45 --> [Caused by] mysqli_sql_exception: Table 'hms_g9.payments' doesn't exist
in SYSTEMPATH\Database\MySQLi\Connection.php on line 327.
 1 SYSTEMPATH\Database\MySQLi\Connection.php(327): mysqli->query('SELECT SUM(`amount`) AS `amount`
FROM `payments`
WHERE DATE(payment_date) = \'2025-09-15\'', 0)
 2 SYSTEMPATH\Database\BaseConnection.php(729): CodeIgniter\Database\MySQLi\Connection->execute('SELECT SUM(`amount`) AS `amount`
FROM `payments`
WHERE DATE(payment_date) = \'2025-09-15\'')
 3 SYSTEMPATH\Database\BaseConnection.php(646): CodeIgniter\Database\BaseConnection->simpleQuery('SELECT SUM(`amount`) AS `amount`
FROM `payments`
WHERE DATE(payment_date) = \'2025-09-15\'')
 4 SYSTEMPATH\Database\BaseBuilder.php(1649): CodeIgniter\Database\BaseConnection->query('SELECT SUM(`amount`) AS `amount`
FROM `payments`
WHERE DATE(payment_date) = :DATE(payment_date):', [...], false)
 5 SYSTEMPATH\Model.php(925): CodeIgniter\Database\BaseBuilder->get()
 6 APPPATH\Models\PaymentModel.php(18): CodeIgniter\Model->__call('get', [])
 7 APPPATH\Controllers\Accountant.php(24): App\Models\PaymentModel->getTodayRevenue()
 8 SYSTEMPATH\CodeIgniter.php(933): App\Controllers\Accountant->index()
 9 SYSTEMPATH\CodeIgniter.php(507): CodeIgniter\CodeIgniter->runController(Object(App\Controllers\Accountant))
10 SYSTEMPATH\CodeIgniter.php(354): CodeIgniter\CodeIgniter->handleRequest(null, Object(Config\Cache), false)
11 SYSTEMPATH\Boot.php(363): CodeIgniter\CodeIgniter->run()
12 SYSTEMPATH\Boot.php(68): CodeIgniter\Boot::runCodeIgniter(Object(CodeIgniter\CodeIgniter))
13 FCPATH\index.php(59): CodeIgniter\Boot::bootWeb(Object(Config\Paths))
ERROR - 2025-09-15 16:47:07 --> mysqli_sql_exception: Table 'hms_g9.payments' doesn't exist in C:\xampp\htdocs\WebSystemITE-G9\system\Database\MySQLi\Connection.php:327
Stack trace:
#0 C:\xampp\htdocs\WebSystemITE-G9\system\Database\MySQLi\Connection.php(327): mysqli->query('SELECT SUM(`amo...', 0)
#1 C:\xampp\htdocs\WebSystemITE-G9\system\Database\BaseConnection.php(729): CodeIgniter\Database\MySQLi\Connection->execute('SELECT SUM(`amo...')
#2 C:\xampp\htdocs\WebSystemITE-G9\system\Database\BaseConnection.php(646): CodeIgniter\Database\BaseConnection->simpleQuery('SELECT SUM(`amo...')
#3 C:\xampp\htdocs\WebSystemITE-G9\system\Database\BaseBuilder.php(1649): CodeIgniter\Database\BaseConnection->query('SELECT SUM(`amo...', Array, false)
#4 C:\xampp\htdocs\WebSystemITE-G9\system\Model.php(925): CodeIgniter\Database\BaseBuilder->get()
#5 C:\xampp\htdocs\WebSystemITE-G9\app\Models\PaymentModel.php(18): CodeIgniter\Model->__call('get', Array)
#6 C:\xampp\htdocs\WebSystemITE-G9\app\Controllers\Accountant.php(24): App\Models\PaymentModel->getTodayRevenue()
#7 C:\xampp\htdocs\WebSystemITE-G9\system\CodeIgniter.php(933): App\Controllers\Accountant->index()
#8 C:\xampp\htdocs\WebSystemITE-G9\system\CodeIgniter.php(507): CodeIgniter\CodeIgniter->runController(Object(App\Controllers\Accountant))
#9 C:\xampp\htdocs\WebSystemITE-G9\system\CodeIgniter.php(354): CodeIgniter\CodeIgniter->handleRequest(NULL, Object(Config\Cache), false)
#10 C:\xampp\htdocs\WebSystemITE-G9\system\Boot.php(363): CodeIgniter\CodeIgniter->run()
#11 C:\xampp\htdocs\WebSystemITE-G9\system\Boot.php(68): CodeIgniter\Boot::runCodeIgniter(Object(CodeIgniter\CodeIgniter))
#12 C:\xampp\htdocs\WebSystemITE-G9\public\index.php(59): CodeIgniter\Boot::bootWeb(Object(Config\Paths))
#13 {main}
CRITICAL - 2025-09-15 16:47:07 --> CodeIgniter\Database\Exceptions\DatabaseException: Table 'hms_g9.payments' doesn't exist
[Method: GET, Route: accounting/dashboard]
in SYSTEMPATH\Database\BaseConnection.php on line 684.
 1 SYSTEMPATH\Database\BaseBuilder.php(1649): CodeIgniter\Database\BaseConnection->query('SELECT SUM(`amount`) AS `amount`
FROM `payments`
WHERE DATE(payment_date) = :DATE(payment_date):', [...], false)
 2 SYSTEMPATH\Model.php(925): CodeIgniter\Database\BaseBuilder->get()
 3 APPPATH\Models\PaymentModel.php(18): CodeIgniter\Model->__call('get', [])
 4 APPPATH\Controllers\Accountant.php(24): App\Models\PaymentModel->getTodayRevenue()
 5 SYSTEMPATH\CodeIgniter.php(933): App\Controllers\Accountant->index()
 6 SYSTEMPATH\CodeIgniter.php(507): CodeIgniter\CodeIgniter->runController(Object(App\Controllers\Accountant))
 7 SYSTEMPATH\CodeIgniter.php(354): CodeIgniter\CodeIgniter->handleRequest(null, Object(Config\Cache), false)
 8 SYSTEMPATH\Boot.php(363): CodeIgniter\CodeIgniter->run()
 9 SYSTEMPATH\Boot.php(68): CodeIgniter\Boot::runCodeIgniter(Object(CodeIgniter\CodeIgniter))
10 FCPATH\index.php(59): CodeIgniter\Boot::bootWeb(Object(Config\Paths))
CRITICAL - 2025-09-15 16:47:07 --> [Caused by] CodeIgniter\Database\Exceptions\DatabaseException: Table 'hms_g9.payments' doesn't exist
in SYSTEMPATH\Database\MySQLi\Connection.php on line 332.
 1 SYSTEMPATH\Database\BaseConnection.php(729): CodeIgniter\Database\MySQLi\Connection->execute('SELECT SUM(`amount`) AS `amount`
FROM `payments`
WHERE DATE(payment_date) = \'2025-09-15\'')
 2 SYSTEMPATH\Database\BaseConnection.php(646): CodeIgniter\Database\BaseConnection->simpleQuery('SELECT SUM(`amount`) AS `amount`
FROM `payments`
WHERE DATE(payment_date) = \'2025-09-15\'')
 3 SYSTEMPATH\Database\BaseBuilder.php(1649): CodeIgniter\Database\BaseConnection->query('SELECT SUM(`amount`) AS `amount`
FROM `payments`
WHERE DATE(payment_date) = :DATE(payment_date):', [...], false)
 4 SYSTEMPATH\Model.php(925): CodeIgniter\Database\BaseBuilder->get()
 5 APPPATH\Models\PaymentModel.php(18): CodeIgniter\Model->__call('get', [])
 6 APPPATH\Controllers\Accountant.php(24): App\Models\PaymentModel->getTodayRevenue()
 7 SYSTEMPATH\CodeIgniter.php(933): App\Controllers\Accountant->index()
 8 SYSTEMPATH\CodeIgniter.php(507): CodeIgniter\CodeIgniter->runController(Object(App\Controllers\Accountant))
 9 SYSTEMPATH\CodeIgniter.php(354): CodeIgniter\CodeIgniter->handleRequest(null, Object(Config\Cache), false)
10 SYSTEMPATH\Boot.php(363): CodeIgniter\CodeIgniter->run()
11 SYSTEMPATH\Boot.php(68): CodeIgniter\Boot::runCodeIgniter(Object(CodeIgniter\CodeIgniter))
12 FCPATH\index.php(59): CodeIgniter\Boot::bootWeb(Object(Config\Paths))
CRITICAL - 2025-09-15 16:47:07 --> [Caused by] mysqli_sql_exception: Table 'hms_g9.payments' doesn't exist
in SYSTEMPATH\Database\MySQLi\Connection.php on line 327.
 1 SYSTEMPATH\Database\MySQLi\Connection.php(327): mysqli->query('SELECT SUM(`amount`) AS `amount`
FROM `payments`
WHERE DATE(payment_date) = \'2025-09-15\'', 0)
 2 SYSTEMPATH\Database\BaseConnection.php(729): CodeIgniter\Database\MySQLi\Connection->execute('SELECT SUM(`amount`) AS `amount`
FROM `payments`
WHERE DATE(payment_date) = \'2025-09-15\'')
 3 SYSTEMPATH\Database\BaseConnection.php(646): CodeIgniter\Database\BaseConnection->simpleQuery('SELECT SUM(`amount`) AS `amount`
FROM `payments`
WHERE DATE(payment_date) = \'2025-09-15\'')
 4 SYSTEMPATH\Database\BaseBuilder.php(1649): CodeIgniter\Database\BaseConnection->query('SELECT SUM(`amount`) AS `amount`
FROM `payments`
WHERE DATE(payment_date) = :DATE(payment_date):', [...], false)
 5 SYSTEMPATH\Model.php(925): CodeIgniter\Database\BaseBuilder->get()
 6 APPPATH\Models\PaymentModel.php(18): CodeIgniter\Model->__call('get', [])
 7 APPPATH\Controllers\Accountant.php(24): App\Models\PaymentModel->getTodayRevenue()
 8 SYSTEMPATH\CodeIgniter.php(933): App\Controllers\Accountant->index()
 9 SYSTEMPATH\CodeIgniter.php(507): CodeIgniter\CodeIgniter->runController(Object(App\Controllers\Accountant))
10 SYSTEMPATH\CodeIgniter.php(354): CodeIgniter\CodeIgniter->handleRequest(null, Object(Config\Cache), false)
11 SYSTEMPATH\Boot.php(363): CodeIgniter\CodeIgniter->run()
12 SYSTEMPATH\Boot.php(68): CodeIgniter\Boot::runCodeIgniter(Object(CodeIgniter\CodeIgniter))
13 FCPATH\index.php(59): CodeIgniter\Boot::bootWeb(Object(Config\Paths))
CRITICAL - 2025-09-15 16:47:36 --> TypeError: CodeIgniter\CLI\InputOutput::input(): Return value must be of type string, bool returned
[Method: CLI, Route: db:table]
in SYSTEMPATH\CLI\InputOutput.php on line 46.
 1 SYSTEMPATH\CLI\CLI.php(260): CodeIgniter\CLI\InputOutput->input()
 2 SYSTEMPATH\CLI\CLI.php(298): CodeIgniter\CLI\CLI::prompt('
Which table do you want to see?', [...], [...])
 3 SYSTEMPATH\Commands\Database\ShowTableInfo.php(145): CodeIgniter\CLI\CLI::promptByKey([], [...], 'required')
 4 SYSTEMPATH\CLI\Commands.php(74): CodeIgniter\Commands\Database\ShowTableInfo->run([])
 5 SYSTEMPATH\CLI\Console.php(47): CodeIgniter\CLI\Commands->run('db:table', [])
 6 SYSTEMPATH\Boot.php(388): CodeIgniter\CLI\Console->run()
 7 SYSTEMPATH\Boot.php(133): CodeIgniter\Boot::runCommand(Object(CodeIgniter\CLI\Console))
 8 ROOTPATH\spark(87): CodeIgniter\Boot::bootSpark(Object(Config\Paths))
