ERROR - 2025-11-15 14:00:02 --> mysqli_sql_exception: Unknown column 'extension_name' in 'field list' in C:\xampp\htdocs\group6\system\Database\MySQLi\Connection.php:327
Stack trace:
#0 C:\xampp\htdocs\group6\system\Database\MySQLi\Connection.php(327): mysqli->query('INSERT INTO `pa...', 0)
#1 C:\xampp\htdocs\group6\system\Database\BaseConnection.php(729): CodeIgniter\Database\MySQLi\Connection->execute('INSERT INTO `pa...')
#2 C:\xampp\htdocs\group6\system\Database\BaseConnection.php(646): CodeIgniter\Database\BaseConnection->simpleQuery('INSERT INTO `pa...')
#3 C:\xampp\htdocs\group6\system\Database\BaseBuilder.php(2345): CodeIgniter\Database\BaseConnection->query('INSERT INTO `pa...', Array, false)
#4 C:\xampp\htdocs\group6\system\Model.php(394): CodeIgniter\Database\BaseBuilder->insert()
#5 C:\xampp\htdocs\group6\system\BaseModel.php(838): CodeIgniter\Model->doInsert(Array)
#6 C:\xampp\htdocs\group6\system\Model.php(797): CodeIgniter\BaseModel->insert(Array, false)
#7 C:\xampp\htdocs\group6\system\BaseModel.php(751): CodeIgniter\Model->insert(Array, false)
#8 C:\xampp\htdocs\group6\app\Controllers\Receptionist\Patients.php(185): CodeIgniter\BaseModel->save(Array)
#9 C:\xampp\htdocs\group6\system\CodeIgniter.php(933): App\Controllers\Receptionist\Patients->store()
#10 C:\xampp\htdocs\group6\system\CodeIgniter.php(507): CodeIgniter\CodeIgniter->runController(Object(App\Controllers\Receptionist\Patients))
#11 C:\xampp\htdocs\group6\system\CodeIgniter.php(354): CodeIgniter\CodeIgniter->handleRequest(NULL, Object(Config\Cache), false)
#12 C:\xampp\htdocs\group6\system\Boot.php(363): CodeIgniter\CodeIgniter->run()
#13 C:\xampp\htdocs\group6\system\Boot.php(68): CodeIgniter\Boot::runCodeIgniter(Object(CodeIgniter\CodeIgniter))
#14 C:\xampp\htdocs\group6\public\index.php(59): CodeIgniter\Boot::bootWeb(Object(Config\Paths))
#15 {main}
CRITICAL - 2025-11-15 14:00:02 --> CodeIgniter\Database\Exceptions\DatabaseException: Unknown column 'extension_name' in 'field list'
[Method: POST, Route: receptionist/patients/store]
in SYSTEMPATH\Database\BaseConnection.php on line 684.
 1 SYSTEMPATH\Database\BaseBuilder.php(2345): CodeIgniter\Database\BaseConnection->query('INSERT INTO `patients` (`patient_reg_no`, `first_name`, `middle_name`, `last_name`, `extension_name`, `full_name`, `gender`, `civil_status`, `date_of_birth`, `age`, `contact`, `email`, `address_street`, `address_barangay`, `address_city`, `address_province`, `address`, `nationality`, `religion`, `type`, `doctor_id`, `department_id`, `purpose`, `admission_date`, `room_number`, `emergency_name`, `emergency_relationship`, `emergency_contact`, `emergency_address`, `blood_type`, `allergies`, `existing_conditions`, `current_medications`, `past_surgeries`, `family_history`, `insurance_provider`, `insurance_number`, `philhealth_number`, `billing_address`, `payment_type`, `registration_date`, `registered_by`, `signature_patient`, `signature_staff`, `created_at`, `updated_at`) VALUES (:patient_reg_no:, :first_name:, :middle_name:, :last_name:, :extension_name:, :full_name:, :gender:, :civil_status:, :date_of_birth:, :age:, :contact:, :email:, :address_street:, :address_barangay:, :address_city:, :address_province:, :address:, :nationality:, :religion:, :type:, :doctor_id:, :department_id:, :purpose:, :admission_date:, :room_number:, :emergency_name:, :emergency_relationship:, :emergency_contact:, :emergency_address:, :blood_type:, :allergies:, :existing_conditions:, :current_medications:, :past_surgeries:, :family_history:, :insurance_provider:, :insurance_number:, :philhealth_number:, :billing_address:, :payment_type:, :registration_date:, :registered_by:, :signature_patient:, :signature_staff:, :created_at:, :updated_at:)', [...], false)
 2 SYSTEMPATH\Model.php(394): CodeIgniter\Database\BaseBuilder->insert()
 3 SYSTEMPATH\BaseModel.php(838): CodeIgniter\Model->doInsert([...])
 4 SYSTEMPATH\Model.php(797): CodeIgniter\BaseModel->insert([...], false)
 5 SYSTEMPATH\BaseModel.php(751): CodeIgniter\Model->insert([...], false)
 6 APPPATH\Controllers\Receptionist\Patients.php(185): CodeIgniter\BaseModel->save([...])
 7 SYSTEMPATH\CodeIgniter.php(933): App\Controllers\Receptionist\Patients->store()
 8 SYSTEMPATH\CodeIgniter.php(507): CodeIgniter\CodeIgniter->runController(Object(App\Controllers\Receptionist\Patients))
 9 SYSTEMPATH\CodeIgniter.php(354): CodeIgniter\CodeIgniter->handleRequest(null, Object(Config\Cache), false)
10 SYSTEMPATH\Boot.php(363): CodeIgniter\CodeIgniter->run()
11 SYSTEMPATH\Boot.php(68): CodeIgniter\Boot::runCodeIgniter(Object(CodeIgniter\CodeIgniter))
12 FCPATH\index.php(59): CodeIgniter\Boot::bootWeb(Object(Config\Paths))
CRITICAL - 2025-11-15 14:00:02 --> [Caused by] CodeIgniter\Database\Exceptions\DatabaseException: Unknown column 'extension_name' in 'field list'
in SYSTEMPATH\Database\MySQLi\Connection.php on line 332.
 1 SYSTEMPATH\Database\BaseConnection.php(729): CodeIgniter\Database\MySQLi\Connection->execute('INSERT INTO `patients` (`patient_reg_no`, `first_name`, `middle_name`, `last_name`, `extension_name`, `full_name`, `gender`, `civil_status`, `date_of_birth`, `age`, `contact`, `email`, `address_street`, `address_barangay`, `address_city`, `address_province`, `address`, `nationality`, `religion`, `type`, `doctor_id`, `department_id`, `purpose`, `admission_date`, `room_number`, `emergency_name`, `emergency_relationship`, `emergency_contact`, `emergency_address`, `blood_type`, `allergies`, `existing_conditions`, `current_medications`, `past_surgeries`, `family_history`, `insurance_provider`, `insurance_number`, `philhealth_number`, `billing_address`, `payment_type`, `registration_date`, `registered_by`, `signature_patient`, `signature_staff`, `created_at`, `updated_at`) VALUES (NULL, \'mirai\', \'qwe\', \'qwe\', \'sr\', \'mirai qwe qwe sr\', \'Male\', \'Single\', \'2025-11-11\', 0, \'09978150582\', \'jeraldmaca@gmail.com\', NULL, \'Mainit\', \'Mabini\', \'Batangas\', \'Mainit, Mabini, Batangas\', \'sad\', \'qwe\', \'In-Patient\', \'1\', \'2\', \'asd\', \'2025-11-15\', \'323\', \'qwe\', \'qwe\', \'qwe\', \'qwe\', \'B+\', \'asd\', \'sad\', \'asd\', \'asd\', \'asd\', \'Maxicare\', \'324234\', \'3244\', NULL, \'Insurance\', \'2025-11-15\', \'adasd\', NULL, NULL, \'2025-11-15 14:00:02\', \'2025-11-15 14:00:02\')')
 2 SYSTEMPATH\Database\BaseConnection.php(646): CodeIgniter\Database\BaseConnection->simpleQuery('INSERT INTO `patients` (`patient_reg_no`, `first_name`, `middle_name`, `last_name`, `extension_name`, `full_name`, `gender`, `civil_status`, `date_of_birth`, `age`, `contact`, `email`, `address_street`, `address_barangay`, `address_city`, `address_province`, `address`, `nationality`, `religion`, `type`, `doctor_id`, `department_id`, `purpose`, `admission_date`, `room_number`, `emergency_name`, `emergency_relationship`, `emergency_contact`, `emergency_address`, `blood_type`, `allergies`, `existing_conditions`, `current_medications`, `past_surgeries`, `family_history`, `insurance_provider`, `insurance_number`, `philhealth_number`, `billing_address`, `payment_type`, `registration_date`, `registered_by`, `signature_patient`, `signature_staff`, `created_at`, `updated_at`) VALUES (NULL, \'mirai\', \'qwe\', \'qwe\', \'sr\', \'mirai qwe qwe sr\', \'Male\', \'Single\', \'2025-11-11\', 0, \'09978150582\', \'jeraldmaca@gmail.com\', NULL, \'Mainit\', \'Mabini\', \'Batangas\', \'Mainit, Mabini, Batangas\', \'sad\', \'qwe\', \'In-Patient\', \'1\', \'2\', \'asd\', \'2025-11-15\', \'323\', \'qwe\', \'qwe\', \'qwe\', \'qwe\', \'B+\', \'asd\', \'sad\', \'asd\', \'asd\', \'asd\', \'Maxicare\', \'324234\', \'3244\', NULL, \'Insurance\', \'2025-11-15\', \'adasd\', NULL, NULL, \'2025-11-15 14:00:02\', \'2025-11-15 14:00:02\')')
 3 SYSTEMPATH\Database\BaseBuilder.php(2345): CodeIgniter\Database\BaseConnection->query('INSERT INTO `patients` (`patient_reg_no`, `first_name`, `middle_name`, `last_name`, `extension_name`, `full_name`, `gender`, `civil_status`, `date_of_birth`, `age`, `contact`, `email`, `address_street`, `address_barangay`, `address_city`, `address_province`, `address`, `nationality`, `religion`, `type`, `doctor_id`, `department_id`, `purpose`, `admission_date`, `room_number`, `emergency_name`, `emergency_relationship`, `emergency_contact`, `emergency_address`, `blood_type`, `allergies`, `existing_conditions`, `current_medications`, `past_surgeries`, `family_history`, `insurance_provider`, `insurance_number`, `philhealth_number`, `billing_address`, `payment_type`, `registration_date`, `registered_by`, `signature_patient`, `signature_staff`, `created_at`, `updated_at`) VALUES (:patient_reg_no:, :first_name:, :middle_name:, :last_name:, :extension_name:, :full_name:, :gender:, :civil_status:, :date_of_birth:, :age:, :contact:, :email:, :address_street:, :address_barangay:, :address_city:, :address_province:, :address:, :nationality:, :religion:, :type:, :doctor_id:, :department_id:, :purpose:, :admission_date:, :room_number:, :emergency_name:, :emergency_relationship:, :emergency_contact:, :emergency_address:, :blood_type:, :allergies:, :existing_conditions:, :current_medications:, :past_surgeries:, :family_history:, :insurance_provider:, :insurance_number:, :philhealth_number:, :billing_address:, :payment_type:, :registration_date:, :registered_by:, :signature_patient:, :signature_staff:, :created_at:, :updated_at:)', [...], false)
 4 SYSTEMPATH\Model.php(394): CodeIgniter\Database\BaseBuilder->insert()
 5 SYSTEMPATH\BaseModel.php(838): CodeIgniter\Model->doInsert([...])
 6 SYSTEMPATH\Model.php(797): CodeIgniter\BaseModel->insert([...], false)
 7 SYSTEMPATH\BaseModel.php(751): CodeIgniter\Model->insert([...], false)
 8 APPPATH\Controllers\Receptionist\Patients.php(185): CodeIgniter\BaseModel->save([...])
 9 SYSTEMPATH\CodeIgniter.php(933): App\Controllers\Receptionist\Patients->store()
10 SYSTEMPATH\CodeIgniter.php(507): CodeIgniter\CodeIgniter->runController(Object(App\Controllers\Receptionist\Patients))
11 SYSTEMPATH\CodeIgniter.php(354): CodeIgniter\CodeIgniter->handleRequest(null, Object(Config\Cache), false)
12 SYSTEMPATH\Boot.php(363): CodeIgniter\CodeIgniter->run()
13 SYSTEMPATH\Boot.php(68): CodeIgniter\Boot::runCodeIgniter(Object(CodeIgniter\CodeIgniter))
14 FCPATH\index.php(59): CodeIgniter\Boot::bootWeb(Object(Config\Paths))
CRITICAL - 2025-11-15 14:00:02 --> [Caused by] mysqli_sql_exception: Unknown column 'extension_name' in 'field list'
in SYSTEMPATH\Database\MySQLi\Connection.php on line 327.
 1 SYSTEMPATH\Database\MySQLi\Connection.php(327): mysqli->query('INSERT INTO `patients` (`patient_reg_no`, `first_name`, `middle_name`, `last_name`, `extension_name`, `full_name`, `gender`, `civil_status`, `date_of_birth`, `age`, `contact`, `email`, `address_street`, `address_barangay`, `address_city`, `address_province`, `address`, `nationality`, `religion`, `type`, `doctor_id`, `department_id`, `purpose`, `admission_date`, `room_number`, `emergency_name`, `emergency_relationship`, `emergency_contact`, `emergency_address`, `blood_type`, `allergies`, `existing_conditions`, `current_medications`, `past_surgeries`, `family_history`, `insurance_provider`, `insurance_number`, `philhealth_number`, `billing_address`, `payment_type`, `registration_date`, `registered_by`, `signature_patient`, `signature_staff`, `created_at`, `updated_at`) VALUES (NULL, \'mirai\', \'qwe\', \'qwe\', \'sr\', \'mirai qwe qwe sr\', \'Male\', \'Single\', \'2025-11-11\', 0, \'09978150582\', \'jeraldmaca@gmail.com\', NULL, \'Mainit\', \'Mabini\', \'Batangas\', \'Mainit, Mabini, Batangas\', \'sad\', \'qwe\', \'In-Patient\', \'1\', \'2\', \'asd\', \'2025-11-15\', \'323\', \'qwe\', \'qwe\', \'qwe\', \'qwe\', \'B+\', \'asd\', \'sad\', \'asd\', \'asd\', \'asd\', \'Maxicare\', \'324234\', \'3244\', NULL, \'Insurance\', \'2025-11-15\', \'adasd\', NULL, NULL, \'2025-11-15 14:00:02\', \'2025-11-15 14:00:02\')', 0)
 2 SYSTEMPATH\Database\BaseConnection.php(729): CodeIgniter\Database\MySQLi\Connection->execute('INSERT INTO `patients` (`patient_reg_no`, `first_name`, `middle_name`, `last_name`, `extension_name`, `full_name`, `gender`, `civil_status`, `date_of_birth`, `age`, `contact`, `email`, `address_street`, `address_barangay`, `address_city`, `address_province`, `address`, `nationality`, `religion`, `type`, `doctor_id`, `department_id`, `purpose`, `admission_date`, `room_number`, `emergency_name`, `emergency_relationship`, `emergency_contact`, `emergency_address`, `blood_type`, `allergies`, `existing_conditions`, `current_medications`, `past_surgeries`, `family_history`, `insurance_provider`, `insurance_number`, `philhealth_number`, `billing_address`, `payment_type`, `registration_date`, `registered_by`, `signature_patient`, `signature_staff`, `created_at`, `updated_at`) VALUES (NULL, \'mirai\', \'qwe\', \'qwe\', \'sr\', \'mirai qwe qwe sr\', \'Male\', \'Single\', \'2025-11-11\', 0, \'09978150582\', \'jeraldmaca@gmail.com\', NULL, \'Mainit\', \'Mabini\', \'Batangas\', \'Mainit, Mabini, Batangas\', \'sad\', \'qwe\', \'In-Patient\', \'1\', \'2\', \'asd\', \'2025-11-15\', \'323\', \'qwe\', \'qwe\', \'qwe\', \'qwe\', \'B+\', \'asd\', \'sad\', \'asd\', \'asd\', \'asd\', \'Maxicare\', \'324234\', \'3244\', NULL, \'Insurance\', \'2025-11-15\', \'adasd\', NULL, NULL, \'2025-11-15 14:00:02\', \'2025-11-15 14:00:02\')')
 3 SYSTEMPATH\Database\BaseConnection.php(646): CodeIgniter\Database\BaseConnection->simpleQuery('INSERT INTO `patients` (`patient_reg_no`, `first_name`, `middle_name`, `last_name`, `extension_name`, `full_name`, `gender`, `civil_status`, `date_of_birth`, `age`, `contact`, `email`, `address_street`, `address_barangay`, `address_city`, `address_province`, `address`, `nationality`, `religion`, `type`, `doctor_id`, `department_id`, `purpose`, `admission_date`, `room_number`, `emergency_name`, `emergency_relationship`, `emergency_contact`, `emergency_address`, `blood_type`, `allergies`, `existing_conditions`, `current_medications`, `past_surgeries`, `family_history`, `insurance_provider`, `insurance_number`, `philhealth_number`, `billing_address`, `payment_type`, `registration_date`, `registered_by`, `signature_patient`, `signature_staff`, `created_at`, `updated_at`) VALUES (NULL, \'mirai\', \'qwe\', \'qwe\', \'sr\', \'mirai qwe qwe sr\', \'Male\', \'Single\', \'2025-11-11\', 0, \'09978150582\', \'jeraldmaca@gmail.com\', NULL, \'Mainit\', \'Mabini\', \'Batangas\', \'Mainit, Mabini, Batangas\', \'sad\', \'qwe\', \'In-Patient\', \'1\', \'2\', \'asd\', \'2025-11-15\', \'323\', \'qwe\', \'qwe\', \'qwe\', \'qwe\', \'B+\', \'asd\', \'sad\', \'asd\', \'asd\', \'asd\', \'Maxicare\', \'324234\', \'3244\', NULL, \'Insurance\', \'2025-11-15\', \'adasd\', NULL, NULL, \'2025-11-15 14:00:02\', \'2025-11-15 14:00:02\')')
 4 SYSTEMPATH\Database\BaseBuilder.php(2345): CodeIgniter\Database\BaseConnection->query('INSERT INTO `patients` (`patient_reg_no`, `first_name`, `middle_name`, `last_name`, `extension_name`, `full_name`, `gender`, `civil_status`, `date_of_birth`, `age`, `contact`, `email`, `address_street`, `address_barangay`, `address_city`, `address_province`, `address`, `nationality`, `religion`, `type`, `doctor_id`, `department_id`, `purpose`, `admission_date`, `room_number`, `emergency_name`, `emergency_relationship`, `emergency_contact`, `emergency_address`, `blood_type`, `allergies`, `existing_conditions`, `current_medications`, `past_surgeries`, `family_history`, `insurance_provider`, `insurance_number`, `philhealth_number`, `billing_address`, `payment_type`, `registration_date`, `registered_by`, `signature_patient`, `signature_staff`, `created_at`, `updated_at`) VALUES (:patient_reg_no:, :first_name:, :middle_name:, :last_name:, :extension_name:, :full_name:, :gender:, :civil_status:, :date_of_birth:, :age:, :contact:, :email:, :address_street:, :address_barangay:, :address_city:, :address_province:, :address:, :nationality:, :religion:, :type:, :doctor_id:, :department_id:, :purpose:, :admission_date:, :room_number:, :emergency_name:, :emergency_relationship:, :emergency_contact:, :emergency_address:, :blood_type:, :allergies:, :existing_conditions:, :current_medications:, :past_surgeries:, :family_history:, :insurance_provider:, :insurance_number:, :philhealth_number:, :billing_address:, :payment_type:, :registration_date:, :registered_by:, :signature_patient:, :signature_staff:, :created_at:, :updated_at:)', [...], false)
 5 SYSTEMPATH\Model.php(394): CodeIgniter\Database\BaseBuilder->insert()
 6 SYSTEMPATH\BaseModel.php(838): CodeIgniter\Model->doInsert([...])
 7 SYSTEMPATH\Model.php(797): CodeIgniter\BaseModel->insert([...], false)
 8 SYSTEMPATH\BaseModel.php(751): CodeIgniter\Model->insert([...], false)
 9 APPPATH\Controllers\Receptionist\Patients.php(185): CodeIgniter\BaseModel->save([...])
10 SYSTEMPATH\CodeIgniter.php(933): App\Controllers\Receptionist\Patients->store()
11 SYSTEMPATH\CodeIgniter.php(507): CodeIgniter\CodeIgniter->runController(Object(App\Controllers\Receptionist\Patients))
12 SYSTEMPATH\CodeIgniter.php(354): CodeIgniter\CodeIgniter->handleRequest(null, Object(Config\Cache), false)
13 SYSTEMPATH\Boot.php(363): CodeIgniter\CodeIgniter->run()
14 SYSTEMPATH\Boot.php(68): CodeIgniter\Boot::runCodeIgniter(Object(CodeIgniter\CodeIgniter))
15 FCPATH\index.php(59): CodeIgniter\Boot::bootWeb(Object(Config\Paths))
ERROR - 2025-11-15 15:31:01 --> mysqli_sql_exception: Table 'hospital_management.appointments' doesn't exist in C:\xampp\htdocs\group6\system\Database\MySQLi\Connection.php:327
Stack trace:
#0 C:\xampp\htdocs\group6\system\Database\MySQLi\Connection.php(327): mysqli->query('SELECT *\nFROM `...', 0)
#1 C:\xampp\htdocs\group6\system\Database\BaseConnection.php(729): CodeIgniter\Database\MySQLi\Connection->execute('SELECT *\nFROM `...')
#2 C:\xampp\htdocs\group6\system\Database\BaseConnection.php(646): CodeIgniter\Database\BaseConnection->simpleQuery('SELECT *\nFROM `...')
#3 C:\xampp\htdocs\group6\system\Database\BaseBuilder.php(1649): CodeIgniter\Database\BaseConnection->query('SELECT *\nFROM `...', Array, false)
#4 C:\xampp\htdocs\group6\app\Controllers\Appointment.php(47): CodeIgniter\Database\BaseBuilder->get()
#5 C:\xampp\htdocs\group6\system\CodeIgniter.php(933): App\Controllers\Appointment->index()
#6 C:\xampp\htdocs\group6\system\CodeIgniter.php(507): CodeIgniter\CodeIgniter->runController(Object(App\Controllers\Appointment))
#7 C:\xampp\htdocs\group6\system\CodeIgniter.php(354): CodeIgniter\CodeIgniter->handleRequest(NULL, Object(Config\Cache), false)
#8 C:\xampp\htdocs\group6\system\Boot.php(363): CodeIgniter\CodeIgniter->run()
#9 C:\xampp\htdocs\group6\system\Boot.php(68): CodeIgniter\Boot::runCodeIgniter(Object(CodeIgniter\CodeIgniter))
#10 C:\xampp\htdocs\group6\public\index.php(59): CodeIgniter\Boot::bootWeb(Object(Config\Paths))
#11 {main}
CRITICAL - 2025-11-15 15:31:01 --> CodeIgniter\Database\Exceptions\DatabaseException: Table 'hospital_management.appointments' doesn't exist
[Method: GET, Route: appointments/list]
in SYSTEMPATH\Database\BaseConnection.php on line 684.
 1 SYSTEMPATH\Database\BaseBuilder.php(1649): CodeIgniter\Database\BaseConnection->query('SELECT *
FROM `appointments`
ORDER BY `appointment_date` DESC, `appointment_time` DESC', [], false)
 2 APPPATH\Controllers\Appointment.php(47): CodeIgniter\Database\BaseBuilder->get()
 3 SYSTEMPATH\CodeIgniter.php(933): App\Controllers\Appointment->index()
 4 SYSTEMPATH\CodeIgniter.php(507): CodeIgniter\CodeIgniter->runController(Object(App\Controllers\Appointment))
 5 SYSTEMPATH\CodeIgniter.php(354): CodeIgniter\CodeIgniter->handleRequest(null, Object(Config\Cache), false)
 6 SYSTEMPATH\Boot.php(363): CodeIgniter\CodeIgniter->run()
 7 SYSTEMPATH\Boot.php(68): CodeIgniter\Boot::runCodeIgniter(Object(CodeIgniter\CodeIgniter))
 8 FCPATH\index.php(59): CodeIgniter\Boot::bootWeb(Object(Config\Paths))
CRITICAL - 2025-11-15 15:31:01 --> [Caused by] CodeIgniter\Database\Exceptions\DatabaseException: Table 'hospital_management.appointments' doesn't exist
in SYSTEMPATH\Database\MySQLi\Connection.php on line 332.
 1 SYSTEMPATH\Database\BaseConnection.php(729): CodeIgniter\Database\MySQLi\Connection->execute('SELECT *
FROM `appointments`
ORDER BY `appointment_date` DESC, `appointment_time` DESC')
 2 SYSTEMPATH\Database\BaseConnection.php(646): CodeIgniter\Database\BaseConnection->simpleQuery('SELECT *
FROM `appointments`
ORDER BY `appointment_date` DESC, `appointment_time` DESC')
 3 SYSTEMPATH\Database\BaseBuilder.php(1649): CodeIgniter\Database\BaseConnection->query('SELECT *
FROM `appointments`
ORDER BY `appointment_date` DESC, `appointment_time` DESC', [], false)
 4 APPPATH\Controllers\Appointment.php(47): CodeIgniter\Database\BaseBuilder->get()
 5 SYSTEMPATH\CodeIgniter.php(933): App\Controllers\Appointment->index()
 6 SYSTEMPATH\CodeIgniter.php(507): CodeIgniter\CodeIgniter->runController(Object(App\Controllers\Appointment))
 7 SYSTEMPATH\CodeIgniter.php(354): CodeIgniter\CodeIgniter->handleRequest(null, Object(Config\Cache), false)
 8 SYSTEMPATH\Boot.php(363): CodeIgniter\CodeIgniter->run()
 9 SYSTEMPATH\Boot.php(68): CodeIgniter\Boot::runCodeIgniter(Object(CodeIgniter\CodeIgniter))
10 FCPATH\index.php(59): CodeIgniter\Boot::bootWeb(Object(Config\Paths))
CRITICAL - 2025-11-15 15:31:01 --> [Caused by] mysqli_sql_exception: Table 'hospital_management.appointments' doesn't exist
in SYSTEMPATH\Database\MySQLi\Connection.php on line 327.
 1 SYSTEMPATH\Database\MySQLi\Connection.php(327): mysqli->query('SELECT *
FROM `appointments`
ORDER BY `appointment_date` DESC, `appointment_time` DESC', 0)
 2 SYSTEMPATH\Database\BaseConnection.php(729): CodeIgniter\Database\MySQLi\Connection->execute('SELECT *
FROM `appointments`
ORDER BY `appointment_date` DESC, `appointment_time` DESC')
 3 SYSTEMPATH\Database\BaseConnection.php(646): CodeIgniter\Database\BaseConnection->simpleQuery('SELECT *
FROM `appointments`
ORDER BY `appointment_date` DESC, `appointment_time` DESC')
 4 SYSTEMPATH\Database\BaseBuilder.php(1649): CodeIgniter\Database\BaseConnection->query('SELECT *
FROM `appointments`
ORDER BY `appointment_date` DESC, `appointment_time` DESC', [], false)
 5 APPPATH\Controllers\Appointment.php(47): CodeIgniter\Database\BaseBuilder->get()
 6 SYSTEMPATH\CodeIgniter.php(933): App\Controllers\Appointment->index()
 7 SYSTEMPATH\CodeIgniter.php(507): CodeIgniter\CodeIgniter->runController(Object(App\Controllers\Appointment))
 8 SYSTEMPATH\CodeIgniter.php(354): CodeIgniter\CodeIgniter->handleRequest(null, Object(Config\Cache), false)
 9 SYSTEMPATH\Boot.php(363): CodeIgniter\CodeIgniter->run()
10 SYSTEMPATH\Boot.php(68): CodeIgniter\Boot::runCodeIgniter(Object(CodeIgniter\CodeIgniter))
11 FCPATH\index.php(59): CodeIgniter\Boot::bootWeb(Object(Config\Paths))
ERROR - 2025-11-15 15:32:39 --> mysqli_sql_exception: Table 'hospital_management.appointments' doesn't exist in C:\xampp\htdocs\group6\system\Database\MySQLi\Connection.php:327
Stack trace:
#0 C:\xampp\htdocs\group6\system\Database\MySQLi\Connection.php(327): mysqli->query('SELECT *\nFROM `...', 0)
#1 C:\xampp\htdocs\group6\system\Database\BaseConnection.php(729): CodeIgniter\Database\MySQLi\Connection->execute('SELECT *\nFROM `...')
#2 C:\xampp\htdocs\group6\system\Database\BaseConnection.php(646): CodeIgniter\Database\BaseConnection->simpleQuery('SELECT *\nFROM `...')
#3 C:\xampp\htdocs\group6\system\Database\BaseBuilder.php(1649): CodeIgniter\Database\BaseConnection->query('SELECT *\nFROM `...', Array, false)
#4 C:\xampp\htdocs\group6\app\Controllers\Appointment.php(47): CodeIgniter\Database\BaseBuilder->get()
#5 C:\xampp\htdocs\group6\system\CodeIgniter.php(933): App\Controllers\Appointment->index()
#6 C:\xampp\htdocs\group6\system\CodeIgniter.php(507): CodeIgniter\CodeIgniter->runController(Object(App\Controllers\Appointment))
#7 C:\xampp\htdocs\group6\system\CodeIgniter.php(354): CodeIgniter\CodeIgniter->handleRequest(NULL, Object(Config\Cache), false)
#8 C:\xampp\htdocs\group6\system\Boot.php(363): CodeIgniter\CodeIgniter->run()
#9 C:\xampp\htdocs\group6\system\Boot.php(68): CodeIgniter\Boot::runCodeIgniter(Object(CodeIgniter\CodeIgniter))
#10 C:\xampp\htdocs\group6\public\index.php(59): CodeIgniter\Boot::bootWeb(Object(Config\Paths))
#11 {main}
CRITICAL - 2025-11-15 15:32:39 --> CodeIgniter\Database\Exceptions\DatabaseException: Table 'hospital_management.appointments' doesn't exist
[Method: GET, Route: appointments/list]
in SYSTEMPATH\Database\BaseConnection.php on line 684.
 1 SYSTEMPATH\Database\BaseBuilder.php(1649): CodeIgniter\Database\BaseConnection->query('SELECT *
FROM `appointments`
ORDER BY `appointment_date` DESC, `appointment_time` DESC', [], false)
 2 APPPATH\Controllers\Appointment.php(47): CodeIgniter\Database\BaseBuilder->get()
 3 SYSTEMPATH\CodeIgniter.php(933): App\Controllers\Appointment->index()
 4 SYSTEMPATH\CodeIgniter.php(507): CodeIgniter\CodeIgniter->runController(Object(App\Controllers\Appointment))
 5 SYSTEMPATH\CodeIgniter.php(354): CodeIgniter\CodeIgniter->handleRequest(null, Object(Config\Cache), false)
 6 SYSTEMPATH\Boot.php(363): CodeIgniter\CodeIgniter->run()
 7 SYSTEMPATH\Boot.php(68): CodeIgniter\Boot::runCodeIgniter(Object(CodeIgniter\CodeIgniter))
 8 FCPATH\index.php(59): CodeIgniter\Boot::bootWeb(Object(Config\Paths))
CRITICAL - 2025-11-15 15:32:39 --> [Caused by] CodeIgniter\Database\Exceptions\DatabaseException: Table 'hospital_management.appointments' doesn't exist
in SYSTEMPATH\Database\MySQLi\Connection.php on line 332.
 1 SYSTEMPATH\Database\BaseConnection.php(729): CodeIgniter\Database\MySQLi\Connection->execute('SELECT *
FROM `appointments`
ORDER BY `appointment_date` DESC, `appointment_time` DESC')
 2 SYSTEMPATH\Database\BaseConnection.php(646): CodeIgniter\Database\BaseConnection->simpleQuery('SELECT *
FROM `appointments`
ORDER BY `appointment_date` DESC, `appointment_time` DESC')
 3 SYSTEMPATH\Database\BaseBuilder.php(1649): CodeIgniter\Database\BaseConnection->query('SELECT *
FROM `appointments`
ORDER BY `appointment_date` DESC, `appointment_time` DESC', [], false)
 4 APPPATH\Controllers\Appointment.php(47): CodeIgniter\Database\BaseBuilder->get()
 5 SYSTEMPATH\CodeIgniter.php(933): App\Controllers\Appointment->index()
 6 SYSTEMPATH\CodeIgniter.php(507): CodeIgniter\CodeIgniter->runController(Object(App\Controllers\Appointment))
 7 SYSTEMPATH\CodeIgniter.php(354): CodeIgniter\CodeIgniter->handleRequest(null, Object(Config\Cache), false)
 8 SYSTEMPATH\Boot.php(363): CodeIgniter\CodeIgniter->run()
 9 SYSTEMPATH\Boot.php(68): CodeIgniter\Boot::runCodeIgniter(Object(CodeIgniter\CodeIgniter))
10 FCPATH\index.php(59): CodeIgniter\Boot::bootWeb(Object(Config\Paths))
CRITICAL - 2025-11-15 15:32:39 --> [Caused by] mysqli_sql_exception: Table 'hospital_management.appointments' doesn't exist
in SYSTEMPATH\Database\MySQLi\Connection.php on line 327.
 1 SYSTEMPATH\Database\MySQLi\Connection.php(327): mysqli->query('SELECT *
FROM `appointments`
ORDER BY `appointment_date` DESC, `appointment_time` DESC', 0)
 2 SYSTEMPATH\Database\BaseConnection.php(729): CodeIgniter\Database\MySQLi\Connection->execute('SELECT *
FROM `appointments`
ORDER BY `appointment_date` DESC, `appointment_time` DESC')
 3 SYSTEMPATH\Database\BaseConnection.php(646): CodeIgniter\Database\BaseConnection->simpleQuery('SELECT *
FROM `appointments`
ORDER BY `appointment_date` DESC, `appointment_time` DESC')
 4 SYSTEMPATH\Database\BaseBuilder.php(1649): CodeIgniter\Database\BaseConnection->query('SELECT *
FROM `appointments`
ORDER BY `appointment_date` DESC, `appointment_time` DESC', [], false)
 5 APPPATH\Controllers\Appointment.php(47): CodeIgniter\Database\BaseBuilder->get()
 6 SYSTEMPATH\CodeIgniter.php(933): App\Controllers\Appointment->index()
 7 SYSTEMPATH\CodeIgniter.php(507): CodeIgniter\CodeIgniter->runController(Object(App\Controllers\Appointment))
 8 SYSTEMPATH\CodeIgniter.php(354): CodeIgniter\CodeIgniter->handleRequest(null, Object(Config\Cache), false)
 9 SYSTEMPATH\Boot.php(363): CodeIgniter\CodeIgniter->run()
10 SYSTEMPATH\Boot.php(68): CodeIgniter\Boot::runCodeIgniter(Object(CodeIgniter\CodeIgniter))
11 FCPATH\index.php(59): CodeIgniter\Boot::bootWeb(Object(Config\Paths))
ERROR - 2025-11-15 15:32:43 --> mysqli_sql_exception: Table 'hospital_management.appointments' doesn't exist in C:\xampp\htdocs\group6\system\Database\MySQLi\Connection.php:327
Stack trace:
#0 C:\xampp\htdocs\group6\system\Database\MySQLi\Connection.php(327): mysqli->query('SELECT *\nFROM `...', 0)
#1 C:\xampp\htdocs\group6\system\Database\BaseConnection.php(729): CodeIgniter\Database\MySQLi\Connection->execute('SELECT *\nFROM `...')
#2 C:\xampp\htdocs\group6\system\Database\BaseConnection.php(646): CodeIgniter\Database\BaseConnection->simpleQuery('SELECT *\nFROM `...')
#3 C:\xampp\htdocs\group6\system\Database\BaseBuilder.php(1649): CodeIgniter\Database\BaseConnection->query('SELECT *\nFROM `...', Array, false)
#4 C:\xampp\htdocs\group6\app\Controllers\Appointment.php(47): CodeIgniter\Database\BaseBuilder->get()
#5 C:\xampp\htdocs\group6\system\CodeIgniter.php(933): App\Controllers\Appointment->index()
#6 C:\xampp\htdocs\group6\system\CodeIgniter.php(507): CodeIgniter\CodeIgniter->runController(Object(App\Controllers\Appointment))
#7 C:\xampp\htdocs\group6\system\CodeIgniter.php(354): CodeIgniter\CodeIgniter->handleRequest(NULL, Object(Config\Cache), false)
#8 C:\xampp\htdocs\group6\system\Boot.php(363): CodeIgniter\CodeIgniter->run()
#9 C:\xampp\htdocs\group6\system\Boot.php(68): CodeIgniter\Boot::runCodeIgniter(Object(CodeIgniter\CodeIgniter))
#10 C:\xampp\htdocs\group6\public\index.php(59): CodeIgniter\Boot::bootWeb(Object(Config\Paths))
#11 {main}
CRITICAL - 2025-11-15 15:32:43 --> CodeIgniter\Database\Exceptions\DatabaseException: Table 'hospital_management.appointments' doesn't exist
[Method: GET, Route: appointments/list]
in SYSTEMPATH\Database\BaseConnection.php on line 684.
 1 SYSTEMPATH\Database\BaseBuilder.php(1649): CodeIgniter\Database\BaseConnection->query('SELECT *
FROM `appointments`
ORDER BY `appointment_date` DESC, `appointment_time` DESC', [], false)
 2 APPPATH\Controllers\Appointment.php(47): CodeIgniter\Database\BaseBuilder->get()
 3 SYSTEMPATH\CodeIgniter.php(933): App\Controllers\Appointment->index()
 4 SYSTEMPATH\CodeIgniter.php(507): CodeIgniter\CodeIgniter->runController(Object(App\Controllers\Appointment))
 5 SYSTEMPATH\CodeIgniter.php(354): CodeIgniter\CodeIgniter->handleRequest(null, Object(Config\Cache), false)
 6 SYSTEMPATH\Boot.php(363): CodeIgniter\CodeIgniter->run()
 7 SYSTEMPATH\Boot.php(68): CodeIgniter\Boot::runCodeIgniter(Object(CodeIgniter\CodeIgniter))
 8 FCPATH\index.php(59): CodeIgniter\Boot::bootWeb(Object(Config\Paths))
CRITICAL - 2025-11-15 15:32:43 --> [Caused by] CodeIgniter\Database\Exceptions\DatabaseException: Table 'hospital_management.appointments' doesn't exist
in SYSTEMPATH\Database\MySQLi\Connection.php on line 332.
 1 SYSTEMPATH\Database\BaseConnection.php(729): CodeIgniter\Database\MySQLi\Connection->execute('SELECT *
FROM `appointments`
ORDER BY `appointment_date` DESC, `appointment_time` DESC')
 2 SYSTEMPATH\Database\BaseConnection.php(646): CodeIgniter\Database\BaseConnection->simpleQuery('SELECT *
FROM `appointments`
ORDER BY `appointment_date` DESC, `appointment_time` DESC')
 3 SYSTEMPATH\Database\BaseBuilder.php(1649): CodeIgniter\Database\BaseConnection->query('SELECT *
FROM `appointments`
ORDER BY `appointment_date` DESC, `appointment_time` DESC', [], false)
 4 APPPATH\Controllers\Appointment.php(47): CodeIgniter\Database\BaseBuilder->get()
 5 SYSTEMPATH\CodeIgniter.php(933): App\Controllers\Appointment->index()
 6 SYSTEMPATH\CodeIgniter.php(507): CodeIgniter\CodeIgniter->runController(Object(App\Controllers\Appointment))
 7 SYSTEMPATH\CodeIgniter.php(354): CodeIgniter\CodeIgniter->handleRequest(null, Object(Config\Cache), false)
 8 SYSTEMPATH\Boot.php(363): CodeIgniter\CodeIgniter->run()
 9 SYSTEMPATH\Boot.php(68): CodeIgniter\Boot::runCodeIgniter(Object(CodeIgniter\CodeIgniter))
10 FCPATH\index.php(59): CodeIgniter\Boot::bootWeb(Object(Config\Paths))
CRITICAL - 2025-11-15 15:32:43 --> [Caused by] mysqli_sql_exception: Table 'hospital_management.appointments' doesn't exist
in SYSTEMPATH\Database\MySQLi\Connection.php on line 327.
 1 SYSTEMPATH\Database\MySQLi\Connection.php(327): mysqli->query('SELECT *
FROM `appointments`
ORDER BY `appointment_date` DESC, `appointment_time` DESC', 0)
 2 SYSTEMPATH\Database\BaseConnection.php(729): CodeIgniter\Database\MySQLi\Connection->execute('SELECT *
FROM `appointments`
ORDER BY `appointment_date` DESC, `appointment_time` DESC')
 3 SYSTEMPATH\Database\BaseConnection.php(646): CodeIgniter\Database\BaseConnection->simpleQuery('SELECT *
FROM `appointments`
ORDER BY `appointment_date` DESC, `appointment_time` DESC')
 4 SYSTEMPATH\Database\BaseBuilder.php(1649): CodeIgniter\Database\BaseConnection->query('SELECT *
FROM `appointments`
ORDER BY `appointment_date` DESC, `appointment_time` DESC', [], false)
 5 APPPATH\Controllers\Appointment.php(47): CodeIgniter\Database\BaseBuilder->get()
 6 SYSTEMPATH\CodeIgniter.php(933): App\Controllers\Appointment->index()
 7 SYSTEMPATH\CodeIgniter.php(507): CodeIgniter\CodeIgniter->runController(Object(App\Controllers\Appointment))
 8 SYSTEMPATH\CodeIgniter.php(354): CodeIgniter\CodeIgniter->handleRequest(null, Object(Config\Cache), false)
 9 SYSTEMPATH\Boot.php(363): CodeIgniter\CodeIgniter->run()
10 SYSTEMPATH\Boot.php(68): CodeIgniter\Boot::runCodeIgniter(Object(CodeIgniter\CodeIgniter))
11 FCPATH\index.php(59): CodeIgniter\Boot::bootWeb(Object(Config\Paths))
CRITICAL - 2025-11-15 15:47:27 --> CodeIgniter\View\Exceptions\ViewException: Invalid file: "partials/header.php"
[Method: GET, Route: appointments/book]
in SYSTEMPATH\Exceptions\FrameworkException.php on line 39.
 1 SYSTEMPATH\View\View.php(214): CodeIgniter\Exceptions\FrameworkException::forInvalidFile('partials/header.php')
 2 SYSTEMPATH\View\View.php(242): CodeIgniter\View\View->render('partials/header', [], true)
 3 SYSTEMPATH\Common.php(1167): CodeIgniter\View\View->render('Reception/appointments/book', [], true)
 4 APPPATH\Controllers\Appointment.php(36): view('Reception/appointments/book', [...])
 5 SYSTEMPATH\CodeIgniter.php(933): App\Controllers\Appointment->book()
 6 SYSTEMPATH\CodeIgniter.php(507): CodeIgniter\CodeIgniter->runController(Object(App\Controllers\Appointment))
 7 SYSTEMPATH\CodeIgniter.php(354): CodeIgniter\CodeIgniter->handleRequest(null, Object(Config\Cache), false)
 8 SYSTEMPATH\Boot.php(363): CodeIgniter\CodeIgniter->run()
 9 SYSTEMPATH\Boot.php(68): CodeIgniter\Boot::runCodeIgniter(Object(CodeIgniter\CodeIgniter))
10 FCPATH\index.php(59): CodeIgniter\Boot::bootWeb(Object(Config\Paths))
ERROR - 2025-11-15 15:53:29 --> mysqli_sql_exception: Can't create table `hospital_management`.`appointments` (errno: 150 "Foreign key constraint is incorrectly formed") in C:\xampp\htdocs\group6\system\Database\MySQLi\Connection.php:327
Stack trace:
#0 C:\xampp\htdocs\group6\system\Database\MySQLi\Connection.php(327): mysqli->query('CREATE TABLE `a...', 0)
#1 C:\xampp\htdocs\group6\system\Database\BaseConnection.php(729): CodeIgniter\Database\MySQLi\Connection->execute('CREATE TABLE `a...')
#2 C:\xampp\htdocs\group6\system\Database\BaseConnection.php(646): CodeIgniter\Database\BaseConnection->simpleQuery('CREATE TABLE `a...')
#3 C:\xampp\htdocs\group6\system\Database\Forge.php(570): CodeIgniter\Database\BaseConnection->query('CREATE TABLE `a...')
#4 C:\xampp\htdocs\group6\app\Database\Migrations\2025-11-15-000006_CreateAppointmentsTable.php(61): CodeIgniter\Database\Forge->createTable('appointments')
#5 C:\xampp\htdocs\group6\system\Database\MigrationRunner.php(876): App\Database\Migrations\CreateAppointmentsTable->up()
#6 C:\xampp\htdocs\group6\system\Database\MigrationRunner.php(182): CodeIgniter\Database\MigrationRunner->migrate('up', Object(stdClass))
#7 C:\xampp\htdocs\group6\system\Commands\Database\Migrate.php(85): CodeIgniter\Database\MigrationRunner->latest(NULL)
#8 C:\xampp\htdocs\group6\system\CLI\Commands.php(74): CodeIgniter\Commands\Database\Migrate->run(Array)
#9 C:\xampp\htdocs\group6\system\CLI\Console.php(47): CodeIgniter\CLI\Commands->run('migrate', Array)
#10 C:\xampp\htdocs\group6\system\Boot.php(388): CodeIgniter\CLI\Console->run()
#11 C:\xampp\htdocs\group6\system\Boot.php(133): CodeIgniter\Boot::runCommand(Object(CodeIgniter\CLI\Console))
#12 C:\xampp\htdocs\group6\spark(87): CodeIgniter\Boot::bootSpark(Object(Config\Paths))
#13 {main}
CRITICAL - 2025-11-15 15:55:53 --> CodeIgniter\View\Exceptions\ViewException: Invalid file: "Roles/admin/appointments/Bookappointment.php"
[Method: GET, Route: appointments/book]
in SYSTEMPATH\Exceptions\FrameworkException.php on line 39.
 1 SYSTEMPATH\View\View.php(214): CodeIgniter\Exceptions\FrameworkException::forInvalidFile('Roles/admin/appointments/Bookappointment.php')
 2 SYSTEMPATH\Common.php(1167): CodeIgniter\View\View->render('Roles/admin/appointments/Bookappointment', [], true)
 3 APPPATH\Controllers\Appointment.php(129): view('Roles/admin/appointments/Bookappointment', [...])
 4 SYSTEMPATH\CodeIgniter.php(933): App\Controllers\Appointment->book()
 5 SYSTEMPATH\CodeIgniter.php(507): CodeIgniter\CodeIgniter->runController(Object(App\Controllers\Appointment))
 6 SYSTEMPATH\CodeIgniter.php(354): CodeIgniter\CodeIgniter->handleRequest(null, Object(Config\Cache), false)
 7 SYSTEMPATH\Boot.php(363): CodeIgniter\CodeIgniter->run()
 8 SYSTEMPATH\Boot.php(68): CodeIgniter\Boot::runCodeIgniter(Object(CodeIgniter\CodeIgniter))
 9 FCPATH\index.php(59): CodeIgniter\Boot::bootWeb(Object(Config\Paths))
ERROR - 2025-11-15 15:58:57 --> mysqli_sql_exception: Unknown column 'p.id' in 'on clause' in C:\xampp\htdocs\group6\system\Database\MySQLi\Connection.php:327
Stack trace:
#0 C:\xampp\htdocs\group6\system\Database\MySQLi\Connection.php(327): mysqli->query('SELECT `a`.*, `...', 0)
#1 C:\xampp\htdocs\group6\system\Database\BaseConnection.php(729): CodeIgniter\Database\MySQLi\Connection->execute('SELECT `a`.*, `...')
#2 C:\xampp\htdocs\group6\system\Database\BaseConnection.php(646): CodeIgniter\Database\BaseConnection->simpleQuery('SELECT `a`.*, `...')
#3 C:\xampp\htdocs\group6\system\Database\BaseBuilder.php(1649): CodeIgniter\Database\BaseConnection->query('SELECT `a`.*, `...', Array, false)
#4 C:\xampp\htdocs\group6\app\Models\AppointmentModel.php(116): CodeIgniter\Database\BaseBuilder->get()
#5 C:\xampp\htdocs\group6\app\Controllers\Appointment.php(46): App\Models\AppointmentModel->getAppointmentsByDateRange('2025-11-15', '2025-11-15')
#6 C:\xampp\htdocs\group6\system\CodeIgniter.php(933): App\Controllers\Appointment->index()
#7 C:\xampp\htdocs\group6\system\CodeIgniter.php(507): CodeIgniter\CodeIgniter->runController(Object(App\Controllers\Appointment))
#8 C:\xampp\htdocs\group6\system\CodeIgniter.php(354): CodeIgniter\CodeIgniter->handleRequest(NULL, Object(Config\Cache), false)
#9 C:\xampp\htdocs\group6\system\Boot.php(363): CodeIgniter\CodeIgniter->run()
#10 C:\xampp\htdocs\group6\system\Boot.php(68): CodeIgniter\Boot::runCodeIgniter(Object(CodeIgniter\CodeIgniter))
#11 C:\xampp\htdocs\group6\public\index.php(59): CodeIgniter\Boot::bootWeb(Object(Config\Paths))
#12 {main}
CRITICAL - 2025-11-15 15:58:57 --> CodeIgniter\Database\Exceptions\DatabaseException: Unknown column 'p.id' in 'on clause'
[Method: GET, Route: appointments/list]
in SYSTEMPATH\Database\BaseConnection.php on line 684.
 1 SYSTEMPATH\Database\BaseBuilder.php(1649): CodeIgniter\Database\BaseConnection->query('SELECT `a`.*, `p`.`first_name` as `patient_first_name`, `p`.`last_name` as `patient_last_name`, `u`.`username` as `doctor_name`, `u`.`email` as `doctor_email`
FROM `appointments` `a`
LEFT JOIN `patients` `p` ON `a`.`patient_id` = `p`.`id`
LEFT JOIN `users` `u` ON `a`.`doctor_id` = `u`.`id`
LEFT JOIN `roles` `r` ON `u`.`role_id` = `r`.`id`
WHERE `r`.`name` = :r.name:
AND `a`.`appointment_date` >= :a.appointment_date:
AND `a`.`appointment_date` <= :a.appointment_date.1:
ORDER BY `a`.`appointment_date` ASC, `a`.`appointment_time` ASC', [...], false)
 2 APPPATH\Models\AppointmentModel.php(116): CodeIgniter\Database\BaseBuilder->get()
 3 APPPATH\Controllers\Appointment.php(46): App\Models\AppointmentModel->getAppointmentsByDateRange('2025-11-15', '2025-11-15')
 4 SYSTEMPATH\CodeIgniter.php(933): App\Controllers\Appointment->index()
 5 SYSTEMPATH\CodeIgniter.php(507): CodeIgniter\CodeIgniter->runController(Object(App\Controllers\Appointment))
 6 SYSTEMPATH\CodeIgniter.php(354): CodeIgniter\CodeIgniter->handleRequest(null, Object(Config\Cache), false)
 7 SYSTEMPATH\Boot.php(363): CodeIgniter\CodeIgniter->run()
 8 SYSTEMPATH\Boot.php(68): CodeIgniter\Boot::runCodeIgniter(Object(CodeIgniter\CodeIgniter))
 9 FCPATH\index.php(59): CodeIgniter\Boot::bootWeb(Object(Config\Paths))
CRITICAL - 2025-11-15 15:58:57 --> [Caused by] CodeIgniter\Database\Exceptions\DatabaseException: Unknown column 'p.id' in 'on clause'
in SYSTEMPATH\Database\MySQLi\Connection.php on line 332.
 1 SYSTEMPATH\Database\BaseConnection.php(729): CodeIgniter\Database\MySQLi\Connection->execute('SELECT `a`.*, `p`.`first_name` as `patient_first_name`, `p`.`last_name` as `patient_last_name`, `u`.`username` as `doctor_name`, `u`.`email` as `doctor_email`
FROM `appointments` `a`
LEFT JOIN `patients` `p` ON `a`.`patient_id` = `p`.`id`
LEFT JOIN `users` `u` ON `a`.`doctor_id` = `u`.`id`
LEFT JOIN `roles` `r` ON `u`.`role_id` = `r`.`id`
WHERE `r`.`name` = \'doctor\'
AND `a`.`appointment_date` >= \'2025-11-15\'
AND `a`.`appointment_date` <= \'2025-11-15\'
ORDER BY `a`.`appointment_date` ASC, `a`.`appointment_time` ASC')
 2 SYSTEMPATH\Database\BaseConnection.php(646): CodeIgniter\Database\BaseConnection->simpleQuery('SELECT `a`.*, `p`.`first_name` as `patient_first_name`, `p`.`last_name` as `patient_last_name`, `u`.`username` as `doctor_name`, `u`.`email` as `doctor_email`
FROM `appointments` `a`
LEFT JOIN `patients` `p` ON `a`.`patient_id` = `p`.`id`
LEFT JOIN `users` `u` ON `a`.`doctor_id` = `u`.`id`
LEFT JOIN `roles` `r` ON `u`.`role_id` = `r`.`id`
WHERE `r`.`name` = \'doctor\'
AND `a`.`appointment_date` >= \'2025-11-15\'
AND `a`.`appointment_date` <= \'2025-11-15\'
ORDER BY `a`.`appointment_date` ASC, `a`.`appointment_time` ASC')
 3 SYSTEMPATH\Database\BaseBuilder.php(1649): CodeIgniter\Database\BaseConnection->query('SELECT `a`.*, `p`.`first_name` as `patient_first_name`, `p`.`last_name` as `patient_last_name`, `u`.`username` as `doctor_name`, `u`.`email` as `doctor_email`
FROM `appointments` `a`
LEFT JOIN `patients` `p` ON `a`.`patient_id` = `p`.`id`
LEFT JOIN `users` `u` ON `a`.`doctor_id` = `u`.`id`
LEFT JOIN `roles` `r` ON `u`.`role_id` = `r`.`id`
WHERE `r`.`name` = :r.name:
AND `a`.`appointment_date` >= :a.appointment_date:
AND `a`.`appointment_date` <= :a.appointment_date.1:
ORDER BY `a`.`appointment_date` ASC, `a`.`appointment_time` ASC', [...], false)
 4 APPPATH\Models\AppointmentModel.php(116): CodeIgniter\Database\BaseBuilder->get()
 5 APPPATH\Controllers\Appointment.php(46): App\Models\AppointmentModel->getAppointmentsByDateRange('2025-11-15', '2025-11-15')
 6 SYSTEMPATH\CodeIgniter.php(933): App\Controllers\Appointment->index()
 7 SYSTEMPATH\CodeIgniter.php(507): CodeIgniter\CodeIgniter->runController(Object(App\Controllers\Appointment))
 8 SYSTEMPATH\CodeIgniter.php(354): CodeIgniter\CodeIgniter->handleRequest(null, Object(Config\Cache), false)
 9 SYSTEMPATH\Boot.php(363): CodeIgniter\CodeIgniter->run()
10 SYSTEMPATH\Boot.php(68): CodeIgniter\Boot::runCodeIgniter(Object(CodeIgniter\CodeIgniter))
11 FCPATH\index.php(59): CodeIgniter\Boot::bootWeb(Object(Config\Paths))
CRITICAL - 2025-11-15 15:58:57 --> [Caused by] mysqli_sql_exception: Unknown column 'p.id' in 'on clause'
in SYSTEMPATH\Database\MySQLi\Connection.php on line 327.
 1 SYSTEMPATH\Database\MySQLi\Connection.php(327): mysqli->query('SELECT `a`.*, `p`.`first_name` as `patient_first_name`, `p`.`last_name` as `patient_last_name`, `u`.`username` as `doctor_name`, `u`.`email` as `doctor_email`
FROM `appointments` `a`
LEFT JOIN `patients` `p` ON `a`.`patient_id` = `p`.`id`
LEFT JOIN `users` `u` ON `a`.`doctor_id` = `u`.`id`
LEFT JOIN `roles` `r` ON `u`.`role_id` = `r`.`id`
WHERE `r`.`name` = \'doctor\'
AND `a`.`appointment_date` >= \'2025-11-15\'
AND `a`.`appointment_date` <= \'2025-11-15\'
ORDER BY `a`.`appointment_date` ASC, `a`.`appointment_time` ASC', 0)
 2 SYSTEMPATH\Database\BaseConnection.php(729): CodeIgniter\Database\MySQLi\Connection->execute('SELECT `a`.*, `p`.`first_name` as `patient_first_name`, `p`.`last_name` as `patient_last_name`, `u`.`username` as `doctor_name`, `u`.`email` as `doctor_email`
FROM `appointments` `a`
LEFT JOIN `patients` `p` ON `a`.`patient_id` = `p`.`id`
LEFT JOIN `users` `u` ON `a`.`doctor_id` = `u`.`id`
LEFT JOIN `roles` `r` ON `u`.`role_id` = `r`.`id`
WHERE `r`.`name` = \'doctor\'
AND `a`.`appointment_date` >= \'2025-11-15\'
AND `a`.`appointment_date` <= \'2025-11-15\'
ORDER BY `a`.`appointment_date` ASC, `a`.`appointment_time` ASC')
 3 SYSTEMPATH\Database\BaseConnection.php(646): CodeIgniter\Database\BaseConnection->simpleQuery('SELECT `a`.*, `p`.`first_name` as `patient_first_name`, `p`.`last_name` as `patient_last_name`, `u`.`username` as `doctor_name`, `u`.`email` as `doctor_email`
FROM `appointments` `a`
LEFT JOIN `patients` `p` ON `a`.`patient_id` = `p`.`id`
LEFT JOIN `users` `u` ON `a`.`doctor_id` = `u`.`id`
LEFT JOIN `roles` `r` ON `u`.`role_id` = `r`.`id`
WHERE `r`.`name` = \'doctor\'
AND `a`.`appointment_date` >= \'2025-11-15\'
AND `a`.`appointment_date` <= \'2025-11-15\'
ORDER BY `a`.`appointment_date` ASC, `a`.`appointment_time` ASC')
 4 SYSTEMPATH\Database\BaseBuilder.php(1649): CodeIgniter\Database\BaseConnection->query('SELECT `a`.*, `p`.`first_name` as `patient_first_name`, `p`.`last_name` as `patient_last_name`, `u`.`username` as `doctor_name`, `u`.`email` as `doctor_email`
FROM `appointments` `a`
LEFT JOIN `patients` `p` ON `a`.`patient_id` = `p`.`id`
LEFT JOIN `users` `u` ON `a`.`doctor_id` = `u`.`id`
LEFT JOIN `roles` `r` ON `u`.`role_id` = `r`.`id`
WHERE `r`.`name` = :r.name:
AND `a`.`appointment_date` >= :a.appointment_date:
AND `a`.`appointment_date` <= :a.appointment_date.1:
ORDER BY `a`.`appointment_date` ASC, `a`.`appointment_time` ASC', [...], false)
 5 APPPATH\Models\AppointmentModel.php(116): CodeIgniter\Database\BaseBuilder->get()
 6 APPPATH\Controllers\Appointment.php(46): App\Models\AppointmentModel->getAppointmentsByDateRange('2025-11-15', '2025-11-15')
 7 SYSTEMPATH\CodeIgniter.php(933): App\Controllers\Appointment->index()
 8 SYSTEMPATH\CodeIgniter.php(507): CodeIgniter\CodeIgniter->runController(Object(App\Controllers\Appointment))
 9 SYSTEMPATH\CodeIgniter.php(354): CodeIgniter\CodeIgniter->handleRequest(null, Object(Config\Cache), false)
10 SYSTEMPATH\Boot.php(363): CodeIgniter\CodeIgniter->run()
11 SYSTEMPATH\Boot.php(68): CodeIgniter\Boot::runCodeIgniter(Object(CodeIgniter\CodeIgniter))
12 FCPATH\index.php(59): CodeIgniter\Boot::bootWeb(Object(Config\Paths))
CRITICAL - 2025-11-15 16:00:47 --> CodeIgniter\View\Exceptions\ViewException: Invalid file: "Roles/admin/appointments/Appointmentlist.php"
[Method: GET, Route: appointments/list]
in SYSTEMPATH\Exceptions\FrameworkException.php on line 39.
 1 SYSTEMPATH\View\View.php(214): CodeIgniter\Exceptions\FrameworkException::forInvalidFile('Roles/admin/appointments/Appointmentlist.php')
 2 SYSTEMPATH\Common.php(1167): CodeIgniter\View\View->render('Roles/admin/appointments/Appointmentlist', [], true)
 3 APPPATH\Controllers\Appointment.php(59): view('Roles/admin/appointments/Appointmentlist', [...])
 4 SYSTEMPATH\CodeIgniter.php(933): App\Controllers\Appointment->index()
 5 SYSTEMPATH\CodeIgniter.php(507): CodeIgniter\CodeIgniter->runController(Object(App\Controllers\Appointment))
 6 SYSTEMPATH\CodeIgniter.php(354): CodeIgniter\CodeIgniter->handleRequest(null, Object(Config\Cache), false)
 7 SYSTEMPATH\Boot.php(363): CodeIgniter\CodeIgniter->run()
 8 SYSTEMPATH\Boot.php(68): CodeIgniter\Boot::runCodeIgniter(Object(CodeIgniter\CodeIgniter))
 9 FCPATH\index.php(59): CodeIgniter\Boot::bootWeb(Object(Config\Paths))
ERROR - 2025-11-15 16:02:33 --> mysqli_sql_exception: Unknown column 'p.phone' in 'field list' in C:\xampp\htdocs\group6\system\Database\MySQLi\Connection.php:327
Stack trace:
#0 C:\xampp\htdocs\group6\system\Database\MySQLi\Connection.php(327): mysqli->query('SELECT `a`.*, `...', 0)
#1 C:\xampp\htdocs\group6\system\Database\BaseConnection.php(729): CodeIgniter\Database\MySQLi\Connection->execute('SELECT `a`.*, `...')
#2 C:\xampp\htdocs\group6\system\Database\BaseConnection.php(646): CodeIgniter\Database\BaseConnection->simpleQuery('SELECT `a`.*, `...')
#3 C:\xampp\htdocs\group6\system\Database\BaseBuilder.php(1649): CodeIgniter\Database\BaseConnection->query('SELECT `a`.*, `...', Array, false)
#4 C:\xampp\htdocs\group6\app\Models\AppointmentModel.php(93): CodeIgniter\Database\BaseBuilder->get()
#5 C:\xampp\htdocs\group6\app\Controllers\Appointment.php(42): App\Models\AppointmentModel->getAppointmentsWithDetails()
#6 C:\xampp\htdocs\group6\system\CodeIgniter.php(933): App\Controllers\Appointment->index()
#7 C:\xampp\htdocs\group6\system\CodeIgniter.php(507): CodeIgniter\CodeIgniter->runController(Object(App\Controllers\Appointment))
#8 C:\xampp\htdocs\group6\system\CodeIgniter.php(354): CodeIgniter\CodeIgniter->handleRequest(NULL, Object(Config\Cache), false)
#9 C:\xampp\htdocs\group6\system\Boot.php(363): CodeIgniter\CodeIgniter->run()
#10 C:\xampp\htdocs\group6\system\Boot.php(68): CodeIgniter\Boot::runCodeIgniter(Object(CodeIgniter\CodeIgniter))
#11 C:\xampp\htdocs\group6\public\index.php(59): CodeIgniter\Boot::bootWeb(Object(Config\Paths))
#12 {main}
CRITICAL - 2025-11-15 16:02:33 --> CodeIgniter\Database\Exceptions\DatabaseException: Unknown column 'p.phone' in 'field list'
[Method: GET, Route: appointments/list]
in SYSTEMPATH\Database\BaseConnection.php on line 684.
 1 SYSTEMPATH\Database\BaseBuilder.php(1649): CodeIgniter\Database\BaseConnection->query('SELECT `a`.*, `p`.`first_name` as `patient_first_name`, `p`.`last_name` as `patient_last_name`, `p`.`phone` as `patient_phone`, `u`.`username` as `doctor_name`, `u`.`email` as `doctor_email`
FROM `appointments` `a`
LEFT JOIN `patients` `p` ON `a`.`patient_id` = `p`.`patient_id`
LEFT JOIN `users` `u` ON `a`.`doctor_id` = `u`.`id`
LEFT JOIN `roles` `r` ON `u`.`role_id` = `r`.`id`
WHERE `r`.`name` = :r.name:
ORDER BY `a`.`appointment_date` DESC, `a`.`appointment_time` ASC', [...], false)
 2 APPPATH\Models\AppointmentModel.php(93): CodeIgniter\Database\BaseBuilder->get()
 3 APPPATH\Controllers\Appointment.php(42): App\Models\AppointmentModel->getAppointmentsWithDetails()
 4 SYSTEMPATH\CodeIgniter.php(933): App\Controllers\Appointment->index()
 5 SYSTEMPATH\CodeIgniter.php(507): CodeIgniter\CodeIgniter->runController(Object(App\Controllers\Appointment))
 6 SYSTEMPATH\CodeIgniter.php(354): CodeIgniter\CodeIgniter->handleRequest(null, Object(Config\Cache), false)
 7 SYSTEMPATH\Boot.php(363): CodeIgniter\CodeIgniter->run()
 8 SYSTEMPATH\Boot.php(68): CodeIgniter\Boot::runCodeIgniter(Object(CodeIgniter\CodeIgniter))
 9 FCPATH\index.php(59): CodeIgniter\Boot::bootWeb(Object(Config\Paths))
CRITICAL - 2025-11-15 16:02:33 --> [Caused by] CodeIgniter\Database\Exceptions\DatabaseException: Unknown column 'p.phone' in 'field list'
in SYSTEMPATH\Database\MySQLi\Connection.php on line 332.
 1 SYSTEMPATH\Database\BaseConnection.php(729): CodeIgniter\Database\MySQLi\Connection->execute('SELECT `a`.*, `p`.`first_name` as `patient_first_name`, `p`.`last_name` as `patient_last_name`, `p`.`phone` as `patient_phone`, `u`.`username` as `doctor_name`, `u`.`email` as `doctor_email`
FROM `appointments` `a`
LEFT JOIN `patients` `p` ON `a`.`patient_id` = `p`.`patient_id`
LEFT JOIN `users` `u` ON `a`.`doctor_id` = `u`.`id`
LEFT JOIN `roles` `r` ON `u`.`role_id` = `r`.`id`
WHERE `r`.`name` = \'doctor\'
ORDER BY `a`.`appointment_date` DESC, `a`.`appointment_time` ASC')
 2 SYSTEMPATH\Database\BaseConnection.php(646): CodeIgniter\Database\BaseConnection->simpleQuery('SELECT `a`.*, `p`.`first_name` as `patient_first_name`, `p`.`last_name` as `patient_last_name`, `p`.`phone` as `patient_phone`, `u`.`username` as `doctor_name`, `u`.`email` as `doctor_email`
FROM `appointments` `a`
LEFT JOIN `patients` `p` ON `a`.`patient_id` = `p`.`patient_id`
LEFT JOIN `users` `u` ON `a`.`doctor_id` = `u`.`id`
LEFT JOIN `roles` `r` ON `u`.`role_id` = `r`.`id`
WHERE `r`.`name` = \'doctor\'
ORDER BY `a`.`appointment_date` DESC, `a`.`appointment_time` ASC')
 3 SYSTEMPATH\Database\BaseBuilder.php(1649): CodeIgniter\Database\BaseConnection->query('SELECT `a`.*, `p`.`first_name` as `patient_first_name`, `p`.`last_name` as `patient_last_name`, `p`.`phone` as `patient_phone`, `u`.`username` as `doctor_name`, `u`.`email` as `doctor_email`
FROM `appointments` `a`
LEFT JOIN `patients` `p` ON `a`.`patient_id` = `p`.`patient_id`
LEFT JOIN `users` `u` ON `a`.`doctor_id` = `u`.`id`
LEFT JOIN `roles` `r` ON `u`.`role_id` = `r`.`id`
WHERE `r`.`name` = :r.name:
ORDER BY `a`.`appointment_date` DESC, `a`.`appointment_time` ASC', [...], false)
 4 APPPATH\Models\AppointmentModel.php(93): CodeIgniter\Database\BaseBuilder->get()
 5 APPPATH\Controllers\Appointment.php(42): App\Models\AppointmentModel->getAppointmentsWithDetails()
 6 SYSTEMPATH\CodeIgniter.php(933): App\Controllers\Appointment->index()
 7 SYSTEMPATH\CodeIgniter.php(507): CodeIgniter\CodeIgniter->runController(Object(App\Controllers\Appointment))
 8 SYSTEMPATH\CodeIgniter.php(354): CodeIgniter\CodeIgniter->handleRequest(null, Object(Config\Cache), false)
 9 SYSTEMPATH\Boot.php(363): CodeIgniter\CodeIgniter->run()
10 SYSTEMPATH\Boot.php(68): CodeIgniter\Boot::runCodeIgniter(Object(CodeIgniter\CodeIgniter))
11 FCPATH\index.php(59): CodeIgniter\Boot::bootWeb(Object(Config\Paths))
CRITICAL - 2025-11-15 16:02:33 --> [Caused by] mysqli_sql_exception: Unknown column 'p.phone' in 'field list'
in SYSTEMPATH\Database\MySQLi\Connection.php on line 327.
 1 SYSTEMPATH\Database\MySQLi\Connection.php(327): mysqli->query('SELECT `a`.*, `p`.`first_name` as `patient_first_name`, `p`.`last_name` as `patient_last_name`, `p`.`phone` as `patient_phone`, `u`.`username` as `doctor_name`, `u`.`email` as `doctor_email`
FROM `appointments` `a`
LEFT JOIN `patients` `p` ON `a`.`patient_id` = `p`.`patient_id`
LEFT JOIN `users` `u` ON `a`.`doctor_id` = `u`.`id`
LEFT JOIN `roles` `r` ON `u`.`role_id` = `r`.`id`
WHERE `r`.`name` = \'doctor\'
ORDER BY `a`.`appointment_date` DESC, `a`.`appointment_time` ASC', 0)
 2 SYSTEMPATH\Database\BaseConnection.php(729): CodeIgniter\Database\MySQLi\Connection->execute('SELECT `a`.*, `p`.`first_name` as `patient_first_name`, `p`.`last_name` as `patient_last_name`, `p`.`phone` as `patient_phone`, `u`.`username` as `doctor_name`, `u`.`email` as `doctor_email`
FROM `appointments` `a`
LEFT JOIN `patients` `p` ON `a`.`patient_id` = `p`.`patient_id`
LEFT JOIN `users` `u` ON `a`.`doctor_id` = `u`.`id`
LEFT JOIN `roles` `r` ON `u`.`role_id` = `r`.`id`
WHERE `r`.`name` = \'doctor\'
ORDER BY `a`.`appointment_date` DESC, `a`.`appointment_time` ASC')
 3 SYSTEMPATH\Database\BaseConnection.php(646): CodeIgniter\Database\BaseConnection->simpleQuery('SELECT `a`.*, `p`.`first_name` as `patient_first_name`, `p`.`last_name` as `patient_last_name`, `p`.`phone` as `patient_phone`, `u`.`username` as `doctor_name`, `u`.`email` as `doctor_email`
FROM `appointments` `a`
LEFT JOIN `patients` `p` ON `a`.`patient_id` = `p`.`patient_id`
LEFT JOIN `users` `u` ON `a`.`doctor_id` = `u`.`id`
LEFT JOIN `roles` `r` ON `u`.`role_id` = `r`.`id`
WHERE `r`.`name` = \'doctor\'
ORDER BY `a`.`appointment_date` DESC, `a`.`appointment_time` ASC')
 4 SYSTEMPATH\Database\BaseBuilder.php(1649): CodeIgniter\Database\BaseConnection->query('SELECT `a`.*, `p`.`first_name` as `patient_first_name`, `p`.`last_name` as `patient_last_name`, `p`.`phone` as `patient_phone`, `u`.`username` as `doctor_name`, `u`.`email` as `doctor_email`
FROM `appointments` `a`
LEFT JOIN `patients` `p` ON `a`.`patient_id` = `p`.`patient_id`
LEFT JOIN `users` `u` ON `a`.`doctor_id` = `u`.`id`
LEFT JOIN `roles` `r` ON `u`.`role_id` = `r`.`id`
WHERE `r`.`name` = :r.name:
ORDER BY `a`.`appointment_date` DESC, `a`.`appointment_time` ASC', [...], false)
 5 APPPATH\Models\AppointmentModel.php(93): CodeIgniter\Database\BaseBuilder->get()
 6 APPPATH\Controllers\Appointment.php(42): App\Models\AppointmentModel->getAppointmentsWithDetails()
 7 SYSTEMPATH\CodeIgniter.php(933): App\Controllers\Appointment->index()
 8 SYSTEMPATH\CodeIgniter.php(507): CodeIgniter\CodeIgniter->runController(Object(App\Controllers\Appointment))
 9 SYSTEMPATH\CodeIgniter.php(354): CodeIgniter\CodeIgniter->handleRequest(null, Object(Config\Cache), false)
10 SYSTEMPATH\Boot.php(363): CodeIgniter\CodeIgniter->run()
11 SYSTEMPATH\Boot.php(68): CodeIgniter\Boot::runCodeIgniter(Object(CodeIgniter\CodeIgniter))
12 FCPATH\index.php(59): CodeIgniter\Boot::bootWeb(Object(Config\Paths))
ERROR - 2025-11-15 16:02:44 --> mysqli_sql_exception: Unknown column 'p.phone' in 'field list' in C:\xampp\htdocs\group6\system\Database\MySQLi\Connection.php:327
Stack trace:
#0 C:\xampp\htdocs\group6\system\Database\MySQLi\Connection.php(327): mysqli->query('SELECT `a`.*, `...', 0)
#1 C:\xampp\htdocs\group6\system\Database\BaseConnection.php(729): CodeIgniter\Database\MySQLi\Connection->execute('SELECT `a`.*, `...')
#2 C:\xampp\htdocs\group6\system\Database\BaseConnection.php(646): CodeIgniter\Database\BaseConnection->simpleQuery('SELECT `a`.*, `...')
#3 C:\xampp\htdocs\group6\system\Database\BaseBuilder.php(1649): CodeIgniter\Database\BaseConnection->query('SELECT `a`.*, `...', Array, false)
#4 C:\xampp\htdocs\group6\app\Models\AppointmentModel.php(93): CodeIgniter\Database\BaseBuilder->get()
#5 C:\xampp\htdocs\group6\app\Controllers\Appointment.php(42): App\Models\AppointmentModel->getAppointmentsWithDetails()
#6 C:\xampp\htdocs\group6\system\CodeIgniter.php(933): App\Controllers\Appointment->index()
#7 C:\xampp\htdocs\group6\system\CodeIgniter.php(507): CodeIgniter\CodeIgniter->runController(Object(App\Controllers\Appointment))
#8 C:\xampp\htdocs\group6\system\CodeIgniter.php(354): CodeIgniter\CodeIgniter->handleRequest(NULL, Object(Config\Cache), false)
#9 C:\xampp\htdocs\group6\system\Boot.php(363): CodeIgniter\CodeIgniter->run()
#10 C:\xampp\htdocs\group6\system\Boot.php(68): CodeIgniter\Boot::runCodeIgniter(Object(CodeIgniter\CodeIgniter))
#11 C:\xampp\htdocs\group6\public\index.php(59): CodeIgniter\Boot::bootWeb(Object(Config\Paths))
#12 {main}
CRITICAL - 2025-11-15 16:02:44 --> CodeIgniter\Database\Exceptions\DatabaseException: Unknown column 'p.phone' in 'field list'
[Method: GET, Route: appointments/list]
in SYSTEMPATH\Database\BaseConnection.php on line 684.
 1 SYSTEMPATH\Database\BaseBuilder.php(1649): CodeIgniter\Database\BaseConnection->query('SELECT `a`.*, `p`.`first_name` as `patient_first_name`, `p`.`last_name` as `patient_last_name`, `p`.`phone` as `patient_phone`, `u`.`username` as `doctor_name`, `u`.`email` as `doctor_email`
FROM `appointments` `a`
LEFT JOIN `patients` `p` ON `a`.`patient_id` = `p`.`patient_id`
LEFT JOIN `users` `u` ON `a`.`doctor_id` = `u`.`id`
LEFT JOIN `roles` `r` ON `u`.`role_id` = `r`.`id`
WHERE `r`.`name` = :r.name:
ORDER BY `a`.`appointment_date` DESC, `a`.`appointment_time` ASC', [...], false)
 2 APPPATH\Models\AppointmentModel.php(93): CodeIgniter\Database\BaseBuilder->get()
 3 APPPATH\Controllers\Appointment.php(42): App\Models\AppointmentModel->getAppointmentsWithDetails()
 4 SYSTEMPATH\CodeIgniter.php(933): App\Controllers\Appointment->index()
 5 SYSTEMPATH\CodeIgniter.php(507): CodeIgniter\CodeIgniter->runController(Object(App\Controllers\Appointment))
 6 SYSTEMPATH\CodeIgniter.php(354): CodeIgniter\CodeIgniter->handleRequest(null, Object(Config\Cache), false)
 7 SYSTEMPATH\Boot.php(363): CodeIgniter\CodeIgniter->run()
 8 SYSTEMPATH\Boot.php(68): CodeIgniter\Boot::runCodeIgniter(Object(CodeIgniter\CodeIgniter))
 9 FCPATH\index.php(59): CodeIgniter\Boot::bootWeb(Object(Config\Paths))
CRITICAL - 2025-11-15 16:02:44 --> [Caused by] CodeIgniter\Database\Exceptions\DatabaseException: Unknown column 'p.phone' in 'field list'
in SYSTEMPATH\Database\MySQLi\Connection.php on line 332.
 1 SYSTEMPATH\Database\BaseConnection.php(729): CodeIgniter\Database\MySQLi\Connection->execute('SELECT `a`.*, `p`.`first_name` as `patient_first_name`, `p`.`last_name` as `patient_last_name`, `p`.`phone` as `patient_phone`, `u`.`username` as `doctor_name`, `u`.`email` as `doctor_email`
FROM `appointments` `a`
LEFT JOIN `patients` `p` ON `a`.`patient_id` = `p`.`patient_id`
LEFT JOIN `users` `u` ON `a`.`doctor_id` = `u`.`id`
LEFT JOIN `roles` `r` ON `u`.`role_id` = `r`.`id`
WHERE `r`.`name` = \'doctor\'
ORDER BY `a`.`appointment_date` DESC, `a`.`appointment_time` ASC')
 2 SYSTEMPATH\Database\BaseConnection.php(646): CodeIgniter\Database\BaseConnection->simpleQuery('SELECT `a`.*, `p`.`first_name` as `patient_first_name`, `p`.`last_name` as `patient_last_name`, `p`.`phone` as `patient_phone`, `u`.`username` as `doctor_name`, `u`.`email` as `doctor_email`
FROM `appointments` `a`
LEFT JOIN `patients` `p` ON `a`.`patient_id` = `p`.`patient_id`
LEFT JOIN `users` `u` ON `a`.`doctor_id` = `u`.`id`
LEFT JOIN `roles` `r` ON `u`.`role_id` = `r`.`id`
WHERE `r`.`name` = \'doctor\'
ORDER BY `a`.`appointment_date` DESC, `a`.`appointment_time` ASC')
 3 SYSTEMPATH\Database\BaseBuilder.php(1649): CodeIgniter\Database\BaseConnection->query('SELECT `a`.*, `p`.`first_name` as `patient_first_name`, `p`.`last_name` as `patient_last_name`, `p`.`phone` as `patient_phone`, `u`.`username` as `doctor_name`, `u`.`email` as `doctor_email`
FROM `appointments` `a`
LEFT JOIN `patients` `p` ON `a`.`patient_id` = `p`.`patient_id`
LEFT JOIN `users` `u` ON `a`.`doctor_id` = `u`.`id`
LEFT JOIN `roles` `r` ON `u`.`role_id` = `r`.`id`
WHERE `r`.`name` = :r.name:
ORDER BY `a`.`appointment_date` DESC, `a`.`appointment_time` ASC', [...], false)
 4 APPPATH\Models\AppointmentModel.php(93): CodeIgniter\Database\BaseBuilder->get()
 5 APPPATH\Controllers\Appointment.php(42): App\Models\AppointmentModel->getAppointmentsWithDetails()
 6 SYSTEMPATH\CodeIgniter.php(933): App\Controllers\Appointment->index()
 7 SYSTEMPATH\CodeIgniter.php(507): CodeIgniter\CodeIgniter->runController(Object(App\Controllers\Appointment))
 8 SYSTEMPATH\CodeIgniter.php(354): CodeIgniter\CodeIgniter->handleRequest(null, Object(Config\Cache), false)
 9 SYSTEMPATH\Boot.php(363): CodeIgniter\CodeIgniter->run()
10 SYSTEMPATH\Boot.php(68): CodeIgniter\Boot::runCodeIgniter(Object(CodeIgniter\CodeIgniter))
11 FCPATH\index.php(59): CodeIgniter\Boot::bootWeb(Object(Config\Paths))
CRITICAL - 2025-11-15 16:02:44 --> [Caused by] mysqli_sql_exception: Unknown column 'p.phone' in 'field list'
in SYSTEMPATH\Database\MySQLi\Connection.php on line 327.
 1 SYSTEMPATH\Database\MySQLi\Connection.php(327): mysqli->query('SELECT `a`.*, `p`.`first_name` as `patient_first_name`, `p`.`last_name` as `patient_last_name`, `p`.`phone` as `patient_phone`, `u`.`username` as `doctor_name`, `u`.`email` as `doctor_email`
FROM `appointments` `a`
LEFT JOIN `patients` `p` ON `a`.`patient_id` = `p`.`patient_id`
LEFT JOIN `users` `u` ON `a`.`doctor_id` = `u`.`id`
LEFT JOIN `roles` `r` ON `u`.`role_id` = `r`.`id`
WHERE `r`.`name` = \'doctor\'
ORDER BY `a`.`appointment_date` DESC, `a`.`appointment_time` ASC', 0)
 2 SYSTEMPATH\Database\BaseConnection.php(729): CodeIgniter\Database\MySQLi\Connection->execute('SELECT `a`.*, `p`.`first_name` as `patient_first_name`, `p`.`last_name` as `patient_last_name`, `p`.`phone` as `patient_phone`, `u`.`username` as `doctor_name`, `u`.`email` as `doctor_email`
FROM `appointments` `a`
LEFT JOIN `patients` `p` ON `a`.`patient_id` = `p`.`patient_id`
LEFT JOIN `users` `u` ON `a`.`doctor_id` = `u`.`id`
LEFT JOIN `roles` `r` ON `u`.`role_id` = `r`.`id`
WHERE `r`.`name` = \'doctor\'
ORDER BY `a`.`appointment_date` DESC, `a`.`appointment_time` ASC')
 3 SYSTEMPATH\Database\BaseConnection.php(646): CodeIgniter\Database\BaseConnection->simpleQuery('SELECT `a`.*, `p`.`first_name` as `patient_first_name`, `p`.`last_name` as `patient_last_name`, `p`.`phone` as `patient_phone`, `u`.`username` as `doctor_name`, `u`.`email` as `doctor_email`
FROM `appointments` `a`
LEFT JOIN `patients` `p` ON `a`.`patient_id` = `p`.`patient_id`
LEFT JOIN `users` `u` ON `a`.`doctor_id` = `u`.`id`
LEFT JOIN `roles` `r` ON `u`.`role_id` = `r`.`id`
WHERE `r`.`name` = \'doctor\'
ORDER BY `a`.`appointment_date` DESC, `a`.`appointment_time` ASC')
 4 SYSTEMPATH\Database\BaseBuilder.php(1649): CodeIgniter\Database\BaseConnection->query('SELECT `a`.*, `p`.`first_name` as `patient_first_name`, `p`.`last_name` as `patient_last_name`, `p`.`phone` as `patient_phone`, `u`.`username` as `doctor_name`, `u`.`email` as `doctor_email`
FROM `appointments` `a`
LEFT JOIN `patients` `p` ON `a`.`patient_id` = `p`.`patient_id`
LEFT JOIN `users` `u` ON `a`.`doctor_id` = `u`.`id`
LEFT JOIN `roles` `r` ON `u`.`role_id` = `r`.`id`
WHERE `r`.`name` = :r.name:
ORDER BY `a`.`appointment_date` DESC, `a`.`appointment_time` ASC', [...], false)
 5 APPPATH\Models\AppointmentModel.php(93): CodeIgniter\Database\BaseBuilder->get()
 6 APPPATH\Controllers\Appointment.php(42): App\Models\AppointmentModel->getAppointmentsWithDetails()
 7 SYSTEMPATH\CodeIgniter.php(933): App\Controllers\Appointment->index()
 8 SYSTEMPATH\CodeIgniter.php(507): CodeIgniter\CodeIgniter->runController(Object(App\Controllers\Appointment))
 9 SYSTEMPATH\CodeIgniter.php(354): CodeIgniter\CodeIgniter->handleRequest(null, Object(Config\Cache), false)
10 SYSTEMPATH\Boot.php(363): CodeIgniter\CodeIgniter->run()
11 SYSTEMPATH\Boot.php(68): CodeIgniter\Boot::runCodeIgniter(Object(CodeIgniter\CodeIgniter))
12 FCPATH\index.php(59): CodeIgniter\Boot::bootWeb(Object(Config\Paths))
CRITICAL - 2025-11-15 16:07:11 --> ErrorException: Undefined array key "id"
[Method: POST, Route: appointments/create]
in APPPATH\Controllers\Appointment.php on line 300.
 1 APPPATH\Controllers\Appointment.php(300): CodeIgniter\Debug\Exceptions->errorHandler(2, 'Undefined array key "id"', 'C:\\xampp\\htdocs\\group6\\app\\Controllers\\Appointment.php', 300)
 2 SYSTEMPATH\CodeIgniter.php(933): App\Controllers\Appointment->create()
 3 SYSTEMPATH\CodeIgniter.php(507): CodeIgniter\CodeIgniter->runController(Object(App\Controllers\Appointment))
 4 SYSTEMPATH\CodeIgniter.php(354): CodeIgniter\CodeIgniter->handleRequest(null, Object(Config\Cache), false)
 5 SYSTEMPATH\Boot.php(363): CodeIgniter\CodeIgniter->run()
 6 SYSTEMPATH\Boot.php(68): CodeIgniter\Boot::runCodeIgniter(Object(CodeIgniter\CodeIgniter))
 7 FCPATH\index.php(59): CodeIgniter\Boot::bootWeb(Object(Config\Paths))
ERROR - 2025-11-15 17:09:00 --> mysqli_sql_exception: Table 'hospital_management.rooms' doesn't exist in C:\xampp\htdocs\group6\system\Database\MySQLi\Connection.php:327
Stack trace:
#0 C:\xampp\htdocs\group6\system\Database\MySQLi\Connection.php(327): mysqli->query('SELECT *\nFROM `...', 0)
#1 C:\xampp\htdocs\group6\system\Database\BaseConnection.php(729): CodeIgniter\Database\MySQLi\Connection->execute('SELECT *\nFROM `...')
#2 C:\xampp\htdocs\group6\system\Database\BaseConnection.php(646): CodeIgniter\Database\BaseConnection->simpleQuery('SELECT *\nFROM `...')
#3 C:\xampp\htdocs\group6\system\Database\BaseBuilder.php(1649): CodeIgniter\Database\BaseConnection->query('SELECT *\nFROM `...', Array, false)
#4 C:\xampp\htdocs\group6\system\Model.php(286): CodeIgniter\Database\BaseBuilder->get()
#5 C:\xampp\htdocs\group6\system\BaseModel.php(677): CodeIgniter\Model->doFindAll(0, 0)
#6 C:\xampp\htdocs\group6\app\Controllers\Receptionist\Rooms.php(33): CodeIgniter\BaseModel->findAll()
#7 C:\xampp\htdocs\group6\system\CodeIgniter.php(933): App\Controllers\Receptionist\Rooms->ward('pedia')
#8 C:\xampp\htdocs\group6\system\CodeIgniter.php(507): CodeIgniter\CodeIgniter->runController(Object(App\Controllers\Receptionist\Rooms))
#9 C:\xampp\htdocs\group6\system\CodeIgniter.php(354): CodeIgniter\CodeIgniter->handleRequest(NULL, Object(Config\Cache), false)
#10 C:\xampp\htdocs\group6\system\Boot.php(363): CodeIgniter\CodeIgniter->run()
#11 C:\xampp\htdocs\group6\system\Boot.php(68): CodeIgniter\Boot::runCodeIgniter(Object(CodeIgniter\CodeIgniter))
#12 C:\xampp\htdocs\group6\public\index.php(59): CodeIgniter\Boot::bootWeb(Object(Config\Paths))
#13 {main}
CRITICAL - 2025-11-15 17:09:00 --> CodeIgniter\Database\Exceptions\DatabaseException: Table 'hospital_management.rooms' doesn't exist
[Method: GET, Route: receptionist/rooms/ward/pedia]
in SYSTEMPATH\Database\BaseConnection.php on line 684.
 1 SYSTEMPATH\Database\BaseBuilder.php(1649): CodeIgniter\Database\BaseConnection->query('SELECT *
FROM `rooms`
WHERE `ward` = :ward:
ORDER BY `room_number` ASC', [...], false)
 2 SYSTEMPATH\Model.php(286): CodeIgniter\Database\BaseBuilder->get()
 3 SYSTEMPATH\BaseModel.php(677): CodeIgniter\Model->doFindAll(0, 0)
 4 APPPATH\Controllers\Receptionist\Rooms.php(33): CodeIgniter\BaseModel->findAll()
 5 SYSTEMPATH\CodeIgniter.php(933): App\Controllers\Receptionist\Rooms->ward('pedia')
 6 SYSTEMPATH\CodeIgniter.php(507): CodeIgniter\CodeIgniter->runController(Object(App\Controllers\Receptionist\Rooms))
 7 SYSTEMPATH\CodeIgniter.php(354): CodeIgniter\CodeIgniter->handleRequest(null, Object(Config\Cache), false)
 8 SYSTEMPATH\Boot.php(363): CodeIgniter\CodeIgniter->run()
 9 SYSTEMPATH\Boot.php(68): CodeIgniter\Boot::runCodeIgniter(Object(CodeIgniter\CodeIgniter))
10 FCPATH\index.php(59): CodeIgniter\Boot::bootWeb(Object(Config\Paths))
CRITICAL - 2025-11-15 17:09:00 --> [Caused by] CodeIgniter\Database\Exceptions\DatabaseException: Table 'hospital_management.rooms' doesn't exist
in SYSTEMPATH\Database\MySQLi\Connection.php on line 332.
 1 SYSTEMPATH\Database\BaseConnection.php(729): CodeIgniter\Database\MySQLi\Connection->execute('SELECT *
FROM `rooms`
WHERE `ward` = \'Pedia Ward\'
ORDER BY `room_number` ASC')
 2 SYSTEMPATH\Database\BaseConnection.php(646): CodeIgniter\Database\BaseConnection->simpleQuery('SELECT *
FROM `rooms`
WHERE `ward` = \'Pedia Ward\'
ORDER BY `room_number` ASC')
 3 SYSTEMPATH\Database\BaseBuilder.php(1649): CodeIgniter\Database\BaseConnection->query('SELECT *
FROM `rooms`
WHERE `ward` = :ward:
ORDER BY `room_number` ASC', [...], false)
 4 SYSTEMPATH\Model.php(286): CodeIgniter\Database\BaseBuilder->get()
 5 SYSTEMPATH\BaseModel.php(677): CodeIgniter\Model->doFindAll(0, 0)
 6 APPPATH\Controllers\Receptionist\Rooms.php(33): CodeIgniter\BaseModel->findAll()
 7 SYSTEMPATH\CodeIgniter.php(933): App\Controllers\Receptionist\Rooms->ward('pedia')
 8 SYSTEMPATH\CodeIgniter.php(507): CodeIgniter\CodeIgniter->runController(Object(App\Controllers\Receptionist\Rooms))
 9 SYSTEMPATH\CodeIgniter.php(354): CodeIgniter\CodeIgniter->handleRequest(null, Object(Config\Cache), false)
10 SYSTEMPATH\Boot.php(363): CodeIgniter\CodeIgniter->run()
11 SYSTEMPATH\Boot.php(68): CodeIgniter\Boot::runCodeIgniter(Object(CodeIgniter\CodeIgniter))
12 FCPATH\index.php(59): CodeIgniter\Boot::bootWeb(Object(Config\Paths))
CRITICAL - 2025-11-15 17:09:00 --> [Caused by] mysqli_sql_exception: Table 'hospital_management.rooms' doesn't exist
in SYSTEMPATH\Database\MySQLi\Connection.php on line 327.
 1 SYSTEMPATH\Database\MySQLi\Connection.php(327): mysqli->query('SELECT *
FROM `rooms`
WHERE `ward` = \'Pedia Ward\'
ORDER BY `room_number` ASC', 0)
 2 SYSTEMPATH\Database\BaseConnection.php(729): CodeIgniter\Database\MySQLi\Connection->execute('SELECT *
FROM `rooms`
WHERE `ward` = \'Pedia Ward\'
ORDER BY `room_number` ASC')
 3 SYSTEMPATH\Database\BaseConnection.php(646): CodeIgniter\Database\BaseConnection->simpleQuery('SELECT *
FROM `rooms`
WHERE `ward` = \'Pedia Ward\'
ORDER BY `room_number` ASC')
 4 SYSTEMPATH\Database\BaseBuilder.php(1649): CodeIgniter\Database\BaseConnection->query('SELECT *
FROM `rooms`
WHERE `ward` = :ward:
ORDER BY `room_number` ASC', [...], false)
 5 SYSTEMPATH\Model.php(286): CodeIgniter\Database\BaseBuilder->get()
 6 SYSTEMPATH\BaseModel.php(677): CodeIgniter\Model->doFindAll(0, 0)
 7 APPPATH\Controllers\Receptionist\Rooms.php(33): CodeIgniter\BaseModel->findAll()
 8 SYSTEMPATH\CodeIgniter.php(933): App\Controllers\Receptionist\Rooms->ward('pedia')
 9 SYSTEMPATH\CodeIgniter.php(507): CodeIgniter\CodeIgniter->runController(Object(App\Controllers\Receptionist\Rooms))
10 SYSTEMPATH\CodeIgniter.php(354): CodeIgniter\CodeIgniter->handleRequest(null, Object(Config\Cache), false)
11 SYSTEMPATH\Boot.php(363): CodeIgniter\CodeIgniter->run()
12 SYSTEMPATH\Boot.php(68): CodeIgniter\Boot::runCodeIgniter(Object(CodeIgniter\CodeIgniter))
13 FCPATH\index.php(59): CodeIgniter\Boot::bootWeb(Object(Config\Paths))
