DEBUG - 2025-10-14 23:28:31 --> Session: Class initialized using 'CodeIgniter\Session\Handlers\FileHandler' driver.
DEBUG - 2025-10-14 23:28:36 --> Session: Class initialized using 'CodeIgniter\Session\Handlers\FileHandler' driver.
DEBUG - 2025-10-14 23:28:36 --> Raw POST data: username=superadmin&password=Admin%40123
DEBUG - 2025-10-14 23:28:36 --> Login attempt - Username: superadmin
DEBUG - 2025-10-14 23:28:36 --> POST data: Array
(
    [username] => superadmin
    [password] => Admin@123
)

DEBUG - 2025-10-14 23:28:38 --> SQL Query: SELECT *
FROM `users`
WHERE `username` = 'superadmin'
 LIMIT 1
DEBUG - 2025-10-14 23:28:38 --> Session: Class initialized using 'CodeIgniter\Session\Handlers\FileHandler' driver.
ERROR - 2025-10-14 23:28:40 --> mysqli_sql_exception: Table 'hospital_management.roles' doesn't exist in F:\xammp\htdocs\Group6\system\Database\MySQLi\Connection.php:327
Stack trace:
#0 F:\xammp\htdocs\Group6\system\Database\MySQLi\Connection.php(327): mysqli->query('SELECT *\nFROM `...', 0)
#1 F:\xammp\htdocs\Group6\system\Database\BaseConnection.php(729): CodeIgniter\Database\MySQLi\Connection->execute('SELECT *\nFROM `...')
#2 F:\xammp\htdocs\Group6\system\Database\BaseConnection.php(646): CodeIgniter\Database\BaseConnection->simpleQuery('SELECT *\nFROM `...')
#3 F:\xammp\htdocs\Group6\system\Database\BaseBuilder.php(1649): CodeIgniter\Database\BaseConnection->query('SELECT *\nFROM `...', Array, false)
#4 F:\xammp\htdocs\Group6\system\Model.php(286): CodeIgniter\Database\BaseBuilder->get()
#5 F:\xammp\htdocs\Group6\system\BaseModel.php(677): CodeIgniter\Model->doFindAll(0, 0)
#6 F:\xammp\htdocs\Group6\app\Models\RoleModel.php(67): CodeIgniter\BaseModel->findAll()
#7 F:\xammp\htdocs\Group6\app\Controllers\SuperAdmin.php(1211): App\Models\RoleModel->getActiveRoles()
#8 F:\xammp\htdocs\Group6\system\CodeIgniter.php(933): App\Controllers\SuperAdmin->roles()
#9 F:\xammp\htdocs\Group6\system\CodeIgniter.php(507): CodeIgniter\CodeIgniter->runController(Object(App\Controllers\SuperAdmin))
#10 F:\xammp\htdocs\Group6\system\CodeIgniter.php(354): CodeIgniter\CodeIgniter->handleRequest(NULL, Object(Config\Cache), false)
#11 F:\xammp\htdocs\Group6\system\Boot.php(363): CodeIgniter\CodeIgniter->run()
#12 F:\xammp\htdocs\Group6\system\Boot.php(68): CodeIgniter\Boot::runCodeIgniter(Object(CodeIgniter\CodeIgniter))
#13 F:\xammp\htdocs\Group6\index.php(61): CodeIgniter\Boot::bootWeb(Object(Config\Paths))
#14 {main}
ERROR - 2025-10-14 23:28:40 --> Failed to get roles: Table 'hospital_management.roles' doesn't exist
DEBUG - 2025-10-14 23:28:40 --> Session: Class initialized using 'CodeIgniter\Session\Handlers\FileHandler' driver.
ERROR - 2025-10-14 23:28:43 --> Roles page error: Invalid file: "SuperAdmin/roles.php"
CRITICAL - 2025-10-14 23:28:43 --> CodeIgniter\View\Exceptions\ViewException: Invalid file: "SuperAdmin/roles.php"
[Method: GET, Route: super-admin/roles]
in SYSTEMPATH\Exceptions\FrameworkException.php on line 39.
 1 SYSTEMPATH\View\View.php(214): CodeIgniter\Exceptions\FrameworkException::forInvalidFile('SuperAdmin/roles.php')
 2 SYSTEMPATH\Common.php(1167): CodeIgniter\View\View->render('SuperAdmin/roles', [], true)
 3 APPPATH\Controllers\SuperAdmin.php(55): view('SuperAdmin/roles', [...])
 4 APPPATH\Controllers\SuperAdmin.php(1221): App\Controllers\SuperAdmin->render('SuperAdmin/roles', [...])
 5 SYSTEMPATH\CodeIgniter.php(933): App\Controllers\SuperAdmin->roles()
 6 SYSTEMPATH\CodeIgniter.php(507): CodeIgniter\CodeIgniter->runController(Object(App\Controllers\SuperAdmin))
 7 SYSTEMPATH\CodeIgniter.php(354): CodeIgniter\CodeIgniter->handleRequest(null, Object(Config\Cache), false)
 8 SYSTEMPATH\Boot.php(363): CodeIgniter\CodeIgniter->run()
 9 SYSTEMPATH\Boot.php(68): CodeIgniter\Boot::runCodeIgniter(Object(CodeIgniter\CodeIgniter))
10 FCPATH\index.php(61): CodeIgniter\Boot::bootWeb(Object(Config\Paths))
DEBUG - 2025-10-14 23:29:24 --> Session: Class initialized using 'CodeIgniter\Session\Handlers\FileHandler' driver.
ERROR - 2025-10-14 23:29:30 --> mysqli_sql_exception: Table 'hospital_management.roles' doesn't exist in F:\xammp\htdocs\Group6\system\Database\MySQLi\Connection.php:327
Stack trace:
#0 F:\xammp\htdocs\Group6\system\Database\MySQLi\Connection.php(327): mysqli->query('SELECT *\nFROM `...', 0)
#1 F:\xammp\htdocs\Group6\system\Database\BaseConnection.php(729): CodeIgniter\Database\MySQLi\Connection->execute('SELECT *\nFROM `...')
#2 F:\xammp\htdocs\Group6\system\Database\BaseConnection.php(646): CodeIgniter\Database\BaseConnection->simpleQuery('SELECT *\nFROM `...')
#3 F:\xammp\htdocs\Group6\system\Database\BaseBuilder.php(1649): CodeIgniter\Database\BaseConnection->query('SELECT *\nFROM `...', Array, false)
#4 F:\xammp\htdocs\Group6\system\Model.php(286): CodeIgniter\Database\BaseBuilder->get()
#5 F:\xammp\htdocs\Group6\system\BaseModel.php(677): CodeIgniter\Model->doFindAll(0, 0)
#6 F:\xammp\htdocs\Group6\app\Models\RoleModel.php(67): CodeIgniter\BaseModel->findAll()
#7 F:\xammp\htdocs\Group6\app\Controllers\SuperAdmin.php(1211): App\Models\RoleModel->getActiveRoles()
#8 F:\xammp\htdocs\Group6\system\CodeIgniter.php(933): App\Controllers\SuperAdmin->roles()
#9 F:\xammp\htdocs\Group6\system\CodeIgniter.php(507): CodeIgniter\CodeIgniter->runController(Object(App\Controllers\SuperAdmin))
#10 F:\xammp\htdocs\Group6\system\CodeIgniter.php(354): CodeIgniter\CodeIgniter->handleRequest(NULL, Object(Config\Cache), false)
#11 F:\xammp\htdocs\Group6\system\Boot.php(363): CodeIgniter\CodeIgniter->run()
#12 F:\xammp\htdocs\Group6\system\Boot.php(68): CodeIgniter\Boot::runCodeIgniter(Object(CodeIgniter\CodeIgniter))
#13 F:\xammp\htdocs\Group6\index.php(61): CodeIgniter\Boot::bootWeb(Object(Config\Paths))
#14 {main}
ERROR - 2025-10-14 23:29:30 --> Failed to get roles: Table 'hospital_management.roles' doesn't exist
DEBUG - 2025-10-14 23:29:30 --> Session: Class initialized using 'CodeIgniter\Session\Handlers\FileHandler' driver.
ERROR - 2025-10-14 23:29:30 --> Roles page error: Invalid file: "SuperAdmin/roles.php"
CRITICAL - 2025-10-14 23:29:30 --> CodeIgniter\View\Exceptions\ViewException: Invalid file: "SuperAdmin/roles.php"
[Method: GET, Route: super-admin/roles]
in SYSTEMPATH\Exceptions\FrameworkException.php on line 39.
 1 SYSTEMPATH\View\View.php(214): CodeIgniter\Exceptions\FrameworkException::forInvalidFile('SuperAdmin/roles.php')
 2 SYSTEMPATH\Common.php(1167): CodeIgniter\View\View->render('SuperAdmin/roles', [], true)
 3 APPPATH\Controllers\SuperAdmin.php(55): view('SuperAdmin/roles', [...])
 4 APPPATH\Controllers\SuperAdmin.php(1221): App\Controllers\SuperAdmin->render('SuperAdmin/roles', [...])
 5 SYSTEMPATH\CodeIgniter.php(933): App\Controllers\SuperAdmin->roles()
 6 SYSTEMPATH\CodeIgniter.php(507): CodeIgniter\CodeIgniter->runController(Object(App\Controllers\SuperAdmin))
 7 SYSTEMPATH\CodeIgniter.php(354): CodeIgniter\CodeIgniter->handleRequest(null, Object(Config\Cache), false)
 8 SYSTEMPATH\Boot.php(363): CodeIgniter\CodeIgniter->run()
 9 SYSTEMPATH\Boot.php(68): CodeIgniter\Boot::runCodeIgniter(Object(CodeIgniter\CodeIgniter))
10 FCPATH\index.php(61): CodeIgniter\Boot::bootWeb(Object(Config\Paths))
DEBUG - 2025-10-14 23:29:32 --> Session: Class initialized using 'CodeIgniter\Session\Handlers\FileHandler' driver.
ERROR - 2025-10-14 23:29:40 --> mysqli_sql_exception: Table 'hospital_management.roles' doesn't exist in F:\xammp\htdocs\Group6\system\Database\MySQLi\Connection.php:327
Stack trace:
#0 F:\xammp\htdocs\Group6\system\Database\MySQLi\Connection.php(327): mysqli->query('SELECT *\nFROM `...', 0)
#1 F:\xammp\htdocs\Group6\system\Database\BaseConnection.php(729): CodeIgniter\Database\MySQLi\Connection->execute('SELECT *\nFROM `...')
#2 F:\xammp\htdocs\Group6\system\Database\BaseConnection.php(646): CodeIgniter\Database\BaseConnection->simpleQuery('SELECT *\nFROM `...')
#3 F:\xammp\htdocs\Group6\system\Database\BaseBuilder.php(1649): CodeIgniter\Database\BaseConnection->query('SELECT *\nFROM `...', Array, false)
#4 F:\xammp\htdocs\Group6\system\Model.php(286): CodeIgniter\Database\BaseBuilder->get()
#5 F:\xammp\htdocs\Group6\system\BaseModel.php(677): CodeIgniter\Model->doFindAll(0, 0)
#6 F:\xammp\htdocs\Group6\app\Models\RoleModel.php(67): CodeIgniter\BaseModel->findAll()
#7 F:\xammp\htdocs\Group6\app\Controllers\SuperAdmin.php(1211): App\Models\RoleModel->getActiveRoles()
#8 F:\xammp\htdocs\Group6\system\CodeIgniter.php(933): App\Controllers\SuperAdmin->roles()
#9 F:\xammp\htdocs\Group6\system\CodeIgniter.php(507): CodeIgniter\CodeIgniter->runController(Object(App\Controllers\SuperAdmin))
#10 F:\xammp\htdocs\Group6\system\CodeIgniter.php(354): CodeIgniter\CodeIgniter->handleRequest(NULL, Object(Config\Cache), false)
#11 F:\xammp\htdocs\Group6\system\Boot.php(363): CodeIgniter\CodeIgniter->run()
#12 F:\xammp\htdocs\Group6\system\Boot.php(68): CodeIgniter\Boot::runCodeIgniter(Object(CodeIgniter\CodeIgniter))
#13 F:\xammp\htdocs\Group6\index.php(61): CodeIgniter\Boot::bootWeb(Object(Config\Paths))
#14 {main}
ERROR - 2025-10-14 23:29:40 --> Failed to get roles: Table 'hospital_management.roles' doesn't exist
DEBUG - 2025-10-14 23:29:40 --> Session: Class initialized using 'CodeIgniter\Session\Handlers\FileHandler' driver.
ERROR - 2025-10-14 23:29:40 --> Roles page error: Invalid file: "SuperAdmin/roles.php"
CRITICAL - 2025-10-14 23:29:40 --> CodeIgniter\View\Exceptions\ViewException: Invalid file: "SuperAdmin/roles.php"
[Method: GET, Route: super-admin/roles]
in SYSTEMPATH\Exceptions\FrameworkException.php on line 39.
 1 SYSTEMPATH\View\View.php(214): CodeIgniter\Exceptions\FrameworkException::forInvalidFile('SuperAdmin/roles.php')
 2 SYSTEMPATH\Common.php(1167): CodeIgniter\View\View->render('SuperAdmin/roles', [], true)
 3 APPPATH\Controllers\SuperAdmin.php(55): view('SuperAdmin/roles', [...])
 4 APPPATH\Controllers\SuperAdmin.php(1221): App\Controllers\SuperAdmin->render('SuperAdmin/roles', [...])
 5 SYSTEMPATH\CodeIgniter.php(933): App\Controllers\SuperAdmin->roles()
 6 SYSTEMPATH\CodeIgniter.php(507): CodeIgniter\CodeIgniter->runController(Object(App\Controllers\SuperAdmin))
 7 SYSTEMPATH\CodeIgniter.php(354): CodeIgniter\CodeIgniter->handleRequest(null, Object(Config\Cache), false)
 8 SYSTEMPATH\Boot.php(363): CodeIgniter\CodeIgniter->run()
 9 SYSTEMPATH\Boot.php(68): CodeIgniter\Boot::runCodeIgniter(Object(CodeIgniter\CodeIgniter))
10 FCPATH\index.php(61): CodeIgniter\Boot::bootWeb(Object(Config\Paths))
DEBUG - 2025-10-14 23:29:55 --> Session: Class initialized using 'CodeIgniter\Session\Handlers\FileHandler' driver.
DEBUG - 2025-10-14 23:29:55 --> Session: Class initialized using 'CodeIgniter\Session\Handlers\FileHandler' driver.
DEBUG - 2025-10-14 23:30:02 --> Session: Class initialized using 'CodeIgniter\Session\Handlers\FileHandler' driver.
DEBUG - 2025-10-14 23:30:02 --> Raw POST data: username=superadmin&password=Admin%40123
DEBUG - 2025-10-14 23:30:02 --> Login attempt - Username: superadmin
DEBUG - 2025-10-14 23:30:02 --> POST data: Array
(
    [username] => superadmin
    [password] => Admin@123
)

DEBUG - 2025-10-14 23:30:02 --> SQL Query: SELECT *
FROM `users`
WHERE `username` = 'superadmin'
 LIMIT 1
DEBUG - 2025-10-14 23:30:02 --> Session: Class initialized using 'CodeIgniter\Session\Handlers\FileHandler' driver.
ERROR - 2025-10-14 23:30:02 --> mysqli_sql_exception: Table 'hospital_management.roles' doesn't exist in F:\xammp\htdocs\Group6\system\Database\MySQLi\Connection.php:327
Stack trace:
#0 F:\xammp\htdocs\Group6\system\Database\MySQLi\Connection.php(327): mysqli->query('SELECT *\nFROM `...', 0)
#1 F:\xammp\htdocs\Group6\system\Database\BaseConnection.php(729): CodeIgniter\Database\MySQLi\Connection->execute('SELECT *\nFROM `...')
#2 F:\xammp\htdocs\Group6\system\Database\BaseConnection.php(646): CodeIgniter\Database\BaseConnection->simpleQuery('SELECT *\nFROM `...')
#3 F:\xammp\htdocs\Group6\system\Database\BaseBuilder.php(1649): CodeIgniter\Database\BaseConnection->query('SELECT *\nFROM `...', Array, false)
#4 F:\xammp\htdocs\Group6\system\Model.php(286): CodeIgniter\Database\BaseBuilder->get()
#5 F:\xammp\htdocs\Group6\system\BaseModel.php(677): CodeIgniter\Model->doFindAll(0, 0)
#6 F:\xammp\htdocs\Group6\app\Models\RoleModel.php(67): CodeIgniter\BaseModel->findAll()
#7 F:\xammp\htdocs\Group6\app\Controllers\SuperAdmin.php(1211): App\Models\RoleModel->getActiveRoles()
#8 F:\xammp\htdocs\Group6\system\CodeIgniter.php(933): App\Controllers\SuperAdmin->roles()
#9 F:\xammp\htdocs\Group6\system\CodeIgniter.php(507): CodeIgniter\CodeIgniter->runController(Object(App\Controllers\SuperAdmin))
#10 F:\xammp\htdocs\Group6\system\CodeIgniter.php(354): CodeIgniter\CodeIgniter->handleRequest(NULL, Object(Config\Cache), false)
#11 F:\xammp\htdocs\Group6\system\Boot.php(363): CodeIgniter\CodeIgniter->run()
#12 F:\xammp\htdocs\Group6\system\Boot.php(68): CodeIgniter\Boot::runCodeIgniter(Object(CodeIgniter\CodeIgniter))
#13 F:\xammp\htdocs\Group6\index.php(61): CodeIgniter\Boot::bootWeb(Object(Config\Paths))
#14 {main}
ERROR - 2025-10-14 23:30:02 --> Failed to get roles: Table 'hospital_management.roles' doesn't exist
DEBUG - 2025-10-14 23:30:02 --> Session: Class initialized using 'CodeIgniter\Session\Handlers\FileHandler' driver.
ERROR - 2025-10-14 23:30:02 --> Roles page error: Invalid file: "SuperAdmin/roles.php"
CRITICAL - 2025-10-14 23:30:02 --> CodeIgniter\View\Exceptions\ViewException: Invalid file: "SuperAdmin/roles.php"
[Method: GET, Route: super-admin/roles]
in SYSTEMPATH\Exceptions\FrameworkException.php on line 39.
 1 SYSTEMPATH\View\View.php(214): CodeIgniter\Exceptions\FrameworkException::forInvalidFile('SuperAdmin/roles.php')
 2 SYSTEMPATH\Common.php(1167): CodeIgniter\View\View->render('SuperAdmin/roles', [], true)
 3 APPPATH\Controllers\SuperAdmin.php(55): view('SuperAdmin/roles', [...])
 4 APPPATH\Controllers\SuperAdmin.php(1221): App\Controllers\SuperAdmin->render('SuperAdmin/roles', [...])
 5 SYSTEMPATH\CodeIgniter.php(933): App\Controllers\SuperAdmin->roles()
 6 SYSTEMPATH\CodeIgniter.php(507): CodeIgniter\CodeIgniter->runController(Object(App\Controllers\SuperAdmin))
 7 SYSTEMPATH\CodeIgniter.php(354): CodeIgniter\CodeIgniter->handleRequest(null, Object(Config\Cache), false)
 8 SYSTEMPATH\Boot.php(363): CodeIgniter\CodeIgniter->run()
 9 SYSTEMPATH\Boot.php(68): CodeIgniter\Boot::runCodeIgniter(Object(CodeIgniter\CodeIgniter))
10 FCPATH\index.php(61): CodeIgniter\Boot::bootWeb(Object(Config\Paths))
DEBUG - 2025-10-14 23:30:10 --> Session: Class initialized using 'CodeIgniter\Session\Handlers\FileHandler' driver.
DEBUG - 2025-10-14 23:30:10 --> Updating user ID: 10 with data: {"first_name":"Super","last_name":"Admin","email":"admin@hospital.com","username":"admin","phone":"N\/A","address":"","role":"superadmin","status":"active"}
ERROR - 2025-10-14 23:30:11 --> mysqli_sql_exception: You have an error in your SQL syntax; check the manual that corresponds to your MariaDB server version for the right syntax to use near ') VALUES ('info', 'application', 'User updated', '{\"user_id\":\"10\",\"user_...' at line 1 in F:\xammp\htdocs\Group6\system\Database\MySQLi\Connection.php:327
Stack trace:
#0 F:\xammp\htdocs\Group6\system\Database\MySQLi\Connection.php(327): mysqli->query('INSERT INTO `sy...', 0)
#1 F:\xammp\htdocs\Group6\system\Database\BaseConnection.php(729): CodeIgniter\Database\MySQLi\Connection->execute('INSERT INTO `sy...')
#2 F:\xammp\htdocs\Group6\system\Database\BaseConnection.php(646): CodeIgniter\Database\BaseConnection->simpleQuery('INSERT INTO `sy...')
#3 F:\xammp\htdocs\Group6\system\Database\BaseBuilder.php(2345): CodeIgniter\Database\BaseConnection->query('INSERT INTO `sy...', Array, false)
#4 F:\xammp\htdocs\Group6\system\Model.php(394): CodeIgniter\Database\BaseBuilder->insert()
#5 F:\xammp\htdocs\Group6\system\BaseModel.php(838): CodeIgniter\Model->doInsert(Array)
#6 F:\xammp\htdocs\Group6\system\Model.php(797): CodeIgniter\BaseModel->insert(Array, true)
#7 F:\xammp\htdocs\Group6\app\Models\SystemLogModel.php(89): CodeIgniter\Model->insert(Array)
#8 F:\xammp\htdocs\Group6\app\Models\SystemLogModel.php(306): App\Models\SystemLogModel->logEntry('info', 'application', 'User updated', Array, '1')
#9 F:\xammp\htdocs\Group6\app\Controllers\SuperAdmin.php(189): App\Models\SystemLogModel->info('User updated', Array, '1')
#10 F:\xammp\htdocs\Group6\system\CodeIgniter.php(933): App\Controllers\SuperAdmin->editUser('10')
#11 F:\xammp\htdocs\Group6\system\CodeIgniter.php(507): CodeIgniter\CodeIgniter->runController(Object(App\Controllers\SuperAdmin))
#12 F:\xammp\htdocs\Group6\system\CodeIgniter.php(354): CodeIgniter\CodeIgniter->handleRequest(NULL, Object(Config\Cache), false)
#13 F:\xammp\htdocs\Group6\system\Boot.php(363): CodeIgniter\CodeIgniter->run()
#14 F:\xammp\htdocs\Group6\system\Boot.php(68): CodeIgniter\Boot::runCodeIgniter(Object(CodeIgniter\CodeIgniter))
#15 F:\xammp\htdocs\Group6\index.php(61): CodeIgniter\Boot::bootWeb(Object(Config\Paths))
#16 {main}
ERROR - 2025-10-14 23:30:11 --> Failed to log user update: You have an error in your SQL syntax; check the manual that corresponds to your MariaDB server version for the right syntax to use near ') VALUES ('info', 'application', 'User updated', '{\"user_id\":\"10\",\"user_...' at line 1
DEBUG - 2025-10-14 23:30:45 --> Session: Class initialized using 'CodeIgniter\Session\Handlers\FileHandler' driver.
DEBUG - 2025-10-14 23:30:45 --> Getting user with ID: 2
DEBUG - 2025-10-14 23:30:45 --> User found: {"id":"2","username":"doctor1","email":"doctor@hospital.com","password_hash":"$2y$10$.UV2\/aa3g3rFnwmRhJDIrOnm5CChUgxjgRf07stJ6HeWNZzwcG6RW","first_name":"John","last_name":"Smith","role":"doctor","phone":null,"address":null,"status":"active","last_login":"2025-10-04 05:37:01","created_at":null,"updated_at":"2025-10-04 05:37:01"}
DEBUG - 2025-10-14 23:30:50 --> Session: Class initialized using 'CodeIgniter\Session\Handlers\FileHandler' driver.
DEBUG - 2025-10-14 23:30:50 --> Getting user with ID: 1
DEBUG - 2025-10-14 23:30:50 --> User found: {"id":"1","username":"superadmin","email":"superadmin@hospital.com","password_hash":"$2y$10$tk76wUrVbrjYeIIi84J22eoevmWlsEzLmlxzc17.tpgPIEJ8AC6Bq","first_name":"Super","last_name":"Admin","role":"superadmin","phone":null,"address":null,"status":"active","last_login":"2025-10-14 23:30:02","created_at":null,"updated_at":"2025-10-14 23:30:02"}
DEBUG - 2025-10-14 23:30:56 --> Session: Class initialized using 'CodeIgniter\Session\Handlers\FileHandler' driver.
DEBUG - 2025-10-14 23:30:56 --> Getting user with ID: 1
DEBUG - 2025-10-14 23:30:56 --> User found: {"id":"1","username":"superadmin","email":"superadmin@hospital.com","password_hash":"$2y$10$tk76wUrVbrjYeIIi84J22eoevmWlsEzLmlxzc17.tpgPIEJ8AC6Bq","first_name":"Super","last_name":"Admin","role":"superadmin","phone":null,"address":null,"status":"active","last_login":"2025-10-14 23:30:02","created_at":null,"updated_at":"2025-10-14 23:30:02"}
DEBUG - 2025-10-14 23:36:45 --> Session: Class initialized using 'CodeIgniter\Session\Handlers\FileHandler' driver.
ERROR - 2025-10-14 23:36:45 --> mysqli_sql_exception: Table 'hospital_management.roles' doesn't exist in F:\xammp\htdocs\Group6\system\Database\MySQLi\Connection.php:327
Stack trace:
#0 F:\xammp\htdocs\Group6\system\Database\MySQLi\Connection.php(327): mysqli->query('SELECT *\nFROM `...', 0)
#1 F:\xammp\htdocs\Group6\system\Database\BaseConnection.php(729): CodeIgniter\Database\MySQLi\Connection->execute('SELECT *\nFROM `...')
#2 F:\xammp\htdocs\Group6\system\Database\BaseConnection.php(646): CodeIgniter\Database\BaseConnection->simpleQuery('SELECT *\nFROM `...')
#3 F:\xammp\htdocs\Group6\system\Database\BaseBuilder.php(1649): CodeIgniter\Database\BaseConnection->query('SELECT *\nFROM `...', Array, false)
#4 F:\xammp\htdocs\Group6\system\Model.php(286): CodeIgniter\Database\BaseBuilder->get()
#5 F:\xammp\htdocs\Group6\system\BaseModel.php(677): CodeIgniter\Model->doFindAll(0, 0)
#6 F:\xammp\htdocs\Group6\app\Models\RoleModel.php(67): CodeIgniter\BaseModel->findAll()
#7 F:\xammp\htdocs\Group6\app\Controllers\SuperAdmin.php(1211): App\Models\RoleModel->getActiveRoles()
#8 F:\xammp\htdocs\Group6\system\CodeIgniter.php(933): App\Controllers\SuperAdmin->roles()
#9 F:\xammp\htdocs\Group6\system\CodeIgniter.php(507): CodeIgniter\CodeIgniter->runController(Object(App\Controllers\SuperAdmin))
#10 F:\xammp\htdocs\Group6\system\CodeIgniter.php(354): CodeIgniter\CodeIgniter->handleRequest(NULL, Object(Config\Cache), false)
#11 F:\xammp\htdocs\Group6\system\Boot.php(363): CodeIgniter\CodeIgniter->run()
#12 F:\xammp\htdocs\Group6\system\Boot.php(68): CodeIgniter\Boot::runCodeIgniter(Object(CodeIgniter\CodeIgniter))
#13 F:\xammp\htdocs\Group6\index.php(61): CodeIgniter\Boot::bootWeb(Object(Config\Paths))
#14 {main}
ERROR - 2025-10-14 23:36:45 --> Failed to get roles: Table 'hospital_management.roles' doesn't exist
DEBUG - 2025-10-14 23:36:45 --> Session: Class initialized using 'CodeIgniter\Session\Handlers\FileHandler' driver.
ERROR - 2025-10-14 23:36:45 --> Roles page error: Invalid file: "SuperAdmin/roles.php"
CRITICAL - 2025-10-14 23:36:45 --> CodeIgniter\View\Exceptions\ViewException: Invalid file: "SuperAdmin/roles.php"
[Method: GET, Route: super-admin/roles]
in SYSTEMPATH\Exceptions\FrameworkException.php on line 39.
 1 SYSTEMPATH\View\View.php(214): CodeIgniter\Exceptions\FrameworkException::forInvalidFile('SuperAdmin/roles.php')
 2 SYSTEMPATH\Common.php(1167): CodeIgniter\View\View->render('SuperAdmin/roles', [], true)
 3 APPPATH\Controllers\SuperAdmin.php(55): view('SuperAdmin/roles', [...])
 4 APPPATH\Controllers\SuperAdmin.php(1221): App\Controllers\SuperAdmin->render('SuperAdmin/roles', [...])
 5 SYSTEMPATH\CodeIgniter.php(933): App\Controllers\SuperAdmin->roles()
 6 SYSTEMPATH\CodeIgniter.php(507): CodeIgniter\CodeIgniter->runController(Object(App\Controllers\SuperAdmin))
 7 SYSTEMPATH\CodeIgniter.php(354): CodeIgniter\CodeIgniter->handleRequest(null, Object(Config\Cache), false)
 8 SYSTEMPATH\Boot.php(363): CodeIgniter\CodeIgniter->run()
 9 SYSTEMPATH\Boot.php(68): CodeIgniter\Boot::runCodeIgniter(Object(CodeIgniter\CodeIgniter))
10 FCPATH\index.php(61): CodeIgniter\Boot::bootWeb(Object(Config\Paths))
ERROR - 2025-10-14 23:37:24 --> mysqli_sql_exception: Table 'hospital_management.roles' doesn't exist in F:\xammp\htdocs\Group6\system\Database\MySQLi\Connection.php:327
Stack trace:
#0 F:\xammp\htdocs\Group6\system\Database\MySQLi\Connection.php(327): mysqli->query('SELECT *\nFROM `...', 0)
#1 F:\xammp\htdocs\Group6\system\Database\BaseConnection.php(729): CodeIgniter\Database\MySQLi\Connection->execute('SELECT *\nFROM `...')
#2 F:\xammp\htdocs\Group6\system\Database\BaseConnection.php(646): CodeIgniter\Database\BaseConnection->simpleQuery('SELECT *\nFROM `...')
#3 F:\xammp\htdocs\Group6\system\Database\BaseBuilder.php(1649): CodeIgniter\Database\BaseConnection->query('SELECT *\nFROM `...', Array, false)
#4 F:\xammp\htdocs\Group6\system\Model.php(286): CodeIgniter\Database\BaseBuilder->get()
#5 F:\xammp\htdocs\Group6\system\BaseModel.php(677): CodeIgniter\Model->doFindAll(0, 0)
#6 F:\xammp\htdocs\Group6\app\Models\RoleModel.php(67): CodeIgniter\BaseModel->findAll()
#7 F:\xammp\htdocs\Group6\app\Controllers\SuperAdmin.php(1211): App\Models\RoleModel->getActiveRoles()
#8 F:\xammp\htdocs\Group6\system\CodeIgniter.php(933): App\Controllers\SuperAdmin->roles()
#9 F:\xammp\htdocs\Group6\system\CodeIgniter.php(507): CodeIgniter\CodeIgniter->runController(Object(App\Controllers\SuperAdmin))
#10 F:\xammp\htdocs\Group6\system\CodeIgniter.php(354): CodeIgniter\CodeIgniter->handleRequest(NULL, Object(Config\Cache), false)
#11 F:\xammp\htdocs\Group6\system\Boot.php(363): CodeIgniter\CodeIgniter->run()
#12 F:\xammp\htdocs\Group6\system\Boot.php(68): CodeIgniter\Boot::runCodeIgniter(Object(CodeIgniter\CodeIgniter))
#13 F:\xammp\htdocs\Group6\index.php(61): CodeIgniter\Boot::bootWeb(Object(Config\Paths))
#14 {main}
ERROR - 2025-10-14 23:37:24 --> Failed to get roles: Table 'hospital_management.roles' doesn't exist
DEBUG - 2025-10-14 23:37:24 --> Session: Class initialized using 'CodeIgniter\Session\Handlers\FileHandler' driver.
ERROR - 2025-10-14 23:37:24 --> Roles page error: Invalid file: "SuperAdmin/roles.php"
CRITICAL - 2025-10-14 23:37:24 --> CodeIgniter\View\Exceptions\ViewException: Invalid file: "SuperAdmin/roles.php"
[Method: GET, Route: super-admin/roles]
in SYSTEMPATH\Exceptions\FrameworkException.php on line 39.
 1 SYSTEMPATH\View\View.php(214): CodeIgniter\Exceptions\FrameworkException::forInvalidFile('SuperAdmin/roles.php')
 2 SYSTEMPATH\Common.php(1167): CodeIgniter\View\View->render('SuperAdmin/roles', [], true)
 3 APPPATH\Controllers\SuperAdmin.php(55): view('SuperAdmin/roles', [...])
 4 APPPATH\Controllers\SuperAdmin.php(1221): App\Controllers\SuperAdmin->render('SuperAdmin/roles', [...])
 5 SYSTEMPATH\CodeIgniter.php(933): App\Controllers\SuperAdmin->roles()
 6 SYSTEMPATH\CodeIgniter.php(507): CodeIgniter\CodeIgniter->runController(Object(App\Controllers\SuperAdmin))
 7 SYSTEMPATH\CodeIgniter.php(354): CodeIgniter\CodeIgniter->handleRequest(null, Object(Config\Cache), false)
 8 SYSTEMPATH\Boot.php(363): CodeIgniter\CodeIgniter->run()
 9 SYSTEMPATH\Boot.php(68): CodeIgniter\Boot::runCodeIgniter(Object(CodeIgniter\CodeIgniter))
10 FCPATH\index.php(61): CodeIgniter\Boot::bootWeb(Object(Config\Paths))
ERROR - 2025-10-14 23:37:28 --> mysqli_sql_exception: Table 'hospital_management.roles' doesn't exist in F:\xammp\htdocs\Group6\system\Database\MySQLi\Connection.php:327
Stack trace:
#0 F:\xammp\htdocs\Group6\system\Database\MySQLi\Connection.php(327): mysqli->query('SELECT *\nFROM `...', 0)
#1 F:\xammp\htdocs\Group6\system\Database\BaseConnection.php(729): CodeIgniter\Database\MySQLi\Connection->execute('SELECT *\nFROM `...')
#2 F:\xammp\htdocs\Group6\system\Database\BaseConnection.php(646): CodeIgniter\Database\BaseConnection->simpleQuery('SELECT *\nFROM `...')
#3 F:\xammp\htdocs\Group6\system\Database\BaseBuilder.php(1649): CodeIgniter\Database\BaseConnection->query('SELECT *\nFROM `...', Array, false)
#4 F:\xammp\htdocs\Group6\system\Model.php(286): CodeIgniter\Database\BaseBuilder->get()
#5 F:\xammp\htdocs\Group6\system\BaseModel.php(677): CodeIgniter\Model->doFindAll(0, 0)
#6 F:\xammp\htdocs\Group6\app\Models\RoleModel.php(67): CodeIgniter\BaseModel->findAll()
#7 F:\xammp\htdocs\Group6\app\Controllers\SuperAdmin.php(1211): App\Models\RoleModel->getActiveRoles()
#8 F:\xammp\htdocs\Group6\system\CodeIgniter.php(933): App\Controllers\SuperAdmin->roles()
#9 F:\xammp\htdocs\Group6\system\CodeIgniter.php(507): CodeIgniter\CodeIgniter->runController(Object(App\Controllers\SuperAdmin))
#10 F:\xammp\htdocs\Group6\system\CodeIgniter.php(354): CodeIgniter\CodeIgniter->handleRequest(NULL, Object(Config\Cache), false)
#11 F:\xammp\htdocs\Group6\system\Boot.php(363): CodeIgniter\CodeIgniter->run()
#12 F:\xammp\htdocs\Group6\system\Boot.php(68): CodeIgniter\Boot::runCodeIgniter(Object(CodeIgniter\CodeIgniter))
#13 F:\xammp\htdocs\Group6\index.php(61): CodeIgniter\Boot::bootWeb(Object(Config\Paths))
#14 {main}
ERROR - 2025-10-14 23:37:28 --> Failed to get roles: Table 'hospital_management.roles' doesn't exist
DEBUG - 2025-10-14 23:37:28 --> Session: Class initialized using 'CodeIgniter\Session\Handlers\FileHandler' driver.
ERROR - 2025-10-14 23:37:28 --> Roles page error: Invalid file: "SuperAdmin/roles.php"
CRITICAL - 2025-10-14 23:37:28 --> CodeIgniter\View\Exceptions\ViewException: Invalid file: "SuperAdmin/roles.php"
[Method: GET, Route: super-admin/roles]
in SYSTEMPATH\Exceptions\FrameworkException.php on line 39.
 1 SYSTEMPATH\View\View.php(214): CodeIgniter\Exceptions\FrameworkException::forInvalidFile('SuperAdmin/roles.php')
 2 SYSTEMPATH\Common.php(1167): CodeIgniter\View\View->render('SuperAdmin/roles', [], true)
 3 APPPATH\Controllers\SuperAdmin.php(55): view('SuperAdmin/roles', [...])
 4 APPPATH\Controllers\SuperAdmin.php(1221): App\Controllers\SuperAdmin->render('SuperAdmin/roles', [...])
 5 SYSTEMPATH\CodeIgniter.php(933): App\Controllers\SuperAdmin->roles()
 6 SYSTEMPATH\CodeIgniter.php(507): CodeIgniter\CodeIgniter->runController(Object(App\Controllers\SuperAdmin))
 7 SYSTEMPATH\CodeIgniter.php(354): CodeIgniter\CodeIgniter->handleRequest(null, Object(Config\Cache), false)
 8 SYSTEMPATH\Boot.php(363): CodeIgniter\CodeIgniter->run()
 9 SYSTEMPATH\Boot.php(68): CodeIgniter\Boot::runCodeIgniter(Object(CodeIgniter\CodeIgniter))
10 FCPATH\index.php(61): CodeIgniter\Boot::bootWeb(Object(Config\Paths))
DEBUG - 2025-10-14 23:57:11 --> Session: Class initialized using 'CodeIgniter\Session\Handlers\FileHandler' driver.
ERROR - 2025-10-14 23:57:13 --> mysqli_sql_exception: Table 'hospital_management.roles' doesn't exist in F:\xammp\htdocs\Group6\system\Database\MySQLi\Connection.php:327
Stack trace:
#0 F:\xammp\htdocs\Group6\system\Database\MySQLi\Connection.php(327): mysqli->query('SELECT *\nFROM `...', 0)
#1 F:\xammp\htdocs\Group6\system\Database\BaseConnection.php(729): CodeIgniter\Database\MySQLi\Connection->execute('SELECT *\nFROM `...')
#2 F:\xammp\htdocs\Group6\system\Database\BaseConnection.php(646): CodeIgniter\Database\BaseConnection->simpleQuery('SELECT *\nFROM `...')
#3 F:\xammp\htdocs\Group6\system\Database\BaseBuilder.php(1649): CodeIgniter\Database\BaseConnection->query('SELECT *\nFROM `...', Array, false)
#4 F:\xammp\htdocs\Group6\system\Model.php(286): CodeIgniter\Database\BaseBuilder->get()
#5 F:\xammp\htdocs\Group6\system\BaseModel.php(677): CodeIgniter\Model->doFindAll(0, 0)
#6 F:\xammp\htdocs\Group6\app\Models\RoleModel.php(67): CodeIgniter\BaseModel->findAll()
#7 F:\xammp\htdocs\Group6\app\Controllers\SuperAdmin.php(1211): App\Models\RoleModel->getActiveRoles()
#8 F:\xammp\htdocs\Group6\system\CodeIgniter.php(933): App\Controllers\SuperAdmin->roles()
#9 F:\xammp\htdocs\Group6\system\CodeIgniter.php(507): CodeIgniter\CodeIgniter->runController(Object(App\Controllers\SuperAdmin))
#10 F:\xammp\htdocs\Group6\system\CodeIgniter.php(354): CodeIgniter\CodeIgniter->handleRequest(NULL, Object(Config\Cache), false)
#11 F:\xammp\htdocs\Group6\system\Boot.php(363): CodeIgniter\CodeIgniter->run()
#12 F:\xammp\htdocs\Group6\system\Boot.php(68): CodeIgniter\Boot::runCodeIgniter(Object(CodeIgniter\CodeIgniter))
#13 F:\xammp\htdocs\Group6\index.php(61): CodeIgniter\Boot::bootWeb(Object(Config\Paths))
#14 {main}
ERROR - 2025-10-14 23:57:13 --> Failed to get roles: Table 'hospital_management.roles' doesn't exist
DEBUG - 2025-10-14 23:57:13 --> Session: Class initialized using 'CodeIgniter\Session\Handlers\FileHandler' driver.
ERROR - 2025-10-14 23:57:13 --> Roles page error: Invalid file: "SuperAdmin/roles.php"
CRITICAL - 2025-10-14 23:57:13 --> CodeIgniter\View\Exceptions\ViewException: Invalid file: "SuperAdmin/roles.php"
[Method: GET, Route: super-admin/roles]
in SYSTEMPATH\Exceptions\FrameworkException.php on line 39.
 1 SYSTEMPATH\View\View.php(214): CodeIgniter\Exceptions\FrameworkException::forInvalidFile('SuperAdmin/roles.php')
 2 SYSTEMPATH\Common.php(1167): CodeIgniter\View\View->render('SuperAdmin/roles', [], true)
 3 APPPATH\Controllers\SuperAdmin.php(55): view('SuperAdmin/roles', [...])
 4 APPPATH\Controllers\SuperAdmin.php(1221): App\Controllers\SuperAdmin->render('SuperAdmin/roles', [...])
 5 SYSTEMPATH\CodeIgniter.php(933): App\Controllers\SuperAdmin->roles()
 6 SYSTEMPATH\CodeIgniter.php(507): CodeIgniter\CodeIgniter->runController(Object(App\Controllers\SuperAdmin))
 7 SYSTEMPATH\CodeIgniter.php(354): CodeIgniter\CodeIgniter->handleRequest(null, Object(Config\Cache), false)
 8 SYSTEMPATH\Boot.php(363): CodeIgniter\CodeIgniter->run()
 9 SYSTEMPATH\Boot.php(68): CodeIgniter\Boot::runCodeIgniter(Object(CodeIgniter\CodeIgniter))
10 FCPATH\index.php(61): CodeIgniter\Boot::bootWeb(Object(Config\Paths))
DEBUG - 2025-10-14 23:57:15 --> Session: Class initialized using 'CodeIgniter\Session\Handlers\FileHandler' driver.
CRITICAL - 2025-10-14 23:57:15 --> Error: Call to undefined method CodeIgniter\Database\MySQLi\Builder::findAll()
[Method: GET, Route: medical-services/api/services]
in APPPATH\Models\MedicalServiceModel.php on line 88.
 1 APPPATH\Controllers\MedicalServices.php(251): App\Models\MedicalServiceModel->getAllServices(null, null)
 2 SYSTEMPATH\CodeIgniter.php(933): App\Controllers\MedicalServices->apiServices()
 3 SYSTEMPATH\CodeIgniter.php(507): CodeIgniter\CodeIgniter->runController(Object(App\Controllers\MedicalServices))
 4 SYSTEMPATH\CodeIgniter.php(354): CodeIgniter\CodeIgniter->handleRequest(null, Object(Config\Cache), false)
 5 SYSTEMPATH\Boot.php(363): CodeIgniter\CodeIgniter->run()
 6 SYSTEMPATH\Boot.php(68): CodeIgniter\Boot::runCodeIgniter(Object(CodeIgniter\CodeIgniter))
 7 FCPATH\index.php(61): CodeIgniter\Boot::bootWeb(Object(Config\Paths))
DEBUG - 2025-10-14 23:57:22 --> Session: Class initialized using 'CodeIgniter\Session\Handlers\FileHandler' driver.
CRITICAL - 2025-10-14 23:57:22 --> Error: Call to undefined method CodeIgniter\Database\MySQLi\Builder::findAll()
[Method: GET, Route: medical-services]
in APPPATH\Models\MedicalServiceModel.php on line 88.
 1 APPPATH\Controllers\MedicalServices.php(48): App\Models\MedicalServiceModel->getAllServices()
 2 SYSTEMPATH\CodeIgniter.php(933): App\Controllers\MedicalServices->index()
 3 SYSTEMPATH\CodeIgniter.php(507): CodeIgniter\CodeIgniter->runController(Object(App\Controllers\MedicalServices))
 4 SYSTEMPATH\CodeIgniter.php(354): CodeIgniter\CodeIgniter->handleRequest(null, Object(Config\Cache), false)
 5 SYSTEMPATH\Boot.php(363): CodeIgniter\CodeIgniter->run()
 6 SYSTEMPATH\Boot.php(68): CodeIgniter\Boot::runCodeIgniter(Object(CodeIgniter\CodeIgniter))
 7 FCPATH\index.php(61): CodeIgniter\Boot::bootWeb(Object(Config\Paths))
DEBUG - 2025-10-14 23:57:28 --> Session: Class initialized using 'CodeIgniter\Session\Handlers\FileHandler' driver.
ERROR - 2025-10-14 23:57:28 --> mysqli_sql_exception: Table 'hospital_management.roles' doesn't exist in F:\xammp\htdocs\Group6\system\Database\MySQLi\Connection.php:327
Stack trace:
#0 F:\xammp\htdocs\Group6\system\Database\MySQLi\Connection.php(327): mysqli->query('SELECT *\nFROM `...', 0)
#1 F:\xammp\htdocs\Group6\system\Database\BaseConnection.php(729): CodeIgniter\Database\MySQLi\Connection->execute('SELECT *\nFROM `...')
#2 F:\xammp\htdocs\Group6\system\Database\BaseConnection.php(646): CodeIgniter\Database\BaseConnection->simpleQuery('SELECT *\nFROM `...')
#3 F:\xammp\htdocs\Group6\system\Database\BaseBuilder.php(1649): CodeIgniter\Database\BaseConnection->query('SELECT *\nFROM `...', Array, false)
#4 F:\xammp\htdocs\Group6\system\Model.php(286): CodeIgniter\Database\BaseBuilder->get()
#5 F:\xammp\htdocs\Group6\system\BaseModel.php(677): CodeIgniter\Model->doFindAll(0, 0)
#6 F:\xammp\htdocs\Group6\app\Models\RoleModel.php(67): CodeIgniter\BaseModel->findAll()
#7 F:\xammp\htdocs\Group6\app\Controllers\SuperAdmin.php(1211): App\Models\RoleModel->getActiveRoles()
#8 F:\xammp\htdocs\Group6\system\CodeIgniter.php(933): App\Controllers\SuperAdmin->roles()
#9 F:\xammp\htdocs\Group6\system\CodeIgniter.php(507): CodeIgniter\CodeIgniter->runController(Object(App\Controllers\SuperAdmin))
#10 F:\xammp\htdocs\Group6\system\CodeIgniter.php(354): CodeIgniter\CodeIgniter->handleRequest(NULL, Object(Config\Cache), false)
#11 F:\xammp\htdocs\Group6\system\Boot.php(363): CodeIgniter\CodeIgniter->run()
#12 F:\xammp\htdocs\Group6\system\Boot.php(68): CodeIgniter\Boot::runCodeIgniter(Object(CodeIgniter\CodeIgniter))
#13 F:\xammp\htdocs\Group6\index.php(61): CodeIgniter\Boot::bootWeb(Object(Config\Paths))
#14 {main}
ERROR - 2025-10-14 23:57:28 --> Failed to get roles: Table 'hospital_management.roles' doesn't exist
DEBUG - 2025-10-14 23:57:28 --> Session: Class initialized using 'CodeIgniter\Session\Handlers\FileHandler' driver.
ERROR - 2025-10-14 23:57:28 --> Roles page error: Invalid file: "SuperAdmin/roles.php"
CRITICAL - 2025-10-14 23:57:28 --> CodeIgniter\View\Exceptions\ViewException: Invalid file: "SuperAdmin/roles.php"
[Method: GET, Route: super-admin/roles]
in SYSTEMPATH\Exceptions\FrameworkException.php on line 39.
 1 SYSTEMPATH\View\View.php(214): CodeIgniter\Exceptions\FrameworkException::forInvalidFile('SuperAdmin/roles.php')
 2 SYSTEMPATH\Common.php(1167): CodeIgniter\View\View->render('SuperAdmin/roles', [], true)
 3 APPPATH\Controllers\SuperAdmin.php(55): view('SuperAdmin/roles', [...])
 4 APPPATH\Controllers\SuperAdmin.php(1221): App\Controllers\SuperAdmin->render('SuperAdmin/roles', [...])
 5 SYSTEMPATH\CodeIgniter.php(933): App\Controllers\SuperAdmin->roles()
 6 SYSTEMPATH\CodeIgniter.php(507): CodeIgniter\CodeIgniter->runController(Object(App\Controllers\SuperAdmin))
 7 SYSTEMPATH\CodeIgniter.php(354): CodeIgniter\CodeIgniter->handleRequest(null, Object(Config\Cache), false)
 8 SYSTEMPATH\Boot.php(363): CodeIgniter\CodeIgniter->run()
 9 SYSTEMPATH\Boot.php(68): CodeIgniter\Boot::runCodeIgniter(Object(CodeIgniter\CodeIgniter))
10 FCPATH\index.php(61): CodeIgniter\Boot::bootWeb(Object(Config\Paths))
DEBUG - 2025-10-14 23:57:30 --> Session: Class initialized using 'CodeIgniter\Session\Handlers\FileHandler' driver.
CRITICAL - 2025-10-14 23:57:30 --> Error: Call to undefined method CodeIgniter\Database\MySQLi\Builder::findAll()
[Method: GET, Route: medical-services/api/services]
in APPPATH\Models\MedicalServiceModel.php on line 88.
 1 APPPATH\Controllers\MedicalServices.php(251): App\Models\MedicalServiceModel->getAllServices(null, null)
 2 SYSTEMPATH\CodeIgniter.php(933): App\Controllers\MedicalServices->apiServices()
 3 SYSTEMPATH\CodeIgniter.php(507): CodeIgniter\CodeIgniter->runController(Object(App\Controllers\MedicalServices))
 4 SYSTEMPATH\CodeIgniter.php(354): CodeIgniter\CodeIgniter->handleRequest(null, Object(Config\Cache), false)
 5 SYSTEMPATH\Boot.php(363): CodeIgniter\CodeIgniter->run()
 6 SYSTEMPATH\Boot.php(68): CodeIgniter\Boot::runCodeIgniter(Object(CodeIgniter\CodeIgniter))
 7 FCPATH\index.php(61): CodeIgniter\Boot::bootWeb(Object(Config\Paths))
DEBUG - 2025-10-14 23:57:31 --> Session: Class initialized using 'CodeIgniter\Session\Handlers\FileHandler' driver.
CRITICAL - 2025-10-14 23:57:31 --> Error: Call to undefined method CodeIgniter\Database\MySQLi\Builder::findAll()
[Method: GET, Route: medical-services]
in APPPATH\Models\MedicalServiceModel.php on line 88.
 1 APPPATH\Controllers\MedicalServices.php(48): App\Models\MedicalServiceModel->getAllServices()
 2 SYSTEMPATH\CodeIgniter.php(933): App\Controllers\MedicalServices->index()
 3 SYSTEMPATH\CodeIgniter.php(507): CodeIgniter\CodeIgniter->runController(Object(App\Controllers\MedicalServices))
 4 SYSTEMPATH\CodeIgniter.php(354): CodeIgniter\CodeIgniter->handleRequest(null, Object(Config\Cache), false)
 5 SYSTEMPATH\Boot.php(363): CodeIgniter\CodeIgniter->run()
 6 SYSTEMPATH\Boot.php(68): CodeIgniter\Boot::runCodeIgniter(Object(CodeIgniter\CodeIgniter))
 7 FCPATH\index.php(61): CodeIgniter\Boot::bootWeb(Object(Config\Paths))
DEBUG - 2025-10-14 23:57:32 --> Session: Class initialized using 'CodeIgniter\Session\Handlers\FileHandler' driver.
ERROR - 2025-10-14 23:57:33 --> mysqli_sql_exception: Table 'hospital_management.roles' doesn't exist in F:\xammp\htdocs\Group6\system\Database\MySQLi\Connection.php:327
Stack trace:
#0 F:\xammp\htdocs\Group6\system\Database\MySQLi\Connection.php(327): mysqli->query('SELECT *\nFROM `...', 0)
#1 F:\xammp\htdocs\Group6\system\Database\BaseConnection.php(729): CodeIgniter\Database\MySQLi\Connection->execute('SELECT *\nFROM `...')
#2 F:\xammp\htdocs\Group6\system\Database\BaseConnection.php(646): CodeIgniter\Database\BaseConnection->simpleQuery('SELECT *\nFROM `...')
#3 F:\xammp\htdocs\Group6\system\Database\BaseBuilder.php(1649): CodeIgniter\Database\BaseConnection->query('SELECT *\nFROM `...', Array, false)
#4 F:\xammp\htdocs\Group6\system\Model.php(286): CodeIgniter\Database\BaseBuilder->get()
#5 F:\xammp\htdocs\Group6\system\BaseModel.php(677): CodeIgniter\Model->doFindAll(0, 0)
#6 F:\xammp\htdocs\Group6\app\Models\RoleModel.php(67): CodeIgniter\BaseModel->findAll()
#7 F:\xammp\htdocs\Group6\app\Controllers\SuperAdmin.php(1211): App\Models\RoleModel->getActiveRoles()
#8 F:\xammp\htdocs\Group6\system\CodeIgniter.php(933): App\Controllers\SuperAdmin->roles()
#9 F:\xammp\htdocs\Group6\system\CodeIgniter.php(507): CodeIgniter\CodeIgniter->runController(Object(App\Controllers\SuperAdmin))
#10 F:\xammp\htdocs\Group6\system\CodeIgniter.php(354): CodeIgniter\CodeIgniter->handleRequest(NULL, Object(Config\Cache), false)
#11 F:\xammp\htdocs\Group6\system\Boot.php(363): CodeIgniter\CodeIgniter->run()
#12 F:\xammp\htdocs\Group6\system\Boot.php(68): CodeIgniter\Boot::runCodeIgniter(Object(CodeIgniter\CodeIgniter))
#13 F:\xammp\htdocs\Group6\index.php(61): CodeIgniter\Boot::bootWeb(Object(Config\Paths))
#14 {main}
ERROR - 2025-10-14 23:57:33 --> Failed to get roles: Table 'hospital_management.roles' doesn't exist
DEBUG - 2025-10-14 23:57:33 --> Session: Class initialized using 'CodeIgniter\Session\Handlers\FileHandler' driver.
ERROR - 2025-10-14 23:57:33 --> Roles page error: Invalid file: "SuperAdmin/roles.php"
CRITICAL - 2025-10-14 23:57:33 --> CodeIgniter\View\Exceptions\ViewException: Invalid file: "SuperAdmin/roles.php"
[Method: GET, Route: super-admin/roles]
in SYSTEMPATH\Exceptions\FrameworkException.php on line 39.
 1 SYSTEMPATH\View\View.php(214): CodeIgniter\Exceptions\FrameworkException::forInvalidFile('SuperAdmin/roles.php')
 2 SYSTEMPATH\Common.php(1167): CodeIgniter\View\View->render('SuperAdmin/roles', [], true)
 3 APPPATH\Controllers\SuperAdmin.php(55): view('SuperAdmin/roles', [...])
 4 APPPATH\Controllers\SuperAdmin.php(1221): App\Controllers\SuperAdmin->render('SuperAdmin/roles', [...])
 5 SYSTEMPATH\CodeIgniter.php(933): App\Controllers\SuperAdmin->roles()
 6 SYSTEMPATH\CodeIgniter.php(507): CodeIgniter\CodeIgniter->runController(Object(App\Controllers\SuperAdmin))
 7 SYSTEMPATH\CodeIgniter.php(354): CodeIgniter\CodeIgniter->handleRequest(null, Object(Config\Cache), false)
 8 SYSTEMPATH\Boot.php(363): CodeIgniter\CodeIgniter->run()
 9 SYSTEMPATH\Boot.php(68): CodeIgniter\Boot::runCodeIgniter(Object(CodeIgniter\CodeIgniter))
10 FCPATH\index.php(61): CodeIgniter\Boot::bootWeb(Object(Config\Paths))
DEBUG - 2025-10-14 23:57:34 --> Session: Class initialized using 'CodeIgniter\Session\Handlers\FileHandler' driver.
CRITICAL - 2025-10-14 23:57:34 --> Error: Call to undefined method CodeIgniter\Database\MySQLi\Builder::findAll()
[Method: GET, Route: medical-services/api/services]
in APPPATH\Models\MedicalServiceModel.php on line 88.
 1 APPPATH\Controllers\MedicalServices.php(251): App\Models\MedicalServiceModel->getAllServices(null, null)
 2 SYSTEMPATH\CodeIgniter.php(933): App\Controllers\MedicalServices->apiServices()
 3 SYSTEMPATH\CodeIgniter.php(507): CodeIgniter\CodeIgniter->runController(Object(App\Controllers\MedicalServices))
 4 SYSTEMPATH\CodeIgniter.php(354): CodeIgniter\CodeIgniter->handleRequest(null, Object(Config\Cache), false)
 5 SYSTEMPATH\Boot.php(363): CodeIgniter\CodeIgniter->run()
 6 SYSTEMPATH\Boot.php(68): CodeIgniter\Boot::runCodeIgniter(Object(CodeIgniter\CodeIgniter))
 7 FCPATH\index.php(61): CodeIgniter\Boot::bootWeb(Object(Config\Paths))
DEBUG - 2025-10-14 23:57:35 --> Session: Class initialized using 'CodeIgniter\Session\Handlers\FileHandler' driver.
CRITICAL - 2025-10-14 23:57:35 --> CodeIgniter\View\Exceptions\ViewException: Invalid file: "SuperAdmin/pharmacy.php"
[Method: GET, Route: super-admin/pharmacy]
in SYSTEMPATH\Exceptions\FrameworkException.php on line 39.
 1 SYSTEMPATH\View\View.php(214): CodeIgniter\Exceptions\FrameworkException::forInvalidFile('SuperAdmin/pharmacy.php')
 2 SYSTEMPATH\Common.php(1167): CodeIgniter\View\View->render('SuperAdmin/pharmacy', [], true)
 3 APPPATH\Controllers\SuperAdmin.php(55): view('SuperAdmin/pharmacy', [...])
 4 APPPATH\Controllers\SuperAdmin.php(1952): App\Controllers\SuperAdmin->render('SuperAdmin/pharmacy')
 5 SYSTEMPATH\CodeIgniter.php(933): App\Controllers\SuperAdmin->pharmacy()
 6 SYSTEMPATH\CodeIgniter.php(507): CodeIgniter\CodeIgniter->runController(Object(App\Controllers\SuperAdmin))
 7 SYSTEMPATH\CodeIgniter.php(354): CodeIgniter\CodeIgniter->handleRequest(null, Object(Config\Cache), false)
 8 SYSTEMPATH\Boot.php(363): CodeIgniter\CodeIgniter->run()
 9 SYSTEMPATH\Boot.php(68): CodeIgniter\Boot::runCodeIgniter(Object(CodeIgniter\CodeIgniter))
10 FCPATH\index.php(61): CodeIgniter\Boot::bootWeb(Object(Config\Paths))
DEBUG - 2025-10-14 23:57:38 --> Session: Class initialized using 'CodeIgniter\Session\Handlers\FileHandler' driver.
ERROR - 2025-10-14 23:57:38 --> mysqli_sql_exception: Table 'hospital_management.roles' doesn't exist in F:\xammp\htdocs\Group6\system\Database\MySQLi\Connection.php:327
Stack trace:
#0 F:\xammp\htdocs\Group6\system\Database\MySQLi\Connection.php(327): mysqli->query('SELECT *\nFROM `...', 0)
#1 F:\xammp\htdocs\Group6\system\Database\BaseConnection.php(729): CodeIgniter\Database\MySQLi\Connection->execute('SELECT *\nFROM `...')
#2 F:\xammp\htdocs\Group6\system\Database\BaseConnection.php(646): CodeIgniter\Database\BaseConnection->simpleQuery('SELECT *\nFROM `...')
#3 F:\xammp\htdocs\Group6\system\Database\BaseBuilder.php(1649): CodeIgniter\Database\BaseConnection->query('SELECT *\nFROM `...', Array, false)
#4 F:\xammp\htdocs\Group6\system\Model.php(286): CodeIgniter\Database\BaseBuilder->get()
#5 F:\xammp\htdocs\Group6\system\BaseModel.php(677): CodeIgniter\Model->doFindAll(0, 0)
#6 F:\xammp\htdocs\Group6\app\Models\RoleModel.php(67): CodeIgniter\BaseModel->findAll()
#7 F:\xammp\htdocs\Group6\app\Controllers\SuperAdmin.php(1211): App\Models\RoleModel->getActiveRoles()
#8 F:\xammp\htdocs\Group6\system\CodeIgniter.php(933): App\Controllers\SuperAdmin->roles()
#9 F:\xammp\htdocs\Group6\system\CodeIgniter.php(507): CodeIgniter\CodeIgniter->runController(Object(App\Controllers\SuperAdmin))
#10 F:\xammp\htdocs\Group6\system\CodeIgniter.php(354): CodeIgniter\CodeIgniter->handleRequest(NULL, Object(Config\Cache), false)
#11 F:\xammp\htdocs\Group6\system\Boot.php(363): CodeIgniter\CodeIgniter->run()
#12 F:\xammp\htdocs\Group6\system\Boot.php(68): CodeIgniter\Boot::runCodeIgniter(Object(CodeIgniter\CodeIgniter))
#13 F:\xammp\htdocs\Group6\index.php(61): CodeIgniter\Boot::bootWeb(Object(Config\Paths))
#14 {main}
ERROR - 2025-10-14 23:57:38 --> Failed to get roles: Table 'hospital_management.roles' doesn't exist
DEBUG - 2025-10-14 23:57:38 --> Session: Class initialized using 'CodeIgniter\Session\Handlers\FileHandler' driver.
ERROR - 2025-10-14 23:57:38 --> Roles page error: Invalid file: "SuperAdmin/roles.php"
CRITICAL - 2025-10-14 23:57:38 --> CodeIgniter\View\Exceptions\ViewException: Invalid file: "SuperAdmin/roles.php"
[Method: GET, Route: super-admin/roles]
in SYSTEMPATH\Exceptions\FrameworkException.php on line 39.
 1 SYSTEMPATH\View\View.php(214): CodeIgniter\Exceptions\FrameworkException::forInvalidFile('SuperAdmin/roles.php')
 2 SYSTEMPATH\Common.php(1167): CodeIgniter\View\View->render('SuperAdmin/roles', [], true)
 3 APPPATH\Controllers\SuperAdmin.php(55): view('SuperAdmin/roles', [...])
 4 APPPATH\Controllers\SuperAdmin.php(1221): App\Controllers\SuperAdmin->render('SuperAdmin/roles', [...])
 5 SYSTEMPATH\CodeIgniter.php(933): App\Controllers\SuperAdmin->roles()
 6 SYSTEMPATH\CodeIgniter.php(507): CodeIgniter\CodeIgniter->runController(Object(App\Controllers\SuperAdmin))
 7 SYSTEMPATH\CodeIgniter.php(354): CodeIgniter\CodeIgniter->handleRequest(null, Object(Config\Cache), false)
 8 SYSTEMPATH\Boot.php(363): CodeIgniter\CodeIgniter->run()
 9 SYSTEMPATH\Boot.php(68): CodeIgniter\Boot::runCodeIgniter(Object(CodeIgniter\CodeIgniter))
10 FCPATH\index.php(61): CodeIgniter\Boot::bootWeb(Object(Config\Paths))
DEBUG - 2025-10-14 23:57:40 --> Session: Class initialized using 'CodeIgniter\Session\Handlers\FileHandler' driver.
CRITICAL - 2025-10-14 23:57:40 --> Error: Call to undefined method CodeIgniter\Database\MySQLi\Builder::findAll()
[Method: GET, Route: medical-services/api/services]
in APPPATH\Models\MedicalServiceModel.php on line 88.
 1 APPPATH\Controllers\MedicalServices.php(251): App\Models\MedicalServiceModel->getAllServices(null, null)
 2 SYSTEMPATH\CodeIgniter.php(933): App\Controllers\MedicalServices->apiServices()
 3 SYSTEMPATH\CodeIgniter.php(507): CodeIgniter\CodeIgniter->runController(Object(App\Controllers\MedicalServices))
 4 SYSTEMPATH\CodeIgniter.php(354): CodeIgniter\CodeIgniter->handleRequest(null, Object(Config\Cache), false)
 5 SYSTEMPATH\Boot.php(363): CodeIgniter\CodeIgniter->run()
 6 SYSTEMPATH\Boot.php(68): CodeIgniter\Boot::runCodeIgniter(Object(CodeIgniter\CodeIgniter))
 7 FCPATH\index.php(61): CodeIgniter\Boot::bootWeb(Object(Config\Paths))
DEBUG - 2025-10-14 23:57:41 --> Session: Class initialized using 'CodeIgniter\Session\Handlers\FileHandler' driver.
CRITICAL - 2025-10-14 23:57:41 --> CodeIgniter\View\Exceptions\ViewException: Invalid file: "SuperAdmin/laboratory.php"
[Method: GET, Route: super-admin/laboratory]
in SYSTEMPATH\Exceptions\FrameworkException.php on line 39.
 1 SYSTEMPATH\View\View.php(214): CodeIgniter\Exceptions\FrameworkException::forInvalidFile('SuperAdmin/laboratory.php')
 2 SYSTEMPATH\Common.php(1167): CodeIgniter\View\View->render('SuperAdmin/laboratory', [], true)
 3 APPPATH\Controllers\SuperAdmin.php(55): view('SuperAdmin/laboratory', [...])
 4 APPPATH\Controllers\SuperAdmin.php(1947): App\Controllers\SuperAdmin->render('SuperAdmin/laboratory')
 5 SYSTEMPATH\CodeIgniter.php(933): App\Controllers\SuperAdmin->laboratory()
 6 SYSTEMPATH\CodeIgniter.php(507): CodeIgniter\CodeIgniter->runController(Object(App\Controllers\SuperAdmin))
 7 SYSTEMPATH\CodeIgniter.php(354): CodeIgniter\CodeIgniter->handleRequest(null, Object(Config\Cache), false)
 8 SYSTEMPATH\Boot.php(363): CodeIgniter\CodeIgniter->run()
 9 SYSTEMPATH\Boot.php(68): CodeIgniter\Boot::runCodeIgniter(Object(CodeIgniter\CodeIgniter))
10 FCPATH\index.php(61): CodeIgniter\Boot::bootWeb(Object(Config\Paths))
DEBUG - 2025-10-14 23:57:43 --> Session: Class initialized using 'CodeIgniter\Session\Handlers\FileHandler' driver.
ERROR - 2025-10-14 23:57:43 --> mysqli_sql_exception: Table 'hospital_management.roles' doesn't exist in F:\xammp\htdocs\Group6\system\Database\MySQLi\Connection.php:327
Stack trace:
#0 F:\xammp\htdocs\Group6\system\Database\MySQLi\Connection.php(327): mysqli->query('SELECT *\nFROM `...', 0)
#1 F:\xammp\htdocs\Group6\system\Database\BaseConnection.php(729): CodeIgniter\Database\MySQLi\Connection->execute('SELECT *\nFROM `...')
#2 F:\xammp\htdocs\Group6\system\Database\BaseConnection.php(646): CodeIgniter\Database\BaseConnection->simpleQuery('SELECT *\nFROM `...')
#3 F:\xammp\htdocs\Group6\system\Database\BaseBuilder.php(1649): CodeIgniter\Database\BaseConnection->query('SELECT *\nFROM `...', Array, false)
#4 F:\xammp\htdocs\Group6\system\Model.php(286): CodeIgniter\Database\BaseBuilder->get()
#5 F:\xammp\htdocs\Group6\system\BaseModel.php(677): CodeIgniter\Model->doFindAll(0, 0)
#6 F:\xammp\htdocs\Group6\app\Models\RoleModel.php(67): CodeIgniter\BaseModel->findAll()
#7 F:\xammp\htdocs\Group6\app\Controllers\SuperAdmin.php(1211): App\Models\RoleModel->getActiveRoles()
#8 F:\xammp\htdocs\Group6\system\CodeIgniter.php(933): App\Controllers\SuperAdmin->roles()
#9 F:\xammp\htdocs\Group6\system\CodeIgniter.php(507): CodeIgniter\CodeIgniter->runController(Object(App\Controllers\SuperAdmin))
#10 F:\xammp\htdocs\Group6\system\CodeIgniter.php(354): CodeIgniter\CodeIgniter->handleRequest(NULL, Object(Config\Cache), false)
#11 F:\xammp\htdocs\Group6\system\Boot.php(363): CodeIgniter\CodeIgniter->run()
#12 F:\xammp\htdocs\Group6\system\Boot.php(68): CodeIgniter\Boot::runCodeIgniter(Object(CodeIgniter\CodeIgniter))
#13 F:\xammp\htdocs\Group6\index.php(61): CodeIgniter\Boot::bootWeb(Object(Config\Paths))
#14 {main}
ERROR - 2025-10-14 23:57:43 --> Failed to get roles: Table 'hospital_management.roles' doesn't exist
DEBUG - 2025-10-14 23:57:43 --> Session: Class initialized using 'CodeIgniter\Session\Handlers\FileHandler' driver.
ERROR - 2025-10-14 23:57:43 --> Roles page error: Invalid file: "SuperAdmin/roles.php"
CRITICAL - 2025-10-14 23:57:43 --> CodeIgniter\View\Exceptions\ViewException: Invalid file: "SuperAdmin/roles.php"
[Method: GET, Route: super-admin/roles]
in SYSTEMPATH\Exceptions\FrameworkException.php on line 39.
 1 SYSTEMPATH\View\View.php(214): CodeIgniter\Exceptions\FrameworkException::forInvalidFile('SuperAdmin/roles.php')
 2 SYSTEMPATH\Common.php(1167): CodeIgniter\View\View->render('SuperAdmin/roles', [], true)
 3 APPPATH\Controllers\SuperAdmin.php(55): view('SuperAdmin/roles', [...])
 4 APPPATH\Controllers\SuperAdmin.php(1221): App\Controllers\SuperAdmin->render('SuperAdmin/roles', [...])
 5 SYSTEMPATH\CodeIgniter.php(933): App\Controllers\SuperAdmin->roles()
 6 SYSTEMPATH\CodeIgniter.php(507): CodeIgniter\CodeIgniter->runController(Object(App\Controllers\SuperAdmin))
 7 SYSTEMPATH\CodeIgniter.php(354): CodeIgniter\CodeIgniter->handleRequest(null, Object(Config\Cache), false)
 8 SYSTEMPATH\Boot.php(363): CodeIgniter\CodeIgniter->run()
 9 SYSTEMPATH\Boot.php(68): CodeIgniter\Boot::runCodeIgniter(Object(CodeIgniter\CodeIgniter))
10 FCPATH\index.php(61): CodeIgniter\Boot::bootWeb(Object(Config\Paths))
DEBUG - 2025-10-14 23:57:45 --> Session: Class initialized using 'CodeIgniter\Session\Handlers\FileHandler' driver.
CRITICAL - 2025-10-14 23:57:45 --> Error: Call to undefined method CodeIgniter\Database\MySQLi\Builder::findAll()
[Method: GET, Route: medical-services/api/services]
in APPPATH\Models\MedicalServiceModel.php on line 88.
 1 APPPATH\Controllers\MedicalServices.php(251): App\Models\MedicalServiceModel->getAllServices(null, null)
 2 SYSTEMPATH\CodeIgniter.php(933): App\Controllers\MedicalServices->apiServices()
 3 SYSTEMPATH\CodeIgniter.php(507): CodeIgniter\CodeIgniter->runController(Object(App\Controllers\MedicalServices))
 4 SYSTEMPATH\CodeIgniter.php(354): CodeIgniter\CodeIgniter->handleRequest(null, Object(Config\Cache), false)
 5 SYSTEMPATH\Boot.php(363): CodeIgniter\CodeIgniter->run()
 6 SYSTEMPATH\Boot.php(68): CodeIgniter\Boot::runCodeIgniter(Object(CodeIgniter\CodeIgniter))
 7 FCPATH\index.php(61): CodeIgniter\Boot::bootWeb(Object(Config\Paths))
DEBUG - 2025-10-14 23:57:50 --> Session: Class initialized using 'CodeIgniter\Session\Handlers\FileHandler' driver.
CRITICAL - 2025-10-14 23:57:50 --> Error: Call to undefined method CodeIgniter\Database\MySQLi\Builder::findAll()
[Method: GET, Route: medical-services/api/services]
in APPPATH\Models\MedicalServiceModel.php on line 88.
 1 APPPATH\Controllers\MedicalServices.php(251): App\Models\MedicalServiceModel->getAllServices(null, null)
 2 SYSTEMPATH\CodeIgniter.php(933): App\Controllers\MedicalServices->apiServices()
 3 SYSTEMPATH\CodeIgniter.php(507): CodeIgniter\CodeIgniter->runController(Object(App\Controllers\MedicalServices))
 4 SYSTEMPATH\CodeIgniter.php(354): CodeIgniter\CodeIgniter->handleRequest(null, Object(Config\Cache), false)
 5 SYSTEMPATH\Boot.php(363): CodeIgniter\CodeIgniter->run()
 6 SYSTEMPATH\Boot.php(68): CodeIgniter\Boot::runCodeIgniter(Object(CodeIgniter\CodeIgniter))
 7 FCPATH\index.php(61): CodeIgniter\Boot::bootWeb(Object(Config\Paths))
DEBUG - 2025-10-14 23:57:52 --> Session: Class initialized using 'CodeIgniter\Session\Handlers\FileHandler' driver.
CRITICAL - 2025-10-14 23:57:52 --> Error: Call to undefined method CodeIgniter\Database\MySQLi\Builder::findAll()
[Method: GET, Route: medical-services]
in APPPATH\Models\MedicalServiceModel.php on line 88.
 1 APPPATH\Controllers\MedicalServices.php(48): App\Models\MedicalServiceModel->getAllServices()
 2 SYSTEMPATH\CodeIgniter.php(933): App\Controllers\MedicalServices->index()
 3 SYSTEMPATH\CodeIgniter.php(507): CodeIgniter\CodeIgniter->runController(Object(App\Controllers\MedicalServices))
 4 SYSTEMPATH\CodeIgniter.php(354): CodeIgniter\CodeIgniter->handleRequest(null, Object(Config\Cache), false)
 5 SYSTEMPATH\Boot.php(363): CodeIgniter\CodeIgniter->run()
 6 SYSTEMPATH\Boot.php(68): CodeIgniter\Boot::runCodeIgniter(Object(CodeIgniter\CodeIgniter))
 7 FCPATH\index.php(61): CodeIgniter\Boot::bootWeb(Object(Config\Paths))
DEBUG - 2025-10-14 23:59:54 --> Session: Class initialized using 'CodeIgniter\Session\Handlers\FileHandler' driver.
