ERROR - 2025-12-13 06:41:47 --> mysqli_sql_exception: Unknown column 'assigned_doctor_id' in 'where clause' in F:\xammp\htdocs\group6\system\Database\MySQLi\Connection.php:327
Stack trace:
#0 F:\xammp\htdocs\group6\system\Database\MySQLi\Connection.php(327): mysqli->query('SELECT *\nFROM `...', 0)
#1 F:\xammp\htdocs\group6\system\Database\BaseConnection.php(729): CodeIgniter\Database\MySQLi\Connection->execute('SELECT *\nFROM `...')
#2 F:\xammp\htdocs\group6\system\Database\BaseConnection.php(646): CodeIgniter\Database\BaseConnection->simpleQuery('SELECT *\nFROM `...')
#3 F:\xammp\htdocs\group6\system\Database\BaseBuilder.php(1649): CodeIgniter\Database\BaseConnection->query('SELECT *\nFROM `...', Array, false)
#4 F:\xammp\htdocs\group6\app\Controllers\Doctor\DashboardStats.php(434): CodeIgniter\Database\BaseBuilder->get()
#5 F:\xammp\htdocs\group6\system\CodeIgniter.php(933): App\Controllers\Doctor\DashboardStats->stats()
#6 F:\xammp\htdocs\group6\system\CodeIgniter.php(507): CodeIgniter\CodeIgniter->runController(Object(App\Controllers\Doctor\DashboardStats))
#7 F:\xammp\htdocs\group6\system\CodeIgniter.php(354): CodeIgniter\CodeIgniter->handleRequest(NULL, Object(Config\Cache), false)
#8 F:\xammp\htdocs\group6\system\Boot.php(363): CodeIgniter\CodeIgniter->run()
#9 F:\xammp\htdocs\group6\system\Boot.php(68): CodeIgniter\Boot::runCodeIgniter(Object(CodeIgniter\CodeIgniter))
#10 F:\xammp\htdocs\group6\public\index.php(59): CodeIgniter\Boot::bootWeb(Object(Config\Paths))
#11 {main}
ERROR - 2025-12-13 06:41:47 --> Error fetching Doctor Dashboard Stats: Unknown column 'assigned_doctor_id' in 'where clause'
ERROR - 2025-12-13 06:41:57 --> mysqli_sql_exception: Unknown column 'assigned_doctor_id' in 'where clause' in F:\xammp\htdocs\group6\system\Database\MySQLi\Connection.php:327
Stack trace:
#0 F:\xammp\htdocs\group6\system\Database\MySQLi\Connection.php(327): mysqli->query('SELECT *\nFROM `...', 0)
#1 F:\xammp\htdocs\group6\system\Database\BaseConnection.php(729): CodeIgniter\Database\MySQLi\Connection->execute('SELECT *\nFROM `...')
#2 F:\xammp\htdocs\group6\system\Database\BaseConnection.php(646): CodeIgniter\Database\BaseConnection->simpleQuery('SELECT *\nFROM `...')
#3 F:\xammp\htdocs\group6\system\Database\BaseBuilder.php(1649): CodeIgniter\Database\BaseConnection->query('SELECT *\nFROM `...', Array, false)
#4 F:\xammp\htdocs\group6\app\Controllers\Doctor\DashboardStats.php(434): CodeIgniter\Database\BaseBuilder->get()
#5 F:\xammp\htdocs\group6\system\CodeIgniter.php(933): App\Controllers\Doctor\DashboardStats->stats()
#6 F:\xammp\htdocs\group6\system\CodeIgniter.php(507): CodeIgniter\CodeIgniter->runController(Object(App\Controllers\Doctor\DashboardStats))
#7 F:\xammp\htdocs\group6\system\CodeIgniter.php(354): CodeIgniter\CodeIgniter->handleRequest(NULL, Object(Config\Cache), false)
#8 F:\xammp\htdocs\group6\system\Boot.php(363): CodeIgniter\CodeIgniter->run()
#9 F:\xammp\htdocs\group6\system\Boot.php(68): CodeIgniter\Boot::runCodeIgniter(Object(CodeIgniter\CodeIgniter))
#10 F:\xammp\htdocs\group6\public\index.php(59): CodeIgniter\Boot::bootWeb(Object(Config\Paths))
#11 {main}
ERROR - 2025-12-13 06:41:57 --> Error fetching Doctor Dashboard Stats: Unknown column 'assigned_doctor_id' in 'where clause'
ERROR - 2025-12-13 06:42:12 --> mysqli_sql_exception: Unknown column 'assigned_doctor_id' in 'where clause' in F:\xammp\htdocs\group6\system\Database\MySQLi\Connection.php:327
Stack trace:
#0 F:\xammp\htdocs\group6\system\Database\MySQLi\Connection.php(327): mysqli->query('SELECT *\nFROM `...', 0)
#1 F:\xammp\htdocs\group6\system\Database\BaseConnection.php(729): CodeIgniter\Database\MySQLi\Connection->execute('SELECT *\nFROM `...')
#2 F:\xammp\htdocs\group6\system\Database\BaseConnection.php(646): CodeIgniter\Database\BaseConnection->simpleQuery('SELECT *\nFROM `...')
#3 F:\xammp\htdocs\group6\system\Database\BaseBuilder.php(1649): CodeIgniter\Database\BaseConnection->query('SELECT *\nFROM `...', Array, false)
#4 F:\xammp\htdocs\group6\app\Controllers\Doctor\DashboardStats.php(434): CodeIgniter\Database\BaseBuilder->get()
#5 F:\xammp\htdocs\group6\system\CodeIgniter.php(933): App\Controllers\Doctor\DashboardStats->stats()
#6 F:\xammp\htdocs\group6\system\CodeIgniter.php(507): CodeIgniter\CodeIgniter->runController(Object(App\Controllers\Doctor\DashboardStats))
#7 F:\xammp\htdocs\group6\system\CodeIgniter.php(354): CodeIgniter\CodeIgniter->handleRequest(NULL, Object(Config\Cache), false)
#8 F:\xammp\htdocs\group6\system\Boot.php(363): CodeIgniter\CodeIgniter->run()
#9 F:\xammp\htdocs\group6\system\Boot.php(68): CodeIgniter\Boot::runCodeIgniter(Object(CodeIgniter\CodeIgniter))
#10 F:\xammp\htdocs\group6\public\index.php(59): CodeIgniter\Boot::bootWeb(Object(Config\Paths))
#11 {main}
ERROR - 2025-12-13 06:42:12 --> Error fetching Doctor Dashboard Stats: Unknown column 'assigned_doctor_id' in 'where clause'
ERROR - 2025-12-13 06:42:26 --> mysqli_sql_exception: Unknown column 'assigned_doctor_id' in 'where clause' in F:\xammp\htdocs\group6\system\Database\MySQLi\Connection.php:327
Stack trace:
#0 F:\xammp\htdocs\group6\system\Database\MySQLi\Connection.php(327): mysqli->query('SELECT *\nFROM `...', 0)
#1 F:\xammp\htdocs\group6\system\Database\BaseConnection.php(729): CodeIgniter\Database\MySQLi\Connection->execute('SELECT *\nFROM `...')
#2 F:\xammp\htdocs\group6\system\Database\BaseConnection.php(646): CodeIgniter\Database\BaseConnection->simpleQuery('SELECT *\nFROM `...')
#3 F:\xammp\htdocs\group6\system\Database\BaseBuilder.php(1649): CodeIgniter\Database\BaseConnection->query('SELECT *\nFROM `...', Array, false)
#4 F:\xammp\htdocs\group6\app\Controllers\Doctor\DashboardStats.php(434): CodeIgniter\Database\BaseBuilder->get()
#5 F:\xammp\htdocs\group6\system\CodeIgniter.php(933): App\Controllers\Doctor\DashboardStats->stats()
#6 F:\xammp\htdocs\group6\system\CodeIgniter.php(507): CodeIgniter\CodeIgniter->runController(Object(App\Controllers\Doctor\DashboardStats))
#7 F:\xammp\htdocs\group6\system\CodeIgniter.php(354): CodeIgniter\CodeIgniter->handleRequest(NULL, Object(Config\Cache), false)
#8 F:\xammp\htdocs\group6\system\Boot.php(363): CodeIgniter\CodeIgniter->run()
#9 F:\xammp\htdocs\group6\system\Boot.php(68): CodeIgniter\Boot::runCodeIgniter(Object(CodeIgniter\CodeIgniter))
#10 F:\xammp\htdocs\group6\public\index.php(59): CodeIgniter\Boot::bootWeb(Object(Config\Paths))
#11 {main}
ERROR - 2025-12-13 06:42:26 --> Error fetching Doctor Dashboard Stats: Unknown column 'assigned_doctor_id' in 'where clause'
ERROR - 2025-12-13 06:42:28 --> mysqli_sql_exception: Unknown column 'assigned_doctor_id' in 'where clause' in F:\xammp\htdocs\group6\system\Database\MySQLi\Connection.php:327
Stack trace:
#0 F:\xammp\htdocs\group6\system\Database\MySQLi\Connection.php(327): mysqli->query('SELECT *\nFROM `...', 0)
#1 F:\xammp\htdocs\group6\system\Database\BaseConnection.php(729): CodeIgniter\Database\MySQLi\Connection->execute('SELECT *\nFROM `...')
#2 F:\xammp\htdocs\group6\system\Database\BaseConnection.php(646): CodeIgniter\Database\BaseConnection->simpleQuery('SELECT *\nFROM `...')
#3 F:\xammp\htdocs\group6\system\Database\BaseBuilder.php(1649): CodeIgniter\Database\BaseConnection->query('SELECT *\nFROM `...', Array, false)
#4 F:\xammp\htdocs\group6\app\Controllers\Doctor\DashboardStats.php(434): CodeIgniter\Database\BaseBuilder->get()
#5 F:\xammp\htdocs\group6\system\CodeIgniter.php(933): App\Controllers\Doctor\DashboardStats->stats()
#6 F:\xammp\htdocs\group6\system\CodeIgniter.php(507): CodeIgniter\CodeIgniter->runController(Object(App\Controllers\Doctor\DashboardStats))
#7 F:\xammp\htdocs\group6\system\CodeIgniter.php(354): CodeIgniter\CodeIgniter->handleRequest(NULL, Object(Config\Cache), false)
#8 F:\xammp\htdocs\group6\system\Boot.php(363): CodeIgniter\CodeIgniter->run()
#9 F:\xammp\htdocs\group6\system\Boot.php(68): CodeIgniter\Boot::runCodeIgniter(Object(CodeIgniter\CodeIgniter))
#10 F:\xammp\htdocs\group6\public\index.php(59): CodeIgniter\Boot::bootWeb(Object(Config\Paths))
#11 {main}
ERROR - 2025-12-13 06:42:28 --> Error fetching Doctor Dashboard Stats: Unknown column 'assigned_doctor_id' in 'where clause'
ERROR - 2025-12-13 06:42:39 --> mysqli_sql_exception: Unknown column 'assigned_doctor_id' in 'where clause' in F:\xammp\htdocs\group6\system\Database\MySQLi\Connection.php:327
Stack trace:
#0 F:\xammp\htdocs\group6\system\Database\MySQLi\Connection.php(327): mysqli->query('SELECT *\nFROM `...', 0)
#1 F:\xammp\htdocs\group6\system\Database\BaseConnection.php(729): CodeIgniter\Database\MySQLi\Connection->execute('SELECT *\nFROM `...')
#2 F:\xammp\htdocs\group6\system\Database\BaseConnection.php(646): CodeIgniter\Database\BaseConnection->simpleQuery('SELECT *\nFROM `...')
#3 F:\xammp\htdocs\group6\system\Database\BaseBuilder.php(1649): CodeIgniter\Database\BaseConnection->query('SELECT *\nFROM `...', Array, false)
#4 F:\xammp\htdocs\group6\app\Controllers\Doctor\DashboardStats.php(434): CodeIgniter\Database\BaseBuilder->get()
#5 F:\xammp\htdocs\group6\system\CodeIgniter.php(933): App\Controllers\Doctor\DashboardStats->stats()
#6 F:\xammp\htdocs\group6\system\CodeIgniter.php(507): CodeIgniter\CodeIgniter->runController(Object(App\Controllers\Doctor\DashboardStats))
#7 F:\xammp\htdocs\group6\system\CodeIgniter.php(354): CodeIgniter\CodeIgniter->handleRequest(NULL, Object(Config\Cache), false)
#8 F:\xammp\htdocs\group6\system\Boot.php(363): CodeIgniter\CodeIgniter->run()
#9 F:\xammp\htdocs\group6\system\Boot.php(68): CodeIgniter\Boot::runCodeIgniter(Object(CodeIgniter\CodeIgniter))
#10 F:\xammp\htdocs\group6\public\index.php(59): CodeIgniter\Boot::bootWeb(Object(Config\Paths))
#11 {main}
ERROR - 2025-12-13 06:42:39 --> Error fetching Doctor Dashboard Stats: Unknown column 'assigned_doctor_id' in 'where clause'
ERROR - 2025-12-13 06:42:48 --> mysqli_sql_exception: Unknown column 'assigned_doctor_id' in 'where clause' in F:\xammp\htdocs\group6\system\Database\MySQLi\Connection.php:327
Stack trace:
#0 F:\xammp\htdocs\group6\system\Database\MySQLi\Connection.php(327): mysqli->query('SELECT *\nFROM `...', 0)
#1 F:\xammp\htdocs\group6\system\Database\BaseConnection.php(729): CodeIgniter\Database\MySQLi\Connection->execute('SELECT *\nFROM `...')
#2 F:\xammp\htdocs\group6\system\Database\BaseConnection.php(646): CodeIgniter\Database\BaseConnection->simpleQuery('SELECT *\nFROM `...')
#3 F:\xammp\htdocs\group6\system\Database\BaseBuilder.php(1649): CodeIgniter\Database\BaseConnection->query('SELECT *\nFROM `...', Array, false)
#4 F:\xammp\htdocs\group6\app\Controllers\Doctor\DashboardStats.php(434): CodeIgniter\Database\BaseBuilder->get()
#5 F:\xammp\htdocs\group6\system\CodeIgniter.php(933): App\Controllers\Doctor\DashboardStats->stats()
#6 F:\xammp\htdocs\group6\system\CodeIgniter.php(507): CodeIgniter\CodeIgniter->runController(Object(App\Controllers\Doctor\DashboardStats))
#7 F:\xammp\htdocs\group6\system\CodeIgniter.php(354): CodeIgniter\CodeIgniter->handleRequest(NULL, Object(Config\Cache), false)
#8 F:\xammp\htdocs\group6\system\Boot.php(363): CodeIgniter\CodeIgniter->run()
#9 F:\xammp\htdocs\group6\system\Boot.php(68): CodeIgniter\Boot::runCodeIgniter(Object(CodeIgniter\CodeIgniter))
#10 F:\xammp\htdocs\group6\public\index.php(59): CodeIgniter\Boot::bootWeb(Object(Config\Paths))
#11 {main}
ERROR - 2025-12-13 06:42:48 --> Error fetching Doctor Dashboard Stats: Unknown column 'assigned_doctor_id' in 'where clause'
ERROR - 2025-12-13 06:42:58 --> mysqli_sql_exception: Unknown column 'assigned_doctor_id' in 'where clause' in F:\xammp\htdocs\group6\system\Database\MySQLi\Connection.php:327
Stack trace:
#0 F:\xammp\htdocs\group6\system\Database\MySQLi\Connection.php(327): mysqli->query('SELECT *\nFROM `...', 0)
#1 F:\xammp\htdocs\group6\system\Database\BaseConnection.php(729): CodeIgniter\Database\MySQLi\Connection->execute('SELECT *\nFROM `...')
#2 F:\xammp\htdocs\group6\system\Database\BaseConnection.php(646): CodeIgniter\Database\BaseConnection->simpleQuery('SELECT *\nFROM `...')
#3 F:\xammp\htdocs\group6\system\Database\BaseBuilder.php(1649): CodeIgniter\Database\BaseConnection->query('SELECT *\nFROM `...', Array, false)
#4 F:\xammp\htdocs\group6\app\Controllers\Doctor\DashboardStats.php(434): CodeIgniter\Database\BaseBuilder->get()
#5 F:\xammp\htdocs\group6\system\CodeIgniter.php(933): App\Controllers\Doctor\DashboardStats->stats()
#6 F:\xammp\htdocs\group6\system\CodeIgniter.php(507): CodeIgniter\CodeIgniter->runController(Object(App\Controllers\Doctor\DashboardStats))
#7 F:\xammp\htdocs\group6\system\CodeIgniter.php(354): CodeIgniter\CodeIgniter->handleRequest(NULL, Object(Config\Cache), false)
#8 F:\xammp\htdocs\group6\system\Boot.php(363): CodeIgniter\CodeIgniter->run()
#9 F:\xammp\htdocs\group6\system\Boot.php(68): CodeIgniter\Boot::runCodeIgniter(Object(CodeIgniter\CodeIgniter))
#10 F:\xammp\htdocs\group6\public\index.php(59): CodeIgniter\Boot::bootWeb(Object(Config\Paths))
#11 {main}
ERROR - 2025-12-13 06:42:58 --> Error fetching Doctor Dashboard Stats: Unknown column 'assigned_doctor_id' in 'where clause'
ERROR - 2025-12-13 06:43:13 --> mysqli_sql_exception: Unknown column 'assigned_doctor_id' in 'where clause' in F:\xammp\htdocs\group6\system\Database\MySQLi\Connection.php:327
Stack trace:
#0 F:\xammp\htdocs\group6\system\Database\MySQLi\Connection.php(327): mysqli->query('SELECT *\nFROM `...', 0)
#1 F:\xammp\htdocs\group6\system\Database\BaseConnection.php(729): CodeIgniter\Database\MySQLi\Connection->execute('SELECT *\nFROM `...')
#2 F:\xammp\htdocs\group6\system\Database\BaseConnection.php(646): CodeIgniter\Database\BaseConnection->simpleQuery('SELECT *\nFROM `...')
#3 F:\xammp\htdocs\group6\system\Database\BaseBuilder.php(1649): CodeIgniter\Database\BaseConnection->query('SELECT *\nFROM `...', Array, false)
#4 F:\xammp\htdocs\group6\app\Controllers\Doctor\DashboardStats.php(434): CodeIgniter\Database\BaseBuilder->get()
#5 F:\xammp\htdocs\group6\system\CodeIgniter.php(933): App\Controllers\Doctor\DashboardStats->stats()
#6 F:\xammp\htdocs\group6\system\CodeIgniter.php(507): CodeIgniter\CodeIgniter->runController(Object(App\Controllers\Doctor\DashboardStats))
#7 F:\xammp\htdocs\group6\system\CodeIgniter.php(354): CodeIgniter\CodeIgniter->handleRequest(NULL, Object(Config\Cache), false)
#8 F:\xammp\htdocs\group6\system\Boot.php(363): CodeIgniter\CodeIgniter->run()
#9 F:\xammp\htdocs\group6\system\Boot.php(68): CodeIgniter\Boot::runCodeIgniter(Object(CodeIgniter\CodeIgniter))
#10 F:\xammp\htdocs\group6\public\index.php(59): CodeIgniter\Boot::bootWeb(Object(Config\Paths))
#11 {main}
ERROR - 2025-12-13 06:43:13 --> Error fetching Doctor Dashboard Stats: Unknown column 'assigned_doctor_id' in 'where clause'
ERROR - 2025-12-13 06:43:55 --> mysqli_sql_exception: Unknown column 'assigned_doctor_id' in 'where clause' in F:\xammp\htdocs\group6\system\Database\MySQLi\Connection.php:327
Stack trace:
#0 F:\xammp\htdocs\group6\system\Database\MySQLi\Connection.php(327): mysqli->query('SELECT *\nFROM `...', 0)
#1 F:\xammp\htdocs\group6\system\Database\BaseConnection.php(729): CodeIgniter\Database\MySQLi\Connection->execute('SELECT *\nFROM `...')
#2 F:\xammp\htdocs\group6\system\Database\BaseConnection.php(646): CodeIgniter\Database\BaseConnection->simpleQuery('SELECT *\nFROM `...')
#3 F:\xammp\htdocs\group6\system\Database\BaseBuilder.php(1649): CodeIgniter\Database\BaseConnection->query('SELECT *\nFROM `...', Array, false)
#4 F:\xammp\htdocs\group6\app\Controllers\Doctor\DashboardStats.php(434): CodeIgniter\Database\BaseBuilder->get()
#5 F:\xammp\htdocs\group6\system\CodeIgniter.php(933): App\Controllers\Doctor\DashboardStats->stats()
#6 F:\xammp\htdocs\group6\system\CodeIgniter.php(507): CodeIgniter\CodeIgniter->runController(Object(App\Controllers\Doctor\DashboardStats))
#7 F:\xammp\htdocs\group6\system\CodeIgniter.php(354): CodeIgniter\CodeIgniter->handleRequest(NULL, Object(Config\Cache), false)
#8 F:\xammp\htdocs\group6\system\Boot.php(363): CodeIgniter\CodeIgniter->run()
#9 F:\xammp\htdocs\group6\system\Boot.php(68): CodeIgniter\Boot::runCodeIgniter(Object(CodeIgniter\CodeIgniter))
#10 F:\xammp\htdocs\group6\public\index.php(59): CodeIgniter\Boot::bootWeb(Object(Config\Paths))
#11 {main}
ERROR - 2025-12-13 06:43:55 --> Error fetching Doctor Dashboard Stats: Unknown column 'assigned_doctor_id' in 'where clause'
ERROR - 2025-12-13 06:44:50 --> mysqli_sql_exception: Unknown column 'assigned_doctor_id' in 'where clause' in F:\xammp\htdocs\group6\system\Database\MySQLi\Connection.php:327
Stack trace:
#0 F:\xammp\htdocs\group6\system\Database\MySQLi\Connection.php(327): mysqli->query('SELECT *\nFROM `...', 0)
#1 F:\xammp\htdocs\group6\system\Database\BaseConnection.php(729): CodeIgniter\Database\MySQLi\Connection->execute('SELECT *\nFROM `...')
#2 F:\xammp\htdocs\group6\system\Database\BaseConnection.php(646): CodeIgniter\Database\BaseConnection->simpleQuery('SELECT *\nFROM `...')
#3 F:\xammp\htdocs\group6\system\Database\BaseBuilder.php(1649): CodeIgniter\Database\BaseConnection->query('SELECT *\nFROM `...', Array, false)
#4 F:\xammp\htdocs\group6\app\Controllers\Doctor\DashboardStats.php(434): CodeIgniter\Database\BaseBuilder->get()
#5 F:\xammp\htdocs\group6\system\CodeIgniter.php(933): App\Controllers\Doctor\DashboardStats->stats()
#6 F:\xammp\htdocs\group6\system\CodeIgniter.php(507): CodeIgniter\CodeIgniter->runController(Object(App\Controllers\Doctor\DashboardStats))
#7 F:\xammp\htdocs\group6\system\CodeIgniter.php(354): CodeIgniter\CodeIgniter->handleRequest(NULL, Object(Config\Cache), false)
#8 F:\xammp\htdocs\group6\system\Boot.php(363): CodeIgniter\CodeIgniter->run()
#9 F:\xammp\htdocs\group6\system\Boot.php(68): CodeIgniter\Boot::runCodeIgniter(Object(CodeIgniter\CodeIgniter))
#10 F:\xammp\htdocs\group6\public\index.php(59): CodeIgniter\Boot::bootWeb(Object(Config\Paths))
#11 {main}
ERROR - 2025-12-13 06:44:50 --> Error fetching Doctor Dashboard Stats: Unknown column 'assigned_doctor_id' in 'where clause'
ERROR - 2025-12-13 06:44:50 --> mysqli_sql_exception: Unknown column 'assigned_doctor_id' in 'where clause' in F:\xammp\htdocs\group6\system\Database\MySQLi\Connection.php:327
Stack trace:
#0 F:\xammp\htdocs\group6\system\Database\MySQLi\Connection.php(327): mysqli->query('SELECT *\nFROM `...', 0)
#1 F:\xammp\htdocs\group6\system\Database\BaseConnection.php(729): CodeIgniter\Database\MySQLi\Connection->execute('SELECT *\nFROM `...')
#2 F:\xammp\htdocs\group6\system\Database\BaseConnection.php(646): CodeIgniter\Database\BaseConnection->simpleQuery('SELECT *\nFROM `...')
#3 F:\xammp\htdocs\group6\system\Database\BaseBuilder.php(1649): CodeIgniter\Database\BaseConnection->query('SELECT *\nFROM `...', Array, false)
#4 F:\xammp\htdocs\group6\app\Controllers\Doctor\DashboardStats.php(434): CodeIgniter\Database\BaseBuilder->get()
#5 F:\xammp\htdocs\group6\system\CodeIgniter.php(933): App\Controllers\Doctor\DashboardStats->stats()
#6 F:\xammp\htdocs\group6\system\CodeIgniter.php(507): CodeIgniter\CodeIgniter->runController(Object(App\Controllers\Doctor\DashboardStats))
#7 F:\xammp\htdocs\group6\system\CodeIgniter.php(354): CodeIgniter\CodeIgniter->handleRequest(NULL, Object(Config\Cache), false)
#8 F:\xammp\htdocs\group6\system\Boot.php(363): CodeIgniter\CodeIgniter->run()
#9 F:\xammp\htdocs\group6\system\Boot.php(68): CodeIgniter\Boot::runCodeIgniter(Object(CodeIgniter\CodeIgniter))
#10 F:\xammp\htdocs\group6\public\index.php(59): CodeIgniter\Boot::bootWeb(Object(Config\Paths))
#11 {main}
ERROR - 2025-12-13 06:44:50 --> Error fetching Doctor Dashboard Stats: Unknown column 'assigned_doctor_id' in 'where clause'
ERROR - 2025-12-13 07:04:27 --> mysqli_sql_exception: Unknown column 'assigned_doctor_id' in 'where clause' in F:\xammp\htdocs\group6\system\Database\MySQLi\Connection.php:327
Stack trace:
#0 F:\xammp\htdocs\group6\system\Database\MySQLi\Connection.php(327): mysqli->query('SELECT *\nFROM `...', 0)
#1 F:\xammp\htdocs\group6\system\Database\BaseConnection.php(729): CodeIgniter\Database\MySQLi\Connection->execute('SELECT *\nFROM `...')
#2 F:\xammp\htdocs\group6\system\Database\BaseConnection.php(646): CodeIgniter\Database\BaseConnection->simpleQuery('SELECT *\nFROM `...')
#3 F:\xammp\htdocs\group6\system\Database\BaseBuilder.php(1649): CodeIgniter\Database\BaseConnection->query('SELECT *\nFROM `...', Array, false)
#4 F:\xammp\htdocs\group6\app\Controllers\Doctor\DashboardStats.php(434): CodeIgniter\Database\BaseBuilder->get()
#5 F:\xammp\htdocs\group6\system\CodeIgniter.php(933): App\Controllers\Doctor\DashboardStats->stats()
#6 F:\xammp\htdocs\group6\system\CodeIgniter.php(507): CodeIgniter\CodeIgniter->runController(Object(App\Controllers\Doctor\DashboardStats))
#7 F:\xammp\htdocs\group6\system\CodeIgniter.php(354): CodeIgniter\CodeIgniter->handleRequest(NULL, Object(Config\Cache), false)
#8 F:\xammp\htdocs\group6\system\Boot.php(363): CodeIgniter\CodeIgniter->run()
#9 F:\xammp\htdocs\group6\system\Boot.php(68): CodeIgniter\Boot::runCodeIgniter(Object(CodeIgniter\CodeIgniter))
#10 F:\xammp\htdocs\group6\public\index.php(59): CodeIgniter\Boot::bootWeb(Object(Config\Paths))
#11 {main}
ERROR - 2025-12-13 07:04:27 --> Error fetching Doctor Dashboard Stats: Unknown column 'assigned_doctor_id' in 'where clause'
ERROR - 2025-12-13 07:05:30 --> mysqli_sql_exception: Unknown column 'deleted_at' in 'where clause' in F:\xammp\htdocs\group6\system\Database\MySQLi\Connection.php:327
Stack trace:
#0 F:\xammp\htdocs\group6\system\Database\MySQLi\Connection.php(327): mysqli->query('SELECT *\nFROM `...', 0)
#1 F:\xammp\htdocs\group6\system\Database\BaseConnection.php(729): CodeIgniter\Database\MySQLi\Connection->execute('SELECT *\nFROM `...')
#2 F:\xammp\htdocs\group6\system\Database\BaseConnection.php(646): CodeIgniter\Database\BaseConnection->simpleQuery('SELECT *\nFROM `...')
#3 F:\xammp\htdocs\group6\system\Database\BaseBuilder.php(1649): CodeIgniter\Database\BaseConnection->query('SELECT *\nFROM `...', Array, false)
#4 F:\xammp\htdocs\group6\app\Controllers\Accountant\PaymentReportController.php(458): CodeIgniter\Database\BaseBuilder->get()
#5 F:\xammp\htdocs\group6\system\CodeIgniter.php(933): App\Controllers\Accountant\PaymentReportController->patientBilling()
#6 F:\xammp\htdocs\group6\system\CodeIgniter.php(507): CodeIgniter\CodeIgniter->runController(Object(App\Controllers\Accountant\PaymentReportController))
#7 F:\xammp\htdocs\group6\system\CodeIgniter.php(354): CodeIgniter\CodeIgniter->handleRequest(NULL, Object(Config\Cache), false)
#8 F:\xammp\htdocs\group6\system\Boot.php(363): CodeIgniter\CodeIgniter->run()
#9 F:\xammp\htdocs\group6\system\Boot.php(68): CodeIgniter\Boot::runCodeIgniter(Object(CodeIgniter\CodeIgniter))
#10 F:\xammp\htdocs\group6\public\index.php(59): CodeIgniter\Boot::bootWeb(Object(Config\Paths))
#11 {main}
CRITICAL - 2025-12-13 07:05:30 --> CodeIgniter\Database\Exceptions\DatabaseException: Unknown column 'deleted_at' in 'where clause'
[Method: GET, Route: accounting/patient-billing]
in SYSTEMPATH\Database\BaseConnection.php on line 684.
 1 SYSTEMPATH\Database\BaseBuilder.php(1649): CodeIgniter\Database\BaseConnection->query('SELECT *
FROM `patients`
WHERE `first_name` = :first_name:
AND `last_name` = :last_name:
AND `deleted_at` IS NULL', [...], false)
 2 APPPATH\Controllers\Accountant\PaymentReportController.php(458): CodeIgniter\Database\BaseBuilder->get()
 3 SYSTEMPATH\CodeIgniter.php(933): App\Controllers\Accountant\PaymentReportController->patientBilling()
 4 SYSTEMPATH\CodeIgniter.php(507): CodeIgniter\CodeIgniter->runController(Object(App\Controllers\Accountant\PaymentReportController))
 5 SYSTEMPATH\CodeIgniter.php(354): CodeIgniter\CodeIgniter->handleRequest(null, Object(Config\Cache), false)
 6 SYSTEMPATH\Boot.php(363): CodeIgniter\CodeIgniter->run()
 7 SYSTEMPATH\Boot.php(68): CodeIgniter\Boot::runCodeIgniter(Object(CodeIgniter\CodeIgniter))
 8 FCPATH\index.php(59): CodeIgniter\Boot::bootWeb(Object(Config\Paths))
CRITICAL - 2025-12-13 07:05:30 --> [Caused by] CodeIgniter\Database\Exceptions\DatabaseException: Unknown column 'deleted_at' in 'where clause'
in SYSTEMPATH\Database\MySQLi\Connection.php on line 332.
 1 SYSTEMPATH\Database\BaseConnection.php(729): CodeIgniter\Database\MySQLi\Connection->execute('SELECT *
FROM `patients`
WHERE `first_name` = \'Admin\'
AND `last_name` = \'User\'
AND `deleted_at` IS NULL')
 2 SYSTEMPATH\Database\BaseConnection.php(646): CodeIgniter\Database\BaseConnection->simpleQuery('SELECT *
FROM `patients`
WHERE `first_name` = \'Admin\'
AND `last_name` = \'User\'
AND `deleted_at` IS NULL')
 3 SYSTEMPATH\Database\BaseBuilder.php(1649): CodeIgniter\Database\BaseConnection->query('SELECT *
FROM `patients`
WHERE `first_name` = :first_name:
AND `last_name` = :last_name:
AND `deleted_at` IS NULL', [...], false)
 4 APPPATH\Controllers\Accountant\PaymentReportController.php(458): CodeIgniter\Database\BaseBuilder->get()
 5 SYSTEMPATH\CodeIgniter.php(933): App\Controllers\Accountant\PaymentReportController->patientBilling()
 6 SYSTEMPATH\CodeIgniter.php(507): CodeIgniter\CodeIgniter->runController(Object(App\Controllers\Accountant\PaymentReportController))
 7 SYSTEMPATH\CodeIgniter.php(354): CodeIgniter\CodeIgniter->handleRequest(null, Object(Config\Cache), false)
 8 SYSTEMPATH\Boot.php(363): CodeIgniter\CodeIgniter->run()
 9 SYSTEMPATH\Boot.php(68): CodeIgniter\Boot::runCodeIgniter(Object(CodeIgniter\CodeIgniter))
10 FCPATH\index.php(59): CodeIgniter\Boot::bootWeb(Object(Config\Paths))
CRITICAL - 2025-12-13 07:05:30 --> [Caused by] mysqli_sql_exception: Unknown column 'deleted_at' in 'where clause'
in SYSTEMPATH\Database\MySQLi\Connection.php on line 327.
 1 SYSTEMPATH\Database\MySQLi\Connection.php(327): mysqli->query('SELECT *
FROM `patients`
WHERE `first_name` = \'Admin\'
AND `last_name` = \'User\'
AND `deleted_at` IS NULL', 0)
 2 SYSTEMPATH\Database\BaseConnection.php(729): CodeIgniter\Database\MySQLi\Connection->execute('SELECT *
FROM `patients`
WHERE `first_name` = \'Admin\'
AND `last_name` = \'User\'
AND `deleted_at` IS NULL')
 3 SYSTEMPATH\Database\BaseConnection.php(646): CodeIgniter\Database\BaseConnection->simpleQuery('SELECT *
FROM `patients`
WHERE `first_name` = \'Admin\'
AND `last_name` = \'User\'
AND `deleted_at` IS NULL')
 4 SYSTEMPATH\Database\BaseBuilder.php(1649): CodeIgniter\Database\BaseConnection->query('SELECT *
FROM `patients`
WHERE `first_name` = :first_name:
AND `last_name` = :last_name:
AND `deleted_at` IS NULL', [...], false)
 5 APPPATH\Controllers\Accountant\PaymentReportController.php(458): CodeIgniter\Database\BaseBuilder->get()
 6 SYSTEMPATH\CodeIgniter.php(933): App\Controllers\Accountant\PaymentReportController->patientBilling()
 7 SYSTEMPATH\CodeIgniter.php(507): CodeIgniter\CodeIgniter->runController(Object(App\Controllers\Accountant\PaymentReportController))
 8 SYSTEMPATH\CodeIgniter.php(354): CodeIgniter\CodeIgniter->handleRequest(null, Object(Config\Cache), false)
 9 SYSTEMPATH\Boot.php(363): CodeIgniter\CodeIgniter->run()
10 SYSTEMPATH\Boot.php(68): CodeIgniter\Boot::runCodeIgniter(Object(CodeIgniter\CodeIgniter))
11 FCPATH\index.php(59): CodeIgniter\Boot::bootWeb(Object(Config\Paths))
ERROR - 2025-12-13 08:23:34 --> mysqli_sql_exception: Cannot add or update a child row: a foreign key constraint fails (`hospital_management`.`charges`, CONSTRAINT `charges_patient_id_foreign` FOREIGN KEY (`patient_id`) REFERENCES `admin_patients` (`id`) ON DELETE CASCADE ON UPDATE CASCADE) in F:\xammp\htdocs\group6\system\Database\MySQLi\Connection.php:327
Stack trace:
#0 F:\xammp\htdocs\group6\system\Database\MySQLi\Connection.php(327): mysqli->query('INSERT INTO `ch...', 0)
#1 F:\xammp\htdocs\group6\system\Database\BaseConnection.php(729): CodeIgniter\Database\MySQLi\Connection->execute('INSERT INTO `ch...')
#2 F:\xammp\htdocs\group6\system\Database\BaseConnection.php(646): CodeIgniter\Database\BaseConnection->simpleQuery('INSERT INTO `ch...')
#3 F:\xammp\htdocs\group6\system\Database\BaseBuilder.php(2345): CodeIgniter\Database\BaseConnection->query('INSERT INTO `ch...', Array, false)
#4 F:\xammp\htdocs\group6\system\Model.php(394): CodeIgniter\Database\BaseBuilder->insert()
#5 F:\xammp\htdocs\group6\system\BaseModel.php(838): CodeIgniter\Model->doInsert(Array)
#6 F:\xammp\htdocs\group6\system\Model.php(797): CodeIgniter\BaseModel->insert(Array, true)
#7 F:\xammp\htdocs\group6\app\Controllers\Admin\PatientController.php(734): CodeIgniter\Model->insert(Array)
#8 F:\xammp\htdocs\group6\system\CodeIgniter.php(933): App\Controllers\Admin\PatientController->store()
#9 F:\xammp\htdocs\group6\system\CodeIgniter.php(507): CodeIgniter\CodeIgniter->runController(Object(App\Controllers\Admin\PatientController))
#10 F:\xammp\htdocs\group6\system\CodeIgniter.php(354): CodeIgniter\CodeIgniter->handleRequest(NULL, Object(Config\Cache), false)
#11 F:\xammp\htdocs\group6\system\Boot.php(363): CodeIgniter\CodeIgniter->run()
#12 F:\xammp\htdocs\group6\system\Boot.php(68): CodeIgniter\Boot::runCodeIgniter(Object(CodeIgniter\CodeIgniter))
#13 F:\xammp\htdocs\group6\public\index.php(59): CodeIgniter\Boot::bootWeb(Object(Config\Paths))
#14 {main}
CRITICAL - 2025-12-13 08:23:34 --> CodeIgniter\Database\Exceptions\DatabaseException: Cannot add or update a child row: a foreign key constraint fails (`hospital_management`.`charges`, CONSTRAINT `charges_patient_id_foreign` FOREIGN KEY (`patient_id`) REFERENCES `admin_patients` (`id`) ON DELETE CASCADE ON UPDATE CASCADE)
[Method: POST, Route: admin/patients/store]
in SYSTEMPATH\Database\BaseConnection.php on line 684.
 1 SYSTEMPATH\Database\BaseBuilder.php(2345): CodeIgniter\Database\BaseConnection->query('INSERT INTO `charges` (`patient_id`, `charge_number`, `total_amount`, `status`, `notes`, `created_at`, `updated_at`) VALUES (:patient_id:, :charge_number:, :total_amount:, :status:, :notes:, :created_at:, :updated_at:)', [...], false)
 2 SYSTEMPATH\Model.php(394): CodeIgniter\Database\BaseBuilder->insert()
 3 SYSTEMPATH\BaseModel.php(838): CodeIgniter\Model->doInsert([...])
 4 SYSTEMPATH\Model.php(797): CodeIgniter\BaseModel->insert([...], true)
 5 APPPATH\Controllers\Admin\PatientController.php(734): CodeIgniter\Model->insert([...])
 6 SYSTEMPATH\CodeIgniter.php(933): App\Controllers\Admin\PatientController->store()
 7 SYSTEMPATH\CodeIgniter.php(507): CodeIgniter\CodeIgniter->runController(Object(App\Controllers\Admin\PatientController))
 8 SYSTEMPATH\CodeIgniter.php(354): CodeIgniter\CodeIgniter->handleRequest(null, Object(Config\Cache), false)
 9 SYSTEMPATH\Boot.php(363): CodeIgniter\CodeIgniter->run()
10 SYSTEMPATH\Boot.php(68): CodeIgniter\Boot::runCodeIgniter(Object(CodeIgniter\CodeIgniter))
11 FCPATH\index.php(59): CodeIgniter\Boot::bootWeb(Object(Config\Paths))
CRITICAL - 2025-12-13 08:23:34 --> [Caused by] CodeIgniter\Database\Exceptions\DatabaseException: Cannot add or update a child row: a foreign key constraint fails (`hospital_management`.`charges`, CONSTRAINT `charges_patient_id_foreign` FOREIGN KEY (`patient_id`) REFERENCES `admin_patients` (`id`) ON DELETE CASCADE ON UPDATE CASCADE)
in SYSTEMPATH\Database\MySQLi\Connection.php on line 332.
 1 SYSTEMPATH\Database\BaseConnection.php(729): CodeIgniter\Database\MySQLi\Connection->execute('INSERT INTO `charges` (`patient_id`, `charge_number`, `total_amount`, `status`, `notes`, `created_at`, `updated_at`) VALUES (6, \'CHG-20251213-001\', 5000, \'pending\', \'Room charge - PRV05 (Private) - Day 1\', \'2025-12-13 08:23:33\', \'2025-12-13 08:23:33\')')
 2 SYSTEMPATH\Database\BaseConnection.php(646): CodeIgniter\Database\BaseConnection->simpleQuery('INSERT INTO `charges` (`patient_id`, `charge_number`, `total_amount`, `status`, `notes`, `created_at`, `updated_at`) VALUES (6, \'CHG-20251213-001\', 5000, \'pending\', \'Room charge - PRV05 (Private) - Day 1\', \'2025-12-13 08:23:33\', \'2025-12-13 08:23:33\')')
 3 SYSTEMPATH\Database\BaseBuilder.php(2345): CodeIgniter\Database\BaseConnection->query('INSERT INTO `charges` (`patient_id`, `charge_number`, `total_amount`, `status`, `notes`, `created_at`, `updated_at`) VALUES (:patient_id:, :charge_number:, :total_amount:, :status:, :notes:, :created_at:, :updated_at:)', [...], false)
 4 SYSTEMPATH\Model.php(394): CodeIgniter\Database\BaseBuilder->insert()
 5 SYSTEMPATH\BaseModel.php(838): CodeIgniter\Model->doInsert([...])
 6 SYSTEMPATH\Model.php(797): CodeIgniter\BaseModel->insert([...], true)
 7 APPPATH\Controllers\Admin\PatientController.php(734): CodeIgniter\Model->insert([...])
 8 SYSTEMPATH\CodeIgniter.php(933): App\Controllers\Admin\PatientController->store()
 9 SYSTEMPATH\CodeIgniter.php(507): CodeIgniter\CodeIgniter->runController(Object(App\Controllers\Admin\PatientController))
10 SYSTEMPATH\CodeIgniter.php(354): CodeIgniter\CodeIgniter->handleRequest(null, Object(Config\Cache), false)
11 SYSTEMPATH\Boot.php(363): CodeIgniter\CodeIgniter->run()
12 SYSTEMPATH\Boot.php(68): CodeIgniter\Boot::runCodeIgniter(Object(CodeIgniter\CodeIgniter))
13 FCPATH\index.php(59): CodeIgniter\Boot::bootWeb(Object(Config\Paths))
CRITICAL - 2025-12-13 08:23:34 --> [Caused by] mysqli_sql_exception: Cannot add or update a child row: a foreign key constraint fails (`hospital_management`.`charges`, CONSTRAINT `charges_patient_id_foreign` FOREIGN KEY (`patient_id`) REFERENCES `admin_patients` (`id`) ON DELETE CASCADE ON UPDATE CASCADE)
in SYSTEMPATH\Database\MySQLi\Connection.php on line 327.
 1 SYSTEMPATH\Database\MySQLi\Connection.php(327): mysqli->query('INSERT INTO `charges` (`patient_id`, `charge_number`, `total_amount`, `status`, `notes`, `created_at`, `updated_at`) VALUES (6, \'CHG-20251213-001\', 5000, \'pending\', \'Room charge - PRV05 (Private) - Day 1\', \'2025-12-13 08:23:33\', \'2025-12-13 08:23:33\')', 0)
 2 SYSTEMPATH\Database\BaseConnection.php(729): CodeIgniter\Database\MySQLi\Connection->execute('INSERT INTO `charges` (`patient_id`, `charge_number`, `total_amount`, `status`, `notes`, `created_at`, `updated_at`) VALUES (6, \'CHG-20251213-001\', 5000, \'pending\', \'Room charge - PRV05 (Private) - Day 1\', \'2025-12-13 08:23:33\', \'2025-12-13 08:23:33\')')
 3 SYSTEMPATH\Database\BaseConnection.php(646): CodeIgniter\Database\BaseConnection->simpleQuery('INSERT INTO `charges` (`patient_id`, `charge_number`, `total_amount`, `status`, `notes`, `created_at`, `updated_at`) VALUES (6, \'CHG-20251213-001\', 5000, \'pending\', \'Room charge - PRV05 (Private) - Day 1\', \'2025-12-13 08:23:33\', \'2025-12-13 08:23:33\')')
 4 SYSTEMPATH\Database\BaseBuilder.php(2345): CodeIgniter\Database\BaseConnection->query('INSERT INTO `charges` (`patient_id`, `charge_number`, `total_amount`, `status`, `notes`, `created_at`, `updated_at`) VALUES (:patient_id:, :charge_number:, :total_amount:, :status:, :notes:, :created_at:, :updated_at:)', [...], false)
 5 SYSTEMPATH\Model.php(394): CodeIgniter\Database\BaseBuilder->insert()
 6 SYSTEMPATH\BaseModel.php(838): CodeIgniter\Model->doInsert([...])
 7 SYSTEMPATH\Model.php(797): CodeIgniter\BaseModel->insert([...], true)
 8 APPPATH\Controllers\Admin\PatientController.php(734): CodeIgniter\Model->insert([...])
 9 SYSTEMPATH\CodeIgniter.php(933): App\Controllers\Admin\PatientController->store()
10 SYSTEMPATH\CodeIgniter.php(507): CodeIgniter\CodeIgniter->runController(Object(App\Controllers\Admin\PatientController))
11 SYSTEMPATH\CodeIgniter.php(354): CodeIgniter\CodeIgniter->handleRequest(null, Object(Config\Cache), false)
12 SYSTEMPATH\Boot.php(363): CodeIgniter\CodeIgniter->run()
13 SYSTEMPATH\Boot.php(68): CodeIgniter\Boot::runCodeIgniter(Object(CodeIgniter\CodeIgniter))
14 FCPATH\index.php(59): CodeIgniter\Boot::bootWeb(Object(Config\Paths))
CRITICAL - 2025-12-13 12:48:57 --> ErrorException: Undefined variable $patientInsuranceInfo
[Method: GET, Route: accounting/patient-billing]
in APPPATH\Controllers\Accountant\PaymentReportController.php on line 720.
 1 APPPATH\Controllers\Accountant\PaymentReportController.php(720): CodeIgniter\Debug\Exceptions->errorHandler(2, 'Undefined variable $patientInsuranceInfo', 'F:\\xammp\\htdocs\\group6\\app\\Controllers\\Accountant\\PaymentReportController.php', 720)
 2 SYSTEMPATH\CodeIgniter.php(933): App\Controllers\Accountant\PaymentReportController->patientBilling()
 3 SYSTEMPATH\CodeIgniter.php(507): CodeIgniter\CodeIgniter->runController(Object(App\Controllers\Accountant\PaymentReportController))
 4 SYSTEMPATH\CodeIgniter.php(354): CodeIgniter\CodeIgniter->handleRequest(null, Object(Config\Cache), false)
 5 SYSTEMPATH\Boot.php(363): CodeIgniter\CodeIgniter->run()
 6 SYSTEMPATH\Boot.php(68): CodeIgniter\Boot::runCodeIgniter(Object(CodeIgniter\CodeIgniter))
 7 FCPATH\index.php(59): CodeIgniter\Boot::bootWeb(Object(Config\Paths))
CRITICAL - 2025-12-13 12:49:02 --> ErrorException: Undefined variable $patientInsuranceInfo
[Method: GET, Route: accounting/patient-billing]
in APPPATH\Controllers\Accountant\PaymentReportController.php on line 720.
 1 APPPATH\Controllers\Accountant\PaymentReportController.php(720): CodeIgniter\Debug\Exceptions->errorHandler(2, 'Undefined variable $patientInsuranceInfo', 'F:\\xammp\\htdocs\\group6\\app\\Controllers\\Accountant\\PaymentReportController.php', 720)
 2 SYSTEMPATH\CodeIgniter.php(933): App\Controllers\Accountant\PaymentReportController->patientBilling()
 3 SYSTEMPATH\CodeIgniter.php(507): CodeIgniter\CodeIgniter->runController(Object(App\Controllers\Accountant\PaymentReportController))
 4 SYSTEMPATH\CodeIgniter.php(354): CodeIgniter\CodeIgniter->handleRequest(null, Object(Config\Cache), false)
 5 SYSTEMPATH\Boot.php(363): CodeIgniter\CodeIgniter->run()
 6 SYSTEMPATH\Boot.php(68): CodeIgniter\Boot::runCodeIgniter(Object(CodeIgniter\CodeIgniter))
 7 FCPATH\index.php(59): CodeIgniter\Boot::bootWeb(Object(Config\Paths))
CRITICAL - 2025-12-13 12:49:07 --> ErrorException: Undefined variable $patientInsuranceInfo
[Method: GET, Route: accounting/patient-billing]
in APPPATH\Controllers\Accountant\PaymentReportController.php on line 720.
 1 APPPATH\Controllers\Accountant\PaymentReportController.php(720): CodeIgniter\Debug\Exceptions->errorHandler(2, 'Undefined variable $patientInsuranceInfo', 'F:\\xammp\\htdocs\\group6\\app\\Controllers\\Accountant\\PaymentReportController.php', 720)
 2 SYSTEMPATH\CodeIgniter.php(933): App\Controllers\Accountant\PaymentReportController->patientBilling()
 3 SYSTEMPATH\CodeIgniter.php(507): CodeIgniter\CodeIgniter->runController(Object(App\Controllers\Accountant\PaymentReportController))
 4 SYSTEMPATH\CodeIgniter.php(354): CodeIgniter\CodeIgniter->handleRequest(null, Object(Config\Cache), false)
 5 SYSTEMPATH\Boot.php(363): CodeIgniter\CodeIgniter->run()
 6 SYSTEMPATH\Boot.php(68): CodeIgniter\Boot::runCodeIgniter(Object(CodeIgniter\CodeIgniter))
 7 FCPATH\index.php(59): CodeIgniter\Boot::bootWeb(Object(Config\Paths))
CRITICAL - 2025-12-13 12:50:54 --> ErrorException: Undefined variable $patientInsuranceInfo
[Method: GET, Route: accounting/patient-billing]
in APPPATH\Controllers\Accountant\PaymentReportController.php on line 720.
 1 APPPATH\Controllers\Accountant\PaymentReportController.php(720): CodeIgniter\Debug\Exceptions->errorHandler(2, 'Undefined variable $patientInsuranceInfo', 'F:\\xammp\\htdocs\\group6\\app\\Controllers\\Accountant\\PaymentReportController.php', 720)
 2 SYSTEMPATH\CodeIgniter.php(933): App\Controllers\Accountant\PaymentReportController->patientBilling()
 3 SYSTEMPATH\CodeIgniter.php(507): CodeIgniter\CodeIgniter->runController(Object(App\Controllers\Accountant\PaymentReportController))
 4 SYSTEMPATH\CodeIgniter.php(354): CodeIgniter\CodeIgniter->handleRequest(null, Object(Config\Cache), false)
 5 SYSTEMPATH\Boot.php(363): CodeIgniter\CodeIgniter->run()
 6 SYSTEMPATH\Boot.php(68): CodeIgniter\Boot::runCodeIgniter(Object(CodeIgniter\CodeIgniter))
 7 FCPATH\index.php(59): CodeIgniter\Boot::bootWeb(Object(Config\Paths))
CRITICAL - 2025-12-13 13:09:37 --> ErrorException: Undefined variable $patientInsuranceInfo
[Method: GET, Route: accounting/patient-billing]
in APPPATH\Controllers\Accountant\PaymentReportController.php on line 720.
 1 APPPATH\Controllers\Accountant\PaymentReportController.php(720): CodeIgniter\Debug\Exceptions->errorHandler(2, 'Undefined variable $patientInsuranceInfo', 'F:\\xammp\\htdocs\\group6\\app\\Controllers\\Accountant\\PaymentReportController.php', 720)
 2 SYSTEMPATH\CodeIgniter.php(933): App\Controllers\Accountant\PaymentReportController->patientBilling()
 3 SYSTEMPATH\CodeIgniter.php(507): CodeIgniter\CodeIgniter->runController(Object(App\Controllers\Accountant\PaymentReportController))
 4 SYSTEMPATH\CodeIgniter.php(354): CodeIgniter\CodeIgniter->handleRequest(null, Object(Config\Cache), false)
 5 SYSTEMPATH\Boot.php(363): CodeIgniter\CodeIgniter->run()
 6 SYSTEMPATH\Boot.php(68): CodeIgniter\Boot::runCodeIgniter(Object(CodeIgniter\CodeIgniter))
 7 FCPATH\index.php(59): CodeIgniter\Boot::bootWeb(Object(Config\Paths))
CRITICAL - 2025-12-13 13:14:58 --> ErrorException: Undefined variable $patientInsuranceInfo
[Method: GET, Route: admin/billing/patient_billing]
in APPPATH\Controllers\Admin\BillingController.php on line 396.
 1 APPPATH\Controllers\Admin\BillingController.php(396): CodeIgniter\Debug\Exceptions->errorHandler(2, 'Undefined variable $patientInsuranceInfo', 'F:\\xammp\\htdocs\\group6\\app\\Controllers\\Admin\\BillingController.php', 396)
 2 SYSTEMPATH\CodeIgniter.php(933): App\Controllers\Admin\BillingController->patientBilling()
 3 SYSTEMPATH\CodeIgniter.php(507): CodeIgniter\CodeIgniter->runController(Object(App\Controllers\Admin\BillingController))
 4 SYSTEMPATH\CodeIgniter.php(354): CodeIgniter\CodeIgniter->handleRequest(null, Object(Config\Cache), false)
 5 SYSTEMPATH\Boot.php(363): CodeIgniter\CodeIgniter->run()
 6 SYSTEMPATH\Boot.php(68): CodeIgniter\Boot::runCodeIgniter(Object(CodeIgniter\CodeIgniter))
 7 FCPATH\index.php(59): CodeIgniter\Boot::bootWeb(Object(Config\Paths))
CRITICAL - 2025-12-13 13:14:58 --> ErrorException: Undefined variable $patientInsuranceInfo
[Method: GET, Route: admin/billing/patient_billing]
in APPPATH\Controllers\Admin\BillingController.php on line 396.
 1 APPPATH\Controllers\Admin\BillingController.php(396): CodeIgniter\Debug\Exceptions->errorHandler(2, 'Undefined variable $patientInsuranceInfo', 'F:\\xammp\\htdocs\\group6\\app\\Controllers\\Admin\\BillingController.php', 396)
 2 SYSTEMPATH\CodeIgniter.php(933): App\Controllers\Admin\BillingController->patientBilling()
 3 SYSTEMPATH\CodeIgniter.php(507): CodeIgniter\CodeIgniter->runController(Object(App\Controllers\Admin\BillingController))
 4 SYSTEMPATH\CodeIgniter.php(354): CodeIgniter\CodeIgniter->handleRequest(null, Object(Config\Cache), false)
 5 SYSTEMPATH\Boot.php(363): CodeIgniter\CodeIgniter->run()
 6 SYSTEMPATH\Boot.php(68): CodeIgniter\Boot::runCodeIgniter(Object(CodeIgniter\CodeIgniter))
 7 FCPATH\index.php(59): CodeIgniter\Boot::bootWeb(Object(Config\Paths))
ERROR - 2025-12-13 13:15:52 --> mysqli_sql_exception: Unknown column 'deleted_at' in 'where clause' in F:\xammp\htdocs\group6\system\Database\MySQLi\Connection.php:327
Stack trace:
#0 F:\xammp\htdocs\group6\system\Database\MySQLi\Connection.php(327): mysqli->query('SELECT *\nFROM `...', 0)
#1 F:\xammp\htdocs\group6\system\Database\BaseConnection.php(729): CodeIgniter\Database\MySQLi\Connection->execute('SELECT *\nFROM `...')
#2 F:\xammp\htdocs\group6\system\Database\BaseConnection.php(646): CodeIgniter\Database\BaseConnection->simpleQuery('SELECT *\nFROM `...')
#3 F:\xammp\htdocs\group6\system\Database\BaseBuilder.php(1649): CodeIgniter\Database\BaseConnection->query('SELECT *\nFROM `...', Array, false)
#4 F:\xammp\htdocs\group6\app\Controllers\Admin\BillingController.php(179): CodeIgniter\Database\BaseBuilder->get()
#5 F:\xammp\htdocs\group6\system\CodeIgniter.php(933): App\Controllers\Admin\BillingController->patientBilling()
#6 F:\xammp\htdocs\group6\system\CodeIgniter.php(507): CodeIgniter\CodeIgniter->runController(Object(App\Controllers\Admin\BillingController))
#7 F:\xammp\htdocs\group6\system\CodeIgniter.php(354): CodeIgniter\CodeIgniter->handleRequest(NULL, Object(Config\Cache), false)
#8 F:\xammp\htdocs\group6\system\Boot.php(363): CodeIgniter\CodeIgniter->run()
#9 F:\xammp\htdocs\group6\system\Boot.php(68): CodeIgniter\Boot::runCodeIgniter(Object(CodeIgniter\CodeIgniter))
#10 F:\xammp\htdocs\group6\public\index.php(59): CodeIgniter\Boot::bootWeb(Object(Config\Paths))
#11 {main}
CRITICAL - 2025-12-13 13:15:52 --> CodeIgniter\Database\Exceptions\DatabaseException: Unknown column 'deleted_at' in 'where clause'
[Method: GET, Route: admin/billing/patient_billing]
in SYSTEMPATH\Database\BaseConnection.php on line 684.
 1 SYSTEMPATH\Database\BaseBuilder.php(1649): CodeIgniter\Database\BaseConnection->query('SELECT *
FROM `patients`
WHERE `first_name` = :first_name:
AND `last_name` = :last_name:
AND `deleted_at` IS NULL', [...], false)
 2 APPPATH\Controllers\Admin\BillingController.php(179): CodeIgniter\Database\BaseBuilder->get()
 3 SYSTEMPATH\CodeIgniter.php(933): App\Controllers\Admin\BillingController->patientBilling()
 4 SYSTEMPATH\CodeIgniter.php(507): CodeIgniter\CodeIgniter->runController(Object(App\Controllers\Admin\BillingController))
 5 SYSTEMPATH\CodeIgniter.php(354): CodeIgniter\CodeIgniter->handleRequest(null, Object(Config\Cache), false)
 6 SYSTEMPATH\Boot.php(363): CodeIgniter\CodeIgniter->run()
 7 SYSTEMPATH\Boot.php(68): CodeIgniter\Boot::runCodeIgniter(Object(CodeIgniter\CodeIgniter))
 8 FCPATH\index.php(59): CodeIgniter\Boot::bootWeb(Object(Config\Paths))
CRITICAL - 2025-12-13 13:15:52 --> [Caused by] CodeIgniter\Database\Exceptions\DatabaseException: Unknown column 'deleted_at' in 'where clause'
in SYSTEMPATH\Database\MySQLi\Connection.php on line 332.
 1 SYSTEMPATH\Database\BaseConnection.php(729): CodeIgniter\Database\MySQLi\Connection->execute('SELECT *
FROM `patients`
WHERE `first_name` = \'Test\'
AND `last_name` = \'Yooo\'
AND `deleted_at` IS NULL')
 2 SYSTEMPATH\Database\BaseConnection.php(646): CodeIgniter\Database\BaseConnection->simpleQuery('SELECT *
FROM `patients`
WHERE `first_name` = \'Test\'
AND `last_name` = \'Yooo\'
AND `deleted_at` IS NULL')
 3 SYSTEMPATH\Database\BaseBuilder.php(1649): CodeIgniter\Database\BaseConnection->query('SELECT *
FROM `patients`
WHERE `first_name` = :first_name:
AND `last_name` = :last_name:
AND `deleted_at` IS NULL', [...], false)
 4 APPPATH\Controllers\Admin\BillingController.php(179): CodeIgniter\Database\BaseBuilder->get()
 5 SYSTEMPATH\CodeIgniter.php(933): App\Controllers\Admin\BillingController->patientBilling()
 6 SYSTEMPATH\CodeIgniter.php(507): CodeIgniter\CodeIgniter->runController(Object(App\Controllers\Admin\BillingController))
 7 SYSTEMPATH\CodeIgniter.php(354): CodeIgniter\CodeIgniter->handleRequest(null, Object(Config\Cache), false)
 8 SYSTEMPATH\Boot.php(363): CodeIgniter\CodeIgniter->run()
 9 SYSTEMPATH\Boot.php(68): CodeIgniter\Boot::runCodeIgniter(Object(CodeIgniter\CodeIgniter))
10 FCPATH\index.php(59): CodeIgniter\Boot::bootWeb(Object(Config\Paths))
CRITICAL - 2025-12-13 13:15:52 --> [Caused by] mysqli_sql_exception: Unknown column 'deleted_at' in 'where clause'
in SYSTEMPATH\Database\MySQLi\Connection.php on line 327.
 1 SYSTEMPATH\Database\MySQLi\Connection.php(327): mysqli->query('SELECT *
FROM `patients`
WHERE `first_name` = \'Test\'
AND `last_name` = \'Yooo\'
AND `deleted_at` IS NULL', 0)
 2 SYSTEMPATH\Database\BaseConnection.php(729): CodeIgniter\Database\MySQLi\Connection->execute('SELECT *
FROM `patients`
WHERE `first_name` = \'Test\'
AND `last_name` = \'Yooo\'
AND `deleted_at` IS NULL')
 3 SYSTEMPATH\Database\BaseConnection.php(646): CodeIgniter\Database\BaseConnection->simpleQuery('SELECT *
FROM `patients`
WHERE `first_name` = \'Test\'
AND `last_name` = \'Yooo\'
AND `deleted_at` IS NULL')
 4 SYSTEMPATH\Database\BaseBuilder.php(1649): CodeIgniter\Database\BaseConnection->query('SELECT *
FROM `patients`
WHERE `first_name` = :first_name:
AND `last_name` = :last_name:
AND `deleted_at` IS NULL', [...], false)
 5 APPPATH\Controllers\Admin\BillingController.php(179): CodeIgniter\Database\BaseBuilder->get()
 6 SYSTEMPATH\CodeIgniter.php(933): App\Controllers\Admin\BillingController->patientBilling()
 7 SYSTEMPATH\CodeIgniter.php(507): CodeIgniter\CodeIgniter->runController(Object(App\Controllers\Admin\BillingController))
 8 SYSTEMPATH\CodeIgniter.php(354): CodeIgniter\CodeIgniter->handleRequest(null, Object(Config\Cache), false)
 9 SYSTEMPATH\Boot.php(363): CodeIgniter\CodeIgniter->run()
10 SYSTEMPATH\Boot.php(68): CodeIgniter\Boot::runCodeIgniter(Object(CodeIgniter\CodeIgniter))
11 FCPATH\index.php(59): CodeIgniter\Boot::bootWeb(Object(Config\Paths))
ERROR - 2025-12-13 13:15:55 --> mysqli_sql_exception: Unknown column 'deleted_at' in 'where clause' in F:\xammp\htdocs\group6\system\Database\MySQLi\Connection.php:327
Stack trace:
#0 F:\xammp\htdocs\group6\system\Database\MySQLi\Connection.php(327): mysqli->query('SELECT *\nFROM `...', 0)
#1 F:\xammp\htdocs\group6\system\Database\BaseConnection.php(729): CodeIgniter\Database\MySQLi\Connection->execute('SELECT *\nFROM `...')
#2 F:\xammp\htdocs\group6\system\Database\BaseConnection.php(646): CodeIgniter\Database\BaseConnection->simpleQuery('SELECT *\nFROM `...')
#3 F:\xammp\htdocs\group6\system\Database\BaseBuilder.php(1649): CodeIgniter\Database\BaseConnection->query('SELECT *\nFROM `...', Array, false)
#4 F:\xammp\htdocs\group6\app\Controllers\Admin\BillingController.php(179): CodeIgniter\Database\BaseBuilder->get()
#5 F:\xammp\htdocs\group6\system\CodeIgniter.php(933): App\Controllers\Admin\BillingController->patientBilling()
#6 F:\xammp\htdocs\group6\system\CodeIgniter.php(507): CodeIgniter\CodeIgniter->runController(Object(App\Controllers\Admin\BillingController))
#7 F:\xammp\htdocs\group6\system\CodeIgniter.php(354): CodeIgniter\CodeIgniter->handleRequest(NULL, Object(Config\Cache), false)
#8 F:\xammp\htdocs\group6\system\Boot.php(363): CodeIgniter\CodeIgniter->run()
#9 F:\xammp\htdocs\group6\system\Boot.php(68): CodeIgniter\Boot::runCodeIgniter(Object(CodeIgniter\CodeIgniter))
#10 F:\xammp\htdocs\group6\public\index.php(59): CodeIgniter\Boot::bootWeb(Object(Config\Paths))
#11 {main}
CRITICAL - 2025-12-13 13:15:55 --> CodeIgniter\Database\Exceptions\DatabaseException: Unknown column 'deleted_at' in 'where clause'
[Method: GET, Route: admin/billing/patient_billing]
in SYSTEMPATH\Database\BaseConnection.php on line 684.
 1 SYSTEMPATH\Database\BaseBuilder.php(1649): CodeIgniter\Database\BaseConnection->query('SELECT *
FROM `patients`
WHERE `first_name` = :first_name:
AND `last_name` = :last_name:
AND `deleted_at` IS NULL', [...], false)
 2 APPPATH\Controllers\Admin\BillingController.php(179): CodeIgniter\Database\BaseBuilder->get()
 3 SYSTEMPATH\CodeIgniter.php(933): App\Controllers\Admin\BillingController->patientBilling()
 4 SYSTEMPATH\CodeIgniter.php(507): CodeIgniter\CodeIgniter->runController(Object(App\Controllers\Admin\BillingController))
 5 SYSTEMPATH\CodeIgniter.php(354): CodeIgniter\CodeIgniter->handleRequest(null, Object(Config\Cache), false)
 6 SYSTEMPATH\Boot.php(363): CodeIgniter\CodeIgniter->run()
 7 SYSTEMPATH\Boot.php(68): CodeIgniter\Boot::runCodeIgniter(Object(CodeIgniter\CodeIgniter))
 8 FCPATH\index.php(59): CodeIgniter\Boot::bootWeb(Object(Config\Paths))
CRITICAL - 2025-12-13 13:15:55 --> [Caused by] CodeIgniter\Database\Exceptions\DatabaseException: Unknown column 'deleted_at' in 'where clause'
in SYSTEMPATH\Database\MySQLi\Connection.php on line 332.
 1 SYSTEMPATH\Database\BaseConnection.php(729): CodeIgniter\Database\MySQLi\Connection->execute('SELECT *
FROM `patients`
WHERE `first_name` = \'4sadasdasdas\'
AND `last_name` = \'dsadsadasdas\'
AND `deleted_at` IS NULL')
 2 SYSTEMPATH\Database\BaseConnection.php(646): CodeIgniter\Database\BaseConnection->simpleQuery('SELECT *
FROM `patients`
WHERE `first_name` = \'4sadasdasdas\'
AND `last_name` = \'dsadsadasdas\'
AND `deleted_at` IS NULL')
 3 SYSTEMPATH\Database\BaseBuilder.php(1649): CodeIgniter\Database\BaseConnection->query('SELECT *
FROM `patients`
WHERE `first_name` = :first_name:
AND `last_name` = :last_name:
AND `deleted_at` IS NULL', [...], false)
 4 APPPATH\Controllers\Admin\BillingController.php(179): CodeIgniter\Database\BaseBuilder->get()
 5 SYSTEMPATH\CodeIgniter.php(933): App\Controllers\Admin\BillingController->patientBilling()
 6 SYSTEMPATH\CodeIgniter.php(507): CodeIgniter\CodeIgniter->runController(Object(App\Controllers\Admin\BillingController))
 7 SYSTEMPATH\CodeIgniter.php(354): CodeIgniter\CodeIgniter->handleRequest(null, Object(Config\Cache), false)
 8 SYSTEMPATH\Boot.php(363): CodeIgniter\CodeIgniter->run()
 9 SYSTEMPATH\Boot.php(68): CodeIgniter\Boot::runCodeIgniter(Object(CodeIgniter\CodeIgniter))
10 FCPATH\index.php(59): CodeIgniter\Boot::bootWeb(Object(Config\Paths))
CRITICAL - 2025-12-13 13:15:55 --> [Caused by] mysqli_sql_exception: Unknown column 'deleted_at' in 'where clause'
in SYSTEMPATH\Database\MySQLi\Connection.php on line 327.
 1 SYSTEMPATH\Database\MySQLi\Connection.php(327): mysqli->query('SELECT *
FROM `patients`
WHERE `first_name` = \'4sadasdasdas\'
AND `last_name` = \'dsadsadasdas\'
AND `deleted_at` IS NULL', 0)
 2 SYSTEMPATH\Database\BaseConnection.php(729): CodeIgniter\Database\MySQLi\Connection->execute('SELECT *
FROM `patients`
WHERE `first_name` = \'4sadasdasdas\'
AND `last_name` = \'dsadsadasdas\'
AND `deleted_at` IS NULL')
 3 SYSTEMPATH\Database\BaseConnection.php(646): CodeIgniter\Database\BaseConnection->simpleQuery('SELECT *
FROM `patients`
WHERE `first_name` = \'4sadasdasdas\'
AND `last_name` = \'dsadsadasdas\'
AND `deleted_at` IS NULL')
 4 SYSTEMPATH\Database\BaseBuilder.php(1649): CodeIgniter\Database\BaseConnection->query('SELECT *
FROM `patients`
WHERE `first_name` = :first_name:
AND `last_name` = :last_name:
AND `deleted_at` IS NULL', [...], false)
 5 APPPATH\Controllers\Admin\BillingController.php(179): CodeIgniter\Database\BaseBuilder->get()
 6 SYSTEMPATH\CodeIgniter.php(933): App\Controllers\Admin\BillingController->patientBilling()
 7 SYSTEMPATH\CodeIgniter.php(507): CodeIgniter\CodeIgniter->runController(Object(App\Controllers\Admin\BillingController))
 8 SYSTEMPATH\CodeIgniter.php(354): CodeIgniter\CodeIgniter->handleRequest(null, Object(Config\Cache), false)
 9 SYSTEMPATH\Boot.php(363): CodeIgniter\CodeIgniter->run()
10 SYSTEMPATH\Boot.php(68): CodeIgniter\Boot::runCodeIgniter(Object(CodeIgniter\CodeIgniter))
11 FCPATH\index.php(59): CodeIgniter\Boot::bootWeb(Object(Config\Paths))
ERROR - 2025-12-13 13:15:57 --> mysqli_sql_exception: Unknown column 'deleted_at' in 'where clause' in F:\xammp\htdocs\group6\system\Database\MySQLi\Connection.php:327
Stack trace:
#0 F:\xammp\htdocs\group6\system\Database\MySQLi\Connection.php(327): mysqli->query('SELECT *\nFROM `...', 0)
#1 F:\xammp\htdocs\group6\system\Database\BaseConnection.php(729): CodeIgniter\Database\MySQLi\Connection->execute('SELECT *\nFROM `...')
#2 F:\xammp\htdocs\group6\system\Database\BaseConnection.php(646): CodeIgniter\Database\BaseConnection->simpleQuery('SELECT *\nFROM `...')
#3 F:\xammp\htdocs\group6\system\Database\BaseBuilder.php(1649): CodeIgniter\Database\BaseConnection->query('SELECT *\nFROM `...', Array, false)
#4 F:\xammp\htdocs\group6\app\Controllers\Admin\BillingController.php(179): CodeIgniter\Database\BaseBuilder->get()
#5 F:\xammp\htdocs\group6\system\CodeIgniter.php(933): App\Controllers\Admin\BillingController->patientBilling()
#6 F:\xammp\htdocs\group6\system\CodeIgniter.php(507): CodeIgniter\CodeIgniter->runController(Object(App\Controllers\Admin\BillingController))
#7 F:\xammp\htdocs\group6\system\CodeIgniter.php(354): CodeIgniter\CodeIgniter->handleRequest(NULL, Object(Config\Cache), false)
#8 F:\xammp\htdocs\group6\system\Boot.php(363): CodeIgniter\CodeIgniter->run()
#9 F:\xammp\htdocs\group6\system\Boot.php(68): CodeIgniter\Boot::runCodeIgniter(Object(CodeIgniter\CodeIgniter))
#10 F:\xammp\htdocs\group6\public\index.php(59): CodeIgniter\Boot::bootWeb(Object(Config\Paths))
#11 {main}
CRITICAL - 2025-12-13 13:15:57 --> CodeIgniter\Database\Exceptions\DatabaseException: Unknown column 'deleted_at' in 'where clause'
[Method: GET, Route: admin/billing/patient_billing]
in SYSTEMPATH\Database\BaseConnection.php on line 684.
 1 SYSTEMPATH\Database\BaseBuilder.php(1649): CodeIgniter\Database\BaseConnection->query('SELECT *
FROM `patients`
WHERE `first_name` = :first_name:
AND `last_name` = :last_name:
AND `deleted_at` IS NULL', [...], false)
 2 APPPATH\Controllers\Admin\BillingController.php(179): CodeIgniter\Database\BaseBuilder->get()
 3 SYSTEMPATH\CodeIgniter.php(933): App\Controllers\Admin\BillingController->patientBilling()
 4 SYSTEMPATH\CodeIgniter.php(507): CodeIgniter\CodeIgniter->runController(Object(App\Controllers\Admin\BillingController))
 5 SYSTEMPATH\CodeIgniter.php(354): CodeIgniter\CodeIgniter->handleRequest(null, Object(Config\Cache), false)
 6 SYSTEMPATH\Boot.php(363): CodeIgniter\CodeIgniter->run()
 7 SYSTEMPATH\Boot.php(68): CodeIgniter\Boot::runCodeIgniter(Object(CodeIgniter\CodeIgniter))
 8 FCPATH\index.php(59): CodeIgniter\Boot::bootWeb(Object(Config\Paths))
CRITICAL - 2025-12-13 13:15:57 --> [Caused by] CodeIgniter\Database\Exceptions\DatabaseException: Unknown column 'deleted_at' in 'where clause'
in SYSTEMPATH\Database\MySQLi\Connection.php on line 332.
 1 SYSTEMPATH\Database\BaseConnection.php(729): CodeIgniter\Database\MySQLi\Connection->execute('SELECT *
FROM `patients`
WHERE `first_name` = \'Clair Jay\'
AND `last_name` = \'User\'
AND `deleted_at` IS NULL')
 2 SYSTEMPATH\Database\BaseConnection.php(646): CodeIgniter\Database\BaseConnection->simpleQuery('SELECT *
FROM `patients`
WHERE `first_name` = \'Clair Jay\'
AND `last_name` = \'User\'
AND `deleted_at` IS NULL')
 3 SYSTEMPATH\Database\BaseBuilder.php(1649): CodeIgniter\Database\BaseConnection->query('SELECT *
FROM `patients`
WHERE `first_name` = :first_name:
AND `last_name` = :last_name:
AND `deleted_at` IS NULL', [...], false)
 4 APPPATH\Controllers\Admin\BillingController.php(179): CodeIgniter\Database\BaseBuilder->get()
 5 SYSTEMPATH\CodeIgniter.php(933): App\Controllers\Admin\BillingController->patientBilling()
 6 SYSTEMPATH\CodeIgniter.php(507): CodeIgniter\CodeIgniter->runController(Object(App\Controllers\Admin\BillingController))
 7 SYSTEMPATH\CodeIgniter.php(354): CodeIgniter\CodeIgniter->handleRequest(null, Object(Config\Cache), false)
 8 SYSTEMPATH\Boot.php(363): CodeIgniter\CodeIgniter->run()
 9 SYSTEMPATH\Boot.php(68): CodeIgniter\Boot::runCodeIgniter(Object(CodeIgniter\CodeIgniter))
10 FCPATH\index.php(59): CodeIgniter\Boot::bootWeb(Object(Config\Paths))
CRITICAL - 2025-12-13 13:15:57 --> [Caused by] mysqli_sql_exception: Unknown column 'deleted_at' in 'where clause'
in SYSTEMPATH\Database\MySQLi\Connection.php on line 327.
 1 SYSTEMPATH\Database\MySQLi\Connection.php(327): mysqli->query('SELECT *
FROM `patients`
WHERE `first_name` = \'Clair Jay\'
AND `last_name` = \'User\'
AND `deleted_at` IS NULL', 0)
 2 SYSTEMPATH\Database\BaseConnection.php(729): CodeIgniter\Database\MySQLi\Connection->execute('SELECT *
FROM `patients`
WHERE `first_name` = \'Clair Jay\'
AND `last_name` = \'User\'
AND `deleted_at` IS NULL')
 3 SYSTEMPATH\Database\BaseConnection.php(646): CodeIgniter\Database\BaseConnection->simpleQuery('SELECT *
FROM `patients`
WHERE `first_name` = \'Clair Jay\'
AND `last_name` = \'User\'
AND `deleted_at` IS NULL')
 4 SYSTEMPATH\Database\BaseBuilder.php(1649): CodeIgniter\Database\BaseConnection->query('SELECT *
FROM `patients`
WHERE `first_name` = :first_name:
AND `last_name` = :last_name:
AND `deleted_at` IS NULL', [...], false)
 5 APPPATH\Controllers\Admin\BillingController.php(179): CodeIgniter\Database\BaseBuilder->get()
 6 SYSTEMPATH\CodeIgniter.php(933): App\Controllers\Admin\BillingController->patientBilling()
 7 SYSTEMPATH\CodeIgniter.php(507): CodeIgniter\CodeIgniter->runController(Object(App\Controllers\Admin\BillingController))
 8 SYSTEMPATH\CodeIgniter.php(354): CodeIgniter\CodeIgniter->handleRequest(null, Object(Config\Cache), false)
 9 SYSTEMPATH\Boot.php(363): CodeIgniter\CodeIgniter->run()
10 SYSTEMPATH\Boot.php(68): CodeIgniter\Boot::runCodeIgniter(Object(CodeIgniter\CodeIgniter))
11 FCPATH\index.php(59): CodeIgniter\Boot::bootWeb(Object(Config\Paths))
ERROR - 2025-12-13 16:14:57 --> mysqli_sql_exception: Unknown column 'assigned_doctor_id' in 'where clause' in F:\xammp\htdocs\group6\system\Database\MySQLi\Connection.php:327
Stack trace:
#0 F:\xammp\htdocs\group6\system\Database\MySQLi\Connection.php(327): mysqli->query('SELECT *\nFROM `...', 0)
#1 F:\xammp\htdocs\group6\system\Database\BaseConnection.php(729): CodeIgniter\Database\MySQLi\Connection->execute('SELECT *\nFROM `...')
#2 F:\xammp\htdocs\group6\system\Database\BaseConnection.php(646): CodeIgniter\Database\BaseConnection->simpleQuery('SELECT *\nFROM `...')
#3 F:\xammp\htdocs\group6\system\Database\BaseBuilder.php(1649): CodeIgniter\Database\BaseConnection->query('SELECT *\nFROM `...', Array, false)
#4 F:\xammp\htdocs\group6\app\Controllers\Doctor\DashboardStats.php(434): CodeIgniter\Database\BaseBuilder->get()
#5 F:\xammp\htdocs\group6\system\CodeIgniter.php(933): App\Controllers\Doctor\DashboardStats->stats()
#6 F:\xammp\htdocs\group6\system\CodeIgniter.php(507): CodeIgniter\CodeIgniter->runController(Object(App\Controllers\Doctor\DashboardStats))
#7 F:\xammp\htdocs\group6\system\CodeIgniter.php(354): CodeIgniter\CodeIgniter->handleRequest(NULL, Object(Config\Cache), false)
#8 F:\xammp\htdocs\group6\system\Boot.php(363): CodeIgniter\CodeIgniter->run()
#9 F:\xammp\htdocs\group6\system\Boot.php(68): CodeIgniter\Boot::runCodeIgniter(Object(CodeIgniter\CodeIgniter))
#10 F:\xammp\htdocs\group6\public\index.php(59): CodeIgniter\Boot::bootWeb(Object(Config\Paths))
#11 {main}
ERROR - 2025-12-13 16:14:57 --> Error fetching Doctor Dashboard Stats: Unknown column 'assigned_doctor_id' in 'where clause'
ERROR - 2025-12-13 17:12:10 --> mysqli_sql_exception: Unknown column 'assigned_doctor_id' in 'where clause' in F:\xammp\htdocs\group6\system\Database\MySQLi\Connection.php:327
Stack trace:
#0 F:\xammp\htdocs\group6\system\Database\MySQLi\Connection.php(327): mysqli->query('SELECT *\nFROM `...', 0)
#1 F:\xammp\htdocs\group6\system\Database\BaseConnection.php(729): CodeIgniter\Database\MySQLi\Connection->execute('SELECT *\nFROM `...')
#2 F:\xammp\htdocs\group6\system\Database\BaseConnection.php(646): CodeIgniter\Database\BaseConnection->simpleQuery('SELECT *\nFROM `...')
#3 F:\xammp\htdocs\group6\system\Database\BaseBuilder.php(1649): CodeIgniter\Database\BaseConnection->query('SELECT *\nFROM `...', Array, false)
#4 F:\xammp\htdocs\group6\app\Controllers\Doctor\DashboardStats.php(434): CodeIgniter\Database\BaseBuilder->get()
#5 F:\xammp\htdocs\group6\system\CodeIgniter.php(933): App\Controllers\Doctor\DashboardStats->stats()
#6 F:\xammp\htdocs\group6\system\CodeIgniter.php(507): CodeIgniter\CodeIgniter->runController(Object(App\Controllers\Doctor\DashboardStats))
#7 F:\xammp\htdocs\group6\system\CodeIgniter.php(354): CodeIgniter\CodeIgniter->handleRequest(NULL, Object(Config\Cache), false)
#8 F:\xammp\htdocs\group6\system\Boot.php(363): CodeIgniter\CodeIgniter->run()
#9 F:\xammp\htdocs\group6\system\Boot.php(68): CodeIgniter\Boot::runCodeIgniter(Object(CodeIgniter\CodeIgniter))
#10 F:\xammp\htdocs\group6\public\index.php(59): CodeIgniter\Boot::bootWeb(Object(Config\Paths))
#11 {main}
ERROR - 2025-12-13 17:12:10 --> Error fetching Doctor Dashboard Stats: Unknown column 'assigned_doctor_id' in 'where clause'
ERROR - 2025-12-13 17:24:26 --> mysqli_sql_exception: Unknown column 'assigned_doctor_id' in 'where clause' in F:\xammp\htdocs\group6\system\Database\MySQLi\Connection.php:327
Stack trace:
#0 F:\xammp\htdocs\group6\system\Database\MySQLi\Connection.php(327): mysqli->query('SELECT *\nFROM `...', 0)
#1 F:\xammp\htdocs\group6\system\Database\BaseConnection.php(729): CodeIgniter\Database\MySQLi\Connection->execute('SELECT *\nFROM `...')
#2 F:\xammp\htdocs\group6\system\Database\BaseConnection.php(646): CodeIgniter\Database\BaseConnection->simpleQuery('SELECT *\nFROM `...')
#3 F:\xammp\htdocs\group6\system\Database\BaseBuilder.php(1649): CodeIgniter\Database\BaseConnection->query('SELECT *\nFROM `...', Array, false)
#4 F:\xammp\htdocs\group6\app\Controllers\Doctor\DashboardStats.php(434): CodeIgniter\Database\BaseBuilder->get()
#5 F:\xammp\htdocs\group6\system\CodeIgniter.php(933): App\Controllers\Doctor\DashboardStats->stats()
#6 F:\xammp\htdocs\group6\system\CodeIgniter.php(507): CodeIgniter\CodeIgniter->runController(Object(App\Controllers\Doctor\DashboardStats))
#7 F:\xammp\htdocs\group6\system\CodeIgniter.php(354): CodeIgniter\CodeIgniter->handleRequest(NULL, Object(Config\Cache), false)
#8 F:\xammp\htdocs\group6\system\Boot.php(363): CodeIgniter\CodeIgniter->run()
#9 F:\xammp\htdocs\group6\system\Boot.php(68): CodeIgniter\Boot::runCodeIgniter(Object(CodeIgniter\CodeIgniter))
#10 F:\xammp\htdocs\group6\public\index.php(59): CodeIgniter\Boot::bootWeb(Object(Config\Paths))
#11 {main}
ERROR - 2025-12-13 17:24:26 --> Error fetching Doctor Dashboard Stats: Unknown column 'assigned_doctor_id' in 'where clause'
ERROR - 2025-12-13 17:28:57 --> mysqli_sql_exception: Unknown column 'assigned_doctor_id' in 'where clause' in F:\xammp\htdocs\group6\system\Database\MySQLi\Connection.php:327
Stack trace:
#0 F:\xammp\htdocs\group6\system\Database\MySQLi\Connection.php(327): mysqli->query('SELECT *\nFROM `...', 0)
#1 F:\xammp\htdocs\group6\system\Database\BaseConnection.php(729): CodeIgniter\Database\MySQLi\Connection->execute('SELECT *\nFROM `...')
#2 F:\xammp\htdocs\group6\system\Database\BaseConnection.php(646): CodeIgniter\Database\BaseConnection->simpleQuery('SELECT *\nFROM `...')
#3 F:\xammp\htdocs\group6\system\Database\BaseBuilder.php(1649): CodeIgniter\Database\BaseConnection->query('SELECT *\nFROM `...', Array, false)
#4 F:\xammp\htdocs\group6\app\Controllers\Doctor\DashboardStats.php(434): CodeIgniter\Database\BaseBuilder->get()
#5 F:\xammp\htdocs\group6\system\CodeIgniter.php(933): App\Controllers\Doctor\DashboardStats->stats()
#6 F:\xammp\htdocs\group6\system\CodeIgniter.php(507): CodeIgniter\CodeIgniter->runController(Object(App\Controllers\Doctor\DashboardStats))
#7 F:\xammp\htdocs\group6\system\CodeIgniter.php(354): CodeIgniter\CodeIgniter->handleRequest(NULL, Object(Config\Cache), false)
#8 F:\xammp\htdocs\group6\system\Boot.php(363): CodeIgniter\CodeIgniter->run()
#9 F:\xammp\htdocs\group6\system\Boot.php(68): CodeIgniter\Boot::runCodeIgniter(Object(CodeIgniter\CodeIgniter))
#10 F:\xammp\htdocs\group6\public\index.php(59): CodeIgniter\Boot::bootWeb(Object(Config\Paths))
#11 {main}
ERROR - 2025-12-13 17:28:57 --> Error fetching Doctor Dashboard Stats: Unknown column 'assigned_doctor_id' in 'where clause'
ERROR - 2025-12-13 17:28:59 --> mysqli_sql_exception: Unknown column 'assigned_doctor_id' in 'where clause' in F:\xammp\htdocs\group6\system\Database\MySQLi\Connection.php:327
Stack trace:
#0 F:\xammp\htdocs\group6\system\Database\MySQLi\Connection.php(327): mysqli->query('SELECT *\nFROM `...', 0)
#1 F:\xammp\htdocs\group6\system\Database\BaseConnection.php(729): CodeIgniter\Database\MySQLi\Connection->execute('SELECT *\nFROM `...')
#2 F:\xammp\htdocs\group6\system\Database\BaseConnection.php(646): CodeIgniter\Database\BaseConnection->simpleQuery('SELECT *\nFROM `...')
#3 F:\xammp\htdocs\group6\system\Database\BaseBuilder.php(1649): CodeIgniter\Database\BaseConnection->query('SELECT *\nFROM `...', Array, false)
#4 F:\xammp\htdocs\group6\app\Controllers\Doctor\DashboardStats.php(434): CodeIgniter\Database\BaseBuilder->get()
#5 F:\xammp\htdocs\group6\system\CodeIgniter.php(933): App\Controllers\Doctor\DashboardStats->stats()
#6 F:\xammp\htdocs\group6\system\CodeIgniter.php(507): CodeIgniter\CodeIgniter->runController(Object(App\Controllers\Doctor\DashboardStats))
#7 F:\xammp\htdocs\group6\system\CodeIgniter.php(354): CodeIgniter\CodeIgniter->handleRequest(NULL, Object(Config\Cache), false)
#8 F:\xammp\htdocs\group6\system\Boot.php(363): CodeIgniter\CodeIgniter->run()
#9 F:\xammp\htdocs\group6\system\Boot.php(68): CodeIgniter\Boot::runCodeIgniter(Object(CodeIgniter\CodeIgniter))
#10 F:\xammp\htdocs\group6\public\index.php(59): CodeIgniter\Boot::bootWeb(Object(Config\Paths))
#11 {main}
ERROR - 2025-12-13 17:28:59 --> Error fetching Doctor Dashboard Stats: Unknown column 'assigned_doctor_id' in 'where clause'
ERROR - 2025-12-13 17:29:01 --> mysqli_sql_exception: Unknown column 'assigned_doctor_id' in 'where clause' in F:\xammp\htdocs\group6\system\Database\MySQLi\Connection.php:327
Stack trace:
#0 F:\xammp\htdocs\group6\system\Database\MySQLi\Connection.php(327): mysqli->query('SELECT *\nFROM `...', 0)
#1 F:\xammp\htdocs\group6\system\Database\BaseConnection.php(729): CodeIgniter\Database\MySQLi\Connection->execute('SELECT *\nFROM `...')
#2 F:\xammp\htdocs\group6\system\Database\BaseConnection.php(646): CodeIgniter\Database\BaseConnection->simpleQuery('SELECT *\nFROM `...')
#3 F:\xammp\htdocs\group6\system\Database\BaseBuilder.php(1649): CodeIgniter\Database\BaseConnection->query('SELECT *\nFROM `...', Array, false)
#4 F:\xammp\htdocs\group6\app\Controllers\Doctor\DashboardStats.php(434): CodeIgniter\Database\BaseBuilder->get()
#5 F:\xammp\htdocs\group6\system\CodeIgniter.php(933): App\Controllers\Doctor\DashboardStats->stats()
#6 F:\xammp\htdocs\group6\system\CodeIgniter.php(507): CodeIgniter\CodeIgniter->runController(Object(App\Controllers\Doctor\DashboardStats))
#7 F:\xammp\htdocs\group6\system\CodeIgniter.php(354): CodeIgniter\CodeIgniter->handleRequest(NULL, Object(Config\Cache), false)
#8 F:\xammp\htdocs\group6\system\Boot.php(363): CodeIgniter\CodeIgniter->run()
#9 F:\xammp\htdocs\group6\system\Boot.php(68): CodeIgniter\Boot::runCodeIgniter(Object(CodeIgniter\CodeIgniter))
#10 F:\xammp\htdocs\group6\public\index.php(59): CodeIgniter\Boot::bootWeb(Object(Config\Paths))
#11 {main}
ERROR - 2025-12-13 17:29:01 --> Error fetching Doctor Dashboard Stats: Unknown column 'assigned_doctor_id' in 'where clause'
ERROR - 2025-12-13 18:10:35 --> mysqli_sql_exception: Unknown column 'assigned_doctor_id' in 'where clause' in F:\xammp\htdocs\group6\system\Database\MySQLi\Connection.php:327
Stack trace:
#0 F:\xammp\htdocs\group6\system\Database\MySQLi\Connection.php(327): mysqli->query('SELECT *\nFROM `...', 0)
#1 F:\xammp\htdocs\group6\system\Database\BaseConnection.php(729): CodeIgniter\Database\MySQLi\Connection->execute('SELECT *\nFROM `...')
#2 F:\xammp\htdocs\group6\system\Database\BaseConnection.php(646): CodeIgniter\Database\BaseConnection->simpleQuery('SELECT *\nFROM `...')
#3 F:\xammp\htdocs\group6\system\Database\BaseBuilder.php(1649): CodeIgniter\Database\BaseConnection->query('SELECT *\nFROM `...', Array, false)
#4 F:\xammp\htdocs\group6\app\Controllers\Doctor\DashboardStats.php(434): CodeIgniter\Database\BaseBuilder->get()
#5 F:\xammp\htdocs\group6\system\CodeIgniter.php(933): App\Controllers\Doctor\DashboardStats->stats()
#6 F:\xammp\htdocs\group6\system\CodeIgniter.php(507): CodeIgniter\CodeIgniter->runController(Object(App\Controllers\Doctor\DashboardStats))
#7 F:\xammp\htdocs\group6\system\CodeIgniter.php(354): CodeIgniter\CodeIgniter->handleRequest(NULL, Object(Config\Cache), false)
#8 F:\xammp\htdocs\group6\system\Boot.php(363): CodeIgniter\CodeIgniter->run()
#9 F:\xammp\htdocs\group6\system\Boot.php(68): CodeIgniter\Boot::runCodeIgniter(Object(CodeIgniter\CodeIgniter))
#10 F:\xammp\htdocs\group6\public\index.php(59): CodeIgniter\Boot::bootWeb(Object(Config\Paths))
#11 {main}
ERROR - 2025-12-13 18:10:35 --> Error fetching Doctor Dashboard Stats: Unknown column 'assigned_doctor_id' in 'where clause'
ERROR - 2025-12-13 18:36:38 --> mysqli_sql_exception: Unknown column 'assigned_doctor_id' in 'field list' in F:\xammp\htdocs\group6\system\Database\MySQLi\Connection.php:327
Stack trace:
#0 F:\xammp\htdocs\group6\system\Database\MySQLi\Connection.php(327): mysqli->query('INSERT INTO `su...', 0)
#1 F:\xammp\htdocs\group6\system\Database\BaseConnection.php(729): CodeIgniter\Database\MySQLi\Connection->execute('INSERT INTO `su...')
#2 F:\xammp\htdocs\group6\system\Database\BaseConnection.php(646): CodeIgniter\Database\BaseConnection->simpleQuery('INSERT INTO `su...')
#3 F:\xammp\htdocs\group6\system\Database\BaseBuilder.php(2345): CodeIgniter\Database\BaseConnection->query('INSERT INTO `su...', Array, false)
#4 F:\xammp\htdocs\group6\app\Controllers\Doctor\SurgeryController.php(293): CodeIgniter\Database\BaseBuilder->insert(Array)
#5 F:\xammp\htdocs\group6\system\CodeIgniter.php(933): App\Controllers\Doctor\SurgeryController->store()
#6 F:\xammp\htdocs\group6\system\CodeIgniter.php(507): CodeIgniter\CodeIgniter->runController(Object(App\Controllers\Doctor\SurgeryController))
#7 F:\xammp\htdocs\group6\system\CodeIgniter.php(354): CodeIgniter\CodeIgniter->handleRequest(NULL, Object(Config\Cache), false)
#8 F:\xammp\htdocs\group6\system\Boot.php(363): CodeIgniter\CodeIgniter->run()
#9 F:\xammp\htdocs\group6\system\Boot.php(68): CodeIgniter\Boot::runCodeIgniter(Object(CodeIgniter\CodeIgniter))
#10 F:\xammp\htdocs\group6\public\index.php(59): CodeIgniter\Boot::bootWeb(Object(Config\Paths))
#11 {main}
ERROR - 2025-12-13 18:36:38 --> Surgery scheduling failed: Failed to create surgery record
ERROR - 2025-12-13 18:36:38 --> Stack trace: #0 F:\xammp\htdocs\group6\system\CodeIgniter.php(933): App\Controllers\Doctor\SurgeryController->store()
#1 F:\xammp\htdocs\group6\system\CodeIgniter.php(507): CodeIgniter\CodeIgniter->runController(Object(App\Controllers\Doctor\SurgeryController))
#2 F:\xammp\htdocs\group6\system\CodeIgniter.php(354): CodeIgniter\CodeIgniter->handleRequest(NULL, Object(Config\Cache), false)
#3 F:\xammp\htdocs\group6\system\Boot.php(363): CodeIgniter\CodeIgniter->run()
#4 F:\xammp\htdocs\group6\system\Boot.php(68): CodeIgniter\Boot::runCodeIgniter(Object(CodeIgniter\CodeIgniter))
#5 F:\xammp\htdocs\group6\public\index.php(59): CodeIgniter\Boot::bootWeb(Object(Config\Paths))
#6 {main}
