ERROR - 2025-11-14 11:43:42 --> mysqli_sql_exception: Unknown column 'id' in 'field list' in C:\xampp\htdocs\group6\system\Database\MySQLi\Connection.php:327
Stack trace:
#0 C:\xampp\htdocs\group6\system\Database\MySQLi\Connection.php(327): mysqli->query('SELECT `id`, `f...', 0)
#1 C:\xampp\htdocs\group6\system\Database\BaseConnection.php(729): CodeIgniter\Database\MySQLi\Connection->execute('SELECT `id`, `f...')
#2 C:\xampp\htdocs\group6\system\Database\BaseConnection.php(646): CodeIgniter\Database\BaseConnection->simpleQuery('SELECT `id`, `f...')
#3 C:\xampp\htdocs\group6\system\Database\BaseBuilder.php(1649): CodeIgniter\Database\BaseConnection->query('SELECT `id`, `f...', Array, false)
#4 C:\xampp\htdocs\group6\app\Controllers\Appointment.php(57): CodeIgniter\Database\BaseBuilder->get()
#5 C:\xampp\htdocs\group6\system\CodeIgniter.php(933): App\Controllers\Appointment->create()
#6 C:\xampp\htdocs\group6\system\CodeIgniter.php(507): CodeIgniter\CodeIgniter->runController(Object(App\Controllers\Appointment))
#7 C:\xampp\htdocs\group6\system\CodeIgniter.php(354): CodeIgniter\CodeIgniter->handleRequest(NULL, Object(Config\Cache), false)
#8 C:\xampp\htdocs\group6\system\Boot.php(363): CodeIgniter\CodeIgniter->run()
#9 C:\xampp\htdocs\group6\system\Boot.php(68): CodeIgniter\Boot::runCodeIgniter(Object(CodeIgniter\CodeIgniter))
#10 C:\xampp\htdocs\group6\public\index.php(59): CodeIgniter\Boot::bootWeb(Object(Config\Paths))
#11 {main}
CRITICAL - 2025-11-14 11:43:42 --> CodeIgniter\Database\Exceptions\DatabaseException: Unknown column 'id' in 'field list'
[Method: POST, Route: appointments/create]
in SYSTEMPATH\Database\BaseConnection.php on line 684.
 1 SYSTEMPATH\Database\BaseBuilder.php(1649): CodeIgniter\Database\BaseConnection->query('SELECT `id`, `first_name`, `last_name`
FROM `patients`
WHERE   (
`first_name` LIKE :first_name: ESCAPE \'!\'
OR  `last_name` LIKE :last_name: ESCAPE \'!\'
 )
ORDER BY `id` ASC
 LIMIT 1', [...], false)
 2 APPPATH\Controllers\Appointment.php(57): CodeIgniter\Database\BaseBuilder->get()
 3 SYSTEMPATH\CodeIgniter.php(933): App\Controllers\Appointment->create()
 4 SYSTEMPATH\CodeIgniter.php(507): CodeIgniter\CodeIgniter->runController(Object(App\Controllers\Appointment))
 5 SYSTEMPATH\CodeIgniter.php(354): CodeIgniter\CodeIgniter->handleRequest(null, Object(Config\Cache), false)
 6 SYSTEMPATH\Boot.php(363): CodeIgniter\CodeIgniter->run()
 7 SYSTEMPATH\Boot.php(68): CodeIgniter\Boot::runCodeIgniter(Object(CodeIgniter\CodeIgniter))
 8 FCPATH\index.php(59): CodeIgniter\Boot::bootWeb(Object(Config\Paths))
CRITICAL - 2025-11-14 11:43:42 --> [Caused by] CodeIgniter\Database\Exceptions\DatabaseException: Unknown column 'id' in 'field list'
in SYSTEMPATH\Database\MySQLi\Connection.php on line 332.
 1 SYSTEMPATH\Database\BaseConnection.php(729): CodeIgniter\Database\MySQLi\Connection->execute('SELECT `id`, `first_name`, `last_name`
FROM `patients`
WHERE   (
`first_name` LIKE \'%Jerald Maca%\' ESCAPE \'!\'
OR  `last_name` LIKE \'%Jerald Maca%\' ESCAPE \'!\'
 )
ORDER BY `id` ASC
 LIMIT 1')
 2 SYSTEMPATH\Database\BaseConnection.php(646): CodeIgniter\Database\BaseConnection->simpleQuery('SELECT `id`, `first_name`, `last_name`
FROM `patients`
WHERE   (
`first_name` LIKE \'%Jerald Maca%\' ESCAPE \'!\'
OR  `last_name` LIKE \'%Jerald Maca%\' ESCAPE \'!\'
 )
ORDER BY `id` ASC
 LIMIT 1')
 3 SYSTEMPATH\Database\BaseBuilder.php(1649): CodeIgniter\Database\BaseConnection->query('SELECT `id`, `first_name`, `last_name`
FROM `patients`
WHERE   (
`first_name` LIKE :first_name: ESCAPE \'!\'
OR  `last_name` LIKE :last_name: ESCAPE \'!\'
 )
ORDER BY `id` ASC
 LIMIT 1', [...], false)
 4 APPPATH\Controllers\Appointment.php(57): CodeIgniter\Database\BaseBuilder->get()
 5 SYSTEMPATH\CodeIgniter.php(933): App\Controllers\Appointment->create()
 6 SYSTEMPATH\CodeIgniter.php(507): CodeIgniter\CodeIgniter->runController(Object(App\Controllers\Appointment))
 7 SYSTEMPATH\CodeIgniter.php(354): CodeIgniter\CodeIgniter->handleRequest(null, Object(Config\Cache), false)
 8 SYSTEMPATH\Boot.php(363): CodeIgniter\CodeIgniter->run()
 9 SYSTEMPATH\Boot.php(68): CodeIgniter\Boot::runCodeIgniter(Object(CodeIgniter\CodeIgniter))
10 FCPATH\index.php(59): CodeIgniter\Boot::bootWeb(Object(Config\Paths))
CRITICAL - 2025-11-14 11:43:42 --> [Caused by] mysqli_sql_exception: Unknown column 'id' in 'field list'
in SYSTEMPATH\Database\MySQLi\Connection.php on line 327.
 1 SYSTEMPATH\Database\MySQLi\Connection.php(327): mysqli->query('SELECT `id`, `first_name`, `last_name`
FROM `patients`
WHERE   (
`first_name` LIKE \'%Jerald Maca%\' ESCAPE \'!\'
OR  `last_name` LIKE \'%Jerald Maca%\' ESCAPE \'!\'
 )
ORDER BY `id` ASC
 LIMIT 1', 0)
 2 SYSTEMPATH\Database\BaseConnection.php(729): CodeIgniter\Database\MySQLi\Connection->execute('SELECT `id`, `first_name`, `last_name`
FROM `patients`
WHERE   (
`first_name` LIKE \'%Jerald Maca%\' ESCAPE \'!\'
OR  `last_name` LIKE \'%Jerald Maca%\' ESCAPE \'!\'
 )
ORDER BY `id` ASC
 LIMIT 1')
 3 SYSTEMPATH\Database\BaseConnection.php(646): CodeIgniter\Database\BaseConnection->simpleQuery('SELECT `id`, `first_name`, `last_name`
FROM `patients`
WHERE   (
`first_name` LIKE \'%Jerald Maca%\' ESCAPE \'!\'
OR  `last_name` LIKE \'%Jerald Maca%\' ESCAPE \'!\'
 )
ORDER BY `id` ASC
 LIMIT 1')
 4 SYSTEMPATH\Database\BaseBuilder.php(1649): CodeIgniter\Database\BaseConnection->query('SELECT `id`, `first_name`, `last_name`
FROM `patients`
WHERE   (
`first_name` LIKE :first_name: ESCAPE \'!\'
OR  `last_name` LIKE :last_name: ESCAPE \'!\'
 )
ORDER BY `id` ASC
 LIMIT 1', [...], false)
 5 APPPATH\Controllers\Appointment.php(57): CodeIgniter\Database\BaseBuilder->get()
 6 SYSTEMPATH\CodeIgniter.php(933): App\Controllers\Appointment->create()
 7 SYSTEMPATH\CodeIgniter.php(507): CodeIgniter\CodeIgniter->runController(Object(App\Controllers\Appointment))
 8 SYSTEMPATH\CodeIgniter.php(354): CodeIgniter\CodeIgniter->handleRequest(null, Object(Config\Cache), false)
 9 SYSTEMPATH\Boot.php(363): CodeIgniter\CodeIgniter->run()
10 SYSTEMPATH\Boot.php(68): CodeIgniter\Boot::runCodeIgniter(Object(CodeIgniter\CodeIgniter))
11 FCPATH\index.php(59): CodeIgniter\Boot::bootWeb(Object(Config\Paths))
