ERROR - 2025-11-19 00:10:40 --> mysqli_sql_exception: Table 'hospital_management.patients' doesn't exist in C:\xampp\htdocs\group6\system\Database\MySQLi\Connection.php:327
Stack trace:
#0 C:\xampp\htdocs\group6\system\Database\MySQLi\Connection.php(327): mysqli->query('SELECT COUNT(*)...', 0)
#1 C:\xampp\htdocs\group6\system\Database\BaseConnection.php(729): CodeIgniter\Database\MySQLi\Connection->execute('SELECT COUNT(*)...')
#2 C:\xampp\htdocs\group6\system\Database\BaseConnection.php(646): CodeIgniter\Database\BaseConnection->simpleQuery('SELECT COUNT(*)...')
#3 C:\xampp\htdocs\group6\system\Database\BaseBuilder.php(1649): CodeIgniter\Database\BaseConnection->query('SELECT COUNT(*)...', Array, false)
#4 C:\xampp\htdocs\group6\app\Controllers\Receptionist\DashboardStats.php(28): CodeIgniter\Database\BaseBuilder->get()
#5 C:\xampp\htdocs\group6\system\CodeIgniter.php(933): App\Controllers\Receptionist\DashboardStats->stats()
#6 C:\xampp\htdocs\group6\system\CodeIgniter.php(507): CodeIgniter\CodeIgniter->runController(Object(App\Controllers\Receptionist\DashboardStats))
#7 C:\xampp\htdocs\group6\system\CodeIgniter.php(354): CodeIgniter\CodeIgniter->handleRequest(NULL, Object(Config\Cache), false)
#8 C:\xampp\htdocs\group6\system\Boot.php(363): CodeIgniter\CodeIgniter->run()
#9 C:\xampp\htdocs\group6\system\Boot.php(68): CodeIgniter\Boot::runCodeIgniter(Object(CodeIgniter\CodeIgniter))
#10 C:\xampp\htdocs\group6\public\index.php(59): CodeIgniter\Boot::bootWeb(Object(Config\Paths))
#11 {main}
ERROR - 2025-11-19 00:10:55 --> mysqli_sql_exception: Table 'hospital_management.patients' doesn't exist in C:\xampp\htdocs\group6\system\Database\MySQLi\Connection.php:327
Stack trace:
#0 C:\xampp\htdocs\group6\system\Database\MySQLi\Connection.php(327): mysqli->query('SELECT COUNT(*)...', 0)
#1 C:\xampp\htdocs\group6\system\Database\BaseConnection.php(729): CodeIgniter\Database\MySQLi\Connection->execute('SELECT COUNT(*)...')
#2 C:\xampp\htdocs\group6\system\Database\BaseConnection.php(646): CodeIgniter\Database\BaseConnection->simpleQuery('SELECT COUNT(*)...')
#3 C:\xampp\htdocs\group6\system\Database\BaseBuilder.php(1649): CodeIgniter\Database\BaseConnection->query('SELECT COUNT(*)...', Array, false)
#4 C:\xampp\htdocs\group6\app\Controllers\Receptionist\DashboardStats.php(28): CodeIgniter\Database\BaseBuilder->get()
#5 C:\xampp\htdocs\group6\system\CodeIgniter.php(933): App\Controllers\Receptionist\DashboardStats->stats()
#6 C:\xampp\htdocs\group6\system\CodeIgniter.php(507): CodeIgniter\CodeIgniter->runController(Object(App\Controllers\Receptionist\DashboardStats))
#7 C:\xampp\htdocs\group6\system\CodeIgniter.php(354): CodeIgniter\CodeIgniter->handleRequest(NULL, Object(Config\Cache), false)
#8 C:\xampp\htdocs\group6\system\Boot.php(363): CodeIgniter\CodeIgniter->run()
#9 C:\xampp\htdocs\group6\system\Boot.php(68): CodeIgniter\Boot::runCodeIgniter(Object(CodeIgniter\CodeIgniter))
#10 C:\xampp\htdocs\group6\public\index.php(59): CodeIgniter\Boot::bootWeb(Object(Config\Paths))
#11 {main}
